<Sentence id='1'> #Error :: #Forest, mulitple roots
<Sentence id='2'> #Error :: #Unknown head(s) as NP2
<Sentence id='3'> converted
<Sentence id='4'> #Error :: #Unknown head(s) as NP4	NP3
<Sentence id='5'> converted
<Sentence id='6'> #Error :: #Unknown head(s) as NP	NP4
<Sentence id='7'> converted
<Sentence id='8'> converted
<Sentence id='9'> converted
<Sentence id='10'> converted
<Sentence id='11'> converted
<Sentence id='12'> #Error :: #Forest, mulitple roots
<Sentence id='13'> converted
<Sentence id='14'> converted
<Sentence id='15'> converted
<Sentence id='16'> converted
<Sentence id='17'> #Error :: #Forest, mulitple roots
<Sentence id='18'> #Error :: #Unknown head(s) as NP2
<Sentence id='19'> converted
<Sentence id='20'> converted
