<Sentence id='1'> converted
<Sentence id='2'> converted
<Sentence id='3'> converted
<Sentence id='4'> #Error :: #Unknown head(s) as NP2	NP8
<Sentence id='5'> #Error :: #cycle in 	guards
<Sentence id='6'> converted
<Sentence id='7'> converted
<Sentence id='8'> #Error :: #Unknown head(s) as NP5
<Sentence id='9'> converted
<Sentence id='10'> converted
<Sentence id='11'> converted
<Sentence id='12'> converted
<Sentence id='13'> converted
<Sentence id='14'> converted
<Sentence id='15'> #Error :: #cycle in it	leave
<Sentence id='16'> #Error :: #cycle in 	Minister
<Sentence id='17'> converted
<Sentence id='18'> #Error :: #cycle in reasons	enter
<Sentence id='19'> converted
<Sentence id='20'> #Error :: #Forest, mulitple roots
