<Sentence id='1'> #Error :: #Unknown head(s) as NP2	NP3
<Sentence id='2'> converted
<Sentence id='3'> converted
<Sentence id='4'> converted
<Sentence id='5'> converted
<Sentence id='6'> converted
<Sentence id='7'> #Error :: #Unknown head(s) as agriiculture
<Sentence id='8'> #Error :: #Unknown head(s) as NP4
<Sentence id='9'> converted
<Sentence id='10'> #Error :: #cycle in implemented	can
<Sentence id='11'> converted
<Sentence id='12'> converted
<Sentence id='13'> #Error :: #Unknown head(s) as dissapontment
<Sentence id='14'> converted
<Sentence id='15'> #Error :: #cycle in COMMA	poultry
<Sentence id='16'> converted
<Sentence id='17'> #Error :: #Unknown head(s) as nirman
<Sentence id='18'> converted
<Sentence id='19'> converted
<Sentence id='20'> converted
<Sentence id='21'> #Error :: #Forest, mulitple roots
