1	The	the	det	DT	cat-det|gen-m|num-s|pers-3|case-0|vib-|tam-|chunkId-NP|chunkType-head|stype-|voicetype-	3	k1	_	_
2	country	country	n	NN	cat-n|gen-m|num-s|pers-3|case-0|vib-|tam-|chunkId-NP|chunkType-child|stype-|voicetype-	3	k1	_	_
3	has	have	v	VBZ	cat-v|gen-m|num-s|pers-3|case-0|vib-|tam-|chunkId-VG|chunkType-head|stype-|voicetype-	0	root	_	_
4	more	more	adj	JJR	cat-adj|gen-m|num-s|pers-3|case-0|vib-|tam-|chunkId-NP2|chunkType-head|stype-|voicetype-	3	k2	_	_
5	than	than	p	IN	cat-p|gen-m|num-s|pers-3|case-0|vib-|tam-|chunkId-NP2|chunkType-child|stype-|voicetype-	3	k2	_	_
6	jails	jail	n	NNS	cat-n|gen-m|num-p|pers-3|case-0|vib-|tam-|chunkId-NP2|chunkType-child|stype-|voicetype-	3	k2	_	_
7	.	.	punc	SYM	cat-punc|gen-n|num-s|pers-3|case-0|vib-|tam-|chunkId-NP2|chunkType-child|stype-|voicetype-	3	k2	_	_

1	And	and	Conj	CC	cat-Conj|gen-m|num-s|pers-3|case-0|vib-|tam-|chunkId-CCP|chunkType-head|stype-|voicetype-	0	root	_	_
2	it	it	P	PRP	cat-P|gen-m|num-s|pers-3|case-0|vib-|tam-|chunkId-NP|chunkType-head|stype-|voicetype-	3	k1	_	_
3	's	be	v	VBZ	cat-v|gen-m|num-s|pers-3|case-0|vib-|tam-|chunkId-VG|chunkType-head|stype-|voicetype-	1	ccof	_	_
4	common	common	adj	JJ	cat-adj|gen-m|num-s|pers-3|case-0|vib-|tam-|chunkId-ADJP|chunkType-head|stype-|voicetype-	3	k1s	_	_
5	for	for	p	IN	cat-p|gen-m|num-s|pers-3|case-0|vib-|tam-|chunkId-PP|chunkType-head|stype-|voicetype-	10	k1	_	_
6	a	a	det	DT	cat-det|gen-m|num-s|pers-3|case-0|vib-|tam-|chunkId-PP|chunkType-child|stype-|voicetype-	10	k1	_	_
7	number	number	n	NN	cat-n|gen-m|num-s|pers-3|case-0|vib-|tam-|chunkId-PP|chunkType-child|stype-|voicetype-	10	k1	_	_
8	of	of	p	IN	cat-p|gen-m|num-s|pers-3|case-0|vib-|tam-|chunkId-PP|chunkType-child|stype-|voicetype-	10	k1	_	_
9	prisoners	prisoner	n	NNS	cat-n|gen-m|num-p|pers-3|case-0|vib-|tam-|chunkId-PP|chunkType-child|stype-|voicetype-	10	k1	_	_
10	to	to	p	TO	cat-p|gen-m|num-s|pers-3|case-0|vib-|tam-|chunkId-VG2|chunkType-head|stype-|voicetype-	2	rs	_	_
11	die	die	v	VB	cat-v|gen-m|num-s|pers-3|case-0|vib-|tam-|chunkId-VG2|chunkType-child|stype-|voicetype-	2	rs	_	_
12	in	in	p	IN	cat-p|gen-m|num-s|pers-3|case-0|vib-|tam-|chunkId-PP2|chunkType-head|stype-|voicetype-	10	k7p	_	_
13	these	these	det	DT	cat-det|gen-m|num-p|pers-3|case-0|vib-|tam-|chunkId-PP2|chunkType-child|stype-|voicetype-	10	k7p	_	_
14	jails	jail	n	NNS	cat-n|gen-m|num-p|pers-3|case-0|vib-|tam-|chunkId-PP2|chunkType-child|stype-|voicetype-	10	k7p	_	_
15	each	each	det	DT	cat-det|gen-m|num-s|pers-3|case-0|vib-|tam-|chunkId-NP4|chunkType-head|stype-|voicetype-	10	k7t	_	_
16	year	year	n	NN	cat-n|gen-m|num-s|pers-3|case-0|vib-|tam-|chunkId-NP4|chunkType-child|stype-|voicetype-	10	k7t	_	_
17	.	.	punc	SYM	cat-punc|gen-n|num-s|pers-3|case-0|vib-|tam-|chunkId-NP4|chunkType-child|stype-|voicetype-	10	k7t	_	_

1	The	the	det	DT	cat-det|gen-m|num-s|pers-3|case-0|vib-|tam-|chunkId-NP|chunkType-head|stype-|voicetype-	4	k1	_	_
2	biggest	big	adj	JJS	cat-adj|gen-m|num-s|pers-3|case-0|vib-|tam-|chunkId-NP|chunkType-child|stype-|voicetype-	4	k1	_	_
3	reasons	reason	n	NNS	cat-n|gen-m|num-p|pers-3|case-0|vib-|tam-|chunkId-NP|chunkType-child|stype-|voicetype-	4	k1	_	_
4	are	be	v	VBP	cat-v|gen-m|num-p|pers-3|case-0|vib-|tam-|chunkId-VG|chunkType-head|stype-|voicetype-	0	root	_	_
5	our	I	P	PRP$	cat-P|gen-m|num-p|pers-3|case-0|vib-|tam-|chunkId-NP2|chunkType-head|stype-|voicetype-	10	ccof	_	_
6	slow	slow	adj	JJ	cat-adj|gen-m|num-s|pers-3|case-0|vib-|tam-|chunkId-NP2|chunkType-child|stype-|voicetype-	10	ccof	_	_
7	moving	moving	adj	JJ	cat-adj|gen-m|num-s|pers-3|case-0|vib-|tam-|chunkId-NP2|chunkType-child|stype-|voicetype-	10	ccof	_	_
8	justice	justice	n	NN	cat-n|gen-m|num-s|pers-3|case-0|vib-|tam-|chunkId-NP2|chunkType-child|stype-|voicetype-	10	ccof	_	_
9	system	system	n	NN	cat-n|gen-m|num-s|pers-3|case-0|vib-|tam-|chunkId-NP2|chunkType-child|stype-|voicetype-	10	ccof	_	_
10	and	and	Conj	CC	cat-Conj|gen-m|num-s|pers-3|case-0|vib-|tam-|chunkId-CCP|chunkType-head|stype-|voicetype-	4	k1s	_	_
11	an	an	det	DT	cat-det|gen-m|num-s|pers-3|case-0|vib-|tam-|chunkId-NP3|chunkType-head|stype-|voicetype-	10	ccof	_	_
12	irresponsible	irresponsible	adj	JJ	cat-adj|gen-m|num-s|pers-3|case-0|vib-|tam-|chunkId-NP3|chunkType-child|stype-|voicetype-	10	ccof	_	_
13	government	government	n	NN	cat-n|gen-m|num-s|pers-3|case-0|vib-|tam-|chunkId-NP3|chunkType-child|stype-|voicetype-	10	ccof	_	_
14	machinery	machinery	n	NN	cat-n|gen-m|num-s|pers-3|case-0|vib-|tam-|chunkId-NP3|chunkType-child|stype-|voicetype-	10	ccof	_	_
15	.	.	punc	SYM	cat-punc|gen-n|num-s|pers-3|case-0|vib-|tam-|chunkId-NP3|chunkType-child|stype-|voicetype-	10	ccof	_	_

1	Whereas	whereas	Conj	IN	cat-Conj|gen-m|num-s|pers-3|case-0|vib-|tam-|chunkId-ADVP|chunkType-head|stype-|voicetype-	5	sent-adv	_	_
2	all	all	pdet	PDT	cat-pdet|gen-m|num-s|pers-3|case-0|vib-|tam-|chunkId-NP|chunkType-head|stype-|voicetype-	5	k1	_	_
3	these	these	det	DT	cat-det|gen-m|num-p|pers-3|case-0|vib-|tam-|chunkId-NP|chunkType-child|stype-|voicetype-	5	k1	_	_
4	jails	jail	n	NNS	cat-n|gen-m|num-p|pers-3|case-0|vib-|tam-|chunkId-NP|chunkType-child|stype-|voicetype-	5	k1	_	_
5	have	have	v	VBP	cat-v|gen-m|num-s|pers-3|case-0|vib-|tam-|chunkId-VG|chunkType-head|stype-|voicetype-	0	root	_	_
6	the	the	det	DT	cat-det|gen-m|num-s|pers-3|case-0|vib-|tam-|chunkId-NP2|chunkType-head|stype-|voicetype-	5	k2	_	_
7	capacity	capacity	n	NN	cat-n|gen-m|num-s|pers-3|case-0|vib-|tam-|chunkId-NP2|chunkType-child|stype-|voicetype-	5	k2	_	_
8	to	to	p	TO	cat-p|gen-m|num-s|pers-3|case-0|vib-|tam-|chunkId-VG2|chunkType-head|stype-|voicetype-	6	nmod	_	_
9	hold	hold	v	VB	cat-v|gen-m|num-s|pers-3|case-0|vib-|tam-|chunkId-VG2|chunkType-child|stype-|voicetype-	6	nmod	_	_
10	just	just	D	RB	cat-D|gen-m|num-s|pers-3|case-0|vib-|tam-|chunkId-NP3|chunkType-head|stype-|voicetype-	8	k2	_	_
11	237617	'	cd	CD	cat-|gen-|num-|pers-|case-|vib-|tam-|chunkId-NP3|chunkType-child|stype-|voicetype-	8	k2	_	_
12	prisoners	prisoner	n	NNS	cat-n|gen-m|num-p|pers-3|case-0|vib-|tam-|chunkId-NP3|chunkType-child|stype-|voicetype-	8	k2	_	_
13	.	.	punc	SYM	cat-punc|gen-n|num-s|pers-3|case-0|vib-|tam-|chunkId-NP3|chunkType-child|stype-|voicetype-	8	k2	_	_

1	Some	some	det	DT	cat-det|gen-m|num-s|pers-3|case-0|vib-|tam-|chunkId-NP|chunkType-head|stype-|voicetype-	3	k1	_	_
2	prisoners	prisoner	n	NNS	cat-n|gen-m|num-p|pers-3|case-0|vib-|tam-|chunkId-NP|chunkType-child|stype-|voicetype-	3	k1	_	_
3	say	say	v	VBP	cat-v|gen-m|num-s|pers-3|case-0|vib-|tam-|chunkId-VG|chunkType-head|stype-|voicetype-	0	root	_	_
4	that	that	Comp	IN	cat-Comp|gen-m|num-s|pers-3|case-0|vib-|tam-|chunkId-CCP|chunkType-head|stype-|voicetype-	3	k2	_	_
5	the	the	det	DT	cat-det|gen-m|num-s|pers-3|case-0|vib-|tam-|chunkId-NP2|chunkType-head|stype-|voicetype-	8	k2	_	_
6	physical	physical	adj	JJ	cat-adj|gen-m|num-s|pers-3|case-0|vib-|tam-|chunkId-NP2|chunkType-child|stype-|voicetype-	8	k2	_	_
7	torture	torture	n	NN	cat-n|gen-m|num-s|pers-3|case-0|vib-|tam-|chunkId-NP2|chunkType-child|stype-|voicetype-	8	k2	_	_
8	can	can	v	MD	cat-v|gen-m|num-s|pers-3|case-0|vib-|tam-|chunkId-VG2|chunkType-head|stype-|voicetype-	12	ccof	_	_
9	still	still	D	RB	cat-D|gen-m|num-s|pers-3|case-0|vib-|tam-|chunkId-VG2|chunkType-child|stype-|voicetype-	12	ccof	_	_
10	be	be	v	VB	cat-v|gen-m|num-s|pers-3|case-0|vib-|tam-|chunkId-VG2|chunkType-child|stype-|voicetype-	12	ccof	_	_
11	endured	endure	v	VBN	cat-v|gen-m|num-s|pers-3|case-0|vib-|tam-|chunkId-VG2|chunkType-child|stype-|voicetype-	12	ccof	_	_
12	but	but	Conj	CC	cat-Conj|gen-m|num-s|pers-3|case-0|vib-|tam-|chunkId-CCP2|chunkType-head|stype-|voicetype-	4	ccof	_	_
13	the	the	det	DT	cat-det|gen-m|num-s|pers-3|case-0|vib-|tam-|chunkId-NP3|chunkType-head|stype-|voicetype-	22	k1	_	_
14	way	way	n	NN	cat-n|gen-m|num-s|pers-3|case-0|vib-|tam-|chunkId-NP3|chunkType-child|stype-|voicetype-	22	k1	_	_
15	the	the	det	DT	cat-det|gen-m|num-s|pers-3|case-0|vib-|tam-|chunkId-NP4|chunkType-head|stype-|voicetype-	18	k1	_	_
16	jail	jail	n	NN	cat-n|gen-m|num-s|pers-3|case-0|vib-|tam-|chunkId-NP4|chunkType-child|stype-|voicetype-	18	k1	_	_
17	staff	staff	n	NN	cat-n|gen-m|num-s|pers-3|case-0|vib-|tam-|chunkId-NP4|chunkType-child|stype-|voicetype-	18	k1	_	_
18	misbehave	misbehave	v	VM	cat-v|gen-m|num-s|pers-3|case-0|vib-|tam-|chunkId-VG3|chunkType-head|stype-|voicetype-	19	ccof	_	_
19	and	and	Conj	CC	cat-Conj|gen-m|num-s|pers-3|case-0|vib-|tam-|chunkId-CCP3|chunkType-head|stype-|voicetype-	13	rs	_	_
20	abuse	abuse	n	NN	cat-n|gen-m|num-s|pers-3|case-0|vib-|tam-|chunkId-NP5|chunkType-head|stype-|voicetype-	19	ccof	_	_
21	them	them	P	PRP	cat-P|gen-m|num-p|pers-3|case-0|vib-|tam-|chunkId-NP6|chunkType-head|stype-|voicetype-	20	k4	_	_
22	is	be	v	VBZ	cat-v|gen-m|num-s|pers-3|case-0|vib-|tam-|chunkId-VG4|chunkType-head|stype-|voicetype-	12	ccof	_	_
23	intolerable	intolerable	adj	JJ	cat-adj|gen-m|num-s|pers-3|case-0|vib-|tam-|chunkId-ADJP|chunkType-head|stype-|voicetype-	22	k1s	_	_
24	.	.	punc	SYM	cat-punc|gen-n|num-s|pers-3|case-0|vib-|tam-|chunkId-ADJP|chunkType-child|stype-|voicetype-	22	k1s	_	_

