<Sentence id='1'> #Error :: #Forest, mulitple roots
<Sentence id='2'> #Error :: #Forest, mulitple roots
<Sentence id='3'> converted
<Sentence id='4'> #Error :: #cycle in Rao2	NP3
<Sentence id='5'> #Error list index out of range :: Wrong ssf formatt!
<Sentence id='6'> #Error :: #Forest, mulitple roots
<Sentence id='7'> converted
<Sentence id='8'> converted
<Sentence id='9'> converted
<Sentence id='10'> converted
<Sentence id='11'> converted
<Sentence id='12'> #Error list index out of range :: Wrong ssf formatt!
<Sentence id='13'> converted
<Sentence id='14'> #Error :: #cycle in s	Minister
<Sentence id='15'> #Error :: #cycle in Vangara	village
<Sentence id='16'> #Error None :: Wrong ssf formatt!
<Sentence id='17'> #Error :: #Forest, mulitple roots
<Sentence id='18'> converted
<Sentence id='19'> converted
<Sentence id='20'> converted
<Sentence id='21'> converted
<Sentence id='22'> converted
<Sentence id='23'> converted
