<Sentence id='1'> #Error :: #Forest, mulitple roots
<Sentence id='2'> converted
<Sentence id='3'> #Error :: #Forest, mulitple roots
<Sentence id='4'> #Error :: #cycle in 	original
<Sentence id='5'> converted
<Sentence id='6'> #Error :: #cycle in 	Bunty
<Sentence id='7'> #Error :: #cycle in 	Dil
<Sentence id='8'> #Error :: #Forest, mulitple roots
<Sentence id='9'> converted
<Sentence id='10'> #Error :: #cycle in it	designed
<Sentence id='11'> converted
<Sentence id='12'> #Error :: #Forest, mulitple roots
<Sentence id='13'> #Error :: #Forest, mulitple roots
<Sentence id='14'> converted
<Sentence id='15'> converted
<Sentence id='16'> converted
<Sentence id='17'> #Error :: #cycle in and	s
<Sentence id='18'> converted
<Sentence id='19'> converted
<Sentence id='20'> converted
<Sentence id='21'> #Error :: #cycle in digital	print
<Sentence id='22'> converted
<Sentence id='23'> #Error :: #Forest, mulitple roots
<Sentence id='24'> converted
<Sentence id='25'> converted
<Sentence id='26'> #Error :: #Forest, mulitple roots
<Sentence id='27'> converted
<Sentence id='28'> converted
<Sentence id='29'> #Error :: #Unknown head(s) as NP2
<Sentence id='30'> #Error :: #Forest, mulitple roots
<Sentence id='31'> #Error :: #Forest, mulitple roots
<Sentence id='32'> #Error :: #Forest, mulitple roots
<Sentence id='33'> converted
<Sentence id='34'> #Error :: #Forest, mulitple roots
<Sentence id='35'> converted
