1	When	when	D	WRB	cat-D|gen-m|num-s|pers-3|case-0|vib-|tam-|chunkId-ADVP|chunkType-head|stype-|voicetype-	4	k7t	_	_
2	her	she	P	PRP$	cat-P|gen-f|num-s|pers-3|case-0|vib-|tam-|chunkId-NP|chunkType-head|stype-|voicetype-	4	k1	_	_
3	family	family	n	NN	cat-n|gen-m|num-s|pers-3|case-0|vib-|tam-|chunkId-her|chunkType-child|stype-|voicetype-	2	child	_	_
4	denied	deny	v	VBD	cat-v|gen-m|num-s|pers-3|case-0|vib-|tam-|chunkId-VG|chunkType-head|stype-|voicetype-	24	nmod__relc	_	_
5	her	she	P	PRP$	cat-P|gen-f|num-s|pers-3|case-0|vib-|tam-|chunkId-NP2|chunkType-head|stype-|voicetype-	4	k4	_	_
6	permission	permission	n	NN	cat-n|gen-m|num-s|pers-3|case-0|vib-|tam-|chunkId-NP3|chunkType-head|stype-|voicetype-	4	k2	_	_
7	to	to	p	TO	cat-p|gen-m|num-s|pers-3|case-0|vib-|tam-|chunkId-VG2|chunkType-head|stype-|voicetype-	6	nmod	_	_
8	marry	marry	v	VB	cat-v|gen-m|num-s|pers-3|case-0|vib-|tam-|chunkId-to|chunkType-child|stype-|voicetype-	7	child	_	_
9	her	she	P	PRP$	cat-P|gen-f|num-s|pers-3|case-0|vib-|tam-|chunkId-NP4|chunkType-head|stype-|voicetype-	7	k2	_	_
10	lover	lover	n	NN	cat-n|gen-m|num-s|pers-3|case-0|vib-|tam-|chunkId-her3|chunkType-child|stype-|voicetype-	9	child	_	_
11	,	comma	punc	SYM	cat-punc|gen-n|num-s|pers-3|case-0|vib-|tam-|chunkId-her3|chunkType-child|stype-|voicetype-	9	child	_	_
12	Sabira	'	nnp	NNP	cat-|gen-|num-|pers-|case-|vib-|tam-|chunkId-NP5|chunkType-head|stype-|voicetype-	19	k1	_	_
13	Khatun	'	nnp	NNP	cat-|gen-|num-|pers-|case-|vib-|tam-|chunkId-Sabira|chunkType-child|stype-|voicetype-	12	child	_	_
14	dressed	dress	v	VBD	cat-v|gen-m|num-s|pers-3|case-0|vib-|tam-|chunkId-VG3|chunkType-head|stype-|voicetype-	12	nmod	_	_
15	up	up	particle	RP	cat-particle|gen-m|num-s|pers-3|case-0|vib-|tam-|chunkId-dressed|chunkType-child|stype-|voicetype-	14	child	_	_
16	in	in	p	IN	cat-p|gen-m|num-s|pers-3|case-0|vib-|tam-|chunkId-PP|chunkType-head|stype-|voicetype-	14	k7	_	_
17	finery	finery	n	NN	cat-n|gen-m|num-s|pers-3|case-0|vib-|tam-|chunkId-in|chunkType-child|stype-|voicetype-	16	child	_	_
18	,	comma	punc	SYM	cat-punc|gen-n|num-s|pers-3|case-0|vib-|tam-|chunkId-in|chunkType-child|stype-|voicetype-	16	child	_	_
19	reached	reach	v	VBD	cat-v|gen-m|num-s|pers-3|case-0|vib-|tam-|chunkId-VG4|chunkType-head|stype-|voicetype-	24	ccof	_	_
20	her	she	P	PRP$	cat-P|gen-f|num-s|pers-3|case-0|vib-|tam-|chunkId-NP7|chunkType-head|stype-|voicetype-	19	k7p	_	_
21	lover	lover	n	NN	cat-n|gen-m|num-s|pers-3|case-0|vib-|tam-|chunkId-her4|chunkType-child|stype-|voicetype-	20	child	_	_
22	's	'	pos	POS	cat-|gen-|num-|pers-|case-|vib-|tam-|chunkId-her4|chunkType-child|stype-|voicetype-	20	child	_	_
23	house	house	n	NN	cat-n|gen-m|num-s|pers-3|case-0|vib-|tam-|chunkId-her4|chunkType-child|stype-|voicetype-	20	child	_	_
24	and	and	Conj	CC	cat-Conj|gen-m|num-s|pers-3|case-0|vib-|tam-|chunkId-CCP|chunkType-head|stype-|voicetype-	0	root	_	_
25	shut	shut	v	VBD	cat-v|gen-m|num-s|pers-3|case-0|vib-|tam-|chunkId-VG5|chunkType-head|stype-|voicetype-	24	ccof	_	_
26	herself	herself	P	PRP	cat-P|gen-f|num-s|pers-3|case-0|vib-|tam-|chunkId-NP8|chunkType-head|stype-|voicetype-	25	k2	_	_
27	inside	inside	p	IN	cat-p|gen-m|num-s|pers-3|case-0|vib-|tam-|chunkId-PP2|chunkType-head|stype-|voicetype-	25	k7p	_	_
28	a	a	det	DT	cat-det|gen-m|num-s|pers-3|case-0|vib-|tam-|chunkId-inside|chunkType-child|stype-|voicetype-	27	child	_	_
29	room	room	n	NN	cat-n|gen-m|num-s|pers-3|case-0|vib-|tam-|chunkId-inside|chunkType-child|stype-|voicetype-	27	child	_	_
30	.	.	punc	SYM	cat-punc|gen-n|num-s|pers-3|case-0|vib-|tam-|chunkId-inside|chunkType-child|stype-|voicetype-	27	child	_	_

1	The	the	det	DT	cat-det|gen-m|num-s|pers-3|case-0|vib-|tam-|chunkId-NP|chunkType-head|stype-|voicetype-	5	k1	_	_
2	station	station	n	NNC	cat-n|gen-m|num-s|pers-3|case-0|vib-|tam-|chunkId-The|chunkType-child|stype-|voicetype-	1	child	_	_
3	officer	officer	n	NN	cat-n|gen-m|num-s|pers-3|case-0|vib-|tam-|chunkId-The|chunkType-child|stype-|voicetype-	1	child	_	_
4	too	too	D	RB	cat-D|gen-m|num-s|pers-3|case-0|vib-|tam-|chunkId-The|chunkType-child|stype-|voicetype-	1	child	_	_
5	asked	ask	v	VBD	cat-v|gen-m|num-s|pers-3|case-0|vib-|tam-|chunkId-VG|chunkType-head|stype-|voicetype-	9	ccof	_	_
6	her	she	P	PRP	cat-P|gen-f|num-s|pers-3|case-0|vib-|tam-|chunkId-NP2|chunkType-head|stype-|voicetype-	5	k4	_	_
7	to	to	p	TO	cat-p|gen-m|num-s|pers-3|case-0|vib-|tam-|chunkId-VG2|chunkType-head|stype-|voicetype-	5	k2	_	_
8	relent	relent	v	VB	cat-v|gen-m|num-s|pers-3|case-0|vib-|tam-|chunkId-to|chunkType-child|stype-|voicetype-	7	child	_	_
9	but	but	Conj	CC	cat-Conj|gen-m|num-s|pers-3|case-0|vib-|tam-|chunkId-CCP|chunkType-head|stype-|voicetype-	0	root	_	_
10	she	she	P	PRP	cat-P|gen-f|num-s|pers-3|case-0|vib-|tam-|chunkId-NP3|chunkType-head|stype-|voicetype-	11	k2	_	_
11	was	be	v	VBD	cat-v|gen-m|num-s|pers-1|case-0|vib-|tam-|chunkId-NP4|chunkType-head|stype-|voicetype-	9	ccof	_	_
12	not	not	D	RB	cat-D|gen-m|num-s|pers-3|case-0|vib-|tam-|chunkId-was|chunkType-child|stype-|voicetype-	11	child	_	_
13	to	to	p	TO	cat-p|gen-m|num-s|pers-3|case-0|vib-|tam-|chunkId-VG3|chunkType-head|stype-|voicetype-	11	k2s	_	_
14	be	be	v	VB	cat-v|gen-m|num-s|pers-3|case-0|vib-|tam-|chunkId-to2|chunkType-child|stype-|voicetype-	13	child	_	_
15	moved	move	v	VBN	cat-v|gen-m|num-s|pers-3|case-0|vib-|tam-|chunkId-to2|chunkType-child|stype-|voicetype-	13	child	_	_
16	.	.	punc	SYM	cat-punc|gen-n|num-s|pers-3|case-0|vib-|tam-|chunkId-to2|chunkType-child|stype-|voicetype-	13	child	_	_

1	Finally	finally	D	RB	cat-D|gen-m|num-s|pers-3|case-0|vib-|tam-|chunkId-ADVP|chunkType-head|stype-|voicetype-	6	sent-adv	_	_
2	,	comma	punc	SYM	cat-punc|gen-n|num-s|pers-3|case-0|vib-|tam-|chunkId-Finally|chunkType-child|stype-|voicetype-	1	child	_	_
3	Sabira	'	nnp	NNP	cat-|gen-|num-|pers-|case-|vib-|tam-|chunkId-NP|chunkType-head|stype-|voicetype-	6	k2	_	_
4	and	and	Conj	CC	cat-Conj|gen-m|num-s|pers-3|case-0|vib-|tam-|chunkId-Sabira|chunkType-child|stype-|voicetype-	3	child	_	_
5	Talib	'	nnp	NNP	cat-|gen-|num-|pers-|case-|vib-|tam-|chunkId-Sabira|chunkType-child|stype-|voicetype-	3	child	_	_
6	were	be	v	VBD	cat-v|gen-m|num-p|pers-3|case-0|vib-|tam-|chunkId-NP2|chunkType-head|stype-|voicetype-	0	root	_	_
7	married	marry	v	VBN	cat-v|gen-m|num-s|pers-3|case-0|vib-|tam-|chunkId-were|chunkType-child|stype-|voicetype-	6	child	_	_
8	off	off	particle	RP	cat-particle|gen-m|num-s|pers-3|case-0|vib-|tam-|chunkId-were|chunkType-child|stype-|voicetype-	6	child	_	_
9	on	on	p	IN	cat-p|gen-m|num-s|pers-3|case-0|vib-|tam-|chunkId-PP|chunkType-head|stype-|voicetype-	6	k7t	_	_
10	Saturday	saturday	n	NNP	cat-n|gen-m|num-s|pers-3|case-0|vib-|tam-|chunkId-on|chunkType-child|stype-|voicetype-	9	child	_	_
11	.	.	punc	SYM	cat-punc|gen-n|num-s|pers-3|case-0|vib-|tam-|chunkId-on|chunkType-child|stype-|voicetype-	9	child	_	_

1	This	this	det	DT	cat-det|gen-m|num-s|pers-3|case-0|vib-|tam-|chunkId-NP|chunkType-head|stype-|voicetype-	9	k2	_	_
2	unique	unique	adj	JJ	cat-adj|gen-m|num-s|pers-3|case-0|vib-|tam-|chunkId-This|chunkType-child|stype-|voicetype-	1	child	_	_
3	way	way	n	NN	cat-n|gen-m|num-s|pers-3|case-0|vib-|tam-|chunkId-This|chunkType-child|stype-|voicetype-	1	child	_	_
4	of	of	p	IN	cat-p|gen-m|num-s|pers-3|case-0|vib-|tam-|chunkId-VG|chunkType-head|stype-|voicetype-	1	r6	_	_
5	uniting	unite	v	VBG	cat-v|gen-m|num-s|pers-3|case-0|vib-|tam-|chunkId-of|chunkType-child|stype-|voicetype-	4	child	_	_
6	with	with	p	IN	cat-p|gen-m|num-s|pers-3|case-0|vib-|tam-|chunkId-PP|chunkType-head|stype-|voicetype-	4	ras-k1	_	_
7	her	she	P	PRP$	cat-P|gen-f|num-s|pers-3|case-0|vib-|tam-|chunkId-with|chunkType-child|stype-|voicetype-	6	child	_	_
8	lover	lover	n	NN	cat-n|gen-m|num-s|pers-3|case-0|vib-|tam-|chunkId-with|chunkType-child|stype-|voicetype-	6	child	_	_
9	was	be	v	VBD	cat-v|gen-m|num-s|pers-3|case-0|vib-|tam-|chunkId-VG2|chunkType-head|stype-|voicetype-	0	root	_	_
10	adopted	adopt	v	VBN	cat-v|gen-m|num-s|pers-3|case-0|vib-|tam-|chunkId-was|chunkType-child|stype-|voicetype-	9	child	_	_
11	by	by	p	IN	cat-p|gen-m|num-s|pers-3|case-0|vib-|tam-|chunkId-PP2|chunkType-head|stype-|voicetype-	9	k1	_	_
12	22	'	cd	CD	cat-|gen-|num-|pers-|case-|vib-|tam-|chunkId-by|chunkType-child|stype-|voicetype-	11	child	_	_
13	year	year	n	NN	cat-n|gen-m|num-s|pers-3|case-0|vib-|tam-|chunkId-by|chunkType-child|stype-|voicetype-	11	child	_	_
14	old	old	adj	JJ	cat-adj|gen-m|num-s|pers-3|case-0|vib-|tam-|chunkId-by|chunkType-child|stype-|voicetype-	11	child	_	_
15	Sabira	'	nnp	NNP	cat-|gen-|num-|pers-|case-|vib-|tam-|chunkId-by|chunkType-child|stype-|voicetype-	11	child	_	_
16	Khatun	'	nnp	NNP	cat-|gen-|num-|pers-|case-|vib-|tam-|chunkId-by|chunkType-child|stype-|voicetype-	11	child	_	_
17	a	a	det	DT	cat-det|gen-m|num-s|pers-3|case-0|vib-|tam-|chunkId-NP4|chunkType-head|stype-|voicetype-	11	nmod	_	_
18	resident	resident	n	NN	cat-n|gen-m|num-s|pers-3|case-0|vib-|tam-|chunkId-a|chunkType-child|stype-|voicetype-	17	child	_	_
19	of	of	p	IN	cat-p|gen-m|num-s|pers-3|case-0|vib-|tam-|chunkId-PP3|chunkType-head|stype-|voicetype-	17	r6	_	_
20	Sikriya	'	nnp	NNP	cat-|gen-|num-|pers-|case-|vib-|tam-|chunkId-of2|chunkType-child|stype-|voicetype-	19	child	_	_
21	village	village	n	NN	cat-n|gen-m|num-s|pers-3|case-0|vib-|tam-|chunkId-of2|chunkType-child|stype-|voicetype-	19	child	_	_
22	in	in	p	IN	cat-p|gen-m|num-s|pers-3|case-0|vib-|tam-|chunkId-PP4|chunkType-head|stype-|voicetype-	19	nmod	_	_
23	the	the	det	DT	cat-det|gen-m|num-s|pers-3|case-0|vib-|tam-|chunkId-in|chunkType-child|stype-|voicetype-	22	child	_	_
24	Naugawan	'	nnp	NNP	cat-|gen-|num-|pers-|case-|vib-|tam-|chunkId-in|chunkType-child|stype-|voicetype-	22	child	_	_
25	Sadat	'	nnp	NNP	cat-|gen-|num-|pers-|case-|vib-|tam-|chunkId-in|chunkType-child|stype-|voicetype-	22	child	_	_
26	police	police	n	NN	cat-n|gen-m|num-s|pers-3|case-0|vib-|tam-|chunkId-in|chunkType-child|stype-|voicetype-	22	child	_	_
27	circle	circle	n	NN	cat-n|gen-m|num-s|pers-3|case-0|vib-|tam-|chunkId-in|chunkType-child|stype-|voicetype-	22	child	_	_
28	.	.	punc	SYM	cat-punc|gen-n|num-s|pers-3|case-0|vib-|tam-|chunkId-in|chunkType-child|stype-|voicetype-	22	child	_	_

1	In	in	p	IN	cat-p|gen-m|num-s|pers-3|case-0|vib-|tam-|chunkId-PP|chunkType-head|stype-|voicetype-	12	k7t	_	_
2	the	the	det	DT	cat-det|gen-m|num-s|pers-3|case-0|vib-|tam-|chunkId-In|chunkType-child|stype-|voicetype-	1	child	_	_
3	morning	morning	n	NN	cat-n|gen-m|num-s|pers-3|case-0|vib-|tam-|chunkId-In|chunkType-child|stype-|voicetype-	1	child	_	_
4	,	comma	punc	SYM	cat-punc|gen-n|num-s|pers-3|case-0|vib-|tam-|chunkId-In|chunkType-child|stype-|voicetype-	1	child	_	_
5	Sabira	'	nnp	NNP	cat-|gen-|num-|pers-|case-|vib-|tam-|chunkId-NP2|chunkType-head|stype-|voicetype-	12	k1	_	_
6	,	'	sym	SYM	cat-|gen-|num-|pers-|case-|vib-|tam-|chunkId-Sabira|chunkType-child|stype-|voicetype-	5	child	_	_
7	dressed	dress	v	VBD	cat-v|gen-m|num-s|pers-3|case-0|vib-|tam-|chunkId-VG|chunkType-head|stype-|voicetype-	5	nmod-k1inv	_	_
8	as	as	p	IN	cat-p|gen-m|num-s|pers-3|case-0|vib-|tam-|chunkId-PP2|chunkType-head|stype-|voicetype-	5	k1u	_	_
9	a	a	det	DT	cat-det|gen-m|num-s|pers-3|case-0|vib-|tam-|chunkId-as|chunkType-child|stype-|voicetype-	8	child	_	_
10	bride	comma	punc	NN	cat-punc|gen-n|num-s|pers-3|case-0|vib-|tam-|chunkId-as|chunkType-child|stype-|voicetype-	8	child	_	_
11	,	comma	punc	SYM	cat-punc|gen-n|num-s|pers-3|case-0|vib-|tam-|chunkId-as|chunkType-child|stype-|voicetype-	8	child	_	_
12	reached	reach	v	VBD	cat-v|gen-m|num-s|pers-3|case-0|vib-|tam-|chunkId-VG2|chunkType-head|stype-|voicetype-	0	root	_	_
13	Talib	'	nnp	NNP	cat-|gen-|num-|pers-|case-|vib-|tam-|chunkId-NP3|chunkType-head|stype-|voicetype-	12	k7p	_	_
14	Hussain	'	nnp	NNP	cat-|gen-|num-|pers-|case-|vib-|tam-|chunkId-Talib|chunkType-child|stype-|voicetype-	13	child	_	_
15	's	'	pos	POS	cat-|gen-|num-|pers-|case-|vib-|tam-|chunkId-Talib|chunkType-child|stype-|voicetype-	13	child	_	_
16	house	house	n	NN	cat-n|gen-m|num-s|pers-3|case-0|vib-|tam-|chunkId-Talib|chunkType-child|stype-|voicetype-	13	child	_	_
17	in	in	p	IN	cat-p|gen-m|num-s|pers-3|case-0|vib-|tam-|chunkId-PP3|chunkType-head|stype-|voicetype-	13	nmod	_	_
18	her	she	P	PRP$	cat-P|gen-f|num-s|pers-3|case-0|vib-|tam-|chunkId-in|chunkType-child|stype-|voicetype-	17	child	_	_
19	village	village	n	NN	cat-n|gen-m|num-s|pers-3|case-0|vib-|tam-|chunkId-in|chunkType-child|stype-|voicetype-	17	child	_	_
20	.	.	punc	SYM	cat-punc|gen-n|num-s|pers-3|case-0|vib-|tam-|chunkId-in|chunkType-child|stype-|voicetype-	17	child	_	_

1	She	she	P	PRP	cat-P|gen-f|num-s|pers-3|case-0|vib-|tam-|chunkId-NP|chunkType-head|stype-|voicetype-	2	k1	_	_
2	said	say	v	VBD	cat-v|gen-m|num-s|pers-3|case-0|vib-|tam-|chunkId-VG|chunkType-head|stype-|voicetype-	0	root	_	_
3	to	to	p	TO	cat-p|gen-m|num-s|pers-3|case-0|vib-|tam-|chunkId-PP|chunkType-head|stype-|voicetype-	2	k4	_	_
4	Talib	'	nnp	NNP	cat-|gen-|num-|pers-|case-|vib-|tam-|chunkId-to|chunkType-child|stype-|voicetype-	3	child	_	_
5	's	'	pos	POS	cat-|gen-|num-|pers-|case-|vib-|tam-|chunkId-to|chunkType-child|stype-|voicetype-	3	child	_	_
6	mother	mother	n	NN	cat-n|gen-m|num-s|pers-3|case-0|vib-|tam-|chunkId-to|chunkType-child|stype-|voicetype-	3	child	_	_
7	Khushnuda	'	nn	NN	cat-|gen-|num-|pers-|case-|vib-|tam-|chunkId-to|chunkType-child|stype-|voicetype-	3	child	_	_
8	:	'	sym	SYM	cat-|gen-|num-|pers-|case-|vib-|tam-|chunkId-to|chunkType-child|stype-|voicetype-	3	child	_	_
9	Ammi	'	nnp	NNP	cat-|gen-|num-|pers-|case-|vib-|tam-|chunkId-NP3|chunkType-head|stype-|voicetype-	15	rad	_	_
10	,	comma	punc	SYM	cat-punc|gen-n|num-s|pers-3|case-0|vib-|tam-|chunkId-Ammi|chunkType-child|stype-|voicetype-	9	child	_	_
11	from	from	p	IN	cat-p|gen-m|num-s|pers-3|case-0|vib-|tam-|chunkId-PP2|chunkType-head|stype-|voicetype-	15	k7t	_	_
12	today	today	D	NN	cat-D|gen-m|num-s|pers-3|case-0|vib-|tam-|chunkId-from|chunkType-child|stype-|voicetype-	11	child	_	_
13	,	comma	punc	SYM	cat-punc|gen-n|num-s|pers-3|case-0|vib-|tam-|chunkId-from|chunkType-child|stype-|voicetype-	11	child	_	_
14	I	I	P	PRP	cat-P|gen-m|num-s|pers-1|case-0|vib-|tam-|chunkId-NP5|chunkType-head|stype-|voicetype-	15	k1	_	_
15	'm	'	vbp	VBP	cat-|gen-|num-|pers-|case-|vib-|tam-|chunkId-VG2|chunkType-head|stype-|voicetype-	2	k2	_	_
16	your	you	P	PRP$	cat-P|gen-m|num-s|pers-3|case-0|vib-|tam-|chunkId-NP6|chunkType-head|stype-|voicetype-	15	k1s	_	_
17	daughter	daughter	n	NN	cat-n|gen-m|num-s|pers-3|case-0|vib-|tam-|chunkId-your|chunkType-child|stype-|voicetype-	16	child	_	_
18	.	.	punc	SYM	cat-punc|gen-n|num-s|pers-3|case-0|vib-|tam-|chunkId-your|chunkType-child|stype-|voicetype-	16	child	_	_

1	From	from	p	IN	cat-p|gen-m|num-s|pers-3|case-0|vib-|tam-|chunkId-PP|chunkType-head|stype-|voicetype-	6	k7t	_	_
2	now	now	D	RB	cat-D|gen-m|num-s|pers-3|case-0|vib-|tam-|chunkId-From|chunkType-child|stype-|voicetype-	1	child	_	_
3	on	on	particle	RP	cat-particle|gen-m|num-s|pers-3|case-0|vib-|tam-|chunkId-From|chunkType-child|stype-|voicetype-	1	child	_	_
4	,	comma	punc	SYM	cat-punc|gen-n|num-s|pers-3|case-0|vib-|tam-|chunkId-From|chunkType-child|stype-|voicetype-	1	child	_	_
5	I	I	P	PRP	cat-P|gen-m|num-s|pers-1|case-0|vib-|tam-|chunkId-NP|chunkType-head|stype-|voicetype-	6	k1	_	_
6	'll	will	n	MD	cat-n|gen-m|num-s|pers-3|case-0|vib-|tam-|chunkId-VG|chunkType-head|stype-|voicetype-	0	root	_	_
7	stay	stay	v	VB	cat-v|gen-m|num-s|pers-3|case-0|vib-|tam-|chunkId-ll|chunkType-child|stype-|voicetype-	6	child	_	_
8	here	here	D	RB	cat-D|gen-m|num-s|pers-3|case-0|vib-|tam-|chunkId-ADVP|chunkType-head|stype-|voicetype-	6	k7p	_	_
9	.	.	punc	SYM	cat-punc|gen-n|num-s|pers-3|case-0|vib-|tam-|chunkId-here|chunkType-child|stype-|voicetype-	8	child	_	_

1	Khushnuda	'	nnp	NNP	cat-|gen-|num-|pers-|case-|vib-|tam-|chunkId-NP|chunkType-head|stype-|voicetype-	2	k1	_	_
2	tried	try	v	VBD	cat-v|gen-m|num-s|pers-3|case-0|vib-|tam-|chunkId-VG|chunkType-head|stype-|voicetype-	0	root	_	_
3	to	to	p	TO	cat-p|gen-m|num-s|pers-3|case-0|vib-|tam-|chunkId-PP|chunkType-head|stype-|voicetype-	2	k2	_	_
4	reason	reason	v	NN	cat-v|gen-m|num-s|pers-3|case-0|vib-|tam-|chunkId-to|chunkType-child|stype-|voicetype-	3	child	_	_
5	with	with	p	IN	cat-p|gen-m|num-s|pers-3|case-0|vib-|tam-|chunkId-PP2|chunkType-head|stype-|voicetype-	2	ras-k2	_	_
6	her	she	P	PRP	cat-P|gen-f|num-s|pers-3|case-0|vib-|tam-|chunkId-with|chunkType-child|stype-|voicetype-	5	child	_	_
7	.	.	punc	SYM	cat-punc|gen-n|num-s|pers-3|case-0|vib-|tam-|chunkId-with|chunkType-child|stype-|voicetype-	5	child	_	_

1	Even	even	D	RB	cat-D|gen-m|num-s|pers-3|case-0|vib-|tam-|chunkId-VG|chunkType-head|stype-|voicetype-	0	root	_	_
2	said	say	v	VBD	cat-v|gen-m|num-s|pers-3|case-0|vib-|tam-|chunkId-Even|chunkType-child|stype-|voicetype-	1	child	_	_
3	that	that	Comp	IN	cat-Comp|gen-m|num-s|pers-3|case-0|vib-|tam-|chunkId-CCP|chunkType-head|stype-|voicetype-	1	k2	_	_
4	her	she	P	PRP$	cat-P|gen-f|num-s|pers-3|case-0|vib-|tam-|chunkId-NP|chunkType-head|stype-|voicetype-	6	k1	_	_
5	parents	parent	n	NNS	cat-n|gen-m|num-p|pers-3|case-0|vib-|tam-|chunkId-her|chunkType-child|stype-|voicetype-	4	child	_	_
6	would	would	v	MD	cat-v|gen-m|num-s|pers-3|case-0|vib-|tam-|chunkId-VG2|chunkType-head|stype-|voicetype-	8	ccof	_	_
7	come	come	v	VB	cat-v|gen-m|num-s|pers-3|case-0|vib-|tam-|chunkId-would|chunkType-child|stype-|voicetype-	6	child	_	_
8	and	and	Conj	CC	cat-Conj|gen-m|num-s|pers-3|case-0|vib-|tam-|chunkId-CCP2|chunkType-head|stype-|voicetype-	3	ccof	_	_
9	beat	beat	v	VB	cat-v|gen-m|num-s|pers-3|case-0|vib-|tam-|chunkId-VG3|chunkType-head|stype-|voicetype-	8	ccof	_	_
10	her	she	P	PRP	cat-P|gen-f|num-s|pers-3|case-0|vib-|tam-|chunkId-NP2|chunkType-head|stype-|voicetype-	9	k4a	_	_
11	up	up	particle	RP	cat-particle|gen-m|num-s|pers-3|case-0|vib-|tam-|chunkId-PRT|chunkType-head|stype-|voicetype-	9	fragof	_	_
12	,	comma	punc	SYM	cat-punc|gen-n|num-s|pers-3|case-0|vib-|tam-|chunkId-up|chunkType-child|stype-|voicetype-	11	child	_	_
13	so	so	Conj	CC	cat-Conj|gen-m|num-s|pers-3|case-0|vib-|tam-|chunkId-CCP3|chunkType-head|stype-|voicetype-	8	rh	_	_
14	she	she	P	PRP	cat-P|gen-f|num-s|pers-3|case-0|vib-|tam-|chunkId-NP3|chunkType-head|stype-|voicetype-	15	k1	_	_
15	should	should	v	MD	cat-v|gen-m|num-s|pers-3|case-0|vib-|tam-|chunkId-VG4|chunkType-head|stype-|voicetype-	13	ccof	_	_
16	leave	leave	v	VB	cat-v|gen-m|num-s|pers-3|case-0|vib-|tam-|chunkId-should|chunkType-child|stype-|voicetype-	15	child	_	_
17	from	from	p	IN	cat-p|gen-m|num-s|pers-3|case-0|vib-|tam-|chunkId-PP|chunkType-head|stype-|voicetype-	15	k7p	_	_
18	here	here	D	RB	cat-D|gen-m|num-s|pers-3|case-0|vib-|tam-|chunkId-from|chunkType-child|stype-|voicetype-	17	child	_	_
19	.	.	punc	SYM	cat-punc|gen-n|num-s|pers-3|case-0|vib-|tam-|chunkId-from|chunkType-child|stype-|voicetype-	17	child	_	_

1	But	but	Conj	CC	cat-Conj|gen-m|num-s|pers-3|case-0|vib-|tam-|chunkId-CCP|chunkType-head|stype-|voicetype-	0	root	_	_
2	Sabira	'	nnp	NNP	cat-|gen-|num-|pers-|case-|vib-|tam-|chunkId-NP|chunkType-head|stype-|voicetype-	3	k1	_	_
3	said	say	v	VBD	cat-v|gen-m|num-s|pers-3|case-0|vib-|tam-|chunkId-VG|chunkType-head|stype-|voicetype-	1	ccof	_	_
4	:	'	sym	SYM	cat-|gen-|num-|pers-|case-|vib-|tam-|chunkId-said|chunkType-child|stype-|voicetype-	3	child	_	_
5	If	if	Conj	IN	cat-Conj|gen-m|num-s|pers-3|case-0|vib-|tam-|chunkId-CCP2|chunkType-head|stype-|voicetype-	12	vmod	_	_
6	you	you	PRON	PRP	cat-PRON|gen-m|num-s|pers-2|case-0|vib-|tam-|chunkId-NP2|chunkType-head|stype-|voicetype-	7	k1	_	_
7	send	send	v	VBP	cat-v|gen-m|num-s|pers-3|case-0|vib-|tam-|chunkId-VG2|chunkType-head|stype-|voicetype-	5	ccof	_	_
8	me	I	P	PRP	cat-P|gen-m|num-s|pers-1|case-0|vib-|tam-|chunkId-NP3|chunkType-head|stype-|voicetype-	7	k2	_	_
9	away	away	D	RB	cat-D|gen-m|num-s|pers-3|case-0|vib-|tam-|chunkId-RBP|chunkType-head|stype-|voicetype-	7	fragof	_	_
10	then	then	Conj	IN	cat-Conj|gen-m|num-s|pers-3|case-0|vib-|tam-|chunkId-CCP3|chunkType-head|stype-|voicetype-	3	k2	_	_
11	I	I	P	PRP	cat-P|gen-m|num-s|pers-1|case-0|vib-|tam-|chunkId-NP4|chunkType-head|stype-|voicetype-	12	k1	_	_
12	'll	will	n	MD	cat-n|gen-m|num-s|pers-3|case-0|vib-|tam-|chunkId-VG3|chunkType-head|stype-|voicetype-	10	ccof	_	_
13	kill	kill	v	VB	cat-v|gen-m|num-s|pers-3|case-0|vib-|tam-|chunkId-ll|chunkType-child|stype-|voicetype-	12	child	_	_
14	myself	myself	P	PRP	cat-P|gen-m|num-s|pers-1|case-0|vib-|tam-|chunkId-NP5|chunkType-head|stype-|voicetype-	12	k2	_	_
15	right	right	D	RB	cat-D|gen-m|num-s|pers-3|case-0|vib-|tam-|chunkId-ADVP|chunkType-head|stype-|voicetype-	12	k7p	_	_
16	here	here	D	RB	cat-D|gen-m|num-s|pers-3|case-0|vib-|tam-|chunkId-right|chunkType-child|stype-|voicetype-	15	child	_	_
17	.	.	punc	SYM	cat-punc|gen-n|num-s|pers-3|case-0|vib-|tam-|chunkId-right|chunkType-child|stype-|voicetype-	15	child	_	_

1	After	after	det	IN	cat-det|gen-m|num-s|pers-3|case-0|vib-|tam-|chunkId-PP|chunkType-head|stype-|voicetype-	5	k7t	_	_
2	this	this	n	DT	cat-n|gen-m|num-s|pers-3|case-0|vib-|tam-|chunkId-After|chunkType-child|stype-|voicetype-	1	child	_	_
3	,	comma	punc	SYM	cat-punc|gen-n|num-s|pers-3|case-0|vib-|tam-|chunkId-After|chunkType-child|stype-|voicetype-	1	child	_	_
4	she	she	P	PRP	cat-P|gen-f|num-s|pers-3|case-0|vib-|tam-|chunkId-NP2|chunkType-head|stype-|voicetype-	5	k1	_	_
5	shut	shut	v	VBD	cat-v|gen-m|num-s|pers-3|case-0|vib-|tam-|chunkId-VG|chunkType-head|stype-|voicetype-	0	root	_	_
6	herself	herself	P	PRP	cat-P|gen-f|num-s|pers-3|case-0|vib-|tam-|chunkId-NP3|chunkType-head|stype-|voicetype-	5	k2	_	_
7	inside	inside	p	IN	cat-p|gen-m|num-s|pers-3|case-0|vib-|tam-|chunkId-PP2|chunkType-head|stype-|voicetype-	5	k7p	_	_
8	a	a	det	DT	cat-det|gen-m|num-s|pers-3|case-0|vib-|tam-|chunkId-inside|chunkType-child|stype-|voicetype-	7	child	_	_
9	room	room	n	NN	cat-n|gen-m|num-s|pers-3|case-0|vib-|tam-|chunkId-inside|chunkType-child|stype-|voicetype-	7	child	_	_
10	.	.	punc	SYM	cat-punc|gen-n|num-s|pers-3|case-0|vib-|tam-|chunkId-inside|chunkType-child|stype-|voicetype-	7	child	_	_

1	After	after	p	IN	cat-p|gen-m|num-s|pers-3|case-0|vib-|tam-|chunkId-PP|chunkType-head|stype-|voicetype-	17	k7t	_	_
2	a	a	det	DT	cat-det|gen-m|num-s|pers-3|case-0|vib-|tam-|chunkId-After|chunkType-child|stype-|voicetype-	1	child	_	_
3	few	few	det	JJ	cat-det|gen-m|num-s|pers-3|case-0|vib-|tam-|chunkId-After|chunkType-child|stype-|voicetype-	1	child	_	_
4	moments	moment	n	NNS	cat-n|gen-m|num-p|pers-3|case-0|vib-|tam-|chunkId-After|chunkType-child|stype-|voicetype-	1	child	_	_
5	,	comma	punc	SYM	cat-punc|gen-n|num-s|pers-3|case-0|vib-|tam-|chunkId-After|chunkType-child|stype-|voicetype-	1	child	_	_
6	searching	search	v	VBG	cat-v|gen-m|num-s|pers-3|case-0|vib-|tam-|chunkId-VG|chunkType-head|stype-|voicetype-	17	adv	_	_
7	for	for	p	IN	cat-p|gen-m|num-s|pers-3|case-0|vib-|tam-|chunkId-PP2|chunkType-head|stype-|voicetype-	6	k2	_	_
8	Sabira	'	nnp	NNP	cat-|gen-|num-|pers-|case-|vib-|tam-|chunkId-for|chunkType-child|stype-|voicetype-	7	child	_	_
9	,	comma	punc	SYM	cat-punc|gen-n|num-s|pers-3|case-0|vib-|tam-|chunkId-for|chunkType-child|stype-|voicetype-	7	child	_	_
10	her	she	P	PRP$	cat-P|gen-f|num-s|pers-3|case-0|vib-|tam-|chunkId-NP3|chunkType-head|stype-|voicetype-	13	ccof	_	_
11	father	father	n	NN	cat-n|gen-m|num-s|pers-3|case-0|vib-|tam-|chunkId-her|chunkType-child|stype-|voicetype-	10	child	_	_
12	Bhura	'	nnp	NNP	cat-|gen-|num-|pers-|case-|vib-|tam-|chunkId-her|chunkType-child|stype-|voicetype-	10	child	_	_
13	and	and	Conj	CC	cat-Conj|gen-m|num-s|pers-3|case-0|vib-|tam-|chunkId-CCP|chunkType-head|stype-|voicetype-	17	k1	_	_
14	her	she	P	PRP$	cat-P|gen-f|num-s|pers-3|case-0|vib-|tam-|chunkId-NP4|chunkType-head|stype-|voicetype-	13	ccof	_	_
15	Uncle	uncle	n	NNP	cat-n|gen-m|num-s|pers-3|case-0|vib-|tam-|chunkId-her2|chunkType-child|stype-|voicetype-	14	child	_	_
16	Kulwan	'	nnp	NNP	cat-|gen-|num-|pers-|case-|vib-|tam-|chunkId-her2|chunkType-child|stype-|voicetype-	14	child	_	_
17	arrived	arrive	v	VBD	cat-v|gen-m|num-s|pers-3|case-0|vib-|tam-|chunkId-VG2|chunkType-head|stype-|voicetype-	0	root	_	_
18	.	.	punc	SYM	cat-punc|gen-n|num-s|pers-3|case-0|vib-|tam-|chunkId-arrived|chunkType-child|stype-|voicetype-	17	child	_	_

1	They	he	P	PRP	cat-P|gen-m|num-p|pers-3|case-0|vib-|tam-|chunkId-NP|chunkType-head|stype-|voicetype-	2	k1	_	_
2	beseeched	beseech	v	VBD	cat-v|gen-m|num-s|pers-3|case-0|vib-|tam-|chunkId-VG|chunkType-head|stype-|voicetype-	8	ccof	_	_
3	her	she	P	PRP	cat-P|gen-f|num-s|pers-3|case-0|vib-|tam-|chunkId-NP2|chunkType-head|stype-|voicetype-	2	k2	_	_
4	to	to	p	TO	cat-p|gen-m|num-s|pers-3|case-0|vib-|tam-|chunkId-VG2|chunkType-head|stype-|voicetype-	2	rt	_	_
5	open	open	v	VB	cat-v|gen-m|num-s|pers-3|case-0|vib-|tam-|chunkId-to|chunkType-child|stype-|voicetype-	4	child	_	_
6	the	the	det	DT	cat-det|gen-m|num-s|pers-3|case-0|vib-|tam-|chunkId-NP3|chunkType-head|stype-|voicetype-	4	k2	_	_
7	door	door	n	NN	cat-n|gen-m|num-s|pers-3|case-0|vib-|tam-|chunkId-the|chunkType-child|stype-|voicetype-	6	child	_	_
8	but	but	Conj	CC	cat-Conj|gen-m|num-s|pers-3|case-0|vib-|tam-|chunkId-CCP|chunkType-head|stype-|voicetype-	0	root	_	_
9	Sabira	'	nnp	NNP	cat-|gen-|num-|pers-|case-|vib-|tam-|chunkId-NP4|chunkType-head|stype-|voicetype-	10	k1	_	_
10	remained	remain	v	VBD	cat-v|gen-m|num-s|pers-3|case-0|vib-|tam-|chunkId-VG3|chunkType-head|stype-|voicetype-	8	ccof	_	_
11	unmoved	unmoved	adj	JJ	cat-adj|gen-m|num-s|pers-3|case-0|vib-|tam-|chunkId-ADJP|chunkType-head|stype-|voicetype-	10	k1s	_	_
12	from	from	p	IN	cat-p|gen-m|num-s|pers-3|case-0|vib-|tam-|chunkId-PP|chunkType-head|stype-|voicetype-	10	k7	_	_
13	her	she	P	PRP$	cat-P|gen-f|num-s|pers-3|case-0|vib-|tam-|chunkId-from|chunkType-child|stype-|voicetype-	12	child	_	_
14	decision	decision	n	NN	cat-n|gen-m|num-s|pers-3|case-0|vib-|tam-|chunkId-from|chunkType-child|stype-|voicetype-	12	child	_	_
15	.	.	punc	SYM	cat-punc|gen-n|num-s|pers-3|case-0|vib-|tam-|chunkId-from|chunkType-child|stype-|voicetype-	12	child	_	_

1	Defeated	defeat	v	VBN	cat-v|gen-m|num-s|pers-3|case-0|vib-|tam-|chunkId-VG|chunkType-head|stype-|voicetype-	3	nmod-k2inv	_	_
2	,	comma	punc	SYM	cat-punc|gen-n|num-s|pers-3|case-0|vib-|tam-|chunkId-Defeated|chunkType-child|stype-|voicetype-	1	child	_	_
3	Sabira	'	nnp	NNP	cat-|gen-|num-|pers-|case-|vib-|tam-|chunkId-NP|chunkType-head|stype-|voicetype-	6	k1	_	_
4	's	'	pos	POS	cat-|gen-|num-|pers-|case-|vib-|tam-|chunkId-Sabira|chunkType-child|stype-|voicetype-	3	child	_	_
5	relatives	relative	n	NNS	cat-n|gen-m|num-p|pers-3|case-0|vib-|tam-|chunkId-Sabira|chunkType-child|stype-|voicetype-	3	child	_	_
6	arrived	arrive	v	VBD	cat-v|gen-m|num-s|pers-3|case-0|vib-|tam-|chunkId-VG2|chunkType-head|stype-|voicetype-	12	ccof	_	_
7	at	at	p	IN	cat-p|gen-m|num-s|pers-3|case-0|vib-|tam-|chunkId-PP|chunkType-head|stype-|voicetype-	6	k7p	_	_
8	the	the	det	DT	cat-det|gen-m|num-s|pers-3|case-0|vib-|tam-|chunkId-at|chunkType-child|stype-|voicetype-	7	child	_	_
9	Naugawan	'	nnp	NNP	cat-|gen-|num-|pers-|case-|vib-|tam-|chunkId-at|chunkType-child|stype-|voicetype-	7	child	_	_
10	Sadat	'	nnp	NNP	cat-|gen-|num-|pers-|case-|vib-|tam-|chunkId-at|chunkType-child|stype-|voicetype-	7	child	_	_
11	police	police	n	NN	cat-n|gen-m|num-s|pers-3|case-0|vib-|tam-|chunkId-at|chunkType-child|stype-|voicetype-	7	child	_	_
12	and	and	Conj	CC	cat-Conj|gen-m|num-s|pers-3|case-0|vib-|tam-|chunkId-CCP|chunkType-head|stype-|voicetype-	0	root	_	_
13	reported	report	v	VBD	cat-v|gen-m|num-s|pers-3|case-0|vib-|tam-|chunkId-VG3|chunkType-head|stype-|voicetype-	12	ccof	_	_
14	the	the	det	DT	cat-det|gen-m|num-s|pers-3|case-0|vib-|tam-|chunkId-NP3|chunkType-head|stype-|voicetype-	13	k2	_	_
15	matter	matter	n	NN	cat-n|gen-m|num-s|pers-3|case-0|vib-|tam-|chunkId-the2|chunkType-child|stype-|voicetype-	14	child	_	_
16	.	.	punc	SYM	cat-punc|gen-n|num-s|pers-3|case-0|vib-|tam-|chunkId-the2|chunkType-child|stype-|voicetype-	14	child	_	_

1	Station	station	n	NNC	cat-n|gen-n|num-s|pers-3|case-0|vib-|tam-|chunkId-NP|chunkType-head|stype-|voicetype-	5	k1	_	_
2	Incharge	'	nn	NN	cat-|gen-|num-|pers-|case-|vib-|tam-|chunkId-Station|chunkType-child|stype-|voicetype-	1	child	_	_
3	Govind	'	nnpc	NNPC	cat-|gen-|num-|pers-|case-|vib-|tam-|chunkId-Station|chunkType-child|stype-|voicetype-	1	child	_	_
4	Singh	'	nnp	NNP	cat-|gen-|num-|pers-|case-|vib-|tam-|chunkId-Station|chunkType-child|stype-|voicetype-	1	child	_	_
5	reached	reach	v	VBD	cat-v|gen-m|num-s|pers-3|case-0|vib-|tam-|chunkId-VG|chunkType-head|stype-|voicetype-	0	root	_	_
6	Sikriya	'	nnp	NNP	cat-|gen-|num-|pers-|case-|vib-|tam-|chunkId-NP2|chunkType-head|stype-|voicetype-	5	k7p	_	_
7	village	village	n	NN	cat-n|gen-m|num-s|pers-3|case-0|vib-|tam-|chunkId-Sikriya|chunkType-child|stype-|voicetype-	6	child	_	_
8	with	with	p	IN	cat-p|gen-m|num-s|pers-3|case-0|vib-|tam-|chunkId-PP|chunkType-head|stype-|voicetype-	5	ras-k1	_	_
9	a	a	det	DT	cat-det|gen-m|num-s|pers-3|case-0|vib-|tam-|chunkId-with|chunkType-child|stype-|voicetype-	8	child	_	_
10	team	team	n	NN	cat-n|gen-m|num-s|pers-3|case-0|vib-|tam-|chunkId-with|chunkType-child|stype-|voicetype-	8	child	_	_
11	of	of	p	IN	cat-p|gen-m|num-s|pers-3|case-0|vib-|tam-|chunkId-PP2|chunkType-head|stype-|voicetype-	8	r6	_	_
12	policemen	policeman	n	NN	cat-n|gen-m|num-p|pers-3|case-0|vib-|tam-|chunkId-of|chunkType-child|stype-|voicetype-	11	child	_	_
13	.	.	punc	SYM	cat-punc|gen-n|num-s|pers-3|case-0|vib-|tam-|chunkId-of|chunkType-child|stype-|voicetype-	11	child	_	_

1	He	he	P	PRP	cat-P|gen-m|num-s|pers-3|case-0|vib-|tam-|chunkId-NP|chunkType-head|stype-|voicetype-	2	k1	_	_
2	asked	ask	v	VBD	cat-v|gen-m|num-s|pers-3|case-0|vib-|tam-|chunkId-VG|chunkType-head|stype-|voicetype-	0	root	_	_
3	Sabira	'	nnp	NNP	cat-|gen-|num-|pers-|case-|vib-|tam-|chunkId-NP2|chunkType-head|stype-|voicetype-	2	k4	_	_
4	to	to	p	TO	cat-p|gen-m|num-s|pers-3|case-0|vib-|tam-|chunkId-VG2|chunkType-head|stype-|voicetype-	2	k2	_	_
5	open	open	v	VB	cat-v|gen-m|num-s|pers-3|case-0|vib-|tam-|chunkId-to|chunkType-child|stype-|voicetype-	4	child	_	_
6	the	the	det	DT	cat-det|gen-m|num-s|pers-3|case-0|vib-|tam-|chunkId-NP3|chunkType-head|stype-|voicetype-	4	k2	_	_
7	door	door	n	NN	cat-n|gen-m|num-s|pers-3|case-0|vib-|tam-|chunkId-the|chunkType-child|stype-|voicetype-	6	child	_	_
8	.	.	punc	SYM	cat-punc|gen-n|num-s|pers-3|case-0|vib-|tam-|chunkId-the|chunkType-child|stype-|voicetype-	6	child	_	_

1	But	but	Conj	CC	cat-Conj|gen-m|num-s|pers-3|case-0|vib-|tam-|chunkId-CCP|chunkType-head|stype-|voicetype-	0	root	_	_
2	she	she	P	PRP	cat-P|gen-f|num-s|pers-3|case-0|vib-|tam-|chunkId-NP|chunkType-head|stype-|voicetype-	3	k1	_	_
3	refused	refuse	v	VBD	cat-v|gen-m|num-s|pers-3|case-0|vib-|tam-|chunkId-VG|chunkType-head|stype-|voicetype-	1	ccof	_	_
4	outright	outright	D	RB	cat-D|gen-m|num-s|pers-3|case-0|vib-|tam-|chunkId-ADVP|chunkType-head|stype-|voicetype-	3	adv	_	_
5	.	.	punc	SYM	cat-punc|gen-n|num-s|pers-3|case-0|vib-|tam-|chunkId-outright|chunkType-child|stype-|voicetype-	4	child	_	_

1	When	when	D	WRB	cat-D|gen-m|num-s|pers-3|case-0|vib-|tam-|chunkId-ADVP|chunkType-head|stype-|voicetype-	3	k7t	_	_
2	he	he	P	PRP	cat-P|gen-m|num-s|pers-3|case-0|vib-|tam-|chunkId-NP|chunkType-head|stype-|voicetype-	3	k1	_	_
3	reasoned	reason	v	VBD	cat-v|gen-m|num-s|pers-3|case-0|vib-|tam-|chunkId-VG|chunkType-head|stype-|voicetype-	10	vmod	_	_
4	with	with	p	IN	cat-p|gen-m|num-s|pers-3|case-0|vib-|tam-|chunkId-PP|chunkType-head|stype-|voicetype-	3	ras-k1	_	_
5	her	she	P	PRP	cat-P|gen-f|num-s|pers-3|case-0|vib-|tam-|chunkId-with|chunkType-child|stype-|voicetype-	4	child	_	_
6	from	from	p	IN	cat-p|gen-m|num-s|pers-3|case-0|vib-|tam-|chunkId-PP2|chunkType-head|stype-|voicetype-	3	k5	_	_
7	outside	outside	p	RB	cat-p|gen-m|num-s|pers-3|case-0|vib-|tam-|chunkId-from|chunkType-child|stype-|voicetype-	6	child	_	_
8	she	she	P	PRP	cat-P|gen-f|num-s|pers-3|case-0|vib-|tam-|chunkId-NP4|chunkType-head|stype-|voicetype-	9	k1	_	_
9	relented	relent	v	VBD	cat-v|gen-m|num-s|pers-3|case-0|vib-|tam-|chunkId-VG2|chunkType-head|stype-|voicetype-	10	ccof	_	_
10	and	and	Conj	CC	cat-Conj|gen-m|num-s|pers-3|case-0|vib-|tam-|chunkId-CCP|chunkType-head|stype-|voicetype-	0	root	_	_
11	came	come	v	VBD	cat-v|gen-m|num-s|pers-3|case-0|vib-|tam-|chunkId-VG3|chunkType-head|stype-|voicetype-	10	ccof	_	_
12	out	out	particle	RP	cat-particle|gen-m|num-s|pers-3|case-0|vib-|tam-|chunkId-came|chunkType-child|stype-|voicetype-	11	child	_	_
13	.	.	punc	SYM	cat-punc|gen-n|num-s|pers-3|case-0|vib-|tam-|chunkId-came|chunkType-child|stype-|voicetype-	11	child	_	_

1	As	as	p	RB	cat-p|gen-m|num-s|pers-3|case-0|vib-|tam-|chunkId-ADVP|chunkType-head|stype-|voicetype-	5	k7t	_	_
2	soon	soon	D	RB	cat-D|gen-m|num-s|pers-3|case-0|vib-|tam-|chunkId-As|chunkType-child|stype-|voicetype-	1	child	_	_
3	as	as	p	IN	cat-p|gen-m|num-s|pers-3|case-0|vib-|tam-|chunkId-As|chunkType-child|stype-|voicetype-	1	child	_	_
4	she	she	P	PRP	cat-P|gen-f|num-s|pers-3|case-0|vib-|tam-|chunkId-NP|chunkType-head|stype-|voicetype-	5	k1	_	_
5	stepped	step	v	VBD	cat-v|gen-m|num-s|pers-3|case-0|vib-|tam-|chunkId-VG|chunkType-head|stype-|voicetype-	13	k7t	_	_
6	out	out	particle	RP	cat-particle|gen-m|num-s|pers-3|case-0|vib-|tam-|chunkId-PP|chunkType-head|stype-|voicetype-	5	k7p	_	_
7	of	of	p	IN	cat-p|gen-m|num-s|pers-3|case-0|vib-|tam-|chunkId-out|chunkType-child|stype-|voicetype-	6	child	_	_
8	the	the	det	DT	cat-det|gen-m|num-s|pers-3|case-0|vib-|tam-|chunkId-out|chunkType-child|stype-|voicetype-	6	child	_	_
9	room	room	n	NN	cat-n|gen-m|num-s|pers-3|case-0|vib-|tam-|chunkId-out|chunkType-child|stype-|voicetype-	6	child	_	_
10	,	comma	punc	SYM	cat-punc|gen-n|num-s|pers-3|case-0|vib-|tam-|chunkId-out|chunkType-child|stype-|voicetype-	6	child	_	_
11	her	she	P	PRP$	cat-P|gen-f|num-s|pers-3|case-0|vib-|tam-|chunkId-NP3|chunkType-head|stype-|voicetype-	13	k1	_	_
12	relatives	relative	n	NNS	cat-n|gen-m|num-p|pers-3|case-0|vib-|tam-|chunkId-her|chunkType-child|stype-|voicetype-	11	child	_	_
13	tried	try	v	VBD	cat-v|gen-m|num-s|pers-3|case-0|vib-|tam-|chunkId-VG2|chunkType-head|stype-|voicetype-	0	root	_	_
14	to	to	p	TO	cat-p|gen-m|num-s|pers-3|case-0|vib-|tam-|chunkId-VG3|chunkType-head|stype-|voicetype-	13	k2	_	_
15	take	take	v	VB	cat-v|gen-m|num-s|pers-3|case-0|vib-|tam-|chunkId-to|chunkType-child|stype-|voicetype-	14	child	_	_
16	her	she	P	PRP	cat-P|gen-f|num-s|pers-3|case-0|vib-|tam-|chunkId-NP4|chunkType-head|stype-|voicetype-	14	k4a	_	_
17	away	away	particle	RP	cat-particle|gen-m|num-s|pers-3|case-0|vib-|tam-|chunkId-PRT|chunkType-head|stype-|voicetype-	14	fragof	_	_
18	by	by	p	IN	cat-p|gen-m|num-s|pers-3|case-0|vib-|tam-|chunkId-PP2|chunkType-head|stype-|voicetype-	14	adv	_	_
19	force	force	n	NN	cat-n|gen-m|num-s|pers-3|case-0|vib-|tam-|chunkId-by|chunkType-child|stype-|voicetype-	18	child	_	_
20	.	.	punc	SYM	cat-punc|gen-n|num-s|pers-3|case-0|vib-|tam-|chunkId-by|chunkType-child|stype-|voicetype-	18	child	_	_

1	Talib	'	nnp	NNP	cat-|gen-|num-|pers-|case-|vib-|tam-|chunkId-NP|chunkType-head|stype-|voicetype-	3	ccof	_	_
2	Hussain	'	nnp	NNP	cat-|gen-|num-|pers-|case-|vib-|tam-|chunkId-Talib|chunkType-child|stype-|voicetype-	1	child	_	_
3	and	and	Conj	CC	cat-Conj|gen-m|num-s|pers-3|case-0|vib-|tam-|chunkId-CCP|chunkType-head|stype-|voicetype-	6	k1	_	_
4	other	other	det	JJ	cat-det|gen-m|num-s|pers-3|case-0|vib-|tam-|chunkId-NP2|chunkType-head|stype-|voicetype-	3	ccof	_	_
5	villagers	villager	n	NNS	cat-n|gen-m|num-p|pers-3|case-0|vib-|tam-|chunkId-other|chunkType-child|stype-|voicetype-	4	child	_	_
6	protested	protest	v	VBD	cat-v|gen-m|num-s|pers-3|case-0|vib-|tam-|chunkId-VG|chunkType-head|stype-|voicetype-	0	root	_	_
7	at	at	p	IN	cat-p|gen-m|num-s|pers-3|case-0|vib-|tam-|chunkId-PP|chunkType-head|stype-|voicetype-	6	k7	_	_
8	this	this	p	NN	cat-p|gen-m|num-s|pers-3|case-0|vib-|tam-|chunkId-at|chunkType-child|stype-|voicetype-	7	child	_	_
9	.	.	punc	SYM	cat-punc|gen-n|num-s|pers-3|case-0|vib-|tam-|chunkId-at|chunkType-child|stype-|voicetype-	7	child	_	_

1	Seeing	see	v	VBG	cat-v|gen-m|num-s|pers-3|case-0|vib-|tam-|chunkId-VG|chunkType-head|stype-|voicetype-	4	vmod	_	_
2	the	the	det	DT	cat-det|gen-m|num-s|pers-3|case-0|vib-|tam-|chunkId-NP|chunkType-head|stype-|voicetype-	4	k1	_	_
3	matter	matter	n	NN	cat-n|gen-m|num-s|pers-3|case-0|vib-|tam-|chunkId-the|chunkType-child|stype-|voicetype-	2	child	_	_
4	get	get	v	VB	cat-v|gen-m|num-s|pers-3|case-0|vib-|tam-|chunkId-VG2|chunkType-head|stype-|voicetype-	11	vmod	_	_
5	out	out	particle	RP	cat-particle|gen-m|num-s|pers-3|case-0|vib-|tam-|chunkId-PP|chunkType-head|stype-|voicetype-	4	k1s	_	_
6	of	of	p	IN	cat-p|gen-m|num-s|pers-3|case-0|vib-|tam-|chunkId-out|chunkType-child|stype-|voicetype-	5	child	_	_
7	hand	hand	n	NN	cat-n|gen-m|num-s|pers-3|case-0|vib-|tam-|chunkId-out|chunkType-child|stype-|voicetype-	5	child	_	_
8	,	comma	punc	SYM	cat-punc|gen-n|num-s|pers-3|case-0|vib-|tam-|chunkId-out|chunkType-child|stype-|voicetype-	5	child	_	_
9	the	the	det	DT	cat-det|gen-m|num-s|pers-3|case-0|vib-|tam-|chunkId-NP3|chunkType-head|stype-|voicetype-	11	k1	_	_
10	station	station	n	NN	cat-n|gen-m|num-s|pers-3|case-0|vib-|tam-|chunkId-the2|chunkType-child|stype-|voicetype-	9	child	_	_
11	brought	bring	v	VBD	cat-v|gen-m|num-s|pers-3|case-0|vib-|tam-|chunkId-VG3|chunkType-head|stype-|voicetype-	0	root	_	_
12	Sabira	'	nnp	NNP	cat-|gen-|num-|pers-|case-|vib-|tam-|chunkId-NP4|chunkType-head|stype-|voicetype-	11	k2	_	_
13	to	to	p	TO	cat-p|gen-m|num-s|pers-3|case-0|vib-|tam-|chunkId-PP2|chunkType-head|stype-|voicetype-	11	k7	_	_
14	the	the	det	DT	cat-det|gen-m|num-s|pers-3|case-0|vib-|tam-|chunkId-to|chunkType-child|stype-|voicetype-	13	child	_	_
15	police	police	n	NN	cat-n|gen-m|num-s|pers-3|case-0|vib-|tam-|chunkId-to|chunkType-child|stype-|voicetype-	13	child	_	_
16	.	.	punc	SYM	cat-punc|gen-n|num-s|pers-3|case-0|vib-|tam-|chunkId-to|chunkType-child|stype-|voicetype-	13	child	_	_

1	People	people	n	NNS	cat-n|gen-m|num-p|pers-3|case-0|vib-|tam-|chunkId-NP|chunkType-head|stype-|voicetype-	5	k1	_	_
2	from	from	p	IN	cat-p|gen-m|num-s|pers-3|case-0|vib-|tam-|chunkId-PP|chunkType-head|stype-|voicetype-	1	nmod	_	_
3	both	both	det	DT	cat-det|gen-m|num-s|pers-3|case-0|vib-|tam-|chunkId-from|chunkType-child|stype-|voicetype-	2	child	_	_
4	sides	side	n	NNS	cat-n|gen-m|num-p|pers-3|case-0|vib-|tam-|chunkId-from|chunkType-child|stype-|voicetype-	2	child	_	_
5	also	also	D	RB	cat-D|gen-m|num-s|pers-3|case-0|vib-|tam-|chunkId-VG|chunkType-head|stype-|voicetype-	0	root	_	_
6	arrived	arrive	v	VBD	cat-v|gen-m|num-s|pers-3|case-0|vib-|tam-|chunkId-also|chunkType-child|stype-|voicetype-	5	child	_	_
7	there	there	D	RB	cat-D|gen-m|num-s|pers-3|case-0|vib-|tam-|chunkId-ADVP|chunkType-head|stype-|voicetype-	5	k7p	_	_
8	.	.	punc	SYM	cat-punc|gen-n|num-s|pers-3|case-0|vib-|tam-|chunkId-there|chunkType-child|stype-|voicetype-	7	child	_	_

1	The	the	det	DT	cat-det|gen-m|num-s|pers-3|case-0|vib-|tam-|chunkId-NP|chunkType-head|stype-|voicetype-	3	k2	_	_
2	decision	decision	n	NN	cat-n|gen-m|num-s|pers-3|case-0|vib-|tam-|chunkId-The|chunkType-child|stype-|voicetype-	1	child	_	_
3	was	be	v	VBD	cat-v|gen-m|num-s|pers-1|case-0|vib-|tam-|chunkId-VG|chunkType-head|stype-|voicetype-	0	root	_	_
4	left	leave	v	VBN	cat-v|gen-m|num-s|pers-3|case-0|vib-|tam-|chunkId-was|chunkType-child|stype-|voicetype-	3	child	_	_
5	with	with	p	IN	cat-p|gen-m|num-s|pers-3|case-0|vib-|tam-|chunkId-PP|chunkType-head|stype-|voicetype-	3	k7	_	_
6	the	the	det	DT	cat-det|gen-m|num-s|pers-3|case-0|vib-|tam-|chunkId-with|chunkType-child|stype-|voicetype-	5	child	_	_
7	villagers	villager	n	NNS	cat-n|gen-m|num-p|pers-3|case-0|vib-|tam-|chunkId-with|chunkType-child|stype-|voicetype-	5	child	_	_
8	.	.	punc	SYM	cat-punc|gen-n|num-s|pers-3|case-0|vib-|tam-|chunkId-with|chunkType-child|stype-|voicetype-	5	child	_	_

1	The	the	det	DT	cat-det|gen-m|num-s|pers-3|case-0|vib-|tam-|chunkId-NP|chunkType-head|stype-|voicetype-	4	k2	_	_
2	villagers	villager	n	NNS	cat-n|gen-m|num-p|pers-3|case-0|vib-|tam-|chunkId-The|chunkType-child|stype-|voicetype-	1	child	_	_
3	too	too	D	RB	cat-D|gen-m|num-s|pers-3|case-0|vib-|tam-|chunkId-The|chunkType-child|stype-|voicetype-	1	child	_	_
4	were	be	v	VBD	cat-v|gen-m|num-p|pers-3|case-0|vib-|tam-|chunkId-VG|chunkType-head|stype-|voicetype-	0	root	_	_
5	defeated	defeat	v	VBN	cat-v|gen-m|num-s|pers-3|case-0|vib-|tam-|chunkId-were|chunkType-child|stype-|voicetype-	4	child	_	_
6	by	by	p	IN	cat-p|gen-m|num-s|pers-3|case-0|vib-|tam-|chunkId-PP|chunkType-head|stype-|voicetype-	4	k1	_	_
7	Sabira	'	nnp	NNP	cat-|gen-|num-|pers-|case-|vib-|tam-|chunkId-by|chunkType-child|stype-|voicetype-	6	child	_	_
8	's	'	pos	POS	cat-|gen-|num-|pers-|case-|vib-|tam-|chunkId-by|chunkType-child|stype-|voicetype-	6	child	_	_
9	obstinacy	obstinacy	n	NN	cat-n|gen-m|num-s|pers-3|case-0|vib-|tam-|chunkId-by|chunkType-child|stype-|voicetype-	6	child	_	_
10	.	.	punc	SYM	cat-punc|gen-n|num-s|pers-3|case-0|vib-|tam-|chunkId-by|chunkType-child|stype-|voicetype-	6	child	_	_

1	Hence	hence	D	RB	cat-D|gen-m|num-s|pers-3|case-0|vib-|tam-|chunkId-ADVP|chunkType-head|stype-|voicetype-	9	sent-adv	_	_
2	,	comma	punc	SYM	cat-punc|gen-n|num-s|pers-3|case-0|vib-|tam-|chunkId-Hence|chunkType-child|stype-|voicetype-	1	child	_	_
3	this	this	det	DT	cat-det|gen-m|num-s|pers-3|case-0|vib-|tam-|chunkId-NP|chunkType-head|stype-|voicetype-	9	k7t	_	_
4	morning	morning	n	NN	cat-n|gen-m|num-s|pers-3|case-0|vib-|tam-|chunkId-this|chunkType-child|stype-|voicetype-	3	child	_	_
5	,	comma	punc	SYM	cat-punc|gen-n|num-s|pers-3|case-0|vib-|tam-|chunkId-this|chunkType-child|stype-|voicetype-	3	child	_	_
6	Qari	'	nnp	NNP	cat-|gen-|num-|pers-|case-|vib-|tam-|chunkId-NP2|chunkType-head|stype-|voicetype-	9	k1	_	_
7	Abdul	'	nnp	NNP	cat-|gen-|num-|pers-|case-|vib-|tam-|chunkId-Qari|chunkType-child|stype-|voicetype-	6	child	_	_
8	Rasheed	'	nnp	NNP	cat-|gen-|num-|pers-|case-|vib-|tam-|chunkId-Qari|chunkType-child|stype-|voicetype-	6	child	_	_
9	solemnized	solemnize	v	VBD	cat-v|gen-m|num-s|pers-3|case-0|vib-|tam-|chunkId-VG|chunkType-head|stype-|voicetype-	0	root	_	_
10	Sabira	'	nnp	NNP	cat-|gen-|num-|pers-|case-|vib-|tam-|chunkId-NP3|chunkType-head|stype-|voicetype-	9	k2	_	_
11	and	and	Conj	CC	cat-Conj|gen-m|num-s|pers-3|case-0|vib-|tam-|chunkId-Sabira|chunkType-child|stype-|voicetype-	10	child	_	_
12	Talib	'	nnp	NNP	cat-|gen-|num-|pers-|case-|vib-|tam-|chunkId-Sabira|chunkType-child|stype-|voicetype-	10	child	_	_
13	Hussain	'	nnp	NNP	cat-|gen-|num-|pers-|case-|vib-|tam-|chunkId-Sabira|chunkType-child|stype-|voicetype-	10	child	_	_
14	's	'	pos	POS	cat-|gen-|num-|pers-|case-|vib-|tam-|chunkId-Sabira|chunkType-child|stype-|voicetype-	10	child	_	_
15	marriage	marriage	n	NN	cat-n|gen-m|num-s|pers-3|case-0|vib-|tam-|chunkId-Sabira|chunkType-child|stype-|voicetype-	10	child	_	_
16	.	.	punc	SYM	cat-punc|gen-n|num-s|pers-3|case-0|vib-|tam-|chunkId-Sabira|chunkType-child|stype-|voicetype-	10	child	_	_

1	When	when	D	WRB	cat-D|gen-m|num-s|pers-3|case-0|vib-|tam-|chunkId-ADVP|chunkType-head|stype-|voicetype-	4	k7t	_	_
2	this	this	det	DT	cat-det|gen-m|num-s|pers-3|case-0|vib-|tam-|chunkId-NP|chunkType-head|stype-|voicetype-	4	k1	_	_
3	reporter	reporter	n	NN	cat-n|gen-m|num-s|pers-3|case-0|vib-|tam-|chunkId-this|chunkType-child|stype-|voicetype-	2	child	_	_
4	reached	reach	v	VBD	cat-v|gen-m|num-s|pers-3|case-0|vib-|tam-|chunkId-VG|chunkType-head|stype-|voicetype-	7	ccof	_	_
5	the	the	det	DT	cat-det|gen-m|num-s|pers-3|case-0|vib-|tam-|chunkId-NP2|chunkType-head|stype-|voicetype-	4	k7p	_	_
6	village	village	n	NN	cat-n|gen-m|num-s|pers-3|case-0|vib-|tam-|chunkId-the|chunkType-child|stype-|voicetype-	5	child	_	_
7	and	and	Conj	CC	cat-Conj|gen-m|num-s|pers-3|case-0|vib-|tam-|chunkId-CCP|chunkType-head|stype-|voicetype-	12	k7t	_	_
8	talked	talk	v	VBD	cat-v|gen-m|num-s|pers-3|case-0|vib-|tam-|chunkId-VG2|chunkType-head|stype-|voicetype-	7	ccof	_	_
9	with	with	p	IN	cat-p|gen-m|num-s|pers-3|case-0|vib-|tam-|chunkId-PP|chunkType-head|stype-|voicetype-	8	ras-k1	_	_
10	Sabira	'	nnp	NNP	cat-|gen-|num-|pers-|case-|vib-|tam-|chunkId-with|chunkType-child|stype-|voicetype-	9	child	_	_
11	she	she	P	PRP	cat-P|gen-f|num-s|pers-3|case-0|vib-|tam-|chunkId-NP4|chunkType-head|stype-|voicetype-	12	k1	_	_
12	said	say	v	VBD	cat-v|gen-m|num-s|pers-3|case-0|vib-|tam-|chunkId-VG3|chunkType-head|stype-|voicetype-	0	root	_	_
13	:	'	sym	SYM	cat-|gen-|num-|pers-|case-|vib-|tam-|chunkId-said|chunkType-child|stype-|voicetype-	12	child	_	_
14	I	I	P	PRP	cat-P|gen-m|num-s|pers-1|case-0|vib-|tam-|chunkId-NP5|chunkType-head|stype-|voicetype-	15	k1	_	_
15	had	have	v	VBD	cat-v|gen-m|num-s|pers-3|case-0|vib-|tam-|chunkId-VG4|chunkType-head|stype-|voicetype-	12	k2	_	_
16	pleaded	plead	v	VBN	cat-v|gen-m|num-p|pers-3|case-0|vib-|tam-|chunkId-had|chunkType-child|stype-|voicetype-	15	child	_	_
17	a	a	det	DT	cat-det|gen-m|num-s|pers-3|case-0|vib-|tam-|chunkId-NP6|chunkType-head|stype-|voicetype-	15	vmod	_	_
18	thousand	thousand	num	CD	cat-num|gen-m|num-s|pers-3|case-0|vib-|tam-|chunkId-a|chunkType-child|stype-|voicetype-	17	child	_	_
19	times	time	n	NNS	cat-n|gen-m|num-p|pers-3|case-0|vib-|tam-|chunkId-a|chunkType-child|stype-|voicetype-	17	child	_	_
20	.	.	punc	SYM	cat-punc|gen-n|num-s|pers-3|case-0|vib-|tam-|chunkId-a|chunkType-child|stype-|voicetype-	17	child	_	_

1	But	but	Conj	CC	cat-Conj|gen-m|num-s|pers-3|case-0|vib-|tam-|chunkId-CCP|chunkType-head|stype-|voicetype-	0	root	_	_
2	my	I	P	PRP$	cat-P|gen-m|num-s|pers-3|case-0|vib-|tam-|chunkId-NP|chunkType-head|stype-|voicetype-	4	k1	_	_
3	relatives	relative	n	NNS	cat-n|gen-m|num-p|pers-3|case-0|vib-|tam-|chunkId-my|chunkType-child|stype-|voicetype-	2	child	_	_
4	were	be	v	VBD	cat-v|gen-m|num-p|pers-3|case-0|vib-|tam-|chunkId-VG|chunkType-head|stype-|voicetype-	1	ccof	_	_
5	not	not	D	RB	cat-D|gen-m|num-s|pers-3|case-0|vib-|tam-|chunkId-were|chunkType-child|stype-|voicetype-	4	child	_	_
6	relenting	relent	v	VBG	cat-v|gen-m|num-s|pers-3|case-0|vib-|tam-|chunkId-were|chunkType-child|stype-|voicetype-	4	child	_	_
7	.	.	punc	SYM	cat-punc|gen-n|num-s|pers-3|case-0|vib-|tam-|chunkId-were|chunkType-child|stype-|voicetype-	4	child	_	_

1	Preparations	preparation	n	NNS	cat-n|gen-m|num-p|pers-3|case-0|vib-|tam-|chunkId-NP|chunkType-head|stype-|voicetype-	2	k2	_	_
2	were	be	v	VBD	cat-v|gen-m|num-p|pers-3|case-0|vib-|tam-|chunkId-VG|chunkType-head|stype-|voicetype-	0	root	_	_
3	being	be	v	VBG	cat-v|gen-m|num-s|pers-3|case-0|vib-|tam-|chunkId-were|chunkType-child|stype-|voicetype-	2	child	_	_
4	made	make	v	VBN	cat-v|gen-m|num-s|pers-3|case-0|vib-|tam-|chunkId-were|chunkType-child|stype-|voicetype-	2	child	_	_
5	to	to	p	TO	cat-p|gen-m|num-s|pers-3|case-0|vib-|tam-|chunkId-VG2|chunkType-head|stype-|voicetype-	2	rt	_	_
6	marry	marry	v	VB	cat-v|gen-m|num-s|pers-3|case-0|vib-|tam-|chunkId-to|chunkType-child|stype-|voicetype-	5	child	_	_
7	me	I	P	PRP	cat-P|gen-m|num-s|pers-1|case-0|vib-|tam-|chunkId-NP2|chunkType-head|stype-|voicetype-	5	k2	_	_
8	off	off	particle	RP	cat-particle|gen-m|num-s|pers-3|case-0|vib-|tam-|chunkId-PRT|chunkType-head|stype-|voicetype-	5	fragof	_	_
9	to	to	p	TO	cat-p|gen-m|num-s|pers-3|case-0|vib-|tam-|chunkId-PP|chunkType-head|stype-|voicetype-	5	ras-k2	_	_
10	someone	someone	P	NN	cat-P|gen-m|num-s|pers-3|case-0|vib-|tam-|chunkId-to2|chunkType-child|stype-|voicetype-	9	child	_	_
11	else	else	D	RB	cat-D|gen-m|num-s|pers-3|case-0|vib-|tam-|chunkId-to2|chunkType-child|stype-|voicetype-	9	child	_	_
12	.	.	punc	SYM	cat-punc|gen-n|num-s|pers-3|case-0|vib-|tam-|chunkId-to2|chunkType-child|stype-|voicetype-	9	child	_	_

1	I	I	P	PRP	cat-P|gen-m|num-s|pers-1|case-0|vib-|tam-|chunkId-NP|chunkType-head|stype-|voicetype-	2	k1	_	_
2	had	have	v	VBD	cat-v|gen-m|num-s|pers-3|case-0|vib-|tam-|chunkId-VG|chunkType-head|stype-|voicetype-	0	root	_	_
3	vowed	vow	v	VBD	cat-v|gen-m|num-s|pers-3|case-0|vib-|tam-|chunkId-had|chunkType-child|stype-|voicetype-	2	child	_	_
4	,	comma	punc	SYM	cat-punc|gen-n|num-s|pers-3|case-0|vib-|tam-|chunkId-had|chunkType-child|stype-|voicetype-	2	child	_	_
5	I	I	P	PRP	cat-P|gen-m|num-s|pers-1|case-0|vib-|tam-|chunkId-NP2|chunkType-head|stype-|voicetype-	6	k1	_	_
6	would	would	v	MD	cat-v|gen-m|num-s|pers-3|case-0|vib-|tam-|chunkId-VG2|chunkType-head|stype-|voicetype-	2	k2	_	_
7	never	never	D	RB	cat-D|gen-m|num-s|pers-3|case-0|vib-|tam-|chunkId-would|chunkType-child|stype-|voicetype-	6	child	_	_
8	marry	marry	v	VB	cat-v|gen-m|num-s|pers-3|case-0|vib-|tam-|chunkId-would|chunkType-child|stype-|voicetype-	6	child	_	_
9	someone	someone	P	NN	cat-P|gen-m|num-s|pers-3|case-0|vib-|tam-|chunkId-NP3|chunkType-head|stype-|voicetype-	6	k2	_	_
10	else	else	D	RB	cat-D|gen-m|num-s|pers-3|case-0|vib-|tam-|chunkId-someone|chunkType-child|stype-|voicetype-	9	child	_	_
11	.	.	punc	SYM	cat-punc|gen-n|num-s|pers-3|case-0|vib-|tam-|chunkId-someone|chunkType-child|stype-|voicetype-	9	child	_	_

1	Talib	'	nnp	NNP	cat-|gen-|num-|pers-|case-|vib-|tam-|chunkId-NP|chunkType-head|stype-|voicetype-	3	k1	_	_
2	Hussain	'	nnp	NNP	cat-|gen-|num-|pers-|case-|vib-|tam-|chunkId-Talib|chunkType-child|stype-|voicetype-	1	child	_	_
3	said	say	v	VBD	cat-v|gen-m|num-s|pers-3|case-0|vib-|tam-|chunkId-VG|chunkType-head|stype-|voicetype-	0	root	_	_
4	:	'	sym	SYM	cat-|gen-|num-|pers-|case-|vib-|tam-|chunkId-said|chunkType-child|stype-|voicetype-	3	child	_	_
5	Sabira	'	nnp	NNP	cat-|gen-|num-|pers-|case-|vib-|tam-|chunkId-NP2|chunkType-head|stype-|voicetype-	8	k1	_	_
6	and	and	Conj	CC	cat-Conj|gen-m|num-s|pers-3|case-0|vib-|tam-|chunkId-Sabira|chunkType-child|stype-|voicetype-	5	child	_	_
7	I	I	P	PRP	cat-P|gen-m|num-s|pers-1|case-0|vib-|tam-|chunkId-Sabira|chunkType-child|stype-|voicetype-	5	child	_	_
8	have	have	v	VBP	cat-v|gen-m|num-s|pers-3|case-0|vib-|tam-|chunkId-VG2|chunkType-head|stype-|voicetype-	3	k2	_	_
9	been	be	v	VBN	cat-v|gen-m|num-s|pers-3|case-0|vib-|tam-|chunkId-have|chunkType-child|stype-|voicetype-	8	child	_	_
10	in	in	p	IN	cat-p|gen-m|num-s|pers-3|case-0|vib-|tam-|chunkId-PP|chunkType-head|stype-|voicetype-	8	k7	_	_
11	love	love	n	NN	cat-n|gen-m|num-s|pers-3|case-0|vib-|tam-|chunkId-in|chunkType-child|stype-|voicetype-	10	child	_	_
12	for	for	p	IN	cat-p|gen-m|num-s|pers-3|case-0|vib-|tam-|chunkId-PP2|chunkType-head|stype-|voicetype-	8	k7t	_	_
13	even	even	D	RB	cat-D|gen-m|num-s|pers-3|case-0|vib-|tam-|chunkId-for|chunkType-child|stype-|voicetype-	12	child	_	_
14	longer	long	adj	JJR	cat-adj|gen-m|num-s|pers-3|case-0|vib-|tam-|chunkId-for|chunkType-child|stype-|voicetype-	12	child	_	_
15	than	than	p	IN	cat-p|gen-m|num-s|pers-3|case-0|vib-|tam-|chunkId-PP3|chunkType-head|stype-|voicetype-	12	k7tu	_	_
16	the	the	det	DT	cat-det|gen-m|num-s|pers-3|case-0|vib-|tam-|chunkId-than|chunkType-child|stype-|voicetype-	15	child	_	_
17	past	past	pdet	JJ	cat-pdet|gen-m|num-s|pers-3|case-0|vib-|tam-|chunkId-than|chunkType-child|stype-|voicetype-	15	child	_	_
18	six	six	num	CD	cat-num|gen-m|num-s|pers-3|case-0|vib-|tam-|chunkId-than|chunkType-child|stype-|voicetype-	15	child	_	_
19	months	month	n	NNS	cat-n|gen-m|num-p|pers-3|case-0|vib-|tam-|chunkId-than|chunkType-child|stype-|voicetype-	15	child	_	_
20	.	.	punc	SYM	cat-punc|gen-n|num-s|pers-3|case-0|vib-|tam-|chunkId-than|chunkType-child|stype-|voicetype-	15	child	_	_

1	I	I	P	PRP	cat-P|gen-m|num-s|pers-1|case-0|vib-|tam-|chunkId-NP|chunkType-head|stype-|voicetype-	2	k1	_	_
2	'd	'	vbd	VBD	cat-|gen-|num-|pers-|case-|vib-|tam-|chunkId-VG|chunkType-head|stype-|voicetype-	0	root	_	_
3	even	even	D	RB	cat-D|gen-m|num-s|pers-3|case-0|vib-|tam-|chunkId-d|chunkType-child|stype-|voicetype-	2	child	_	_
4	sent	send	v	VBN	cat-v|gen-m|num-s|pers-3|case-0|vib-|tam-|chunkId-d|chunkType-child|stype-|voicetype-	2	child	_	_
5	my	I	P	PRP$	cat-P|gen-m|num-s|pers-3|case-0|vib-|tam-|chunkId-NP2|chunkType-head|stype-|voicetype-	2	k2	_	_
6	relatives	relative	n	NNS	cat-n|gen-m|num-p|pers-3|case-0|vib-|tam-|chunkId-my|chunkType-child|stype-|voicetype-	5	child	_	_
7	to	to	p	TO	cat-p|gen-m|num-s|pers-3|case-0|vib-|tam-|chunkId-VG2|chunkType-head|stype-|voicetype-	2	rt	_	_
8	talk	talk	v	VB	cat-v|gen-m|num-s|pers-3|case-0|vib-|tam-|chunkId-to|chunkType-child|stype-|voicetype-	7	child	_	_
9	to	to	p	TO	cat-p|gen-m|num-s|pers-3|case-0|vib-|tam-|chunkId-PP|chunkType-head|stype-|voicetype-	7	ras-k2	_	_
10	her	she	P	PRP$	cat-P|gen-f|num-s|pers-3|case-0|vib-|tam-|chunkId-to2|chunkType-child|stype-|voicetype-	9	child	_	_
11	father	father	n	NN	cat-n|gen-m|num-s|pers-3|case-0|vib-|tam-|chunkId-to2|chunkType-child|stype-|voicetype-	9	child	_	_
12	.	.	punc	SYM	cat-punc|gen-n|num-s|pers-3|case-0|vib-|tam-|chunkId-to2|chunkType-child|stype-|voicetype-	9	child	_	_

1	But	but	Conj	CC	cat-Conj|gen-m|num-s|pers-3|case-0|vib-|tam-|chunkId-CCP|chunkType-head|stype-|voicetype-	0	root	_	_
2	he	he	P	PRP	cat-P|gen-m|num-s|pers-3|case-0|vib-|tam-|chunkId-NP|chunkType-head|stype-|voicetype-	3	k1	_	_
3	rejected	reject	v	VBD	cat-v|gen-m|num-s|pers-3|case-0|vib-|tam-|chunkId-VG|chunkType-head|stype-|voicetype-	1	ccof	_	_
4	the	the	det	DT	cat-det|gen-m|num-s|pers-3|case-0|vib-|tam-|chunkId-NP2|chunkType-head|stype-|voicetype-	3	k2	_	_
5	proposal	proposal	n	NN	cat-n|gen-m|num-s|pers-3|case-0|vib-|tam-|chunkId-the|chunkType-child|stype-|voicetype-	4	child	_	_
6	outright	outright	D	RB	cat-D|gen-m|num-s|pers-3|case-0|vib-|tam-|chunkId-ADVP|chunkType-head|stype-|voicetype-	3	adv	_	_
7	.	.	punc	SYM	cat-punc|gen-n|num-s|pers-3|case-0|vib-|tam-|chunkId-outright|chunkType-child|stype-|voicetype-	6	child	_	_

1	Overall	overall	D	RB	cat-D|gen-m|num-s|pers-3|case-0|vib-|tam-|chunkId-ADVP|chunkType-head|stype-|voicetype-	9	sent-adv	_	_
2	,	comma	punc	SYM	cat-punc|gen-n|num-s|pers-3|case-0|vib-|tam-|chunkId-Overall|chunkType-child|stype-|voicetype-	1	child	_	_
3	united	unite	v	VBN	cat-v|gen-m|num-s|pers-3|case-0|vib-|tam-|chunkId-VG|chunkType-head|stype-|voicetype-	9	vmod	_	_
4	with	with	p	IN	cat-p|gen-m|num-s|pers-3|case-0|vib-|tam-|chunkId-PP|chunkType-head|stype-|voicetype-	3	ras-k1	_	_
5	her	she	P	PRP$	cat-P|gen-f|num-s|pers-3|case-0|vib-|tam-|chunkId-with|chunkType-child|stype-|voicetype-	4	child	_	_
6	lover	lover	n	NN	cat-n|gen-m|num-s|pers-3|case-0|vib-|tam-|chunkId-with|chunkType-child|stype-|voicetype-	4	child	_	_
7	,	comma	punc	SYM	cat-punc|gen-n|num-s|pers-3|case-0|vib-|tam-|chunkId-with|chunkType-child|stype-|voicetype-	4	child	_	_
8	Sabira	'	nnp	NNP	cat-|gen-|num-|pers-|case-|vib-|tam-|chunkId-NP2|chunkType-head|stype-|voicetype-	9	k1	_	_
9	is	be	v	VBZ	cat-v|gen-m|num-s|pers-3|case-0|vib-|tam-|chunkId-VG2|chunkType-head|stype-|voicetype-	0	root	_	_
10	extremely	extremely	D	RB	cat-D|gen-m|num-s|pers-3|case-0|vib-|tam-|chunkId-ADJP|chunkType-head|stype-|voicetype-	9	k1s	_	_
11	happy	happy	adj	JJ	cat-adj|gen-m|num-s|pers-3|case-0|vib-|tam-|chunkId-extremely|chunkType-child|stype-|voicetype-	10	child	_	_
12	.	.	punc	SYM	cat-punc|gen-n|num-s|pers-3|case-0|vib-|tam-|chunkId-extremely|chunkType-child|stype-|voicetype-	10	child	_	_

1	Talib	'	nnp	NNP	cat-|gen-|num-|pers-|case-|vib-|tam-|chunkId-NP|chunkType-head|stype-|voicetype-	4	k1	_	_
2	's	'	pos	POS	cat-|gen-|num-|pers-|case-|vib-|tam-|chunkId-Talib|chunkType-child|stype-|voicetype-	1	child	_	_
3	relatives	relative	n	NNS	cat-n|gen-m|num-p|pers-3|case-0|vib-|tam-|chunkId-Talib|chunkType-child|stype-|voicetype-	1	child	_	_
4	have	have	v	VBP	cat-v|gen-m|num-s|pers-3|case-0|vib-|tam-|chunkId-VG|chunkType-head|stype-|voicetype-	0	root	_	_
5	started	start	v	VBN	cat-v|gen-m|num-s|pers-3|case-0|vib-|tam-|chunkId-have|chunkType-child|stype-|voicetype-	4	child	_	_
6	preparations	preparation	n	NNS	cat-n|gen-m|num-p|pers-3|case-0|vib-|tam-|chunkId-NP2|chunkType-head|stype-|voicetype-	4	k2	_	_
7	for	for	p	IN	cat-p|gen-m|num-s|pers-3|case-0|vib-|tam-|chunkId-PP|chunkType-head|stype-|voicetype-	4	rt	_	_
8	the	the	det	DT	cat-det|gen-m|num-s|pers-3|case-0|vib-|tam-|chunkId-for|chunkType-child|stype-|voicetype-	7	child	_	_
9	reception	reception	n	NN	cat-n|gen-m|num-s|pers-3|case-0|vib-|tam-|chunkId-for|chunkType-child|stype-|voicetype-	7	child	_	_
10	.	.	punc	SYM	cat-punc|gen-n|num-s|pers-3|case-0|vib-|tam-|chunkId-for|chunkType-child|stype-|voicetype-	7	child	_	_

1	Qari	'	nnp	NNP	cat-|gen-|num-|pers-|case-|vib-|tam-|chunkId-NP|chunkType-head|stype-|voicetype-	8	k1	_	_
2	Abdul	'	nnp	NNP	cat-|gen-|num-|pers-|case-|vib-|tam-|chunkId-Qari|chunkType-child|stype-|voicetype-	1	child	_	_
3	Rasheed	'	nnp	NNP	cat-|gen-|num-|pers-|case-|vib-|tam-|chunkId-Qari|chunkType-child|stype-|voicetype-	1	child	_	_
4	who	who	P	WP	cat-P|gen-m|num-s|pers-3|case-0|vib-|tam-|chunkId-NP2|chunkType-head|stype-|voicetype-	5	k1	_	_
5	solemnized	solemnize	v	VBD	cat-v|gen-m|num-s|pers-3|case-0|vib-|tam-|chunkId-VG|chunkType-head|stype-|voicetype-	1	nmod__relc	_	_
6	the	the	det	DT	cat-det|gen-m|num-s|pers-3|case-0|vib-|tam-|chunkId-NP3|chunkType-head|stype-|voicetype-	5	k2	_	_
7	marriage	marriage	n	NN	cat-n|gen-m|num-s|pers-3|case-0|vib-|tam-|chunkId-the|chunkType-child|stype-|voicetype-	6	child	_	_
8	said	say	v	VBD	cat-v|gen-m|num-s|pers-3|case-0|vib-|tam-|chunkId-VG2|chunkType-head|stype-|voicetype-	0	root	_	_
9	Sabira	'	nnp	NNP	cat-|gen-|num-|pers-|case-|vib-|tam-|chunkId-NP4|chunkType-head|stype-|voicetype-	10	k1	_	_
10	is	be	v	VBZ	cat-v|gen-m|num-s|pers-3|case-0|vib-|tam-|chunkId-VG3|chunkType-head|stype-|voicetype-	8	k2	_	_
11	an	an	det	DT	cat-det|gen-m|num-s|pers-3|case-0|vib-|tam-|chunkId-NP5|chunkType-head|stype-|voicetype-	10	k1s	_	_
12	adult	adult	n	NN	cat-n|gen-m|num-s|pers-3|case-0|vib-|tam-|chunkId-an|chunkType-child|stype-|voicetype-	11	child	_	_
13	.	.	punc	SYM	cat-punc|gen-n|num-s|pers-3|case-0|vib-|tam-|chunkId-an|chunkType-child|stype-|voicetype-	11	child	_	_

1	At	at	p	IN	cat-p|gen-m|num-s|pers-3|case-0|vib-|tam-|chunkId-PP|chunkType-head|stype-|voicetype-	5	k7t	_	_
2	first	first	num	JJ	cat-num|gen-m|num-s|pers-3|case-0|vib-|tam-|chunkId-At|chunkType-child|stype-|voicetype-	1	child	_	_
3	her	she	P	PRP$	cat-P|gen-f|num-s|pers-3|case-0|vib-|tam-|chunkId-NP2|chunkType-head|stype-|voicetype-	5	k1	_	_
4	relatives	relative	n	NNS	cat-n|gen-m|num-p|pers-3|case-0|vib-|tam-|chunkId-her|chunkType-child|stype-|voicetype-	3	child	_	_
5	were	be	v	VBD	cat-v|gen-m|num-p|pers-3|case-0|vib-|tam-|chunkId-VG|chunkType-head|stype-|voicetype-	11	ccof	_	_
6	not	not	D	RB	cat-D|gen-m|num-s|pers-3|case-0|vib-|tam-|chunkId-were|chunkType-child|stype-|voicetype-	5	child	_	_
7	agreeing	agree	v	VBG	cat-v|gen-m|num-s|pers-3|case-0|vib-|tam-|chunkId-were|chunkType-child|stype-|voicetype-	5	child	_	_
8	to	to	p	TO	cat-p|gen-m|num-s|pers-3|case-0|vib-|tam-|chunkId-PP2|chunkType-head|stype-|voicetype-	5	k2	_	_
9	it	it	P	PRP	cat-P|gen-m|num-s|pers-3|case-0|vib-|tam-|chunkId-to|chunkType-child|stype-|voicetype-	8	child	_	_
10	,	comma	punc	SYM	cat-punc|gen-n|num-s|pers-3|case-0|vib-|tam-|chunkId-to|chunkType-child|stype-|voicetype-	8	child	_	_
11	but	but	Conj	CC	cat-Conj|gen-m|num-s|pers-3|case-0|vib-|tam-|chunkId-CCP|chunkType-head|stype-|voicetype-	0	root	_	_
12	later	later	D	RB	cat-D|gen-m|num-s|pers-3|case-0|vib-|tam-|chunkId-ADVP|chunkType-head|stype-|voicetype-	14	k7t	_	_
13	they	he	P	PRP	cat-P|gen-m|num-p|pers-3|case-0|vib-|tam-|chunkId-NP4|chunkType-head|stype-|voicetype-	14	k1	_	_
14	did	do	v	VBD	cat-v|gen-m|num-s|pers-3|case-0|vib-|tam-|chunkId-VG2|chunkType-head|stype-|voicetype-	11	ccof	_	_
15	.	.	punc	SYM	cat-punc|gen-n|num-s|pers-3|case-0|vib-|tam-|chunkId-did|chunkType-child|stype-|voicetype-	14	child	_	_

1	Station	station	n	NNP	cat-n|gen-m|num-s|pers-3|case-0|vib-|tam-|chunkId-NP|chunkType-head|stype-|voicetype-	5	k1	_	_
2	incharge	incharge	n	NNP	cat-n|gen-m|num-s|pers-3|case-0|vib-|tam-|chunkId-Station|chunkType-child|stype-|voicetype-	1	child	_	_
3	Govind	'	nnp	NNP	cat-|gen-|num-|pers-|case-|vib-|tam-|chunkId-Station|chunkType-child|stype-|voicetype-	1	child	_	_
4	Singh	'	nnp	NNP	cat-|gen-|num-|pers-|case-|vib-|tam-|chunkId-Station|chunkType-child|stype-|voicetype-	1	child	_	_
5	has	have	v	VBZ	cat-v|gen-m|num-s|pers-3|case-0|vib-|tam-|chunkId-VG|chunkType-head|stype-|voicetype-	0	root	_	_
6	said	say	v	VBN	cat-v|gen-m|num-s|pers-3|case-0|vib-|tam-|chunkId-has|chunkType-child|stype-|voicetype-	5	child	_	_
7	that	that	Comp	IN	cat-Comp|gen-m|num-s|pers-3|case-0|vib-|tam-|chunkId-CCP|chunkType-head|stype-|voicetype-	5	k1	_	_
8	Talib	'	nnp	NNP	cat-|gen-|num-|pers-|case-|vib-|tam-|chunkId-NP2|chunkType-head|stype-|voicetype-	9	k1	_	_
9	has	have	v	VBZ	cat-v|gen-m|num-s|pers-3|case-0|vib-|tam-|chunkId-VG2|chunkType-head|stype-|voicetype-	7	ccof	_	_
10	a	a	det	DT	cat-det|gen-m|num-s|pers-3|case-0|vib-|tam-|chunkId-NP3|chunkType-head|stype-|voicetype-	9	k2	_	_
11	criminal	criminal	adj	JJ	cat-adj|gen-m|num-s|pers-3|case-0|vib-|tam-|chunkId-a|chunkType-child|stype-|voicetype-	10	child	_	_
12	record	record	n	NN	cat-n|gen-m|num-s|pers-3|case-0|vib-|tam-|chunkId-a|chunkType-child|stype-|voicetype-	10	child	_	_
13	.	.	punc	SYM	cat-punc|gen-n|num-s|pers-3|case-0|vib-|tam-|chunkId-a|chunkType-child|stype-|voicetype-	10	child	_	_

1	Due	due	p	IN	cat-p|gen-m|num-s|pers-3|case-0|vib-|tam-|chunkId-PP|chunkType-head|stype-|voicetype-	8	rh	_	_
2	to	to	p	TO	cat-p|gen-m|num-s|pers-3|case-0|vib-|tam-|chunkId-Due|chunkType-child|stype-|voicetype-	1	child	_	_
3	this	this	det	DT	cat-det|gen-m|num-s|pers-3|case-0|vib-|tam-|chunkId-Due|chunkType-child|stype-|voicetype-	1	child	_	_
4	,	comma	punc	SYM	cat-punc|gen-n|num-s|pers-3|case-0|vib-|tam-|chunkId-Due|chunkType-child|stype-|voicetype-	1	child	_	_
5	Sabira	'	nnp	NNP	cat-|gen-|num-|pers-|case-|vib-|tam-|chunkId-NP2|chunkType-head|stype-|voicetype-	8	k1	_	_
6	's	'	pos	POS	cat-|gen-|num-|pers-|case-|vib-|tam-|chunkId-Sabira|chunkType-child|stype-|voicetype-	5	child	_	_
7	relatives	relative	n	NNS	cat-n|gen-m|num-p|pers-3|case-0|vib-|tam-|chunkId-Sabira|chunkType-child|stype-|voicetype-	5	child	_	_
8	were	be	v	VBD	cat-v|gen-m|num-p|pers-3|case-0|vib-|tam-|chunkId-VG|chunkType-head|stype-|voicetype-	0	root	_	_
9	against	against	p	IN	cat-p|gen-m|num-s|pers-3|case-0|vib-|tam-|chunkId-PP2|chunkType-head|stype-|voicetype-	8	vmod	_	_
10	the	the	det	DT	cat-det|gen-m|num-s|pers-3|case-0|vib-|tam-|chunkId-against|chunkType-child|stype-|voicetype-	9	child	_	_
11	marriage	marriage	n	NN	cat-n|gen-m|num-s|pers-3|case-0|vib-|tam-|chunkId-against|chunkType-child|stype-|voicetype-	9	child	_	_
12	.	.	punc	SYM	cat-punc|gen-n|num-s|pers-3|case-0|vib-|tam-|chunkId-against|chunkType-child|stype-|voicetype-	9	child	_	_

1	But	but	Conj	CC	cat-Conj|gen-m|num-s|pers-3|case-0|vib-|tam-|chunkId-CCP|chunkType-head|stype-|voicetype-	0	root	_	_
2	they	he	P	PRP	cat-P|gen-m|num-p|pers-3|case-0|vib-|tam-|chunkId-NP|chunkType-head|stype-|voicetype-	1	k1	_	_
3	had	have	v	VBD	cat-v|gen-m|num-s|pers-3|case-0|vib-|tam-|chunkId-VG|chunkType-head|stype-|voicetype-	1	ccof	_	_
4	to	to	p	TO	cat-p|gen-m|num-s|pers-3|case-0|vib-|tam-|chunkId-had|chunkType-child|stype-|voicetype-	3	child	_	_
5	give	give	v	VB	cat-v|gen-m|num-s|pers-3|case-0|vib-|tam-|chunkId-had|chunkType-child|stype-|voicetype-	3	child	_	_
6	in	in	p	RP	cat-p|gen-m|num-s|pers-3|case-0|vib-|tam-|chunkId-had|chunkType-child|stype-|voicetype-	3	child	_	_
7	to	to	p	TO	cat-p|gen-m|num-s|pers-3|case-0|vib-|tam-|chunkId-PP|chunkType-head|stype-|voicetype-	1	k2	_	_
8	their	he	det	PRP$	cat-det|gen-m|num-p|pers-3|case-0|vib-|tam-|chunkId-to2|chunkType-child|stype-|voicetype-	7	child	_	_
9	daughter	daughter	n	NN	cat-n|gen-m|num-s|pers-3|case-0|vib-|tam-|chunkId-to2|chunkType-child|stype-|voicetype-	7	child	_	_
10	's	'	pos	POS	cat-|gen-|num-|pers-|case-|vib-|tam-|chunkId-to2|chunkType-child|stype-|voicetype-	7	child	_	_
11	stubbornness	stubbornness	n	NNS	cat-n|gen-m|num-s|pers-3|case-0|vib-|tam-|chunkId-to2|chunkType-child|stype-|voicetype-	7	child	_	_
12	.	.	punc	SYM	cat-punc|gen-n|num-s|pers-3|case-0|vib-|tam-|chunkId-to2|chunkType-child|stype-|voicetype-	7	child	_	_

1	He	he	P	PRP	cat-P|gen-m|num-s|pers-3|case-0|vib-|tam-|chunkId-NP|chunkType-head|stype-|voicetype-	2	k1	_	_
2	said	say	v	VBD	cat-v|gen-m|num-s|pers-3|case-0|vib-|tam-|chunkId-VG|chunkType-head|stype-|voicetype-	0	root	_	_
3	that	that	Comp	IN	cat-Comp|gen-m|num-s|pers-3|case-0|vib-|tam-|chunkId-CCP|chunkType-head|stype-|voicetype-	2	k2	_	_
4	we	I	P	PRP	cat-P|gen-m|num-p|pers-1|case-0|vib-|tam-|chunkId-NP2|chunkType-head|stype-|voicetype-	5	k1	_	_
5	had	have	v	VBD	cat-v|gen-m|num-s|pers-3|case-0|vib-|tam-|chunkId-NP3|chunkType-head|stype-|voicetype-	17	ccof	_	_
6	called	call	v	VBN	cat-v|gen-m|num-s|pers-3|case-0|vib-|tam-|chunkId-had|chunkType-child|stype-|voicetype-	5	child	_	_
7	in	in	particle	RP	cat-particle|gen-m|num-s|pers-3|case-0|vib-|tam-|chunkId-had|chunkType-child|stype-|voicetype-	5	child	_	_
8	the	the	det	DT	cat-det|gen-m|num-s|pers-3|case-0|vib-|tam-|chunkId-NP4|chunkType-head|stype-|voicetype-	5	k2	_	_
9	village	village	n	NN	cat-n|gen-m|num-s|pers-3|case-0|vib-|tam-|chunkId-the|chunkType-child|stype-|voicetype-	8	child	_	_
10	's	'	pos	POS	cat-|gen-|num-|pers-|case-|vib-|tam-|chunkId-the|chunkType-child|stype-|voicetype-	8	child	_	_
11	influential	influential	adj	JJ	cat-adj|gen-m|num-s|pers-3|case-0|vib-|tam-|chunkId-the|chunkType-child|stype-|voicetype-	8	child	_	_
12	people	people	n	NNS	cat-n|gen-m|num-p|pers-3|case-0|vib-|tam-|chunkId-the|chunkType-child|stype-|voicetype-	8	child	_	_
13	to	to	p	TO	cat-p|gen-m|num-s|pers-3|case-0|vib-|tam-|chunkId-NP5|chunkType-head|stype-|voicetype-	5	k7p	_	_
14	the	the	det	DT	cat-det|gen-m|num-s|pers-3|case-0|vib-|tam-|chunkId-to|chunkType-child|stype-|voicetype-	13	child	_	_
15	police	police	n	NNC	cat-n|gen-m|num-s|pers-3|case-0|vib-|tam-|chunkId-to|chunkType-child|stype-|voicetype-	13	child	_	_
16	station	station	n	NN	cat-n|gen-m|num-s|pers-3|case-0|vib-|tam-|chunkId-to|chunkType-child|stype-|voicetype-	13	child	_	_
17	and	and	Conj	CC	cat-Conj|gen-m|num-s|pers-3|case-0|vib-|tam-|chunkId-CCP2|chunkType-head|stype-|voicetype-	3	ccof	_	_
18	asked	ask	v	VBD	cat-v|gen-m|num-s|pers-3|case-0|vib-|tam-|chunkId-VG2|chunkType-head|stype-|voicetype-	17	ccof	_	_
19	them	them	P	PRP	cat-P|gen-m|num-p|pers-3|case-0|vib-|tam-|chunkId-NP6|chunkType-head|stype-|voicetype-	18	k4	_	_
20	to	to	p	TO	cat-p|gen-m|num-s|pers-3|case-0|vib-|tam-|chunkId-VG3|chunkType-head|stype-|voicetype-	18	k2	_	_
21	resolve	resolve	v	VB	cat-v|gen-m|num-s|pers-3|case-0|vib-|tam-|chunkId-to2|chunkType-child|stype-|voicetype-	20	child	_	_
22	the	the	det	DT	cat-det|gen-m|num-s|pers-3|case-0|vib-|tam-|chunkId-NP7|chunkType-head|stype-|voicetype-	20	k2	_	_
23	matter	matter	n	NN	cat-n|gen-m|num-s|pers-3|case-0|vib-|tam-|chunkId-the3|chunkType-child|stype-|voicetype-	22	child	_	_
24	through	through	p	IN	cat-p|gen-m|num-s|pers-3|case-0|vib-|tam-|chunkId-PP|chunkType-head|stype-|voicetype-	20	vmod	_	_
25	mutual	mutual	adj	JJ	cat-adj|gen-m|num-s|pers-3|case-0|vib-|tam-|chunkId-through|chunkType-child|stype-|voicetype-	24	child	_	_
26	understanding	understanding	n	NN	cat-n|gen-m|num-s|pers-3|case-0|vib-|tam-|chunkId-through|chunkType-child|stype-|voicetype-	24	child	_	_
27	.	.	punc	SYM	cat-punc|gen-n|num-s|pers-3|case-0|vib-|tam-|chunkId-through|chunkType-child|stype-|voicetype-	24	child	_	_

