1	The	the	det	DT	cat-det|gen-m|num-s|pers-3|case-0|vib-|tam-|chunkId-NP|chunkType-head|stype-|voicetype-	22	k1	_	_
2	net	net	n	NN	cat-n|gen-m|num-s|pers-3|case-0|vib-|tam-|chunkId-The|chunkType-child|stype-|voicetype-	1	child	_	_
3	around	around	p	IN	cat-p|gen-m|num-s|pers-3|case-0|vib-|tam-|chunkId-PP|chunkType-head|stype-|voicetype-	22	k7	_	_
4	underworld	underworld	n	NNP	cat-n|gen-m|num-s|pers-3|case-0|vib-|tam-|chunkId-around|chunkType-child|stype-|voicetype-	3	child	_	_
5	don	don	n	NNP	cat-n|gen-m|num-s|pers-3|case-0|vib-|tam-|chunkId-around|chunkType-child|stype-|voicetype-	3	child	_	_
6	Dawood	'	nnp	NNP	cat-|gen-|num-|pers-|case-|vib-|tam-|chunkId-around|chunkType-child|stype-|voicetype-	3	child	_	_
7	Ibrahim	'	nnp	NNP	cat-|gen-|num-|pers-|case-|vib-|tam-|chunkId-around|chunkType-child|stype-|voicetype-	3	child	_	_
8	,	comma	punc	SYM	cat-punc|gen-n|num-s|pers-3|case-0|vib-|tam-|chunkId-around|chunkType-child|stype-|voicetype-	3	child	_	_
9	India	'	nnp	NNP	cat-|gen-|num-|pers-|case-|vib-|tam-|chunkId-NP3|chunkType-head|stype-|voicetype-	3	nmod	_	_
10	's	'	pos	POS	cat-|gen-|num-|pers-|case-|vib-|tam-|chunkId-India|chunkType-child|stype-|voicetype-	9	child	_	_
11	most	most	adj	JJS	cat-adj|gen-m|num-s|pers-3|case-0|vib-|tam-|chunkId-India|chunkType-child|stype-|voicetype-	9	child	_	_
12	wanted	want	v	VBD	cat-v|gen-m|num-s|pers-3|case-0|vib-|tam-|chunkId-India|chunkType-child|stype-|voicetype-	9	child	_	_
13	criminal	criminal	adj	JJ	cat-adj|gen-m|num-s|pers-3|case-0|vib-|tam-|chunkId-India|chunkType-child|stype-|voicetype-	9	child	_	_
14	,	comma	punc	SYM	cat-punc|gen-n|num-s|pers-3|case-0|vib-|tam-|chunkId-India|chunkType-child|stype-|voicetype-	9	child	_	_
15	said	say	v	VBD	cat-v|gen-m|num-s|pers-3|case-0|vib-|tam-|chunkId-NP4|chunkType-head|stype-|voicetype-	9	nmod__relc	_	_
16	to	to	p	TO	cat-p|gen-m|num-s|pers-3|case-0|vib-|tam-|chunkId-said|chunkType-child|stype-|voicetype-	15	child	_	_
17	be	be	v	VB	cat-v|gen-m|num-s|pers-3|case-0|vib-|tam-|chunkId-said|chunkType-child|stype-|voicetype-	15	child	_	_
18	living	live	v	VBG	cat-v|gen-m|num-s|pers-3|case-0|vib-|tam-|chunkId-said|chunkType-child|stype-|voicetype-	15	child	_	_
19	in	in	p	IN	cat-p|gen-m|num-s|pers-3|case-0|vib-|tam-|chunkId-PP2|chunkType-head|stype-|voicetype-	15	k7p	_	_
20	Pakistan	'	nnp	NNP	cat-|gen-|num-|pers-|case-|vib-|tam-|chunkId-in|chunkType-child|stype-|voicetype-	19	child	_	_
21	,	comma	punc	SYM	cat-punc|gen-n|num-s|pers-3|case-0|vib-|tam-|chunkId-in|chunkType-child|stype-|voicetype-	19	child	_	_
22	is	be	v	VBZ	cat-v|gen-m|num-s|pers-3|case-0|vib-|tam-|chunkId-VG|chunkType-head|stype-|voicetype-	0	root	_	_
23	tightening	tighten	v	VBG	cat-v|gen-m|num-s|pers-3|case-0|vib-|tam-|chunkId-is|chunkType-child|stype-|voicetype-	22	child	_	_
24	at	at	p	IN	cat-p|gen-m|num-s|pers-3|case-0|vib-|tam-|chunkId-PP3|chunkType-head|stype-|voicetype-	22	k7	_	_
25	the	the	det	DT	cat-det|gen-m|num-s|pers-3|case-0|vib-|tam-|chunkId-at|chunkType-child|stype-|voicetype-	24	child	_	_
26	international	international	adj	JJ	cat-adj|gen-m|num-s|pers-3|case-0|vib-|tam-|chunkId-at|chunkType-child|stype-|voicetype-	24	child	_	_
27	level	level	n	NN	cat-n|gen-m|num-s|pers-3|case-0|vib-|tam-|chunkId-at|chunkType-child|stype-|voicetype-	24	child	_	_
28	.	.	punc	SYM	cat-punc|gen-n|num-s|pers-3|case-0|vib-|tam-|chunkId-at|chunkType-child|stype-|voicetype-	24	child	_	_

1	Interpol	'	nnp	NNP	cat-|gen-|num-|pers-|case-|vib-|tam-|chunkId-NP|chunkType-head|stype-|voicetype-	2	k1	_	_
2	has	have	v	VBZ	cat-v|gen-m|num-s|pers-3|case-0|vib-|tam-|chunkId-VG|chunkType-head|stype-|voicetype-	0	root	_	_
3	decided	decide	v	VBN	cat-v|gen-m|num-s|pers-3|case-0|vib-|tam-|chunkId-has|chunkType-child|stype-|voicetype-	2	child	_	_
4	to	to	p	TO	cat-p|gen-m|num-s|pers-3|case-0|vib-|tam-|chunkId-VG2|chunkType-head|stype-|voicetype-	2	k2	_	_
5	issue	issue	v	VB	cat-v|gen-m|num-s|pers-3|case-0|vib-|tam-|chunkId-to|chunkType-child|stype-|voicetype-	4	child	_	_
6	a	a	det	DT	cat-det|gen-m|num-s|pers-3|case-0|vib-|tam-|chunkId-NP2|chunkType-head|stype-|voicetype-	4	k2	_	_
7	'	'	sym	SYM	cat-|gen-|num-|pers-|case-|vib-|tam-|chunkId-a|chunkType-child|stype-|voicetype-	6	child	_	_
8	Special	special	n	NNP	cat-n|gen-m|num-s|pers-3|case-0|vib-|tam-|chunkId-a|chunkType-child|stype-|voicetype-	6	child	_	_
9	International	international	n	NNP	cat-n|gen-m|num-s|pers-3|case-0|vib-|tam-|chunkId-a|chunkType-child|stype-|voicetype-	6	child	_	_
10	Notice	notice	n	NN	cat-n|gen-m|num-s|pers-3|case-0|vib-|tam-|chunkId-a|chunkType-child|stype-|voicetype-	6	child	_	_
11	'	comma	punc	SYM	cat-punc|gen-n|num-s|pers-3|case-0|vib-|tam-|chunkId-a|chunkType-child|stype-|voicetype-	6	child	_	_
12	against	against	p	IN	cat-p|gen-m|num-s|pers-3|case-0|vib-|tam-|chunkId-PP|chunkType-head|stype-|voicetype-	2	vmod	_	_
13	him	he	P	PRP	cat-P|gen-m|num-s|pers-3|case-0|vib-|tam-|chunkId-against|chunkType-child|stype-|voicetype-	12	child	_	_
14	.	.	punc	SYM	cat-punc|gen-n|num-s|pers-3|case-0|vib-|tam-|chunkId-against|chunkType-child|stype-|voicetype-	12	child	_	_

1	This	this	det	DT	cat-det|gen-m|num-s|pers-3|case-0|vib-|tam-|chunkId-NP|chunkType-head|stype-|voicetype-	3	k1	_	_
2	notice	notice	n	NN	cat-n|gen-m|num-s|pers-3|case-0|vib-|tam-|chunkId-This|chunkType-child|stype-|voicetype-	1	child	_	_
3	is	be	v	VBZ	cat-v|gen-m|num-s|pers-3|case-0|vib-|tam-|chunkId-VG|chunkType-head|stype-|voicetype-	0	root	_	_
4	issued	issue	v	VBN	cat-v|gen-m|num-s|pers-3|case-0|vib-|tam-|chunkId-is|chunkType-child|stype-|voicetype-	3	child	_	_
5	against	against	p	IN	cat-p|gen-m|num-s|pers-3|case-0|vib-|tam-|chunkId-PP|chunkType-head|stype-|voicetype-	3	vmod	_	_
6	those	those	det	DT	cat-det|gen-m|num-s|pers-3|case-0|vib-|tam-|chunkId-against|chunkType-child|stype-|voicetype-	5	child	_	_
7	who	who	P	WP	cat-P|gen-m|num-s|pers-3|case-0|vib-|tam-|chunkId-NP3|chunkType-head|stype-|voicetype-	8	k2	_	_
8	are	be	v	VBP	cat-v|gen-m|num-p|pers-3|case-0|vib-|tam-|chunkId-VG2|chunkType-head|stype-|voicetype-	5	nmod__relc	_	_
9	listed	list	v	VBN	cat-v|gen-m|num-s|pers-3|case-0|vib-|tam-|chunkId-are|chunkType-child|stype-|voicetype-	8	child	_	_
10	by	by	p	IN	cat-p|gen-m|num-s|pers-3|case-0|vib-|tam-|chunkId-PP2|chunkType-head|stype-|voicetype-	8	k1	_	_
11	the	the	det	DT	cat-det|gen-m|num-s|pers-3|case-0|vib-|tam-|chunkId-by|chunkType-child|stype-|voicetype-	10	child	_	_
12	United	united	n	NNP	cat-n|gen-m|num-s|pers-3|case-0|vib-|tam-|chunkId-by|chunkType-child|stype-|voicetype-	10	child	_	_
13	Nations	nation	n	NNPS	cat-n|gen-m|num-p|pers-3|case-0|vib-|tam-|chunkId-by|chunkType-child|stype-|voicetype-	10	child	_	_
14	for	for	p	IN	cat-p|gen-m|num-s|pers-3|case-0|vib-|tam-|chunkId-VG3|chunkType-head|stype-|voicetype-	8	rh	_	_
15	having	have	v	VBG	cat-v|gen-m|num-s|pers-3|case-0|vib-|tam-|chunkId-for|chunkType-child|stype-|voicetype-	14	child	_	_
16	relations	relation	n	NNS	cat-n|gen-m|num-p|pers-3|case-0|vib-|tam-|chunkId-NP5|chunkType-head|stype-|voicetype-	14	k2	_	_
17	with	with	p	IN	cat-p|gen-m|num-s|pers-3|case-0|vib-|tam-|chunkId-PP3|chunkType-head|stype-|voicetype-	14	ras-k2	_	_
18	Al	'	nnp	NNP	cat-|gen-|num-|pers-|case-|vib-|tam-|chunkId-with|chunkType-child|stype-|voicetype-	17	child	_	_
19	and	and	Conj	CC	cat-Conj|gen-m|num-s|pers-3|case-0|vib-|tam-|chunkId-with|chunkType-child|stype-|voicetype-	17	child	_	_
20	Taliban	'	nnp	NNP	cat-|gen-|num-|pers-|case-|vib-|tam-|chunkId-with|chunkType-child|stype-|voicetype-	17	child	_	_
21	.	.	punc	SYM	cat-punc|gen-n|num-s|pers-3|case-0|vib-|tam-|chunkId-with|chunkType-child|stype-|voicetype-	17	child	_	_

1	Dawood	'	nnp	NNP	cat-|gen-|num-|pers-|case-|vib-|tam-|chunkId-NP|chunkType-head|stype-|voicetype-	2	k1	_	_
2	would	would	v	MD	cat-v|gen-m|num-s|pers-3|case-0|vib-|tam-|chunkId-VG|chunkType-head|stype-|voicetype-	0	root	_	_
3	be	be	v	VB	cat-v|gen-m|num-s|pers-3|case-0|vib-|tam-|chunkId-would|chunkType-child|stype-|voicetype-	2	child	_	_
4	banned	ban	v	VBN	cat-v|gen-m|num-s|pers-3|case-0|vib-|tam-|chunkId-would|chunkType-child|stype-|voicetype-	2	child	_	_
5	from	from	p	IN	cat-p|gen-m|num-s|pers-3|case-0|vib-|tam-|chunkId-NP2|chunkType-head|stype-|voicetype-	2	vmod	_	_
6	entering	enter	v	VBG	cat-v|gen-m|num-s|pers-3|case-0|vib-|tam-|chunkId-from|chunkType-child|stype-|voicetype-	5	child	_	_
7	184	'	cd	CD	cat-|gen-|num-|pers-|case-|vib-|tam-|chunkId-NP3|chunkType-head|stype-|voicetype-	5	k7p	_	_
8	countries	country	n	NNS	cat-n|gen-m|num-p|pers-3|case-0|vib-|tam-|chunkId-184|chunkType-child|stype-|voicetype-	7	child	_	_
9	after	after	p	IN	cat-p|gen-m|num-s|pers-3|case-0|vib-|tam-|chunkId-ADVP|chunkType-head|stype-|voicetype-	12	k7t	_	_
10	this	this	det	DT	cat-det|gen-m|num-s|pers-3|case-0|vib-|tam-|chunkId-NP4|chunkType-head|stype-|voicetype-	12	k2	_	_
11	notice	notice	n	NN	cat-n|gen-m|num-s|pers-3|case-0|vib-|tam-|chunkId-this|chunkType-child|stype-|voicetype-	10	child	_	_
12	is	be	v	VBZ	cat-v|gen-m|num-s|pers-3|case-0|vib-|tam-|chunkId-VG2|chunkType-head|stype-|voicetype-	2	k7t	_	_
13	issued	issue	v	VBN	cat-v|gen-m|num-s|pers-3|case-0|vib-|tam-|chunkId-is|chunkType-child|stype-|voicetype-	12	child	_	_
14	.	.	punc	SYM	cat-punc|gen-n|num-s|pers-3|case-0|vib-|tam-|chunkId-is|chunkType-child|stype-|voicetype-	12	child	_	_

1	All	all	pdet	PDT	cat-pdet|gen-m|num-s|pers-3|case-0|vib-|tam-|chunkId-NP|chunkType-head|stype-|voicetype-	4	k1	_	_
2	these	these	det	DT	cat-det|gen-m|num-p|pers-3|case-0|vib-|tam-|chunkId-All|chunkType-child|stype-|voicetype-	1	child	_	_
3	countries	country	n	NNS	cat-n|gen-m|num-p|pers-3|case-0|vib-|tam-|chunkId-All|chunkType-child|stype-|voicetype-	1	child	_	_
4	can	can	v	MD	cat-v|gen-m|num-s|pers-3|case-0|vib-|tam-|chunkId-VG|chunkType-head|stype-|voicetype-	0	root	_	_
5	now	now	D	RB	cat-D|gen-m|num-s|pers-3|case-0|vib-|tam-|chunkId-can|chunkType-child|stype-|voicetype-	4	child	_	_
6	seize	seize	v	VB	cat-v|gen-m|num-s|pers-3|case-0|vib-|tam-|chunkId-can|chunkType-child|stype-|voicetype-	4	child	_	_
7	his	he	P	PRP$	cat-P|gen-m|num-s|pers-3|case-0|vib-|tam-|chunkId-NP2|chunkType-head|stype-|voicetype-	4	k2	_	_
8	properties	property	n	NNS	cat-n|gen-m|num-p|pers-3|case-0|vib-|tam-|chunkId-his|chunkType-child|stype-|voicetype-	7	child	_	_
9	.	.	punc	SYM	cat-punc|gen-n|num-s|pers-3|case-0|vib-|tam-|chunkId-his|chunkType-child|stype-|voicetype-	7	child	_	_

1	A	a	det	DT	cat-det|gen-m|num-s|pers-3|case-0|vib-|tam-|chunkId-NP|chunkType-head|stype-|voicetype-	5	k1	_	_
2	red	red	adj	JJ	cat-adj|gen-m|num-s|pers-3|case-0|vib-|tam-|chunkId-A|chunkType-child|stype-|voicetype-	1	child	_	_
3	corner	corner	n	NN	cat-n|gen-m|num-s|pers-3|case-0|vib-|tam-|chunkId-A|chunkType-child|stype-|voicetype-	1	child	_	_
4	notice	notice	n	NN	cat-n|gen-m|num-s|pers-3|case-0|vib-|tam-|chunkId-A|chunkType-child|stype-|voicetype-	1	child	_	_
5	has	have	v	VBZ	cat-v|gen-m|num-s|pers-3|case-0|vib-|tam-|chunkId-VG|chunkType-head|stype-|voicetype-	0	root	_	_
6	already	already	D	RB	cat-D|gen-m|num-s|pers-3|case-0|vib-|tam-|chunkId-has|chunkType-child|stype-|voicetype-	5	child	_	_
7	been	be	v	VBN	cat-v|gen-m|num-s|pers-3|case-0|vib-|tam-|chunkId-has|chunkType-child|stype-|voicetype-	5	child	_	_
8	issued	issue	v	VBN	cat-v|gen-m|num-s|pers-3|case-0|vib-|tam-|chunkId-has|chunkType-child|stype-|voicetype-	5	child	_	_
9	against	against	p	IN	cat-p|gen-m|num-s|pers-3|case-0|vib-|tam-|chunkId-PP|chunkType-head|stype-|voicetype-	5	vmod	_	_
10	Dawood	'	nnp	NNP	cat-|gen-|num-|pers-|case-|vib-|tam-|chunkId-against|chunkType-child|stype-|voicetype-	9	child	_	_
11	.	.	punc	SYM	cat-punc|gen-n|num-s|pers-3|case-0|vib-|tam-|chunkId-against|chunkType-child|stype-|voicetype-	9	child	_	_

1	America	'	nnp	NNP	cat-|gen-|num-|pers-|case-|vib-|tam-|chunkId-NP|chunkType-head|stype-|voicetype-	3	k1	_	_
2	too	too	D	RB	cat-D|gen-m|num-s|pers-3|case-0|vib-|tam-|chunkId-America|chunkType-child|stype-|voicetype-	1	child	_	_
3	has	have	v	VBZ	cat-v|gen-m|num-s|pers-3|case-0|vib-|tam-|chunkId-VG|chunkType-head|stype-|voicetype-	0	root	_	_
4	included	include	v	VBN	cat-v|gen-m|num-s|pers-3|case-0|vib-|tam-|chunkId-has|chunkType-child|stype-|voicetype-	3	child	_	_
5	him	he	P	PRP	cat-P|gen-m|num-s|pers-3|case-0|vib-|tam-|chunkId-NP2|chunkType-head|stype-|voicetype-	3	k2	_	_
6	in	in	p	IN	cat-p|gen-m|num-s|pers-3|case-0|vib-|tam-|chunkId-PP|chunkType-head|stype-|voicetype-	3	k7	_	_
7	its	it	P	PRP$	cat-P|gen-m|num-s|pers-3|case-0|vib-|tam-|chunkId-in|chunkType-child|stype-|voicetype-	6	child	_	_
8	terrorist	terrorist	n	JJ	cat-n|gen-m|num-s|pers-3|case-0|vib-|tam-|chunkId-in|chunkType-child|stype-|voicetype-	6	child	_	_
9	list	list	n	NN	cat-n|gen-m|num-s|pers-3|case-0|vib-|tam-|chunkId-in|chunkType-child|stype-|voicetype-	6	child	_	_
10	.	.	punc	SYM	cat-punc|gen-n|num-s|pers-3|case-0|vib-|tam-|chunkId-in|chunkType-child|stype-|voicetype-	6	child	_	_

1	India	'	nnp	NNP	cat-|gen-|num-|pers-|case-|vib-|tam-|chunkId-NP|chunkType-head|stype-|voicetype-	3	k1	_	_
2	too	too	D	RB	cat-D|gen-m|num-s|pers-3|case-0|vib-|tam-|chunkId-India|chunkType-child|stype-|voicetype-	1	child	_	_
3	had	have	v	VBD	cat-v|gen-m|num-s|pers-3|case-0|vib-|tam-|chunkId-VG|chunkType-head|stype-|voicetype-	0	root	_	_
4	participated	participate	v	VBN	cat-v|gen-m|num-s|pers-3|case-0|vib-|tam-|chunkId-had|chunkType-child|stype-|voicetype-	3	child	_	_
5	in	in	p	IN	cat-p|gen-m|num-s|pers-3|case-0|vib-|tam-|chunkId-PP|chunkType-head|stype-|voicetype-	3	k7	_	_
6	this	this	det	DT	cat-det|gen-m|num-s|pers-3|case-0|vib-|tam-|chunkId-in|chunkType-child|stype-|voicetype-	5	child	_	_
7	meeting	meeting	n	NN	cat-n|gen-m|num-s|pers-3|case-0|vib-|tam-|chunkId-in|chunkType-child|stype-|voicetype-	5	child	_	_
8	.	.	punc	SYM	cat-punc|gen-n|num-s|pers-3|case-0|vib-|tam-|chunkId-in|chunkType-child|stype-|voicetype-	5	child	_	_

1	This	this	det	DT	cat-det|gen-m|num-s|pers-3|case-0|vib-|tam-|chunkId-NP|chunkType-head|stype-|voicetype-	3	k1	_	_
2	notice	notice	n	NN	cat-n|gen-m|num-s|pers-3|case-0|vib-|tam-|chunkId-This|chunkType-child|stype-|voicetype-	1	child	_	_
3	would	would	v	MD	cat-v|gen-m|num-s|pers-3|case-0|vib-|tam-|chunkId-VG|chunkType-head|stype-|voicetype-	0	root	_	_
4	be	be	v	VB	cat-v|gen-m|num-s|pers-3|case-0|vib-|tam-|chunkId-would|chunkType-child|stype-|voicetype-	3	child	_	_
5	sent	send	v	VBN	cat-v|gen-m|num-s|pers-3|case-0|vib-|tam-|chunkId-would|chunkType-child|stype-|voicetype-	3	child	_	_
6	to	to	p	TO	cat-p|gen-m|num-s|pers-3|case-0|vib-|tam-|chunkId-PP|chunkType-head|stype-|voicetype-	3	k4	_	_
7	all	all	det	DT	cat-det|gen-m|num-s|pers-3|case-0|vib-|tam-|chunkId-to|chunkType-child|stype-|voicetype-	6	child	_	_
8	the	the	det	DT	cat-det|gen-m|num-s|pers-3|case-0|vib-|tam-|chunkId-to|chunkType-child|stype-|voicetype-	6	child	_	_
9	184	'	cd	CD	cat-|gen-|num-|pers-|case-|vib-|tam-|chunkId-to|chunkType-child|stype-|voicetype-	6	child	_	_
10	member	member	n	NN	cat-n|gen-m|num-s|pers-3|case-0|vib-|tam-|chunkId-to|chunkType-child|stype-|voicetype-	6	child	_	_
11	countries	country	n	NNS	cat-n|gen-m|num-p|pers-3|case-0|vib-|tam-|chunkId-to|chunkType-child|stype-|voicetype-	6	child	_	_
12	.	.	punc	SYM	cat-punc|gen-n|num-s|pers-3|case-0|vib-|tam-|chunkId-to|chunkType-child|stype-|voicetype-	6	child	_	_

1	Pakistan	'	nnp	NNP	cat-|gen-|num-|pers-|case-|vib-|tam-|chunkId-NP|chunkType-head|stype-|voicetype-	4	k1	_	_
2	too	too	D	RB	cat-D|gen-m|num-s|pers-3|case-0|vib-|tam-|chunkId-Pakistan|chunkType-child|stype-|voicetype-	1	child	_	_
3	,	comma	punc	SYM	cat-punc|gen-n|num-s|pers-3|case-0|vib-|tam-|chunkId-Pakistan|chunkType-child|stype-|voicetype-	1	child	_	_
4	is	be	v	VBZ	cat-v|gen-m|num-s|pers-3|case-0|vib-|tam-|chunkId-VG|chunkType-head|stype-|voicetype-	0	root	_	_
5	among	amongst	p	IN	cat-p|gen-m|num-s|pers-3|case-0|vib-|tam-|chunkId-PP|chunkType-head|stype-|voicetype-	4	k7p	_	_
6	these	these	det	DT	cat-det|gen-m|num-p|pers-3|case-0|vib-|tam-|chunkId-among|chunkType-child|stype-|voicetype-	5	child	_	_
7	countries	country	n	NNS	cat-n|gen-m|num-p|pers-3|case-0|vib-|tam-|chunkId-among|chunkType-child|stype-|voicetype-	5	child	_	_
8	.	.	punc	SYM	cat-punc|gen-n|num-s|pers-3|case-0|vib-|tam-|chunkId-among|chunkType-child|stype-|voicetype-	5	child	_	_

1	Other	other	det	JJ	cat-det|gen-m|num-s|pers-3|case-0|vib-|tam-|chunkId-PP|chunkType-head|stype-|voicetype-	19	vmod	_	_
2	than	than	p	IN	cat-p|gen-m|num-s|pers-3|case-0|vib-|tam-|chunkId-Other|chunkType-child|stype-|voicetype-	1	child	_	_
3	this	this	det	DT	cat-det|gen-m|num-s|pers-3|case-0|vib-|tam-|chunkId-Other|chunkType-child|stype-|voicetype-	1	child	_	_
4	,	comma	punc	SYM	cat-punc|gen-n|num-s|pers-3|case-0|vib-|tam-|chunkId-Other|chunkType-child|stype-|voicetype-	1	child	_	_
5	Dawood	'	nnp	NNP	cat-|gen-|num-|pers-|case-|vib-|tam-|chunkId-NP|chunkType-head|stype-|voicetype-	19	k2	_	_
6	's	'	pos	POS	cat-|gen-|num-|pers-|case-|vib-|tam-|chunkId-Dawood|chunkType-child|stype-|voicetype-	5	child	_	_
7	movements	movement	n	NNS	cat-n|gen-m|num-p|pers-3|case-0|vib-|tam-|chunkId-Dawood|chunkType-child|stype-|voicetype-	5	child	_	_
8	between	between	p	IN	cat-p|gen-m|num-s|pers-3|case-0|vib-|tam-|chunkId-PP2|chunkType-head|stype-|voicetype-	19	k7	_	_
9	countries	country	n	NNS	cat-n|gen-m|num-p|pers-3|case-0|vib-|tam-|chunkId-between|chunkType-child|stype-|voicetype-	8	child	_	_
10	,	comma	punc	SYM	cat-punc|gen-n|num-s|pers-3|case-0|vib-|tam-|chunkId-between|chunkType-child|stype-|voicetype-	8	child	_	_
11	with	with	p	IN	cat-p|gen-m|num-s|pers-3|case-0|vib-|tam-|chunkId-PP3|chunkType-head|stype-|voicetype-	19	k3	_	_
12	the	the	det	DT	cat-det|gen-m|num-s|pers-3|case-0|vib-|tam-|chunkId-with|chunkType-child|stype-|voicetype-	11	child	_	_
13	use	use	n	NN	cat-n|gen-m|num-s|pers-3|case-0|vib-|tam-|chunkId-with|chunkType-child|stype-|voicetype-	11	child	_	_
14	of	of	p	IN	cat-p|gen-m|num-s|pers-3|case-0|vib-|tam-|chunkId-PP4|chunkType-head|stype-|voicetype-	11	r6	_	_
15	fake	fake	adj	JJ	cat-adj|gen-m|num-s|pers-3|case-0|vib-|tam-|chunkId-of|chunkType-child|stype-|voicetype-	14	child	_	_
16	passports	passport	n	NNS	cat-n|gen-m|num-p|pers-3|case-0|vib-|tam-|chunkId-of|chunkType-child|stype-|voicetype-	14	child	_	_
17	and	and	Conj	CC	cat-Conj|gen-m|num-s|pers-3|case-0|vib-|tam-|chunkId-of|chunkType-child|stype-|voicetype-	14	child	_	_
18	documents	document	n	NNS	cat-n|gen-m|num-p|pers-3|case-0|vib-|tam-|chunkId-of|chunkType-child|stype-|voicetype-	14	child	_	_
19	would	would	v	MD	cat-v|gen-m|num-s|pers-3|case-0|vib-|tam-|chunkId-VG|chunkType-head|stype-|voicetype-	0	root	_	_
20	also	also	D	RB	cat-D|gen-m|num-s|pers-3|case-0|vib-|tam-|chunkId-would|chunkType-child|stype-|voicetype-	19	child	_	_
21	be	be	v	VB	cat-v|gen-m|num-s|pers-3|case-0|vib-|tam-|chunkId-would|chunkType-child|stype-|voicetype-	19	child	_	_
22	curbed	curb	v	VBN	cat-v|gen-m|num-s|pers-3|case-0|vib-|tam-|chunkId-would|chunkType-child|stype-|voicetype-	19	child	_	_
23	.	.	punc	SYM	cat-punc|gen-n|num-s|pers-3|case-0|vib-|tam-|chunkId-would|chunkType-child|stype-|voicetype-	19	child	_	_

1	Based	base	v	VBN	cat-v|gen-m|num-s|pers-3|case-0|vib-|tam-|chunkId-PP|chunkType-head|stype-|voicetype-	12	k7	_	_
2	on	on	p	IN	cat-p|gen-m|num-s|pers-3|case-0|vib-|tam-|chunkId-PP2|chunkType-head|stype-|voicetype-	1	k7	_	_
3	United	united	n	NNP	cat-n|gen-m|num-s|pers-3|case-0|vib-|tam-|chunkId-on|chunkType-child|stype-|voicetype-	2	child	_	_
4	Nation	nation	n	NNP	cat-n|gen-m|num-s|pers-3|case-0|vib-|tam-|chunkId-on|chunkType-child|stype-|voicetype-	2	child	_	_
5	's	'	pos	POS	cat-|gen-|num-|pers-|case-|vib-|tam-|chunkId-on|chunkType-child|stype-|voicetype-	2	child	_	_
6	proposal	proposal	n	NN	cat-n|gen-m|num-s|pers-3|case-0|vib-|tam-|chunkId-on|chunkType-child|stype-|voicetype-	2	child	_	_
7	1267	'	cd	CD	cat-|gen-|num-|pers-|case-|vib-|tam-|chunkId-on|chunkType-child|stype-|voicetype-	2	child	_	_
8	,	comma	punc	SYM	cat-punc|gen-n|num-s|pers-3|case-0|vib-|tam-|chunkId-on|chunkType-child|stype-|voicetype-	2	child	_	_
9	Dawood	'	nnp	NNP	cat-|gen-|num-|pers-|case-|vib-|tam-|chunkId-NP2|chunkType-head|stype-|voicetype-	12	k2	_	_
10	's	'	pos	POS	cat-|gen-|num-|pers-|case-|vib-|tam-|chunkId-Dawood|chunkType-child|stype-|voicetype-	9	child	_	_
11	name	name	n	NN	cat-n|gen-m|num-s|pers-3|case-0|vib-|tam-|chunkId-Dawood|chunkType-child|stype-|voicetype-	9	child	_	_
12	has	have	v	VBZ	cat-v|gen-m|num-s|pers-3|case-0|vib-|tam-|chunkId-VG|chunkType-head|stype-|voicetype-	0	root	_	_
13	been	be	v	VBN	cat-v|gen-m|num-s|pers-3|case-0|vib-|tam-|chunkId-has|chunkType-child|stype-|voicetype-	12	child	_	_
14	included	include	v	VBN	cat-v|gen-m|num-s|pers-3|case-0|vib-|tam-|chunkId-has|chunkType-child|stype-|voicetype-	12	child	_	_
15	in	in	p	IN	cat-p|gen-m|num-s|pers-3|case-0|vib-|tam-|chunkId-PP3|chunkType-head|stype-|voicetype-	12	k7	_	_
16	the	the	det	DT	cat-det|gen-m|num-s|pers-3|case-0|vib-|tam-|chunkId-in|chunkType-child|stype-|voicetype-	15	child	_	_
17	list	list	n	NN	cat-n|gen-m|num-s|pers-3|case-0|vib-|tam-|chunkId-in|chunkType-child|stype-|voicetype-	15	child	_	_
18	of	of	p	IN	cat-p|gen-m|num-s|pers-3|case-0|vib-|tam-|chunkId-PP4|chunkType-head|stype-|voicetype-	15	r6	_	_
19	terrorists	terrorist	n	NNS	cat-n|gen-m|num-p|pers-3|case-0|vib-|tam-|chunkId-of|chunkType-child|stype-|voicetype-	18	child	_	_
20	.	.	punc	SYM	cat-punc|gen-n|num-s|pers-3|case-0|vib-|tam-|chunkId-of|chunkType-child|stype-|voicetype-	18	child	_	_

1	India	'	nnp	NNP	cat-|gen-|num-|pers-|case-|vib-|tam-|chunkId-NP|chunkType-head|stype-|voicetype-	2	k1	_	_
2	belives	'	vbz	VBZ	cat-|gen-|num-|pers-|case-|vib-|tam-|chunkId-VG|chunkType-head|stype-|voicetype-	0	root	_	_
3	that	that	Comp	IN	cat-Comp|gen-m|num-s|pers-3|case-0|vib-|tam-|chunkId-CCP|chunkType-head|stype-|voicetype-	2	k2	_	_
4	Dawood	'	nnp	NNP	cat-|gen-|num-|pers-|case-|vib-|tam-|chunkId-NP2|chunkType-head|stype-|voicetype-	5	k1	_	_
5	is	be	v	VBZ	cat-v|gen-m|num-s|pers-3|case-0|vib-|tam-|chunkId-VG2|chunkType-head|stype-|voicetype-	14	ccof	_	_
6	living	live	v	VBG	cat-v|gen-m|num-s|pers-3|case-0|vib-|tam-|chunkId-is|chunkType-child|stype-|voicetype-	5	child	_	_
7	in	in	p	IN	cat-p|gen-m|num-s|pers-3|case-0|vib-|tam-|chunkId-PP|chunkType-head|stype-|voicetype-	5	k7p	_	_
8	the	the	det	DT	cat-det|gen-m|num-s|pers-3|case-0|vib-|tam-|chunkId-in|chunkType-child|stype-|voicetype-	7	child	_	_
9	Pakistani	'	jj	JJ	cat-|gen-|num-|pers-|case-|vib-|tam-|chunkId-in|chunkType-child|stype-|voicetype-	7	child	_	_
10	city	city	n	NN	cat-n|gen-m|num-s|pers-3|case-0|vib-|tam-|chunkId-in|chunkType-child|stype-|voicetype-	7	child	_	_
11	of	of	p	IN	cat-p|gen-m|num-s|pers-3|case-0|vib-|tam-|chunkId-PP2|chunkType-head|stype-|voicetype-	7	r6	_	_
12	Karachi	'	nnp	NNP	cat-|gen-|num-|pers-|case-|vib-|tam-|chunkId-of|chunkType-child|stype-|voicetype-	11	child	_	_
13	,	comma	punc	SYM	cat-punc|gen-n|num-s|pers-3|case-0|vib-|tam-|chunkId-of|chunkType-child|stype-|voicetype-	11	child	_	_
14	and	and	Conj	CC	cat-Conj|gen-m|num-s|pers-3|case-0|vib-|tam-|chunkId-CCP2|chunkType-head|stype-|voicetype-	3	ccof	_	_
15	is	be	v	VBZ	cat-v|gen-m|num-s|pers-3|case-0|vib-|tam-|chunkId-VG3|chunkType-head|stype-|voicetype-	14	ccof	_	_
16	engaged	engage	v	VBN	cat-v|gen-m|num-s|pers-3|case-0|vib-|tam-|chunkId-is2|chunkType-child|stype-|voicetype-	15	child	_	_
17	in	in	p	IN	cat-p|gen-m|num-s|pers-3|case-0|vib-|tam-|chunkId-PP3|chunkType-head|stype-|voicetype-	15	k7	_	_
18	his	he	P	PRP$	cat-P|gen-m|num-s|pers-3|case-0|vib-|tam-|chunkId-in2|chunkType-child|stype-|voicetype-	17	child	_	_
19	terrorist	terrorist	n	JJ	cat-n|gen-m|num-s|pers-3|case-0|vib-|tam-|chunkId-in2|chunkType-child|stype-|voicetype-	17	child	_	_
20	activities	activity	n	NNS	cat-n|gen-m|num-p|pers-3|case-0|vib-|tam-|chunkId-in2|chunkType-child|stype-|voicetype-	17	child	_	_
21	from	from	p	IN	cat-p|gen-m|num-s|pers-3|case-0|vib-|tam-|chunkId-PP4|chunkType-head|stype-|voicetype-	15	k7p	_	_
22	there	there	D	RB	cat-D|gen-m|num-s|pers-3|case-0|vib-|tam-|chunkId-from|chunkType-child|stype-|voicetype-	21	child	_	_
23	.	.	punc	SYM	cat-punc|gen-n|num-s|pers-3|case-0|vib-|tam-|chunkId-from|chunkType-child|stype-|voicetype-	21	child	_	_

1	He	he	P	PRP	cat-P|gen-m|num-s|pers-3|case-0|vib-|tam-|chunkId-NP|chunkType-head|stype-|voicetype-	2	k1	_	_
2	also	also	D	RB	cat-D|gen-m|num-s|pers-3|case-0|vib-|tam-|chunkId-NP2|chunkType-head|stype-|voicetype-	0	root	_	_
3	keeps	keep	v	VBZ	cat-v|gen-m|num-s|pers-3|case-0|vib-|tam-|chunkId-also|chunkType-child|stype-|voicetype-	2	child	_	_
4	commuting	commute	v	VBG	cat-v|gen-m|num-s|pers-3|case-0|vib-|tam-|chunkId-also|chunkType-child|stype-|voicetype-	2	child	_	_
5	to	to	p	TO	cat-p|gen-m|num-s|pers-3|case-0|vib-|tam-|chunkId-PP|chunkType-head|stype-|voicetype-	2	k7p	_	_
6	Dubai	'	nnp	NNP	cat-|gen-|num-|pers-|case-|vib-|tam-|chunkId-to|chunkType-child|stype-|voicetype-	5	child	_	_
7	.	.	punc	SYM	cat-punc|gen-n|num-s|pers-3|case-0|vib-|tam-|chunkId-to|chunkType-child|stype-|voicetype-	5	child	_	_

1	America	'	nnp	NNP	cat-|gen-|num-|pers-|case-|vib-|tam-|chunkId-NP|chunkType-head|stype-|voicetype-	2	k1	_	_
2	had	have	v	VBD	cat-v|gen-m|num-s|pers-3|case-0|vib-|tam-|chunkId-VG|chunkType-head|stype-|voicetype-	0	root	_	_
3	termed	term	v	VBN	cat-v|gen-m|num-s|pers-3|case-0|vib-|tam-|chunkId-had|chunkType-child|stype-|voicetype-	2	child	_	_
4	Dawood	'	nnp	NNP	cat-|gen-|num-|pers-|case-|vib-|tam-|chunkId-VG2|chunkType-head|stype-|voicetype-	2	k2	_	_
5	as	as	p	IN	cat-p|gen-m|num-s|pers-3|case-0|vib-|tam-|chunkId-PP|chunkType-head|stype-|voicetype-	2	k2s	_	_
6	an	an	det	DT	cat-det|gen-m|num-s|pers-3|case-0|vib-|tam-|chunkId-as|chunkType-child|stype-|voicetype-	5	child	_	_
7	international	international	adj	JJ	cat-adj|gen-m|num-s|pers-3|case-0|vib-|tam-|chunkId-as|chunkType-child|stype-|voicetype-	5	child	_	_
8	terrorist	terrorist	n	NN	cat-n|gen-m|num-s|pers-3|case-0|vib-|tam-|chunkId-as|chunkType-child|stype-|voicetype-	5	child	_	_
9	in	in	p	IN	cat-p|gen-m|num-s|pers-3|case-0|vib-|tam-|chunkId-PP2|chunkType-head|stype-|voicetype-	2	k7t	_	_
10	2003	'	cd	CD	cat-|gen-|num-|pers-|case-|vib-|tam-|chunkId-in|chunkType-child|stype-|voicetype-	9	child	_	_
11	.	.	punc	SYM	cat-punc|gen-n|num-s|pers-3|case-0|vib-|tam-|chunkId-in|chunkType-child|stype-|voicetype-	9	child	_	_

1	After	after	p	IN	cat-p|gen-m|num-s|pers-3|case-0|vib-|tam-|chunkId-PP|chunkType-head|stype-|voicetype-	4	k7t	_	_
2	this	this	det	DT	cat-det|gen-m|num-s|pers-3|case-0|vib-|tam-|chunkId-After|chunkType-child|stype-|voicetype-	1	child	_	_
3	America	'	nnp	NNP	cat-|gen-|num-|pers-|case-|vib-|tam-|chunkId-NP2|chunkType-head|stype-|voicetype-	4	k1	_	_
4	had	have	v	VBD	cat-v|gen-m|num-s|pers-3|case-0|vib-|tam-|chunkId-VG|chunkType-head|stype-|voicetype-	0	root	_	_
5	knocked	knock	v	VBN	cat-v|gen-m|num-s|pers-3|case-0|vib-|tam-|chunkId-had|chunkType-child|stype-|voicetype-	4	child	_	_
6	at	at	p	IN	cat-p|gen-m|num-s|pers-3|case-0|vib-|tam-|chunkId-PP2|chunkType-head|stype-|voicetype-	4	k2	_	_
7	the	the	det	DT	cat-det|gen-m|num-s|pers-3|case-0|vib-|tam-|chunkId-at|chunkType-child|stype-|voicetype-	6	child	_	_
8	United	united	n	NNP	cat-n|gen-m|num-s|pers-3|case-0|vib-|tam-|chunkId-at|chunkType-child|stype-|voicetype-	6	child	_	_
9	Nation	nation	n	NNP	cat-n|gen-m|num-s|pers-3|case-0|vib-|tam-|chunkId-at|chunkType-child|stype-|voicetype-	6	child	_	_
10	's	'	pos	POS	cat-|gen-|num-|pers-|case-|vib-|tam-|chunkId-at|chunkType-child|stype-|voicetype-	6	child	_	_
11	doors	door	n	NNS	cat-n|gen-m|num-p|pers-3|case-0|vib-|tam-|chunkId-at|chunkType-child|stype-|voicetype-	6	child	_	_
12	to	to	p	TO	cat-p|gen-m|num-s|pers-3|case-0|vib-|tam-|chunkId-VG2|chunkType-head|stype-|voicetype-	4	rt	_	_
13	seize	seize	v	VB	cat-v|gen-m|num-s|pers-3|case-0|vib-|tam-|chunkId-to|chunkType-child|stype-|voicetype-	12	child	_	_
14	his	he	P	PRP$	cat-P|gen-m|num-s|pers-3|case-0|vib-|tam-|chunkId-NP4|chunkType-head|stype-|voicetype-	12	k2	_	_
15	properties	property	n	NNS	cat-n|gen-m|num-p|pers-3|case-0|vib-|tam-|chunkId-his|chunkType-child|stype-|voicetype-	14	child	_	_
16	.	.	punc	SYM	cat-punc|gen-n|num-s|pers-3|case-0|vib-|tam-|chunkId-his|chunkType-child|stype-|voicetype-	14	child	_	_

1	Pakistan	'	nnp	NNP	cat-|gen-|num-|pers-|case-|vib-|tam-|chunkId-NP|chunkType-head|stype-|voicetype-	4	k1	_	_
2	's	'	pos	POS	cat-|gen-|num-|pers-|case-|vib-|tam-|chunkId-Pakistan|chunkType-child|stype-|voicetype-	1	child	_	_
3	troubles	trouble	n	NNS	cat-n|gen-m|num-p|pers-3|case-0|vib-|tam-|chunkId-Pakistan|chunkType-child|stype-|voicetype-	1	child	_	_
4	can	can	v	MD	cat-v|gen-m|num-s|pers-3|case-0|vib-|tam-|chunkId-VG|chunkType-head|stype-|voicetype-	0	root	_	_
5	increase	increase	v	VB	cat-v|gen-m|num-s|pers-3|case-0|vib-|tam-|chunkId-can|chunkType-child|stype-|voicetype-	4	child	_	_
6	once	once	Conj	CC	cat-Conj|gen-m|num-s|pers-3|case-0|vib-|tam-|chunkId-CCP|chunkType-head|stype-|voicetype-	4	k7t	_	_
7	Interpol	'	nnp	NNP	cat-|gen-|num-|pers-|case-|vib-|tam-|chunkId-NP2|chunkType-head|stype-|voicetype-	12	k2	_	_
8	's	'	pos	POS	cat-|gen-|num-|pers-|case-|vib-|tam-|chunkId-Interpol|chunkType-child|stype-|voicetype-	7	child	_	_
9	notice	notice	n	NN	cat-n|gen-m|num-s|pers-3|case-0|vib-|tam-|chunkId-Interpol|chunkType-child|stype-|voicetype-	7	child	_	_
10	against	against	p	IN	cat-p|gen-m|num-s|pers-3|case-0|vib-|tam-|chunkId-PP|chunkType-head|stype-|voicetype-	7	nmod	_	_
11	Dawood	'	nnp	NNP	cat-|gen-|num-|pers-|case-|vib-|tam-|chunkId-against|chunkType-child|stype-|voicetype-	10	child	_	_
12	is	be	v	VBZ	cat-v|gen-m|num-s|pers-3|case-0|vib-|tam-|chunkId-VG2|chunkType-head|stype-|voicetype-	6	ccof	_	_
13	issued	issue	v	VBN	cat-v|gen-m|num-s|pers-3|case-0|vib-|tam-|chunkId-is|chunkType-child|stype-|voicetype-	12	child	_	_
14	.	.	punc	SYM	cat-punc|gen-n|num-s|pers-3|case-0|vib-|tam-|chunkId-is|chunkType-child|stype-|voicetype-	12	child	_	_

