1	Condoleezza	'	nnp	NNP	cat-|gen-|num-|pers-|case-|vib-|tam-|chunkId-NP|chunkType-head|stype-|voicetype-	3	k2	_	_
2	Rice	rice	n	NNP	cat-n|gen-m|num-s|pers-3|case-0|vib-|tam-|chunkId-Condoleezza|chunkType-child|stype-|voicetype-	1	child	_	_
3	was	be	v	VBD	cat-v|gen-m|num-s|pers-1|case-0|vib-|tam-|chunkId-VG|chunkType-head|stype-|voicetype-	0	root	_	_
4	sworn	swear	v	VBN	cat-v|gen-m|num-s|pers-3|case-0|vib-|tam-|chunkId-was|chunkType-child|stype-|voicetype-	3	child	_	_
5	in	in	particle	RP	cat-particle|gen-m|num-s|pers-3|case-0|vib-|tam-|chunkId-PRT|chunkType-head|stype-|voicetype-	3	pof	_	_
6	as	as	p	IN	cat-p|gen-m|num-s|pers-3|case-0|vib-|tam-|chunkId-PP|chunkType-head|stype-|voicetype-	3	k2s	_	_
7	the	the	det	DT	cat-det|gen-m|num-s|pers-3|case-0|vib-|tam-|chunkId-as|chunkType-child|stype-|voicetype-	6	child	_	_
8	American	'	nnp	NNP	cat-|gen-|num-|pers-|case-|vib-|tam-|chunkId-as|chunkType-child|stype-|voicetype-	6	child	_	_
9	Foreign	foreign	n	NNP	cat-n|gen-m|num-s|pers-3|case-0|vib-|tam-|chunkId-as|chunkType-child|stype-|voicetype-	6	child	_	_
10	Minister	minister	n	NNP	cat-n|gen-m|num-s|pers-3|case-0|vib-|tam-|chunkId-as|chunkType-child|stype-|voicetype-	6	child	_	_
11	today	today	n	NN	cat-n|gen-m|num-s|pers-3|case-0|vib-|tam-|chunkId-NP3|chunkType-head|stype-|voicetype-	3	k7t	_	_
12	.	.	punc	SYM	cat-punc|gen-n|num-s|pers-3|case-0|vib-|tam-|chunkId-today|chunkType-child|stype-|voicetype-	11	child	_	_

1	Rice	rice	n	NNP	cat-n|gen-m|num-s|pers-3|case-0|vib-|tam-|chunkId-NP|chunkType-head|stype-|voicetype-	2	k1	_	_
2	has	have	v	VBZ	cat-v|gen-m|num-s|pers-3|case-0|vib-|tam-|chunkId-VG|chunkType-head|stype-|voicetype-	0	root	_	_
3	replaced	replace	v	VBN	cat-v|gen-m|num-p|pers-3|case-0|vib-|tam-|chunkId-has|chunkType-child|stype-|voicetype-	2	child	_	_
4	Colin	'	nnp	NNP	cat-|gen-|num-|pers-|case-|vib-|tam-|chunkId-NP2|chunkType-head|stype-|voicetype-	2	k2	_	_
5	Powell	'	nnp	NNP	cat-|gen-|num-|pers-|case-|vib-|tam-|chunkId-Colin|chunkType-child|stype-|voicetype-	4	child	_	_
6	.	.	punc	SYM	cat-punc|gen-n|num-s|pers-3|case-0|vib-|tam-|chunkId-Colin|chunkType-child|stype-|voicetype-	4	child	_	_

1	Rice	rice	n	NNP	cat-n|gen-m|num-s|pers-3|case-0|vib-|tam-|chunkId-NP|chunkType-head|stype-|voicetype-	2	k1	_	_
2	is	be	v	VBZ	cat-v|gen-m|num-s|pers-3|case-0|vib-|tam-|chunkId-VG|chunkType-head|stype-|voicetype-	0	root	_	_
3	the	the	det	DT	cat-det|gen-m|num-s|pers-3|case-0|vib-|tam-|chunkId-NP2|chunkType-head|stype-|voicetype-	2	k1s	_	_
4	first	first	adj	JJ	cat-adj|gen-m|num-s|pers-3|case-0|vib-|tam-|chunkId-the|chunkType-child|stype-|voicetype-	3	child	_	_
5	woman	woman	n	NN	cat-n|gen-m|num-s|pers-3|case-0|vib-|tam-|chunkId-the|chunkType-child|stype-|voicetype-	3	child	_	_
6	in	in	p	IN	cat-p|gen-m|num-s|pers-3|case-0|vib-|tam-|chunkId-PP|chunkType-head|stype-|voicetype-	2	k7	_	_
7	American	'	jj	JJ	cat-|gen-|num-|pers-|case-|vib-|tam-|chunkId-in|chunkType-child|stype-|voicetype-	6	child	_	_
8	history	history	n	NN	cat-n|gen-m|num-s|pers-3|case-0|vib-|tam-|chunkId-in|chunkType-child|stype-|voicetype-	6	child	_	_
9	to	to	p	TO	cat-p|gen-m|num-s|pers-3|case-0|vib-|tam-|chunkId-VG2|chunkType-head|stype-|voicetype-	3	nmod	_	_
10	occupy	occupy	v	VB	cat-v|gen-m|num-s|pers-3|case-0|vib-|tam-|chunkId-to|chunkType-child|stype-|voicetype-	9	child	_	_
11	the	the	det	DT	cat-det|gen-m|num-s|pers-3|case-0|vib-|tam-|chunkId-NP4|chunkType-head|stype-|voicetype-	9	k2	_	_
12	post	post	n	NN	cat-n|gen-m|num-s|pers-3|case-0|vib-|tam-|chunkId-the2|chunkType-child|stype-|voicetype-	11	child	_	_
13	of	of	p	IN	cat-p|gen-m|num-s|pers-3|case-0|vib-|tam-|chunkId-PP2|chunkType-head|stype-|voicetype-	11	r6	_	_
14	Foreign	foreign	n	NNP	cat-n|gen-m|num-s|pers-3|case-0|vib-|tam-|chunkId-of|chunkType-child|stype-|voicetype-	13	child	_	_
15	Minister	minister	n	NNP	cat-n|gen-m|num-s|pers-3|case-0|vib-|tam-|chunkId-of|chunkType-child|stype-|voicetype-	13	child	_	_
16	.	.	punc	SYM	cat-punc|gen-n|num-s|pers-3|case-0|vib-|tam-|chunkId-of|chunkType-child|stype-|voicetype-	13	child	_	_

1	Before	before	p	IN	cat-p|gen-m|num-s|pers-3|case-0|vib-|tam-|chunkId-PP|chunkType-head|stype-|voicetype-	6	k7t	_	_
2	this	this	det	DT	cat-det|gen-m|num-s|pers-3|case-0|vib-|tam-|chunkId-Before|chunkType-child|stype-|voicetype-	1	child	_	_
3	the	the	det	DT	cat-det|gen-m|num-s|pers-3|case-0|vib-|tam-|chunkId-NP2|chunkType-head|stype-|voicetype-	6	k1	_	_
4	American	'	nnp	NNP	cat-|gen-|num-|pers-|case-|vib-|tam-|chunkId-the|chunkType-child|stype-|voicetype-	3	child	_	_
5	Senate	senate	n	NNP	cat-n|gen-m|num-s|pers-3|case-0|vib-|tam-|chunkId-the|chunkType-child|stype-|voicetype-	3	child	_	_
6	confirmed	confirm	v	VBD	cat-v|gen-m|num-s|pers-3|case-0|vib-|tam-|chunkId-VG|chunkType-head|stype-|voicetype-	0	root	_	_
7	Condoleezza	'	nnp	NNP	cat-|gen-|num-|pers-|case-|vib-|tam-|chunkId-NP3|chunkType-head|stype-|voicetype-	6	k2	_	_
8	Rice	rice	n	NNP	cat-n|gen-m|num-s|pers-3|case-0|vib-|tam-|chunkId-Condoleezza|chunkType-child|stype-|voicetype-	7	child	_	_
9	's	'	pos	POS	cat-|gen-|num-|pers-|case-|vib-|tam-|chunkId-Condoleezza|chunkType-child|stype-|voicetype-	7	child	_	_
10	appointment	appointment	n	NN	cat-n|gen-m|num-s|pers-3|case-0|vib-|tam-|chunkId-Condoleezza|chunkType-child|stype-|voicetype-	7	child	_	_
11	.	.	punc	SYM	cat-punc|gen-n|num-s|pers-3|case-0|vib-|tam-|chunkId-Condoleezza|chunkType-child|stype-|voicetype-	7	child	_	_

1	However	however	D	RB	cat-D|gen-m|num-s|pers-3|case-0|vib-|tam-|chunkId-ADVP|chunkType-head|stype-|voicetype-	19	sent-adv	_	_
2	,	'	punc	SYM	cat-punc|gen-n|num-s|pers-3|case-0|vib-|tam-|chunkId-However|chunkType-child|stype-|voicetype-	1	child	_	_
3	the	the	det	DT	cat-det|gen-m|num-s|pers-3|case-0|vib-|tam-|chunkId-NP|chunkType-head|stype-|voicetype-	5	k1	_	_
4	Senate	senate	n	NNP	cat-n|gen-m|num-s|pers-3|case-0|vib-|tam-|chunkId-the|chunkType-child|stype-|voicetype-	3	child	_	_
5	went	go	v	VBD	cat-v|gen-m|num-s|pers-3|case-0|vib-|tam-|chunkId-VG|chunkType-head|stype-|voicetype-	12	ccof	_	_
6	to	to	p	TO	cat-p|gen-m|num-s|pers-3|case-0|vib-|tam-|chunkId-VG2|chunkType-head|stype-|voicetype-	5	pof_idiom	_	_
7	vote	vote	v	VB	cat-v|gen-m|num-s|pers-3|case-0|vib-|tam-|chunkId-to|chunkType-child|stype-|voicetype-	6	child	_	_
8	over	over	p	IN	cat-p|gen-m|num-s|pers-3|case-0|vib-|tam-|chunkId-PP|chunkType-head|stype-|voicetype-	5	k7	_	_
9	Rice	rice	n	NNP	cat-n|gen-m|num-s|pers-3|case-0|vib-|tam-|chunkId-over|chunkType-child|stype-|voicetype-	8	child	_	_
10	's	'	pos	POS	cat-|gen-|num-|pers-|case-|vib-|tam-|chunkId-over|chunkType-child|stype-|voicetype-	8	child	_	_
11	appointment	appointment	n	NN	cat-n|gen-m|num-s|pers-3|case-0|vib-|tam-|chunkId-over|chunkType-child|stype-|voicetype-	8	child	_	_
12	and	and	Conj	CC	cat-Conj|gen-m|num-s|pers-3|case-0|vib-|tam-|chunkId-CCP|chunkType-head|stype-|voicetype-	0	root	_	_
13	after	after	p	IN	cat-p|gen-m|num-s|pers-3|case-0|vib-|tam-|chunkId-PP2|chunkType-head|stype-|voicetype-	19	k7t	_	_
14	a	a	det	DT	cat-det|gen-m|num-s|pers-3|case-0|vib-|tam-|chunkId-after|chunkType-child|stype-|voicetype-	13	child	_	_
15	long	long	adj	JJ	cat-adj|gen-m|num-s|pers-3|case-0|vib-|tam-|chunkId-after|chunkType-child|stype-|voicetype-	13	child	_	_
16	debate	debate	n	NN	cat-n|gen-m|num-s|pers-3|case-0|vib-|tam-|chunkId-after|chunkType-child|stype-|voicetype-	13	child	_	_
17	her	she	P	PRP$	cat-P|gen-f|num-s|pers-3|case-0|vib-|tam-|chunkId-NP4|chunkType-head|stype-|voicetype-	19	k2	_	_
18	appointment	appointment	n	NN	cat-n|gen-m|num-s|pers-3|case-0|vib-|tam-|chunkId-her|chunkType-child|stype-|voicetype-	17	child	_	_
19	was	be	v	VBD	cat-v|gen-m|num-s|pers-1|case-0|vib-|tam-|chunkId-VG3|chunkType-head|stype-|voicetype-	12	ccof	_	_
20	confirmed	confirm	v	VBN	cat-v|gen-m|num-s|pers-3|case-0|vib-|tam-|chunkId-was|chunkType-child|stype-|voicetype-	19	child	_	_
21	by	by	p	IN	cat-p|gen-m|num-s|pers-3|case-0|vib-|tam-|chunkId-PP3|chunkType-head|stype-|voicetype-	19	k1	_	_
22	85	'	cd	CD	cat-|gen-|num-|pers-|case-|vib-|tam-|chunkId-by|chunkType-child|stype-|voicetype-	21	child	_	_
23	votes	vote	n	NNS	cat-n|gen-m|num-p|pers-3|case-0|vib-|tam-|chunkId-by|chunkType-child|stype-|voicetype-	21	child	_	_
24	against	against	p	IN	cat-p|gen-m|num-s|pers-3|case-0|vib-|tam-|chunkId-PP4|chunkType-head|stype-|voicetype-	19	vmod	_	_
25	13	'	cd	CD	cat-|gen-|num-|pers-|case-|vib-|tam-|chunkId-against|chunkType-child|stype-|voicetype-	24	child	_	_
26	.	.	punc	SYM	cat-punc|gen-n|num-s|pers-3|case-0|vib-|tam-|chunkId-against|chunkType-child|stype-|voicetype-	24	child	_	_

1	Before	before	p	IN	cat-p|gen-m|num-s|pers-3|case-0|vib-|tam-|chunkId-NP|chunkType-head|stype-|voicetype-	7	k7t	_	_
2	this	this	det	DT	cat-det|gen-m|num-s|pers-3|case-0|vib-|tam-|chunkId-Before|chunkType-child|stype-|voicetype-	1	child	_	_
3	Henry	henry	n	NNP	cat-n|gen-m|num-s|pers-3|case-0|vib-|tam-|chunkId-NP2|chunkType-head|stype-|voicetype-	7	k1	_	_
4	Kissinger	'	nnp	NNP	cat-|gen-|num-|pers-|case-|vib-|tam-|chunkId-Henry|chunkType-child|stype-|voicetype-	3	child	_	_
5	in	in	p	IN	cat-p|gen-m|num-s|pers-3|case-0|vib-|tam-|chunkId-PP|chunkType-head|stype-|voicetype-	7	k7t	_	_
6	1963	'	cd	CD	cat-|gen-|num-|pers-|case-|vib-|tam-|chunkId-in|chunkType-child|stype-|voicetype-	5	child	_	_
7	had	have	v	VBD	cat-v|gen-m|num-s|pers-3|case-0|vib-|tam-|chunkId-VG|chunkType-head|stype-|voicetype-	17	ccof	_	_
8	to	to	p	TO	cat-p|gen-m|num-s|pers-3|case-0|vib-|tam-|chunkId-had|chunkType-child|stype-|voicetype-	7	child	_	_
9	face	face	v	VB	cat-v|gen-m|num-s|pers-3|case-0|vib-|tam-|chunkId-had|chunkType-child|stype-|voicetype-	7	child	_	_
10	the	the	det	DT	cat-det|gen-m|num-s|pers-3|case-0|vib-|tam-|chunkId-NP4|chunkType-head|stype-|voicetype-	7	k2	_	_
11	opposition	opposition	n	NN	cat-n|gen-m|num-s|pers-3|case-0|vib-|tam-|chunkId-the|chunkType-child|stype-|voicetype-	10	child	_	_
12	of	of	p	IN	cat-p|gen-m|num-s|pers-3|case-0|vib-|tam-|chunkId-PP2|chunkType-head|stype-|voicetype-	10	r6	_	_
13	seven	seven	num	CD	cat-num|gen-m|num-s|pers-3|case-0|vib-|tam-|chunkId-of|chunkType-child|stype-|voicetype-	12	child	_	_
14	senators	senator	n	NNS	cat-n|gen-m|num-p|pers-3|case-0|vib-|tam-|chunkId-of|chunkType-child|stype-|voicetype-	12	child	_	_
15	in	in	p	IN	cat-p|gen-m|num-s|pers-3|case-0|vib-|tam-|chunkId-PP3|chunkType-head|stype-|voicetype-	7	k7t	_	_
16	1963	'	cd	CD	cat-|gen-|num-|pers-|case-|vib-|tam-|chunkId-in2|chunkType-child|stype-|voicetype-	15	child	_	_
17	and	and	Conj	CC	cat-Conj|gen-m|num-s|pers-3|case-0|vib-|tam-|chunkId-CCP|chunkType-head|stype-|voicetype-	0	root	_	_
18	Alexander	'	nnp	NNP	cat-|gen-|num-|pers-|case-|vib-|tam-|chunkId-NP7|chunkType-head|stype-|voicetype-	20	k1	_	_
19	Haig	'	nnp	NNP	cat-|gen-|num-|pers-|case-|vib-|tam-|chunkId-Alexander|chunkType-child|stype-|voicetype-	18	child	_	_
20	NULL	face	v	VB	cat-v|gen-m|num-s|pers-3|case-0|vib-|tam-|chunkId-VG2|chunkType-head|stype-|voicetype-	17	ccof	_	_
21	the	the	det	DT	cat-det|gen-m|num-s|pers-3|case-0|vib-|tam-|chunkId-NP8|chunkType-head|stype-|voicetype-	20	k2	_	_
22	opposition	opposition	n	NN	cat-n|gen-m|num-s|pers-3|case-0|vib-|tam-|chunkId-the2|chunkType-child|stype-|voicetype-	21	child	_	_
23	of	of	p	IN	cat-p|gen-m|num-s|pers-3|case-0|vib-|tam-|chunkId-PP4|chunkType-head|stype-|voicetype-	21	r6	_	_
24	six	six	num	CD	cat-num|gen-m|num-s|pers-3|case-0|vib-|tam-|chunkId-of2|chunkType-child|stype-|voicetype-	23	child	_	_
25	in	in	p	IN	cat-p|gen-m|num-s|pers-3|case-0|vib-|tam-|chunkId-PP5|chunkType-head|stype-|voicetype-	20	k7t	_	_
26	1981	'	cd	CD	cat-|gen-|num-|pers-|case-|vib-|tam-|chunkId-in3|chunkType-child|stype-|voicetype-	25	child	_	_
27	.	.	punc	SYM	cat-punc|gen-n|num-s|pers-3|case-0|vib-|tam-|chunkId-in3|chunkType-child|stype-|voicetype-	25	child	_	_

