1	Rashtriya	'	nnp	NNP	cat-|gen-|num-|pers-|case-|vib-|tam-|chunkId-NP|chunkType-head|stype-|voicetype-	9	nmod	_	_
2	Janata	'	nnp	NNP	cat-|gen-|num-|pers-|case-|vib-|tam-|chunkId-Rashtriya|chunkType-child|stype-|voicetype-	1	child	_	_
3	Dal	dhal	n	NNP	cat-n|gen-m|num-s|pers-3|case-0|vib-|tam-|chunkId-Rashtriya|chunkType-child|stype-|voicetype-	1	child	_	_
4	(	'	sym	SYM	cat-|gen-|num-|pers-|case-|vib-|tam-|chunkId-Rashtriya|chunkType-child|stype-|voicetype-	1	child	_	_
5	RJD	'	nnp	NNP	cat-|gen-|num-|pers-|case-|vib-|tam-|chunkId-Rashtriya|chunkType-child|stype-|voicetype-	1	child	_	_
6	)	'	sym	SYM	cat-|gen-|num-|pers-|case-|vib-|tam-|chunkId-Rashtriya|chunkType-child|stype-|voicetype-	1	child	_	_
7	supremo	supremo	n	RB	cat-n|gen-m|num-s|pers-3|case-0|vib-|tam-|chunkId-Rashtriya|chunkType-child|stype-|voicetype-	1	child	_	_
8	,	comma	punc	SYM	cat-punc|gen-n|num-s|pers-3|case-0|vib-|tam-|chunkId-Rashtriya|chunkType-child|stype-|voicetype-	1	child	_	_
9	Lalu	'	nnp	NNP	cat-|gen-|num-|pers-|case-|vib-|tam-|chunkId-NP2|chunkType-head|stype-|voicetype-	14	nmod	_	_
10	Prasad	'	nnp	NNP	cat-|gen-|num-|pers-|case-|vib-|tam-|chunkId-Lalu|chunkType-child|stype-|voicetype-	9	child	_	_
11	Yadav	'	nnp	NNP	cat-|gen-|num-|pers-|case-|vib-|tam-|chunkId-Lalu|chunkType-child|stype-|voicetype-	9	child	_	_
12	's	'	pos	POS	cat-|gen-|num-|pers-|case-|vib-|tam-|chunkId-Lalu|chunkType-child|stype-|voicetype-	9	child	_	_
13	brother	brother	n	NNP	cat-n|gen-m|num-s|pers-3|case-0|vib-|tam-|chunkId-Lalu|chunkType-child|stype-|voicetype-	9	child	_	_
14	Subhash	'	nnp	NNP	cat-|gen-|num-|pers-|case-|vib-|tam-|chunkId-NP3|chunkType-head|stype-|voicetype-	16	k1	_	_
15	Yadav	'	nnp	NNP	cat-|gen-|num-|pers-|case-|vib-|tam-|chunkId-Subhash|chunkType-child|stype-|voicetype-	14	child	_	_
16	has	have	v	VBZ	cat-v|gen-m|num-s|pers-3|case-0|vib-|tam-|chunkId-VG|chunkType-head|stype-|voicetype-	0	root	_	_
17	rebelled	rebel	v	VBN	cat-v|gen-m|num-s|pers-3|case-0|vib-|tam-|chunkId-has|chunkType-child|stype-|voicetype-	16	child	_	_
18	against	against	p	IN	cat-p|gen-m|num-s|pers-3|case-0|vib-|tam-|chunkId-PP|chunkType-head|stype-|voicetype-	16	vmod	_	_
19	him	he	P	PRP	cat-P|gen-m|num-s|pers-3|case-0|vib-|tam-|chunkId-against|chunkType-child|stype-|voicetype-	18	child	_	_
20	protesting	protest	v	VBG	cat-v|gen-m|num-s|pers-3|case-0|vib-|tam-|chunkId-VG2|chunkType-head|stype-|voicetype-	16	vmod	_	_
21	over	over	p	IN	cat-p|gen-m|num-s|pers-3|case-0|vib-|tam-|chunkId-ADVP|chunkType-head|stype-|voicetype-	20	k7	_	_
22	wrongful	wrongful	adj	JJ	cat-adj|gen-m|num-s|pers-3|case-0|vib-|tam-|chunkId-over|chunkType-child|stype-|voicetype-	21	child	_	_
23	distribution	distribution	n	NN	cat-n|gen-m|num-s|pers-3|case-0|vib-|tam-|chunkId-over|chunkType-child|stype-|voicetype-	21	child	_	_
24	of	of	p	IN	cat-p|gen-m|num-s|pers-3|case-0|vib-|tam-|chunkId-PP2|chunkType-head|stype-|voicetype-	21	r6-k2	_	_
25	party	party	n	NN	cat-n|gen-m|num-s|pers-3|case-0|vib-|tam-|chunkId-of|chunkType-child|stype-|voicetype-	24	child	_	_
26	tickets	ticket	n	NNS	cat-n|gen-m|num-p|pers-3|case-0|vib-|tam-|chunkId-of|chunkType-child|stype-|voicetype-	24	child	_	_
27	.	.	punc	SYM	cat-punc|gen-n|num-s|pers-3|case-0|vib-|tam-|chunkId-of|chunkType-child|stype-|voicetype-	24	child	_	_

1	Subhash	'	nnp	NNP	cat-|gen-|num-|pers-|case-|vib-|tam-|chunkId-NP|chunkType-head|stype-|voicetype-	2	k1	_	_
2	is	be	v	VBZ	cat-v|gen-m|num-s|pers-3|case-0|vib-|tam-|chunkId-VG|chunkType-head|stype-|voicetype-	0	root	_	_
3	a	a	det	DT	cat-det|gen-m|num-s|pers-3|case-0|vib-|tam-|chunkId-NP2|chunkType-head|stype-|voicetype-	2	k1s	_	_
4	Rajya	'	nnp	NNP	cat-|gen-|num-|pers-|case-|vib-|tam-|chunkId-a|chunkType-child|stype-|voicetype-	3	child	_	_
5	Sabha	'	nnp	NNP	cat-|gen-|num-|pers-|case-|vib-|tam-|chunkId-a|chunkType-child|stype-|voicetype-	3	child	_	_
6	member	member	n	NN	cat-n|gen-m|num-s|pers-3|case-0|vib-|tam-|chunkId-a|chunkType-child|stype-|voicetype-	3	child	_	_
7	from	from	p	IN	cat-p|gen-m|num-s|pers-3|case-0|vib-|tam-|chunkId-PP|chunkType-head|stype-|voicetype-	2	k7	_	_
8	the	the	det	DT	cat-det|gen-m|num-s|pers-3|case-0|vib-|tam-|chunkId-from|chunkType-child|stype-|voicetype-	7	child	_	_
9	party	party	n	NN	cat-n|gen-m|num-s|pers-3|case-0|vib-|tam-|chunkId-from|chunkType-child|stype-|voicetype-	7	child	_	_
10	.	.	punc	SYM	cat-punc|gen-n|num-s|pers-3|case-0|vib-|tam-|chunkId-from|chunkType-child|stype-|voicetype-	7	child	_	_

1	He	he	P	PRP	cat-P|gen-m|num-s|pers-3|case-0|vib-|tam-|chunkId-NP|chunkType-head|stype-|voicetype-	2	k1	_	_
2	said	say	v	VBD	cat-v|gen-m|num-s|pers-3|case-0|vib-|tam-|chunkId-VG|chunkType-head|stype-|voicetype-	0	root	_	_
3	that	that	Comp	CC	cat-Comp|gen-m|num-s|pers-3|case-0|vib-|tam-|chunkId-CCP|chunkType-head|stype-|voicetype-	2	k2	_	_
4	RJD	'	nnp	NNP	cat-|gen-|num-|pers-|case-|vib-|tam-|chunkId-NP2|chunkType-head|stype-|voicetype-	6	k2	_	_
5	tickets	ticket	n	NNS	cat-n|gen-m|num-p|pers-3|case-0|vib-|tam-|chunkId-RJD|chunkType-child|stype-|voicetype-	4	child	_	_
6	were	be	v	VBD	cat-v|gen-m|num-p|pers-3|case-0|vib-|tam-|chunkId-VG2|chunkType-head|stype-|voicetype-	3	ccof	_	_
7	being	be	v	VBG	cat-v|gen-m|num-s|pers-3|case-0|vib-|tam-|chunkId-were|chunkType-child|stype-|voicetype-	6	child	_	_
8	given	give	v	VBN	cat-v|gen-m|num-s|pers-3|case-0|vib-|tam-|chunkId-were|chunkType-child|stype-|voicetype-	6	child	_	_
9	to	to	p	TO	cat-p|gen-m|num-s|pers-3|case-0|vib-|tam-|chunkId-PP|chunkType-head|stype-|voicetype-	6	k4	_	_
10	scamsters	'	nns	NNS	cat-|gen-|num-|pers-|case-|vib-|tam-|chunkId-to|chunkType-child|stype-|voicetype-	9	child	_	_
11	and	and	Conj	CC	cat-Conj|gen-m|num-s|pers-3|case-0|vib-|tam-|chunkId-to|chunkType-child|stype-|voicetype-	9	child	_	_
12	others	other	n	NNS	cat-n|gen-m|num-p|pers-3|case-0|vib-|tam-|chunkId-to|chunkType-child|stype-|voicetype-	9	child	_	_
13	at	at	p	IN	cat-p|gen-m|num-s|pers-3|case-0|vib-|tam-|chunkId-PP2|chunkType-head|stype-|voicetype-	6	k7	_	_
14	the	the	det	DT	cat-det|gen-m|num-s|pers-3|case-0|vib-|tam-|chunkId-at|chunkType-child|stype-|voicetype-	13	child	_	_
15	expense	expense	n	NN	cat-n|gen-m|num-s|pers-3|case-0|vib-|tam-|chunkId-at|chunkType-child|stype-|voicetype-	13	child	_	_
16	of	of	p	IN	cat-p|gen-m|num-s|pers-3|case-0|vib-|tam-|chunkId-PP3|chunkType-head|stype-|voicetype-	13	r6	_	_
17	real	real	adj	JJ	cat-adj|gen-m|num-s|pers-3|case-0|vib-|tam-|chunkId-of|chunkType-child|stype-|voicetype-	16	child	_	_
18	party	party	n	NN	cat-n|gen-m|num-s|pers-3|case-0|vib-|tam-|chunkId-of|chunkType-child|stype-|voicetype-	16	child	_	_
19	workers	worker	n	NNS	cat-n|gen-m|num-p|pers-3|case-0|vib-|tam-|chunkId-of|chunkType-child|stype-|voicetype-	16	child	_	_
20	.	.	punc	SYM	cat-punc|gen-n|num-s|pers-3|case-0|vib-|tam-|chunkId-of|chunkType-child|stype-|voicetype-	16	child	_	_

1	Having	have	v	VBG	cat-v|gen-m|num-s|pers-3|case-0|vib-|tam-|chunkId-VG|chunkType-head|stype-|voicetype-	8	vmod	_	_
2	lost	lose	v	VBN	cat-v|gen-m|num-s|pers-3|case-0|vib-|tam-|chunkId-Having|chunkType-child|stype-|voicetype-	1	child	_	_
3	power	power	n	NN	cat-n|gen-m|num-s|pers-3|case-0|vib-|tam-|chunkId-NP|chunkType-head|stype-|voicetype-	1	k2	_	_
4	in	in	p	IN	cat-p|gen-m|num-s|pers-3|case-0|vib-|tam-|chunkId-PP|chunkType-head|stype-|voicetype-	1	k7p	_	_
5	Bihar	'	nnp	NNP	cat-|gen-|num-|pers-|case-|vib-|tam-|chunkId-in|chunkType-child|stype-|voicetype-	4	child	_	_
6	,	comma	punc	SYM	cat-punc|gen-n|num-s|pers-3|case-0|vib-|tam-|chunkId-in|chunkType-child|stype-|voicetype-	4	child	_	_
7	Lalu	'	nnp	NNP	cat-|gen-|num-|pers-|case-|vib-|tam-|chunkId-NP3|chunkType-head|stype-|voicetype-	8	k1	_	_
8	is	be	v	VBZ	cat-v|gen-m|num-s|pers-3|case-0|vib-|tam-|chunkId-VG2|chunkType-head|stype-|voicetype-	0	root	_	_
9	facing	face	v	VBG	cat-v|gen-m|num-s|pers-3|case-0|vib-|tam-|chunkId-is|chunkType-child|stype-|voicetype-	8	child	_	_
10	the	the	det	DT	cat-det|gen-m|num-s|pers-3|case-0|vib-|tam-|chunkId-NP4|chunkType-head|stype-|voicetype-	8	k2	_	_
11	most	most	D	RBS	cat-D|gen-m|num-s|pers-3|case-0|vib-|tam-|chunkId-the|chunkType-child|stype-|voicetype-	10	child	_	_
12	difficult	difficult	adj	JJ	cat-adj|gen-m|num-s|pers-3|case-0|vib-|tam-|chunkId-the|chunkType-child|stype-|voicetype-	10	child	_	_
13	assembly	assembly	n	NN	cat-n|gen-m|num-s|pers-3|case-0|vib-|tam-|chunkId-the|chunkType-child|stype-|voicetype-	10	child	_	_
14	election	election	n	NN	cat-n|gen-m|num-s|pers-3|case-0|vib-|tam-|chunkId-the|chunkType-child|stype-|voicetype-	10	child	_	_
15	in	in	p	IN	cat-p|gen-m|num-s|pers-3|case-0|vib-|tam-|chunkId-PP2|chunkType-head|stype-|voicetype-	8	k7	_	_
16	his	he	P	PRP$	cat-P|gen-m|num-s|pers-3|case-0|vib-|tam-|chunkId-in2|chunkType-child|stype-|voicetype-	15	child	_	_
17	life	life	n	NN	cat-n|gen-m|num-s|pers-3|case-0|vib-|tam-|chunkId-in2|chunkType-child|stype-|voicetype-	15	child	_	_
18	yet	yet	D	RB	cat-D|gen-m|num-s|pers-3|case-0|vib-|tam-|chunkId-ADVP|chunkType-head|stype-|voicetype-	8	adv	_	_
19	.	.	punc	SYM	cat-punc|gen-n|num-s|pers-3|case-0|vib-|tam-|chunkId-yet|chunkType-child|stype-|voicetype-	18	child	_	_

1	He	he	P	PRP	cat-P|gen-m|num-s|pers-3|case-0|vib-|tam-|chunkId-NP|chunkType-head|stype-|voicetype-	2	k1	_	_
2	said	say	v	VBD	cat-v|gen-m|num-s|pers-3|case-0|vib-|tam-|chunkId-VG|chunkType-head|stype-|voicetype-	0	root	_	_
3	,	comma	punc	SYM	cat-punc|gen-n|num-s|pers-3|case-0|vib-|tam-|chunkId-said|chunkType-child|stype-|voicetype-	2	child	_	_
4	it	it	P	PRP	cat-P|gen-m|num-s|pers-3|case-0|vib-|tam-|chunkId-NP2|chunkType-head|stype-|voicetype-	5	k1	_	_
5	's	be	v	VBZ	cat-v|gen-m|num-s|pers-3|case-0|vib-|tam-|chunkId-NP3|chunkType-head|stype-|voicetype-	24	ccof	_	_
6	been	be	v	VBN	cat-v|gen-m|num-s|pers-3|case-0|vib-|tam-|chunkId-s|chunkType-child|stype-|voicetype-	5	child	_	_
7	hinted	hint	v	VBN	cat-v|gen-m|num-s|pers-3|case-0|vib-|tam-|chunkId-s|chunkType-child|stype-|voicetype-	5	child	_	_
8	that	that	Comp	IN	cat-Comp|gen-m|num-s|pers-3|case-0|vib-|tam-|chunkId-CCP|chunkType-head|stype-|voicetype-	5	k1s	_	_
9	a	a	det	DT	cat-det|gen-m|num-s|pers-3|case-0|vib-|tam-|chunkId-NP4|chunkType-head|stype-|voicetype-	11	k2	_	_
10	ticket	ticket	n	NN	cat-n|gen-m|num-s|pers-3|case-0|vib-|tam-|chunkId-a|chunkType-child|stype-|voicetype-	9	child	_	_
11	would	would	v	MD	cat-v|gen-m|num-s|pers-3|case-0|vib-|tam-|chunkId-VG2|chunkType-head|stype-|voicetype-	8	ccof	_	_
12	be	be	v	VB	cat-v|gen-m|num-s|pers-3|case-0|vib-|tam-|chunkId-would|chunkType-child|stype-|voicetype-	11	child	_	_
13	given	give	v	VBN	cat-v|gen-m|num-s|pers-3|case-0|vib-|tam-|chunkId-would|chunkType-child|stype-|voicetype-	11	child	_	_
14	to	to	p	TO	cat-p|gen-m|num-s|pers-3|case-0|vib-|tam-|chunkId-PP|chunkType-head|stype-|voicetype-	11	k4	_	_
15	the	the	det	DT	cat-det|gen-m|num-s|pers-3|case-0|vib-|tam-|chunkId-to|chunkType-child|stype-|voicetype-	14	child	_	_
16	fodder	fodder	n	NN	cat-n|gen-m|num-s|pers-3|case-0|vib-|tam-|chunkId-to|chunkType-child|stype-|voicetype-	14	child	_	_
17	scam	'	nn	NN	cat-|gen-|num-|pers-|case-|vib-|tam-|chunkId-to|chunkType-child|stype-|voicetype-	14	child	_	_
18	accused	accuse	v	VBN	cat-v|gen-m|num-s|pers-3|case-0|vib-|tam-|chunkId-to|chunkType-child|stype-|voicetype-	14	child	_	_
19	R.K	'	nnp	NNP	cat-|gen-|num-|pers-|case-|vib-|tam-|chunkId-NP6|chunkType-head|stype-|voicetype-	14	nmod	_	_
20	Rana	'	nnp	NNP	cat-|gen-|num-|pers-|case-|vib-|tam-|chunkId-R.K|chunkType-child|stype-|voicetype-	19	child	_	_
21	's	'	pos	POS	cat-|gen-|num-|pers-|case-|vib-|tam-|chunkId-R.K|chunkType-child|stype-|voicetype-	19	child	_	_
22	son	son	n	NN	cat-n|gen-m|num-s|pers-3|case-0|vib-|tam-|chunkId-R.K|chunkType-child|stype-|voicetype-	19	child	_	_
23	,	comma	punc	SYM	cat-punc|gen-n|num-s|pers-3|case-0|vib-|tam-|chunkId-R.K|chunkType-child|stype-|voicetype-	19	child	_	_
24	whereas	whereas	Conj	IN	cat-Conj|gen-m|num-s|pers-3|case-0|vib-|tam-|chunkId-CCP2|chunkType-head|stype-|voicetype-	2	k2	_	_
25	the	the	det	DT	cat-det|gen-m|num-s|pers-3|case-0|vib-|tam-|chunkId-NP7|chunkType-head|stype-|voicetype-	35	k1	_	_
26	real	real	adj	JJ	cat-adj|gen-m|num-s|pers-3|case-0|vib-|tam-|chunkId-the2|chunkType-child|stype-|voicetype-	25	child	_	_
27	party	party	n	NN	cat-n|gen-m|num-s|pers-3|case-0|vib-|tam-|chunkId-the2|chunkType-child|stype-|voicetype-	25	child	_	_
28	workers	worker	n	NNS	cat-n|gen-m|num-p|pers-3|case-0|vib-|tam-|chunkId-the2|chunkType-child|stype-|voicetype-	25	child	_	_
29	who	who	Comp	WP	cat-Comp|gen-m|num-s|pers-3|case-0|vib-|tam-|chunkId-NP8|chunkType-head|stype-|voicetype-	30	k1	_	_
30	've	have	v	VBP	cat-v|gen-m|num-s|pers-3|case-0|vib-|tam-|chunkId-VG3|chunkType-head|stype-|voicetype-	25	nmod__relc	_	_
31	helped	help	v	VBN	cat-v|gen-m|num-s|pers-3|case-0|vib-|tam-|chunkId-ve|chunkType-child|stype-|voicetype-	30	child	_	_
32	build	build	v	VBP	cat-v|gen-m|num-s|pers-3|case-0|vib-|tam-|chunkId-VG4|chunkType-head|stype-|voicetype-	30	k2	_	_
33	the	the	det	DT	cat-det|gen-m|num-s|pers-3|case-0|vib-|tam-|chunkId-NP9|chunkType-head|stype-|voicetype-	32	k2	_	_
34	party	party	n	NN	cat-n|gen-m|num-s|pers-3|case-0|vib-|tam-|chunkId-the3|chunkType-child|stype-|voicetype-	33	child	_	_
35	have	have	v	VBP	cat-v|gen-m|num-s|pers-3|case-0|vib-|tam-|chunkId-VG5|chunkType-head|stype-|voicetype-	24	ccof	_	_
36	been	ben	D	RB	cat-D|gen-m|num-s|pers-3|case-0|vib-|tam-|chunkId-have|chunkType-child|stype-|voicetype-	35	child	_	_
37	denied	deny	v	VBN	cat-v|gen-m|num-s|pers-3|case-0|vib-|tam-|chunkId-have|chunkType-child|stype-|voicetype-	35	child	_	_
38	party	party	n	NN	cat-n|gen-m|num-s|pers-3|case-0|vib-|tam-|chunkId-NP10|chunkType-head|stype-|voicetype-	35	k2	_	_
39	tickets	ticket	n	NNS	cat-n|gen-m|num-p|pers-3|case-0|vib-|tam-|chunkId-party3|chunkType-child|stype-|voicetype-	38	child	_	_
40	.	.	punc	SYM	cat-punc|gen-n|num-s|pers-3|case-0|vib-|tam-|chunkId-party3|chunkType-child|stype-|voicetype-	38	child	_	_

1	He	he	P	PRP	cat-P|gen-m|num-s|pers-3|case-0|vib-|tam-|chunkId-NP|chunkType-head|stype-|voicetype-	2	k1	_	_
2	said	say	v	VBD	cat-v|gen-m|num-s|pers-3|case-0|vib-|tam-|chunkId-VG|chunkType-head|stype-|voicetype-	0	root	_	_
3	the	the	det	DT	cat-det|gen-m|num-s|pers-3|case-0|vib-|tam-|chunkId-NP2|chunkType-head|stype-|voicetype-	6	k1	_	_
4	RJD	'	nnp	NNP	cat-|gen-|num-|pers-|case-|vib-|tam-|chunkId-the|chunkType-child|stype-|voicetype-	3	child	_	_
5	president	president	n	NN	cat-n|gen-m|num-s|pers-3|case-0|vib-|tam-|chunkId-the|chunkType-child|stype-|voicetype-	3	child	_	_
6	wants	want	v	VBZ	cat-v|gen-m|num-s|pers-3|case-0|vib-|tam-|chunkId-VG2|chunkType-head|stype-|voicetype-	2	k2	_	_
7	to	to	p	TO	cat-p|gen-m|num-s|pers-3|case-0|vib-|tam-|chunkId-VG3|chunkType-head|stype-|voicetype-	6	k2	_	_
8	give	give	v	VB	cat-v|gen-m|num-s|pers-3|case-0|vib-|tam-|chunkId-to|chunkType-child|stype-|voicetype-	7	child	_	_
9	a	a	det	DT	cat-det|gen-m|num-s|pers-3|case-0|vib-|tam-|chunkId-NP3|chunkType-head|stype-|voicetype-	7	k2	_	_
10	ticket	ticket	n	NN	cat-n|gen-m|num-s|pers-3|case-0|vib-|tam-|chunkId-a|chunkType-child|stype-|voicetype-	9	child	_	_
11	to	to	p	TO	cat-p|gen-m|num-s|pers-3|case-0|vib-|tam-|chunkId-PP|chunkType-head|stype-|voicetype-	7	k4	_	_
12	Rana	'	nnp	NNP	cat-|gen-|num-|pers-|case-|vib-|tam-|chunkId-to2|chunkType-child|stype-|voicetype-	11	child	_	_
13	so	so	D	RB	cat-D|gen-m|num-s|pers-3|case-0|vib-|tam-|chunkId-ADVP|chunkType-head|stype-|voicetype-	6	vmod	_	_
14	that	that	Comp	IN	cat-Comp|gen-m|num-s|pers-3|case-0|vib-|tam-|chunkId-so|chunkType-child|stype-|voicetype-	13	child	_	_
15	he	he	P	PRP	cat-P|gen-m|num-s|pers-3|case-0|vib-|tam-|chunkId-NP5|chunkType-head|stype-|voicetype-	16	k1	_	_
16	does	do	v	VBZ	cat-v|gen-m|num-s|pers-3|case-0|vib-|tam-|chunkId-VG4|chunkType-head|stype-|voicetype-	13	ccof	_	_
17	not	not	D	RB	cat-D|gen-m|num-s|pers-3|case-0|vib-|tam-|chunkId-does|chunkType-child|stype-|voicetype-	16	child	_	_
18	appear	appear	v	VB	cat-v|gen-m|num-s|pers-3|case-0|vib-|tam-|chunkId-does|chunkType-child|stype-|voicetype-	16	child	_	_
19	as	as	p	IN	cat-p|gen-m|num-s|pers-3|case-0|vib-|tam-|chunkId-PP2|chunkType-head|stype-|voicetype-	16	vmod	_	_
20	a	a	det	DT	cat-det|gen-m|num-s|pers-3|case-0|vib-|tam-|chunkId-as|chunkType-child|stype-|voicetype-	19	child	_	_
21	government	government	n	NN	cat-n|gen-m|num-s|pers-3|case-0|vib-|tam-|chunkId-as|chunkType-child|stype-|voicetype-	19	child	_	_
22	witness	witness	n	NN	cat-n|gen-m|num-s|pers-3|case-0|vib-|tam-|chunkId-as|chunkType-child|stype-|voicetype-	19	child	_	_
23	in	in	p	IN	cat-p|gen-m|num-s|pers-3|case-0|vib-|tam-|chunkId-PP3|chunkType-head|stype-|voicetype-	16	k7	_	_
24	the	the	det	DT	cat-det|gen-m|num-s|pers-3|case-0|vib-|tam-|chunkId-in|chunkType-child|stype-|voicetype-	23	child	_	_
25	fodder	fodder	n	NN	cat-n|gen-m|num-s|pers-3|case-0|vib-|tam-|chunkId-in|chunkType-child|stype-|voicetype-	23	child	_	_
26	scam	'	nn	NN	cat-|gen-|num-|pers-|case-|vib-|tam-|chunkId-in|chunkType-child|stype-|voicetype-	23	child	_	_
27	.	.	punc	SYM	cat-punc|gen-n|num-s|pers-3|case-0|vib-|tam-|chunkId-in|chunkType-child|stype-|voicetype-	23	child	_	_

1	Because	because	Conj	IN	cat-Conj|gen-m|num-s|pers-3|case-0|vib-|tam-|chunkId-CCP|chunkType-head|stype-|voicetype-	0	root	_	_
2	Lalu	'	nnp	NNP	cat-|gen-|num-|pers-|case-|vib-|tam-|chunkId-NP|chunkType-head|stype-|voicetype-	4	k1	_	_
3	himself	himself	P	PRP	cat-P|gen-m|num-s|pers-3|case-0|vib-|tam-|chunkId-NP2|chunkType-head|stype-|voicetype-	2	nmod__emph	_	_
4	is	be	v	VBZ	cat-v|gen-m|num-s|pers-3|case-0|vib-|tam-|chunkId-VG|chunkType-head|stype-|voicetype-	1	ccof	_	_
5	an	an	det	DT	cat-det|gen-m|num-s|pers-3|case-0|vib-|tam-|chunkId-NP3|chunkType-head|stype-|voicetype-	4	k1s	_	_
6	accused	accused	n	NN	cat-n|gen-m|num-s|pers-3|case-0|vib-|tam-|chunkId-an|chunkType-child|stype-|voicetype-	5	child	_	_
7	in	in	p	IN	cat-p|gen-m|num-s|pers-3|case-0|vib-|tam-|chunkId-PP|chunkType-head|stype-|voicetype-	4	k7	_	_
8	this	this	det	DT	cat-det|gen-m|num-s|pers-3|case-0|vib-|tam-|chunkId-in|chunkType-child|stype-|voicetype-	7	child	_	_
9	matter	matter	n	NN	cat-n|gen-m|num-s|pers-3|case-0|vib-|tam-|chunkId-in|chunkType-child|stype-|voicetype-	7	child	_	_
10	.	.	punc	SYM	cat-punc|gen-n|num-s|pers-3|case-0|vib-|tam-|chunkId-in|chunkType-child|stype-|voicetype-	7	child	_	_

1	Lalu	'	nnp	NNP	cat-|gen-|num-|pers-|case-|vib-|tam-|chunkId-NP|chunkType-head|stype-|voicetype-	4	ccof	_	_
2	's	'	pos	POS	cat-|gen-|num-|pers-|case-|vib-|tam-|chunkId-Lalu|chunkType-child|stype-|voicetype-	1	child	_	_
3	wife	wife	n	NN	cat-n|gen-m|num-s|pers-3|case-0|vib-|tam-|chunkId-Lalu|chunkType-child|stype-|voicetype-	1	child	_	_
4	and	and	Conj	CC	cat-Conj|gen-m|num-s|pers-3|case-0|vib-|tam-|chunkId-CCP|chunkType-head|stype-|voicetype-	11	r6-k1	_	_
5	former	former	adj	JJ	cat-adj|gen-m|num-s|pers-3|case-0|vib-|tam-|chunkId-NP2|chunkType-head|stype-|voicetype-	4	ccof	_	_
6	Chief	chief	n	NNP	cat-n|gen-m|num-s|pers-3|case-0|vib-|tam-|chunkId-former|chunkType-child|stype-|voicetype-	5	child	_	_
7	Minister	minister	n	NNP	cat-n|gen-m|num-s|pers-3|case-0|vib-|tam-|chunkId-former|chunkType-child|stype-|voicetype-	5	child	_	_
8	Rabri	'	nnp	NNP	cat-|gen-|num-|pers-|case-|vib-|tam-|chunkId-former|chunkType-child|stype-|voicetype-	5	child	_	_
9	Devi	'	nnp	NNP	cat-|gen-|num-|pers-|case-|vib-|tam-|chunkId-former|chunkType-child|stype-|voicetype-	5	child	_	_
10	's	'	pos	POS	cat-|gen-|num-|pers-|case-|vib-|tam-|chunkId-former|chunkType-child|stype-|voicetype-	5	child	_	_
11	youngest	young	adj	JJS	cat-adj|gen-m|num-s|pers-3|case-0|vib-|tam-|chunkId-NP3|chunkType-head|stype-|voicetype-	13	nmod	_	_
12	brother	brother	n	NN	cat-n|gen-m|num-s|pers-3|case-0|vib-|tam-|chunkId-youngest|chunkType-child|stype-|voicetype-	11	child	_	_
13	Subhash	'	nnp	NNP	cat-|gen-|num-|pers-|case-|vib-|tam-|chunkId-NP4|chunkType-head|stype-|voicetype-	15	k1	_	_
14	Yadav	'	nnp	NNP	cat-|gen-|num-|pers-|case-|vib-|tam-|chunkId-Subhash|chunkType-child|stype-|voicetype-	13	child	_	_
15	accused	accuse	v	VBD	cat-v|gen-m|num-s|pers-3|case-0|vib-|tam-|chunkId-VG|chunkType-head|stype-|voicetype-	0	root	_	_
16	RJD	'	nnp	NNP	cat-|gen-|num-|pers-|case-|vib-|tam-|chunkId-NP5|chunkType-head|stype-|voicetype-	20	nmod	_	_
17	's	'	pos	POS	cat-|gen-|num-|pers-|case-|vib-|tam-|chunkId-RJD|chunkType-child|stype-|voicetype-	16	child	_	_
18	senior	senior	adj	JJ	cat-adj|gen-m|num-s|pers-3|case-0|vib-|tam-|chunkId-RJD|chunkType-child|stype-|voicetype-	16	child	_	_
19	leader	leader	n	NN	cat-n|gen-m|num-s|pers-3|case-0|vib-|tam-|chunkId-RJD|chunkType-child|stype-|voicetype-	16	child	_	_
20	Jagdanand	'	nnp	NNP	cat-|gen-|num-|pers-|case-|vib-|tam-|chunkId-NP6|chunkType-head|stype-|voicetype-	15	k4	_	_
21	Singh	'	nnp	NNP	cat-|gen-|num-|pers-|case-|vib-|tam-|chunkId-Jagdanand|chunkType-child|stype-|voicetype-	20	child	_	_
22	of	of	p	IN	cat-p|gen-m|num-s|pers-3|case-0|vib-|tam-|chunkId-VG2|chunkType-head|stype-|voicetype-	15	r6-k2	_	_
23	working	work	v	VBG	cat-v|gen-m|num-s|pers-3|case-0|vib-|tam-|chunkId-of|chunkType-child|stype-|voicetype-	22	child	_	_
24	against	against	p	IN	cat-p|gen-m|num-s|pers-3|case-0|vib-|tam-|chunkId-PP|chunkType-head|stype-|voicetype-	22	vmod	_	_
25	party	party	n	NN	cat-n|gen-m|num-s|pers-3|case-0|vib-|tam-|chunkId-against|chunkType-child|stype-|voicetype-	24	child	_	_
26	interests	interest	n	NNS	cat-n|gen-m|num-p|pers-3|case-0|vib-|tam-|chunkId-against|chunkType-child|stype-|voicetype-	24	child	_	_
27	.	.	punc	SYM	cat-punc|gen-n|num-s|pers-3|case-0|vib-|tam-|chunkId-against|chunkType-child|stype-|voicetype-	24	child	_	_

1	Without	without	p	IN	cat-p|gen-m|num-s|pers-3|case-0|vib-|tam-|chunkId-VG|chunkType-head|stype-|voicetype-	11	vmod	_	_
2	naming	name	v	VBG	cat-v|gen-m|num-s|pers-3|case-0|vib-|tam-|chunkId-Without|chunkType-child|stype-|voicetype-	1	child	_	_
3	RJD	'	nnp	NNP	cat-|gen-|num-|pers-|case-|vib-|tam-|chunkId-NP|chunkType-head|stype-|voicetype-	7	nmod	_	_
4	's	'	pos	POS	cat-|gen-|num-|pers-|case-|vib-|tam-|chunkId-RJD|chunkType-child|stype-|voicetype-	3	child	_	_
5	national	national	adj	JJ	cat-adj|gen-m|num-s|pers-3|case-0|vib-|tam-|chunkId-RJD|chunkType-child|stype-|voicetype-	3	child	_	_
6	spokesman	spokesman	n	NN	cat-n|gen-m|num-s|pers-3|case-0|vib-|tam-|chunkId-RJD|chunkType-child|stype-|voicetype-	3	child	_	_
7	Shivanand	'	nnp	NNP	cat-|gen-|num-|pers-|case-|vib-|tam-|chunkId-NP2|chunkType-head|stype-|voicetype-	1	k2	_	_
8	Tiwari	'	nnp	NNP	cat-|gen-|num-|pers-|case-|vib-|tam-|chunkId-Shivanand|chunkType-child|stype-|voicetype-	7	child	_	_
9	,	comma	punc	SYM	cat-punc|gen-n|num-s|pers-3|case-0|vib-|tam-|chunkId-Shivanand|chunkType-child|stype-|voicetype-	7	child	_	_
10	Subhash	'	nnp	NNP	cat-|gen-|num-|pers-|case-|vib-|tam-|chunkId-NP3|chunkType-head|stype-|voicetype-	11	k1	_	_
11	charged	charge	v	VBD	cat-v|gen-m|num-s|pers-3|case-0|vib-|tam-|chunkId-VG2|chunkType-head|stype-|voicetype-	0	root	_	_
12	Lalu	'	nnp	NNP	cat-|gen-|num-|pers-|case-|vib-|tam-|chunkId-NP4|chunkType-head|stype-|voicetype-	11	k2	_	_
13	over	over	p	IN	cat-p|gen-m|num-s|pers-3|case-0|vib-|tam-|chunkId-PP|chunkType-head|stype-|voicetype-	11	k7	_	_
14	the	the	det	DT	cat-det|gen-m|num-s|pers-3|case-0|vib-|tam-|chunkId-over|chunkType-child|stype-|voicetype-	13	child	_	_
15	fact	fact	n	NN	cat-n|gen-m|num-s|pers-3|case-0|vib-|tam-|chunkId-over|chunkType-child|stype-|voicetype-	13	child	_	_
16	that	that	P	IN	cat-P|gen-m|num-s|pers-3|case-0|vib-|tam-|chunkId-CCP|chunkType-head|stype-|voicetype-	13	rs	_	_
17	the	the	det	DT	cat-det|gen-m|num-s|pers-3|case-0|vib-|tam-|chunkId-NP6|chunkType-head|stype-|voicetype-	20	k2	_	_
18	elction	'	nn	NN	cat-|gen-|num-|pers-|case-|vib-|tam-|chunkId-the2|chunkType-child|stype-|voicetype-	17	child	_	_
19	symbol	symbol	n	NN	cat-n|gen-m|num-s|pers-3|case-0|vib-|tam-|chunkId-the2|chunkType-child|stype-|voicetype-	17	child	_	_
20	was	be	v	VBD	cat-v|gen-m|num-s|pers-3|case-0|vib-|tam-|chunkId-VG3|chunkType-head|stype-|voicetype-	16	ccof	_	_
21	sent	send	v	VBN	cat-v|gen-m|num-s|pers-3|case-0|vib-|tam-|chunkId-was|chunkType-child|stype-|voicetype-	20	child	_	_
22	to	to	p	TO	cat-p|gen-m|num-s|pers-3|case-0|vib-|tam-|chunkId-PP2|chunkType-head|stype-|voicetype-	20	k7p	_	_
23	his	he	P	PRP$	cat-P|gen-m|num-s|pers-3|case-0|vib-|tam-|chunkId-to|chunkType-child|stype-|voicetype-	22	child	_	_
24	residence	residence	n	NN	cat-n|gen-m|num-s|pers-3|case-0|vib-|tam-|chunkId-to|chunkType-child|stype-|voicetype-	22	child	_	_
25	.	.	punc	SYM	cat-punc|gen-n|num-s|pers-3|case-0|vib-|tam-|chunkId-to|chunkType-child|stype-|voicetype-	22	child	_	_

1	Similarly	similarly	D	RB	cat-D|gen-m|num-s|pers-3|case-0|vib-|tam-|chunkId-ADVP|chunkType-head|stype-|voicetype-	10	sent-adv	_	_
2	,	comma	punc	SYM	cat-punc|gen-n|num-s|pers-3|case-0|vib-|tam-|chunkId-Similarly|chunkType-child|stype-|voicetype-	1	child	_	_
3	Patna	'	nnp	NNP	cat-|gen-|num-|pers-|case-|vib-|tam-|chunkId-NP|chunkType-head|stype-|voicetype-	10	k4	_	_
4	's	'	pos	POS	cat-|gen-|num-|pers-|case-|vib-|tam-|chunkId-Patna|chunkType-child|stype-|voicetype-	3	child	_	_
5	RJD	'	nnp	NNP	cat-|gen-|num-|pers-|case-|vib-|tam-|chunkId-Patna|chunkType-child|stype-|voicetype-	3	child	_	_
6	member	member	n	NN	cat-n|gen-m|num-s|pers-3|case-0|vib-|tam-|chunkId-Patna|chunkType-child|stype-|voicetype-	3	child	_	_
7	Ram	ram	n	NN	cat-n|gen-m|num-s|pers-3|case-0|vib-|tam-|chunkId-Patna|chunkType-child|stype-|voicetype-	3	child	_	_
8	Kripal	'	nnp	NNP	cat-|gen-|num-|pers-|case-|vib-|tam-|chunkId-Patna|chunkType-child|stype-|voicetype-	3	child	_	_
9	Yadav	'	nnp	NNP	cat-|gen-|num-|pers-|case-|vib-|tam-|chunkId-Patna|chunkType-child|stype-|voicetype-	3	child	_	_
10	was	be	v	VBD	cat-v|gen-m|num-s|pers-3|case-0|vib-|tam-|chunkId-VG|chunkType-head|stype-|voicetype-	0	root	_	_
11	accused	accuse	v	VBN	cat-v|gen-m|num-s|pers-3|case-0|vib-|tam-|chunkId-was|chunkType-child|stype-|voicetype-	10	child	_	_
12	of	of	p	IN	cat-p|gen-m|num-s|pers-3|case-0|vib-|tam-|chunkId-VG2|chunkType-head|stype-|voicetype-	10	r6-k2	_	_
13	working	work	v	VBG	cat-v|gen-m|num-s|pers-3|case-0|vib-|tam-|chunkId-of|chunkType-child|stype-|voicetype-	12	child	_	_
14	against	against	p	IN	cat-p|gen-m|num-s|pers-3|case-0|vib-|tam-|chunkId-PP|chunkType-head|stype-|voicetype-	12	vmod	_	_
15	the	the	det	DT	cat-det|gen-m|num-s|pers-3|case-0|vib-|tam-|chunkId-against|chunkType-child|stype-|voicetype-	14	child	_	_
16	party	party	n	NN	cat-n|gen-m|num-s|pers-3|case-0|vib-|tam-|chunkId-against|chunkType-child|stype-|voicetype-	14	child	_	_
17	's	'	pos	POS	cat-|gen-|num-|pers-|case-|vib-|tam-|chunkId-against|chunkType-child|stype-|voicetype-	14	child	_	_
18	official	official	adj	JJ	cat-adj|gen-m|num-s|pers-3|case-0|vib-|tam-|chunkId-against|chunkType-child|stype-|voicetype-	14	child	_	_
19	candidates	candidate	n	NNS	cat-n|gen-m|num-p|pers-3|case-0|vib-|tam-|chunkId-against|chunkType-child|stype-|voicetype-	14	child	_	_
20	from	from	p	IN	cat-p|gen-m|num-s|pers-3|case-0|vib-|tam-|chunkId-PP2|chunkType-head|stype-|voicetype-	14	k7p	_	_
21	Danapur	'	nnp	NNP	cat-|gen-|num-|pers-|case-|vib-|tam-|chunkId-from|chunkType-child|stype-|voicetype-	20	child	_	_
22	,	'	sym	SYM	cat-|gen-|num-|pers-|case-|vib-|tam-|chunkId-from|chunkType-child|stype-|voicetype-	20	child	_	_
23	Bikramganj	'	nnp	NNP	cat-|gen-|num-|pers-|case-|vib-|tam-|chunkId-from|chunkType-child|stype-|voicetype-	20	child	_	_
24	and	and	Conj	CC	cat-Conj|gen-m|num-s|pers-3|case-0|vib-|tam-|chunkId-from|chunkType-child|stype-|voicetype-	20	child	_	_
25	Paliganj	'	nnp	NNP	cat-|gen-|num-|pers-|case-|vib-|tam-|chunkId-from|chunkType-child|stype-|voicetype-	20	child	_	_
26	.	.	punc	SYM	cat-punc|gen-n|num-s|pers-3|case-0|vib-|tam-|chunkId-from|chunkType-child|stype-|voicetype-	20	child	_	_

1	Lalu	'	nnp	NNP	cat-|gen-|num-|pers-|case-|vib-|tam-|chunkId-NP|chunkType-head|stype-|voicetype-	5	k1	_	_
2	's	'	pos	POS	cat-|gen-|num-|pers-|case-|vib-|tam-|chunkId-Lalu|chunkType-child|stype-|voicetype-	1	child	_	_
3	youngest	young	adj	JJS	cat-adj|gen-m|num-s|pers-3|case-0|vib-|tam-|chunkId-Lalu|chunkType-child|stype-|voicetype-	1	child	_	_
4	brother	brother	n	NN	cat-n|gen-m|num-s|pers-3|case-0|vib-|tam-|chunkId-Lalu|chunkType-child|stype-|voicetype-	1	child	_	_
5	said	say	v	VBD	cat-v|gen-m|num-s|pers-3|case-0|vib-|tam-|chunkId-VG|chunkType-head|stype-|voicetype-	0	root	_	_
6	that	that	Comp	IN	cat-Comp|gen-m|num-s|pers-3|case-0|vib-|tam-|chunkId-CCP|chunkType-head|stype-|voicetype-	5	k2	_	_
7	the	the	det	DT	cat-det|gen-m|num-s|pers-3|case-0|vib-|tam-|chunkId-NP2|chunkType-head|stype-|voicetype-	19	k4	_	_
8	people	people	n	NNS	cat-n|gen-m|num-p|pers-3|case-0|vib-|tam-|chunkId-the|chunkType-child|stype-|voicetype-	7	child	_	_
9	who	who	Comp	WP	cat-Comp|gen-m|num-s|pers-3|case-0|vib-|tam-|chunkId-NP3|chunkType-head|stype-|voicetype-	10	k1	_	_
10	had	have	v	VBD	cat-v|gen-m|num-s|pers-3|case-0|vib-|tam-|chunkId-VG2|chunkType-head|stype-|voicetype-	7	nmod__relc	_	_
11	contributed	contribute	v	VBN	cat-v|gen-m|num-s|pers-3|case-0|vib-|tam-|chunkId-had|chunkType-child|stype-|voicetype-	10	child	_	_
12	very	very	D	RB	cat-D|gen-m|num-s|pers-3|case-0|vib-|tam-|chunkId-ADJP|chunkType-head|stype-|voicetype-	10	vmod	_	_
13	little	little	adj	JJ	cat-adj|gen-m|num-s|pers-3|case-0|vib-|tam-|chunkId-very|chunkType-child|stype-|voicetype-	12	child	_	_
14	towards	towards	p	IN	cat-p|gen-m|num-s|pers-3|case-0|vib-|tam-|chunkId-PP|chunkType-head|stype-|voicetype-	15	rd	_	_
15	strengthening	strengthen	v	VBG	cat-v|gen-m|num-s|pers-3|case-0|vib-|tam-|chunkId-VG3|chunkType-head|stype-|voicetype-	10	k2	_	_
16	the	the	det	DT	cat-det|gen-m|num-s|pers-3|case-0|vib-|tam-|chunkId-NP4|chunkType-head|stype-|voicetype-	15	k2	_	_
17	party	party	n	NN	cat-n|gen-m|num-s|pers-3|case-0|vib-|tam-|chunkId-the2|chunkType-child|stype-|voicetype-	16	child	_	_
18	,	comma	punc	SYM	cat-punc|gen-n|num-s|pers-3|case-0|vib-|tam-|chunkId-the2|chunkType-child|stype-|voicetype-	16	child	_	_
19	were	be	v	VBD	cat-v|gen-m|num-p|pers-3|case-0|vib-|tam-|chunkId-VG4|chunkType-head|stype-|voicetype-	23	ccof	_	_
20	being	be	v	VBG	cat-v|gen-m|num-s|pers-3|case-0|vib-|tam-|chunkId-were|chunkType-child|stype-|voicetype-	19	child	_	_
21	bestowed	bestow	v	VBN	cat-v|gen-m|num-s|pers-3|case-0|vib-|tam-|chunkId-were|chunkType-child|stype-|voicetype-	19	child	_	_
22	tickets	ticket	n	NNS	cat-n|gen-m|num-p|pers-3|case-0|vib-|tam-|chunkId-NP5|chunkType-head|stype-|voicetype-	19	k2	_	_
23	while	while	n	IN	cat-n|gen-m|num-s|pers-3|case-0|vib-|tam-|chunkId-CCP2|chunkType-head|stype-|voicetype-	6	ccof	_	_
24	the	the	det	DT	cat-det|gen-m|num-s|pers-3|case-0|vib-|tam-|chunkId-NP6|chunkType-head|stype-|voicetype-	28	k1	_	_
25	real	real	adj	JJ	cat-adj|gen-m|num-s|pers-3|case-0|vib-|tam-|chunkId-the3|chunkType-child|stype-|voicetype-	24	child	_	_
26	party	party	n	NN	cat-n|gen-m|num-s|pers-3|case-0|vib-|tam-|chunkId-the3|chunkType-child|stype-|voicetype-	24	child	_	_
27	worker	worker	n	NN	cat-n|gen-m|num-s|pers-3|case-0|vib-|tam-|chunkId-the3|chunkType-child|stype-|voicetype-	24	child	_	_
28	had	have	v	VBD	cat-v|gen-m|num-s|pers-3|case-0|vib-|tam-|chunkId-VG5|chunkType-head|stype-|voicetype-	23	ccof	_	_
29	to	to	p	TO	cat-p|gen-m|num-s|pers-3|case-0|vib-|tam-|chunkId-had2|chunkType-child|stype-|voicetype-	28	child	_	_
30	wait	wait	v	VB	cat-v|gen-m|num-s|pers-3|case-0|vib-|tam-|chunkId-had2|chunkType-child|stype-|voicetype-	28	child	_	_
31	in	in	p	IN	cat-p|gen-m|num-s|pers-3|case-0|vib-|tam-|chunkId-NP7|chunkType-head|stype-|voicetype-	28	k7p	_	_
32	front	front	n	NN	cat-n|gen-m|num-s|pers-3|case-0|vib-|tam-|chunkId-in|chunkType-child|stype-|voicetype-	31	child	_	_
33	of	of	p	IN	cat-p|gen-m|num-s|pers-3|case-0|vib-|tam-|chunkId-in|chunkType-child|stype-|voicetype-	31	child	_	_
34	1	'	cd	CD	cat-|gen-|num-|pers-|case-|vib-|tam-|chunkId-in|chunkType-child|stype-|voicetype-	31	child	_	_
35	Anne	'	nnp	NNP	cat-|gen-|num-|pers-|case-|vib-|tam-|chunkId-in|chunkType-child|stype-|voicetype-	31	child	_	_
36	Marg	marg	n	NNP	cat-n|gen-m|num-s|pers-3|case-0|vib-|tam-|chunkId-in|chunkType-child|stype-|voicetype-	31	child	_	_
37	as	as	p	IN	cat-p|gen-m|num-s|pers-3|case-0|vib-|tam-|chunkId-PP2|chunkType-head|stype-|voicetype-	28	vmod	_	_
38	part	part	n	NN	cat-n|gen-m|num-s|pers-3|case-0|vib-|tam-|chunkId-as|chunkType-child|stype-|voicetype-	37	child	_	_
39	of	of	p	IN	cat-p|gen-m|num-s|pers-3|case-0|vib-|tam-|chunkId-PP3|chunkType-head|stype-|voicetype-	37	r6-k2	_	_
40	the	the	det	DT	cat-det|gen-m|num-s|pers-3|case-0|vib-|tam-|chunkId-of2|chunkType-child|stype-|voicetype-	39	child	_	_
41	crowd	crowd	n	NN	cat-n|gen-m|num-s|pers-3|case-0|vib-|tam-|chunkId-of2|chunkType-child|stype-|voicetype-	39	child	_	_
42	.	.	punc	SYM	cat-punc|gen-n|num-s|pers-3|case-0|vib-|tam-|chunkId-of2|chunkType-child|stype-|voicetype-	39	child	_	_

1	Subhash	'	nnp	NNP	cat-|gen-|num-|pers-|case-|vib-|tam-|chunkId-NP|chunkType-head|stype-|voicetype-	2	k1	_	_
2	said	say	v	VBD	cat-v|gen-m|num-s|pers-3|case-0|vib-|tam-|chunkId-VG|chunkType-head|stype-|voicetype-	0	root	_	_
3	he	he	P	PRP	cat-P|gen-m|num-s|pers-3|case-0|vib-|tam-|chunkId-NP2|chunkType-head|stype-|voicetype-	4	k1	_	_
4	's	be	v	VBZ	cat-v|gen-m|num-s|pers-3|case-0|vib-|tam-|chunkId-VG2|chunkType-head|stype-|voicetype-	2	k2	_	_
5	not	not	D	RB	cat-D|gen-m|num-s|pers-3|case-0|vib-|tam-|chunkId-s|chunkType-child|stype-|voicetype-	4	child	_	_
6	part	part	n	NN	cat-n|gen-m|num-s|pers-3|case-0|vib-|tam-|chunkId-NP3|chunkType-head|stype-|voicetype-	4	k1s	_	_
7	of	of	p	IN	cat-p|gen-m|num-s|pers-3|case-0|vib-|tam-|chunkId-PP|chunkType-head|stype-|voicetype-	6	r6	_	_
8	the	the	det	DT	cat-det|gen-m|num-s|pers-3|case-0|vib-|tam-|chunkId-of|chunkType-child|stype-|voicetype-	7	child	_	_
9	race	race	n	NN	cat-n|gen-m|num-s|pers-3|case-0|vib-|tam-|chunkId-of|chunkType-child|stype-|voicetype-	7	child	_	_
10	.	.	punc	SYM	cat-punc|gen-n|num-s|pers-3|case-0|vib-|tam-|chunkId-of|chunkType-child|stype-|voicetype-	7	child	_	_

