1	Sudarshan	'	nnp	NNP	cat-|gen-|num-|pers-|case-|vib-|tam-|chunkId-NP|chunkType-head|stype-|voicetype-	2	k1	_	_
2	lambasts	lambaste	v	VBZ	cat-v|gen-m|num-s|pers-3|case-0|vib-|tam-|chunkId-VG|chunkType-head|stype-|voicetype-	0	root	_	_
3	Gandhi	'	nnp	NNP	cat-|gen-|num-|pers-|case-|vib-|tam-|chunkId-NP2|chunkType-head|stype-|voicetype-	6	ccof	_	_
4	,	'	sym	SYM	cat-|gen-|num-|pers-|case-|vib-|tam-|chunkId-Gandhi|chunkType-child|stype-|voicetype-	3	child	_	_
5	Nehru	'	nnp	NNP	cat-|gen-|num-|pers-|case-|vib-|tam-|chunkId-NP3|chunkType-head|stype-|voicetype-	6	ccof	_	_
6	and	and	Conj	CC	cat-Conj|gen-m|num-s|pers-3|case-0|vib-|tam-|chunkId-CCP|chunkType-head|stype-|voicetype-	2	k2	_	_
7	Jinnah	'	nnp	NNP	cat-|gen-|num-|pers-|case-|vib-|tam-|chunkId-NP4|chunkType-head|stype-|voicetype-	6	ccof	_	_
8	Sheikh	sheik	n	SYM	cat-n|gen-m|num-s|pers-3|case-0|vib-|tam-|chunkId-Jinnah|chunkType-child|stype-|voicetype-	7	child	_	_
9	Abdullah	'	nnp	NNP	cat-|gen-|num-|pers-|case-|vib-|tam-|chunkId-Jinnah|chunkType-child|stype-|voicetype-	7	child	_	_
10	responsible	responsible	adj	JJ	cat-adj|gen-m|num-s|pers-3|case-0|vib-|tam-|chunkId-ADJP|chunkType-head|stype-|voicetype-	2	k2s	_	_
11	for	for	p	IN	cat-p|gen-m|num-s|pers-3|case-0|vib-|tam-|chunkId-PP|chunkType-head|stype-|voicetype-	2	rt	_	_
12	Mukherjee	'	nnp	NNP	cat-|gen-|num-|pers-|case-|vib-|tam-|chunkId-for|chunkType-child|stype-|voicetype-	11	child	_	_
13	's	'	pos	POS	cat-|gen-|num-|pers-|case-|vib-|tam-|chunkId-for|chunkType-child|stype-|voicetype-	11	child	_	_
14	murder	murder	n	NNP	cat-n|gen-m|num-s|pers-3|case-0|vib-|tam-|chunkId-for|chunkType-child|stype-|voicetype-	11	child	_	_
15	.	'	sym	SYM	cat-|gen-|num-|pers-|case-|vib-|tam-|chunkId-for|chunkType-child|stype-|voicetype-	11	child	_	_

1	RSS	'	nnp	NNP	cat-|gen-|num-|pers-|case-|vib-|tam-|chunkId-NP|chunkType-head|stype-|voicetype-	6	k1	_	_
2	Chief	chief	n	NNP	cat-n|gen-m|num-s|pers-3|case-0|vib-|tam-|chunkId-RSS|chunkType-child|stype-|voicetype-	1	child	_	_
3	K	k	n	NNP	cat-n|gen-m|num-s|pers-3|case-0|vib-|tam-|chunkId-RSS|chunkType-child|stype-|voicetype-	1	child	_	_
4	C	c	n	NNP	cat-n|gen-m|num-s|pers-3|case-0|vib-|tam-|chunkId-RSS|chunkType-child|stype-|voicetype-	1	child	_	_
5	Sudarshan	'	nnp	NNP	cat-|gen-|num-|pers-|case-|vib-|tam-|chunkId-RSS|chunkType-child|stype-|voicetype-	1	child	_	_
6	blamed	blame	v	VBD	cat-v|gen-m|num-s|pers-3|case-0|vib-|tam-|chunkId-VG|chunkType-head|stype-|voicetype-	0	root	_	_
7	Gandhi	'	nnp	NNP	cat-|gen-|num-|pers-|case-|vib-|tam-|chunkId-NP2|chunkType-head|stype-|voicetype-	10	ccof	_	_
8	,	'	sym	SYM	cat-|gen-|num-|pers-|case-|vib-|tam-|chunkId-Gandhi|chunkType-child|stype-|voicetype-	7	child	_	_
9	Nehru	'	nnp	NNP	cat-|gen-|num-|pers-|case-|vib-|tam-|chunkId-NP3|chunkType-head|stype-|voicetype-	10	ccof	_	_
10	and	and	Conj	CC	cat-Conj|gen-m|num-s|pers-3|case-0|vib-|tam-|chunkId-CCP|chunkType-head|stype-|voicetype-	6	k2	_	_
11	Jinnah	'	nnp	NNP	cat-|gen-|num-|pers-|case-|vib-|tam-|chunkId-NP4|chunkType-head|stype-|voicetype-	10	ccof	_	_
12	for	for	p	IN	cat-p|gen-m|num-s|pers-3|case-0|vib-|tam-|chunkId-PP|chunkType-head|stype-|voicetype-	6	rt	_	_
13	the	the	det	DT	cat-det|gen-m|num-s|pers-3|case-0|vib-|tam-|chunkId-for|chunkType-child|stype-|voicetype-	12	child	_	_
14	country	country	n	NN	cat-n|gen-m|num-s|pers-3|case-0|vib-|tam-|chunkId-for|chunkType-child|stype-|voicetype-	12	child	_	_
15	's	'	pos	POS	cat-|gen-|num-|pers-|case-|vib-|tam-|chunkId-for|chunkType-child|stype-|voicetype-	12	child	_	_
16	religious	religious	adj	JJ	cat-adj|gen-m|num-s|pers-3|case-0|vib-|tam-|chunkId-ADJP|chunkType-head|stype-|voicetype-	19	ccof	_	_
17	,	comma	punc	SYM	cat-punc|gen-n|num-s|pers-3|case-0|vib-|tam-|chunkId-religious|chunkType-child|stype-|voicetype-	16	child	_	_
18	political	political	adj	JJ	cat-adj|gen-m|num-s|pers-3|case-0|vib-|tam-|chunkId-ADJP2|chunkType-head|stype-|voicetype-	19	ccof	_	_
19	and	and	Conj	CC	cat-Conj|gen-m|num-s|pers-3|case-0|vib-|tam-|chunkId-CCP2|chunkType-head|stype-|voicetype-	12	r6	_	_
20	social	social	adj	JJ	cat-adj|gen-m|num-s|pers-3|case-0|vib-|tam-|chunkId-NP6|chunkType-head|stype-|voicetype-	19	ccof	_	_
21	problems	problem	n	NNS	cat-n|gen-m|num-p|pers-3|case-0|vib-|tam-|chunkId-social|chunkType-child|stype-|voicetype-	20	child	_	_
22	at	at	p	IN	cat-p|gen-m|num-s|pers-3|case-0|vib-|tam-|chunkId-PP2|chunkType-head|stype-|voicetype-	6	k7	_	_
23	a	a	det	DT	cat-det|gen-m|num-s|pers-3|case-0|vib-|tam-|chunkId-at|chunkType-child|stype-|voicetype-	22	child	_	_
24	Swayam	'	nnp	NNP	cat-|gen-|num-|pers-|case-|vib-|tam-|chunkId-at|chunkType-child|stype-|voicetype-	22	child	_	_
25	Sewak	'	nnp	NNP	cat-|gen-|num-|pers-|case-|vib-|tam-|chunkId-at|chunkType-child|stype-|voicetype-	22	child	_	_
26	meet	meet	v	VB	cat-v|gen-m|num-s|pers-3|case-0|vib-|tam-|chunkId-at|chunkType-child|stype-|voicetype-	22	child	_	_
27	held	hold	v	VBN	cat-v|gen-m|num-s|pers-3|case-0|vib-|tam-|chunkId-VG2|chunkType-head|stype-|voicetype-	22	nmod	_	_
28	at	at	p	IN	cat-p|gen-m|num-s|pers-3|case-0|vib-|tam-|chunkId-PP3|chunkType-head|stype-|voicetype-	27	k7p	_	_
29	the	the	det	DT	cat-det|gen-m|num-s|pers-3|case-0|vib-|tam-|chunkId-at2|chunkType-child|stype-|voicetype-	28	child	_	_
30	local	local	adj	JJ	cat-adj|gen-m|num-s|pers-3|case-0|vib-|tam-|chunkId-at2|chunkType-child|stype-|voicetype-	28	child	_	_
31	mini	mini	n	NN	cat-n|gen-m|num-s|pers-3|case-0|vib-|tam-|chunkId-at2|chunkType-child|stype-|voicetype-	28	child	_	_
32	stadium	stadium	n	NN	cat-n|gen-m|num-s|pers-3|case-0|vib-|tam-|chunkId-at2|chunkType-child|stype-|voicetype-	28	child	_	_
33	here	here	D	RB	cat-D|gen-m|num-s|pers-3|case-0|vib-|tam-|chunkId-ADVP|chunkType-head|stype-|voicetype-	27	k7p	_	_
34	.	.	punc	SYM	cat-punc|gen-n|num-s|pers-3|case-0|vib-|tam-|chunkId-here|chunkType-child|stype-|voicetype-	33	child	_	_

1	He	he	P	PRP	cat-P|gen-m|num-s|pers-3|case-0|vib-|tam-|chunkId-NP|chunkType-head|stype-|voicetype-	2	k1	_	_
2	said	say	v	VBD	cat-v|gen-m|num-s|pers-3|case-0|vib-|tam-|chunkId-VG|chunkType-head|stype-|voicetype-	0	root	_	_
3	Congress	congress	n	NNP	cat-n|gen-m|num-s|pers-3|case-0|vib-|tam-|chunkId-NP2|chunkType-head|stype-|voicetype-	12	k1	_	_
4	's	'	pos	POS	cat-|gen-|num-|pers-|case-|vib-|tam-|chunkId-Congress|chunkType-child|stype-|voicetype-	3	child	_	_
5	support	support	n	NN	cat-n|gen-m|num-s|pers-3|case-0|vib-|tam-|chunkId-Congress|chunkType-child|stype-|voicetype-	3	child	_	_
6	of	of	p	IN	cat-p|gen-m|num-s|pers-3|case-0|vib-|tam-|chunkId-PP|chunkType-head|stype-|voicetype-	3	r6	_	_
7	the	the	det	DT	cat-det|gen-m|num-s|pers-3|case-0|vib-|tam-|chunkId-of|chunkType-child|stype-|voicetype-	6	child	_	_
8	1920	'	cd	CD	cat-|gen-|num-|pers-|case-|vib-|tam-|chunkId-of|chunkType-child|stype-|voicetype-	6	child	_	_
9	's	'	pos	POS	cat-|gen-|num-|pers-|case-|vib-|tam-|chunkId-of|chunkType-child|stype-|voicetype-	6	child	_	_
10	Khilafat	'	nnp	NNP	cat-|gen-|num-|pers-|case-|vib-|tam-|chunkId-of|chunkType-child|stype-|voicetype-	6	child	_	_
11	movement	movement	n	NN	cat-n|gen-m|num-s|pers-3|case-0|vib-|tam-|chunkId-of|chunkType-child|stype-|voicetype-	6	child	_	_
12	was	be	v	VBD	cat-v|gen-m|num-s|pers-1|case-0|vib-|tam-|chunkId-VG2|chunkType-head|stype-|voicetype-	2	k2	_	_
13	a	a	det	DT	cat-det|gen-m|num-s|pers-3|case-0|vib-|tam-|chunkId-NP4|chunkType-head|stype-|voicetype-	12	k1s	_	_
14	mistake	mistake	n	NN	cat-n|gen-m|num-s|pers-3|case-0|vib-|tam-|chunkId-a|chunkType-child|stype-|voicetype-	13	child	_	_
15	.	.	punc	SYM	cat-punc|gen-n|num-s|pers-3|case-0|vib-|tam-|chunkId-a|chunkType-child|stype-|voicetype-	13	child	_	_

1	Due	due	adj	JJ	cat-adj|gen-m|num-s|pers-3|case-0|vib-|tam-|chunkId-PP|chunkType-head|stype-|voicetype-	6	rh	_	_
2	to	to	p	TO	cat-p|gen-m|num-s|pers-3|case-0|vib-|tam-|chunkId-Due|chunkType-child|stype-|voicetype-	1	child	_	_
3	this	it	P	PRP	cat-P|gen-m|num-s|pers-3|case-0|vib-|tam-|chunkId-Due|chunkType-child|stype-|voicetype-	1	child	_	_
4	,	comma	punc	SYM	cat-punc|gen-n|num-s|pers-3|case-0|vib-|tam-|chunkId-Due|chunkType-child|stype-|voicetype-	1	child	_	_
5	muslims	'	nns	NNS	cat-|gen-|num-|pers-|case-|vib-|tam-|chunkId-NP2|chunkType-head|stype-|voicetype-	6	k1	_	_
6	dominated	dominate	v	VBD	cat-v|gen-m|num-s|pers-3|case-0|vib-|tam-|chunkId-VG|chunkType-head|stype-|voicetype-	0	root	_	_
7	the	the	det	DT	cat-det|gen-m|num-s|pers-3|case-0|vib-|tam-|chunkId-NP3|chunkType-head|stype-|voicetype-	6	k2	_	_
8	nation	nation	n	NN	cat-n|gen-m|num-s|pers-3|case-0|vib-|tam-|chunkId-the|chunkType-child|stype-|voicetype-	7	child	_	_
9	.	.	punc	SYM	cat-punc|gen-n|num-s|pers-3|case-0|vib-|tam-|chunkId-the|chunkType-child|stype-|voicetype-	7	child	_	_

1	He	he	P	PRP	cat-P|gen-m|num-s|pers-3|case-0|vib-|tam-|chunkId-NP|chunkType-head|stype-|voicetype-	2	k1	_	_
2	accused	accuse	v	VBD	cat-v|gen-m|num-s|pers-3|case-0|vib-|tam-|chunkId-VG|chunkType-head|stype-|voicetype-	0	root	_	_
3	the	the	det	DT	cat-det|gen-m|num-s|pers-3|case-0|vib-|tam-|chunkId-NP2|chunkType-head|stype-|voicetype-	2	k2	_	_
4	Sheikh	sheik	n	NNP	cat-n|gen-m|num-s|pers-3|case-0|vib-|tam-|chunkId-the|chunkType-child|stype-|voicetype-	3	child	_	_
5	Abdullah	'	nnp	NNP	cat-|gen-|num-|pers-|case-|vib-|tam-|chunkId-the|chunkType-child|stype-|voicetype-	3	child	_	_
6	government	government	n	NN	cat-n|gen-m|num-s|pers-3|case-0|vib-|tam-|chunkId-the|chunkType-child|stype-|voicetype-	3	child	_	_
7	of	of	p	IN	cat-p|gen-m|num-s|pers-3|case-0|vib-|tam-|chunkId-PP|chunkType-head|stype-|voicetype-	2	vmod	_	_
8	having	have	v	VBG	cat-v|gen-m|num-s|pers-3|case-0|vib-|tam-|chunkId-of|chunkType-child|stype-|voicetype-	7	child	_	_
9	a	a	det	DT	cat-det|gen-m|num-s|pers-3|case-0|vib-|tam-|chunkId-NP3|chunkType-head|stype-|voicetype-	7	k2	_	_
10	hand	hand	n	NN	cat-n|gen-m|num-s|pers-3|case-0|vib-|tam-|chunkId-a|chunkType-child|stype-|voicetype-	9	child	_	_
11	in	in	p	IN	cat-p|gen-m|num-s|pers-3|case-0|vib-|tam-|chunkId-PP2|chunkType-head|stype-|voicetype-	7	k7	_	_
12	Dr.	'	nnp	NNP	cat-|gen-|num-|pers-|case-|vib-|tam-|chunkId-in|chunkType-child|stype-|voicetype-	11	child	_	_
13	Shyama	'	nnp	NNP	cat-|gen-|num-|pers-|case-|vib-|tam-|chunkId-in|chunkType-child|stype-|voicetype-	11	child	_	_
14	Prasad	'	nnp	NNP	cat-|gen-|num-|pers-|case-|vib-|tam-|chunkId-in|chunkType-child|stype-|voicetype-	11	child	_	_
15	Mukherjee	'	nnp	NNP	cat-|gen-|num-|pers-|case-|vib-|tam-|chunkId-in|chunkType-child|stype-|voicetype-	11	child	_	_
16	's	'	pos	POS	cat-|gen-|num-|pers-|case-|vib-|tam-|chunkId-in|chunkType-child|stype-|voicetype-	11	child	_	_
17	murder	murder	n	NN	cat-n|gen-m|num-s|pers-3|case-0|vib-|tam-|chunkId-in|chunkType-child|stype-|voicetype-	11	child	_	_
18	.	.	punc	SYM	cat-punc|gen-n|num-s|pers-3|case-0|vib-|tam-|chunkId-in|chunkType-child|stype-|voicetype-	11	child	_	_

1	He	he	P	PRP	cat-P|gen-m|num-s|pers-3|case-0|vib-|tam-|chunkId-NP|chunkType-head|stype-|voicetype-	2	k2	_	_
2	was	be	v	VBD	cat-v|gen-m|num-s|pers-3|case-0|vib-|tam-|chunkId-VG|chunkType-head|stype-|voicetype-	0	root	_	_
3	murdered	murder	v	VBN	cat-v|gen-m|num-s|pers-3|case-0|vib-|tam-|chunkId-was|chunkType-child|stype-|voicetype-	2	child	_	_
4	in	in	p	IN	cat-p|gen-m|num-s|pers-3|case-0|vib-|tam-|chunkId-PP|chunkType-head|stype-|voicetype-	2	k7p	_	_
5	prison	prison	n	NN	cat-n|gen-m|num-s|pers-3|case-0|vib-|tam-|chunkId-in|chunkType-child|stype-|voicetype-	4	child	_	_
6	by	by	p	IN	cat-p|gen-m|num-s|pers-3|case-0|vib-|tam-|chunkId-PP2|chunkType-head|stype-|voicetype-	2	vmod	_	_
7	being	be	v	VBG	cat-v|gen-m|num-s|pers-3|case-0|vib-|tam-|chunkId-by|chunkType-child|stype-|voicetype-	6	child	_	_
8	fed	feed	v	VBN	cat-v|gen-m|num-s|pers-3|case-0|vib-|tam-|chunkId-by|chunkType-child|stype-|voicetype-	6	child	_	_
9	wrong	wrong	adj	JJ	cat-adj|gen-m|num-s|pers-3|case-0|vib-|tam-|chunkId-NP3|chunkType-head|stype-|voicetype-	6	k2	_	_
10	medicines	medicine	n	NNS	cat-n|gen-m|num-p|pers-3|case-0|vib-|tam-|chunkId-wrong|chunkType-child|stype-|voicetype-	9	child	_	_
11	.	.	punc	SYM	cat-punc|gen-n|num-s|pers-3|case-0|vib-|tam-|chunkId-wrong|chunkType-child|stype-|voicetype-	9	child	_	_

1	The	the	det	DT	cat-det|gen-m|num-s|pers-3|case-0|vib-|tam-|chunkId-NP|chunkType-head|stype-|voicetype-	4	k1	_	_
2	RSS	'	nnp	NNP	cat-|gen-|num-|pers-|case-|vib-|tam-|chunkId-The|chunkType-child|stype-|voicetype-	1	child	_	_
3	chief	chief	n	NN	cat-n|gen-m|num-s|pers-3|case-0|vib-|tam-|chunkId-The|chunkType-child|stype-|voicetype-	1	child	_	_
4	reiterated	reiterate	v	VBD	cat-v|gen-m|num-s|pers-3|case-0|vib-|tam-|chunkId-VG|chunkType-head|stype-|voicetype-	0	root	_	_
5	that	that	Comp	IN	cat-Comp|gen-m|num-s|pers-3|case-0|vib-|tam-|chunkId-CCP|chunkType-head|stype-|voicetype-	4	k2	_	_
6	the	the	det	DT	cat-det|gen-m|num-s|pers-3|case-0|vib-|tam-|chunkId-NP2|chunkType-head|stype-|voicetype-	8	k1	_	_
7	Sangh	'	nnp	NNP	cat-|gen-|num-|pers-|case-|vib-|tam-|chunkId-the|chunkType-child|stype-|voicetype-	6	child	_	_
8	has	have	v	VBZ	cat-v|gen-m|num-s|pers-3|case-0|vib-|tam-|chunkId-VG2|chunkType-head|stype-|voicetype-	5	ccof	_	_
9	different	different	adj	JJ	cat-adj|gen-m|num-s|pers-3|case-0|vib-|tam-|chunkId-NP3|chunkType-head|stype-|voicetype-	11	ccof	_	_
10	bodies	body	n	NNS	cat-n|gen-m|num-p|pers-3|case-0|vib-|tam-|chunkId-different|chunkType-child|stype-|voicetype-	9	child	_	_
11	but	but	Conj	CC	cat-Conj|gen-m|num-s|pers-3|case-0|vib-|tam-|chunkId-CCP2|chunkType-head|stype-|voicetype-	8	k2	_	_
12	one	one	num	CD	cat-num|gen-m|num-s|pers-3|case-0|vib-|tam-|chunkId-NP4|chunkType-head|stype-|voicetype-	11	ccof	_	_
13	ideology	ideology	n	NN	cat-n|gen-m|num-s|pers-3|case-0|vib-|tam-|chunkId-one|chunkType-child|stype-|voicetype-	12	child	_	_
14	.	.	punc	SYM	cat-punc|gen-n|num-s|pers-3|case-0|vib-|tam-|chunkId-one|chunkType-child|stype-|voicetype-	12	child	_	_

1	Sudarshan	'	nnp	NNP	cat-|gen-|num-|pers-|case-|vib-|tam-|chunkId-NP|chunkType-head|stype-|voicetype-	2	k1	_	_
2	said	say	v	VBD	cat-v|gen-m|num-s|pers-3|case-0|vib-|tam-|chunkId-VG|chunkType-head|stype-|voicetype-	0	root	_	_
3	,	comma	punc	SYM	cat-punc|gen-n|num-s|pers-3|case-0|vib-|tam-|chunkId-said|chunkType-child|stype-|voicetype-	2	child	_	_
4	the	the	det	DT	cat-det|gen-m|num-s|pers-3|case-0|vib-|tam-|chunkId-NP2|chunkType-head|stype-|voicetype-	7	k1	_	_
5	Indian	'	jj	JJ	cat-|gen-|num-|pers-|case-|vib-|tam-|chunkId-the|chunkType-child|stype-|voicetype-	4	child	_	_
6	muslims	'	nns	NNS	cat-|gen-|num-|pers-|case-|vib-|tam-|chunkId-the|chunkType-child|stype-|voicetype-	4	child	_	_
7	did	do	v	VBD	cat-v|gen-m|num-s|pers-3|case-0|vib-|tam-|chunkId-VG2|chunkType-head|stype-|voicetype-	2	k2	_	_
8	not	not	D	RB	cat-D|gen-m|num-s|pers-3|case-0|vib-|tam-|chunkId-did|chunkType-child|stype-|voicetype-	7	child	_	_
9	like	like	v	VB	cat-v|gen-m|num-s|pers-3|case-0|vib-|tam-|chunkId-did|chunkType-child|stype-|voicetype-	7	child	_	_
10	the	the	det	DT	cat-det|gen-m|num-s|pers-3|case-0|vib-|tam-|chunkId-NP3|chunkType-head|stype-|voicetype-	7	k2	_	_
11	fact	fact	n	NN	cat-n|gen-m|num-s|pers-3|case-0|vib-|tam-|chunkId-the2|chunkType-child|stype-|voicetype-	10	child	_	_
12	that	that	Comp	IN	cat-Comp|gen-m|num-s|pers-3|case-0|vib-|tam-|chunkId-CCP|chunkType-head|stype-|voicetype-	10	rs	_	_
13	the	the	det	DT	cat-det|gen-m|num-s|pers-3|case-0|vib-|tam-|chunkId-NP4|chunkType-head|stype-|voicetype-	15	k1	_	_
14	British	'	nnp	NNP	cat-|gen-|num-|pers-|case-|vib-|tam-|chunkId-the3|chunkType-child|stype-|voicetype-	13	child	_	_
15	had	have	v	VBD	cat-v|gen-m|num-s|pers-3|case-0|vib-|tam-|chunkId-VG3|chunkType-head|stype-|voicetype-	12	ccof	_	_
16	dispossessed	'	vbn	VBN	cat-|gen-|num-|pers-|case-|vib-|tam-|chunkId-had|chunkType-child|stype-|voicetype-	15	child	_	_
17	Turkey	turkey	n	NNP	cat-n|gen-m|num-s|pers-3|case-0|vib-|tam-|chunkId-NP5|chunkType-head|stype-|voicetype-	15	k2	_	_
18	of	of	p	IN	cat-p|gen-m|num-s|pers-3|case-0|vib-|tam-|chunkId-PP|chunkType-head|stype-|voicetype-	15	k5	_	_
19	the	the	det	DT	cat-det|gen-m|num-s|pers-3|case-0|vib-|tam-|chunkId-of|chunkType-child|stype-|voicetype-	18	child	_	_
20	Khalifa	'	nnp	NNP	cat-|gen-|num-|pers-|case-|vib-|tam-|chunkId-of|chunkType-child|stype-|voicetype-	18	child	_	_
21	's	'	pos	POS	cat-|gen-|num-|pers-|case-|vib-|tam-|chunkId-of|chunkType-child|stype-|voicetype-	18	child	_	_
22	chair	chair	n	NN	cat-n|gen-m|num-s|pers-3|case-0|vib-|tam-|chunkId-of|chunkType-child|stype-|voicetype-	18	child	_	_
23	during	during	p	IN	cat-p|gen-m|num-s|pers-3|case-0|vib-|tam-|chunkId-PP2|chunkType-head|stype-|voicetype-	15	k7t	_	_
24	the	the	det	DT	cat-det|gen-m|num-s|pers-3|case-0|vib-|tam-|chunkId-during|chunkType-child|stype-|voicetype-	23	child	_	_
25	first	first	adj	JJ	cat-adj|gen-m|num-s|pers-3|case-0|vib-|tam-|chunkId-during|chunkType-child|stype-|voicetype-	23	child	_	_
26	world	world	n	NN	cat-n|gen-m|num-s|pers-3|case-0|vib-|tam-|chunkId-during|chunkType-child|stype-|voicetype-	23	child	_	_
27	war	war	n	NN	cat-n|gen-m|num-s|pers-3|case-0|vib-|tam-|chunkId-during|chunkType-child|stype-|voicetype-	23	child	_	_
28	.	.	punc	SYM	cat-punc|gen-n|num-s|pers-3|case-0|vib-|tam-|chunkId-during|chunkType-child|stype-|voicetype-	23	child	_	_

1	Mahatma	mahatma	n	NNP	cat-n|gen-m|num-s|pers-3|case-0|vib-|tam-|chunkId-NP|chunkType-head|stype-|voicetype-	3	k1	_	_
2	Gandhi	'	nnp	NNP	cat-|gen-|num-|pers-|case-|vib-|tam-|chunkId-Mahatma|chunkType-child|stype-|voicetype-	1	child	_	_
3	decided	decide	v	VBD	cat-v|gen-m|num-s|pers-3|case-0|vib-|tam-|chunkId-VG|chunkType-head|stype-|voicetype-	0	root	_	_
4	to	to	p	TO	cat-p|gen-m|num-s|pers-3|case-0|vib-|tam-|chunkId-VG2|chunkType-head|stype-|voicetype-	3	k2	_	_
5	support	support	v	VB	cat-v|gen-m|num-s|pers-3|case-0|vib-|tam-|chunkId-to|chunkType-child|stype-|voicetype-	4	child	_	_
6	the	the	det	DT	cat-det|gen-m|num-s|pers-3|case-0|vib-|tam-|chunkId-NP2|chunkType-head|stype-|voicetype-	4	k2	_	_
7	protests	protest	n	NNS	cat-n|gen-m|num-p|pers-3|case-0|vib-|tam-|chunkId-the|chunkType-child|stype-|voicetype-	6	child	_	_
8	initiated	initiate	v	VBN	cat-v|gen-m|num-s|pers-3|case-0|vib-|tam-|chunkId-VG3|chunkType-head|stype-|voicetype-	6	nmod	_	_
9	by	by	p	IN	cat-p|gen-m|num-s|pers-3|case-0|vib-|tam-|chunkId-PP|chunkType-head|stype-|voicetype-	8	k1	_	_
10	the	the	det	DT	cat-det|gen-m|num-s|pers-3|case-0|vib-|tam-|chunkId-by|chunkType-child|stype-|voicetype-	9	child	_	_
11	Muslim	'	nnp	NNP	cat-|gen-|num-|pers-|case-|vib-|tam-|chunkId-by|chunkType-child|stype-|voicetype-	9	child	_	_
12	society	society	n	NN	cat-n|gen-m|num-s|pers-3|case-0|vib-|tam-|chunkId-by|chunkType-child|stype-|voicetype-	9	child	_	_
13	against	against	p	IN	cat-p|gen-m|num-s|pers-3|case-0|vib-|tam-|chunkId-PP2|chunkType-head|stype-|voicetype-	8	vmod	_	_
14	this	this	det	DT	cat-det|gen-m|num-s|pers-3|case-0|vib-|tam-|chunkId-against|chunkType-child|stype-|voicetype-	13	child	_	_
15	.	.	punc	SYM	cat-punc|gen-n|num-s|pers-3|case-0|vib-|tam-|chunkId-against|chunkType-child|stype-|voicetype-	13	child	_	_

1	Dr.	'	nnp	NNP	cat-|gen-|num-|pers-|case-|vib-|tam-|chunkId-NP|chunkType-head|stype-|voicetype-	3	ccof	_	_
2	Hedgewar	'	nnp	NNP	cat-|gen-|num-|pers-|case-|vib-|tam-|chunkId-Dr.|chunkType-child|stype-|voicetype-	1	child	_	_
3	and	and	Conj	CC	cat-Conj|gen-m|num-s|pers-3|case-0|vib-|tam-|chunkId-CCP|chunkType-head|stype-|voicetype-	8	k1	_	_
4	Pandit	pundit	n	NNP	cat-n|gen-m|num-s|pers-3|case-0|vib-|tam-|chunkId-NP2|chunkType-head|stype-|voicetype-	3	ccof	_	_
5	Madan	'	nnp	NNP	cat-|gen-|num-|pers-|case-|vib-|tam-|chunkId-Pandit|chunkType-child|stype-|voicetype-	4	child	_	_
6	Mohan	'	nnp	NNP	cat-|gen-|num-|pers-|case-|vib-|tam-|chunkId-Pandit|chunkType-child|stype-|voicetype-	4	child	_	_
7	Malviya	'	nnp	NNP	cat-|gen-|num-|pers-|case-|vib-|tam-|chunkId-Pandit|chunkType-child|stype-|voicetype-	4	child	_	_
8	protesting	protest	v	VBG	cat-v|gen-m|num-s|pers-3|case-0|vib-|tam-|chunkId-VG|chunkType-head|stype-|voicetype-	11	k1	_	_
9	against	against	p	IN	cat-p|gen-m|num-s|pers-3|case-0|vib-|tam-|chunkId-PP|chunkType-head|stype-|voicetype-	8	vmod	_	_
10	this	this	det	DT	cat-det|gen-m|num-s|pers-3|case-0|vib-|tam-|chunkId-against|chunkType-child|stype-|voicetype-	9	child	_	_
11	warned	warn	v	VBD	cat-v|gen-m|num-s|pers-3|case-0|vib-|tam-|chunkId-VG2|chunkType-head|stype-|voicetype-	0	root	_	_
12	against	against	p	IN	cat-p|gen-m|num-s|pers-3|case-0|vib-|tam-|chunkId-PP2|chunkType-head|stype-|voicetype-	11	vmod	_	_
13	its	it	P	PRP$	cat-P|gen-m|num-s|pers-3|case-0|vib-|tam-|chunkId-against2|chunkType-child|stype-|voicetype-	12	child	_	_
14	negative	negative	adj	JJ	cat-adj|gen-m|num-s|pers-3|case-0|vib-|tam-|chunkId-against2|chunkType-child|stype-|voicetype-	12	child	_	_
15	impact	impact	n	NN	cat-n|gen-m|num-s|pers-3|case-0|vib-|tam-|chunkId-against2|chunkType-child|stype-|voicetype-	12	child	_	_
16	.	.	punc	SYM	cat-punc|gen-n|num-s|pers-3|case-0|vib-|tam-|chunkId-against2|chunkType-child|stype-|voicetype-	12	child	_	_

1	But	but	Conj	CC	cat-Conj|gen-m|num-s|pers-3|case-0|vib-|tam-|chunkId-CCP|chunkType-head|stype-|voicetype-	3	sent-adv	_	_
2	Gandhi	'	nnp	NNP	cat-|gen-|num-|pers-|case-|vib-|tam-|chunkId-NP|chunkType-head|stype-|voicetype-	3	k1	_	_
3	dismissed	dismiss	v	VBD	cat-v|gen-m|num-s|pers-3|case-0|vib-|tam-|chunkId-VG|chunkType-head|stype-|voicetype-	0	root	_	_
4	this	this	det	DT	cat-det|gen-m|num-s|pers-3|case-0|vib-|tam-|chunkId-NP2|chunkType-head|stype-|voicetype-	3	k2	_	_
5	.	.	punc	SYM	cat-punc|gen-n|num-s|pers-3|case-0|vib-|tam-|chunkId-this|chunkType-child|stype-|voicetype-	4	child	_	_

1	For	for	p	IN	cat-p|gen-m|num-s|pers-3|case-0|vib-|tam-|chunkId-PP|chunkType-head|stype-|voicetype-	5	k7t	_	_
2	two	two	num	CD	cat-num|gen-m|num-s|pers-3|case-0|vib-|tam-|chunkId-For|chunkType-child|stype-|voicetype-	1	child	_	_
3	years	year	n	NNS	cat-n|gen-m|num-p|pers-3|case-0|vib-|tam-|chunkId-For|chunkType-child|stype-|voicetype-	1	child	_	_
4	Gandhi	'	nnp	NNP	cat-|gen-|num-|pers-|case-|vib-|tam-|chunkId-NP2|chunkType-head|stype-|voicetype-	5	k1	_	_
5	supported	support	v	VBD	cat-v|gen-m|num-s|pers-3|case-0|vib-|tam-|chunkId-VG|chunkType-head|stype-|voicetype-	0	root	_	_
6	the	the	det	DT	cat-det|gen-m|num-s|pers-3|case-0|vib-|tam-|chunkId-NP3|chunkType-head|stype-|voicetype-	5	k2	_	_
7	movement	movement	n	NN	cat-n|gen-m|num-s|pers-3|case-0|vib-|tam-|chunkId-the|chunkType-child|stype-|voicetype-	6	child	_	_
8	touring	tour	v	VBG	cat-v|gen-m|num-s|pers-3|case-0|vib-|tam-|chunkId-VG2|chunkType-head|stype-|voicetype-	5	vmod	_	_
9	the	the	det	DT	cat-det|gen-m|num-s|pers-3|case-0|vib-|tam-|chunkId-NP4|chunkType-head|stype-|voicetype-	8	k7p	_	_
10	country	country	n	NN	cat-n|gen-m|num-s|pers-3|case-0|vib-|tam-|chunkId-the2|chunkType-child|stype-|voicetype-	9	child	_	_
11	alongwith	'	vb	VB	cat-|gen-|num-|pers-|case-|vib-|tam-|chunkId-NP5|chunkType-head|stype-|voicetype-	15	ccof	_	_
12	Maulana	'	nnp	NNP	cat-|gen-|num-|pers-|case-|vib-|tam-|chunkId-alongwith|chunkType-child|stype-|voicetype-	11	child	_	_
13	Mohammad	'	nnp	NNP	cat-|gen-|num-|pers-|case-|vib-|tam-|chunkId-alongwith|chunkType-child|stype-|voicetype-	11	child	_	_
14	Ali	'	nnp	NNP	cat-|gen-|num-|pers-|case-|vib-|tam-|chunkId-alongwith|chunkType-child|stype-|voicetype-	11	child	_	_
15	and	and	Conj	CC	cat-Conj|gen-m|num-s|pers-3|case-0|vib-|tam-|chunkId-CCP|chunkType-head|stype-|voicetype-	8	ras-k1	_	_
16	Maulana	'	nnp	NNP	cat-|gen-|num-|pers-|case-|vib-|tam-|chunkId-NP6|chunkType-head|stype-|voicetype-	15	ccof	_	_
17	Shaukat	'	nnp	NNP	cat-|gen-|num-|pers-|case-|vib-|tam-|chunkId-Maulana2|chunkType-child|stype-|voicetype-	16	child	_	_
18	Ali	'	nnp	NNP	cat-|gen-|num-|pers-|case-|vib-|tam-|chunkId-Maulana2|chunkType-child|stype-|voicetype-	16	child	_	_
19	.	.	punc	SYM	cat-punc|gen-n|num-s|pers-3|case-0|vib-|tam-|chunkId-Maulana2|chunkType-child|stype-|voicetype-	16	child	_	_

1	But	but	Conj	CC	cat-Conj|gen-m|num-s|pers-3|case-0|vib-|tam-|chunkId-CCP|chunkType-head|stype-|voicetype-	4	sent-adv	_	_
2	the	the	det	DT	cat-det|gen-m|num-s|pers-3|case-0|vib-|tam-|chunkId-NP|chunkType-head|stype-|voicetype-	4	k1	_	_
3	British	'	nnp	NNP	cat-|gen-|num-|pers-|case-|vib-|tam-|chunkId-the|chunkType-child|stype-|voicetype-	2	child	_	_
4	crushed	crush	v	VBN	cat-v|gen-m|num-s|pers-3|case-0|vib-|tam-|chunkId-VG|chunkType-head|stype-|voicetype-	0	root	_	_
5	the	the	det	DT	cat-det|gen-m|num-s|pers-3|case-0|vib-|tam-|chunkId-NP2|chunkType-head|stype-|voicetype-	4	k2	_	_
6	movement	movement	n	NN	cat-n|gen-m|num-s|pers-3|case-0|vib-|tam-|chunkId-the2|chunkType-child|stype-|voicetype-	5	child	_	_
7	in	in	p	IN	cat-p|gen-m|num-s|pers-3|case-0|vib-|tam-|chunkId-PP|chunkType-head|stype-|voicetype-	4	k7p	_	_
8	the	the	det	DT	cat-det|gen-m|num-s|pers-3|case-0|vib-|tam-|chunkId-in|chunkType-child|stype-|voicetype-	7	child	_	_
9	country	country	n	NN	cat-n|gen-m|num-s|pers-3|case-0|vib-|tam-|chunkId-in|chunkType-child|stype-|voicetype-	7	child	_	_
10	.	.	punc	SYM	cat-punc|gen-n|num-s|pers-3|case-0|vib-|tam-|chunkId-in|chunkType-child|stype-|voicetype-	7	child	_	_

1	Malabar	'	nnp	NNP	cat-|gen-|num-|pers-|case-|vib-|tam-|chunkId-NP|chunkType-head|stype-|voicetype-	4	k1	_	_
2	's	'	pos	POS	cat-|gen-|num-|pers-|case-|vib-|tam-|chunkId-Malabar|chunkType-child|stype-|voicetype-	1	child	_	_
3	Hindus	'	nns	NNS	cat-|gen-|num-|pers-|case-|vib-|tam-|chunkId-Malabar|chunkType-child|stype-|voicetype-	1	child	_	_
4	had	have	v	VBD	cat-v|gen-m|num-s|pers-3|case-0|vib-|tam-|chunkId-VG|chunkType-head|stype-|voicetype-	0	root	_	_
5	to	to	p	TO	cat-p|gen-m|num-s|pers-3|case-0|vib-|tam-|chunkId-VG2|chunkType-head|stype-|voicetype-	4	k2	_	_
6	face	face	v	VB	cat-v|gen-m|num-s|pers-3|case-0|vib-|tam-|chunkId-to|chunkType-child|stype-|voicetype-	5	child	_	_
7	the	the	det	DT	cat-det|gen-m|num-s|pers-3|case-0|vib-|tam-|chunkId-NP2|chunkType-head|stype-|voicetype-	5	k2	_	_
8	resulting	result	v	VBG	cat-v|gen-m|num-s|pers-3|case-0|vib-|tam-|chunkId-the|chunkType-child|stype-|voicetype-	7	child	_	_
9	consequences	consequence	n	NNS	cat-n|gen-m|num-p|pers-3|case-0|vib-|tam-|chunkId-the|chunkType-child|stype-|voicetype-	7	child	_	_
10	.	.	punc	SYM	cat-punc|gen-n|num-s|pers-3|case-0|vib-|tam-|chunkId-the|chunkType-child|stype-|voicetype-	7	child	_	_

1	Muslims	'	nnps	NNPS	cat-|gen-|num-|pers-|case-|vib-|tam-|chunkId-NP|chunkType-head|stype-|voicetype-	2	k1	_	_
2	let	let	v	VBD	cat-v|gen-m|num-s|pers-3|case-0|vib-|tam-|chunkId-VG|chunkType-head|stype-|voicetype-	0	root	_	_
3	out	out	particle	RP	cat-particle|gen-m|num-s|pers-3|case-0|vib-|tam-|chunkId-PRT|chunkType-head|stype-|voicetype-	2	pof	_	_
4	their	he	det	PRP$	cat-det|gen-m|num-p|pers-3|case-0|vib-|tam-|chunkId-NP2|chunkType-head|stype-|voicetype-	2	k2	_	_
5	anger	anger	n	NN	cat-n|gen-m|num-s|pers-3|case-0|vib-|tam-|chunkId-their|chunkType-child|stype-|voicetype-	4	child	_	_
6	over	over	p	IN	cat-p|gen-m|num-s|pers-3|case-0|vib-|tam-|chunkId-PP|chunkType-head|stype-|voicetype-	14	ccof	_	_
7	the	the	det	DT	cat-det|gen-m|num-s|pers-3|case-0|vib-|tam-|chunkId-over|chunkType-child|stype-|voicetype-	6	child	_	_
8	dispossession	'	nn	NN	cat-|gen-|num-|pers-|case-|vib-|tam-|chunkId-over|chunkType-child|stype-|voicetype-	6	child	_	_
9	of	of	p	IN	cat-p|gen-m|num-s|pers-3|case-0|vib-|tam-|chunkId-NP4|chunkType-head|stype-|voicetype-	6	r6	_	_
10	the	the	det	DT	cat-det|gen-m|num-s|pers-3|case-0|vib-|tam-|chunkId-of|chunkType-child|stype-|voicetype-	9	child	_	_
11	Khalifa	'	nnp	NNP	cat-|gen-|num-|pers-|case-|vib-|tam-|chunkId-of|chunkType-child|stype-|voicetype-	9	child	_	_
12	's	'	pos	POS	cat-|gen-|num-|pers-|case-|vib-|tam-|chunkId-of|chunkType-child|stype-|voicetype-	9	child	_	_
13	chair	chair	n	NN	cat-n|gen-m|num-s|pers-3|case-0|vib-|tam-|chunkId-of|chunkType-child|stype-|voicetype-	9	child	_	_
14	and	and	Conj	CC	cat-Conj|gen-m|num-s|pers-3|case-0|vib-|tam-|chunkId-CCP|chunkType-head|stype-|voicetype-	2	k7	_	_
15	the	the	det	DT	cat-det|gen-m|num-s|pers-3|case-0|vib-|tam-|chunkId-NP6|chunkType-head|stype-|voicetype-	14	ccof	_	_
16	failure	failure	n	NN	cat-n|gen-m|num-s|pers-3|case-0|vib-|tam-|chunkId-the3|chunkType-child|stype-|voicetype-	15	child	_	_
17	of	of	p	IN	cat-p|gen-m|num-s|pers-3|case-0|vib-|tam-|chunkId-PP2|chunkType-head|stype-|voicetype-	15	r6	_	_
18	the	the	det	DT	cat-det|gen-m|num-s|pers-3|case-0|vib-|tam-|chunkId-of2|chunkType-child|stype-|voicetype-	17	child	_	_
19	Khilafat	'	nnp	NNP	cat-|gen-|num-|pers-|case-|vib-|tam-|chunkId-of2|chunkType-child|stype-|voicetype-	17	child	_	_
20	movement	movement	n	NN	cat-n|gen-m|num-s|pers-3|case-0|vib-|tam-|chunkId-of2|chunkType-child|stype-|voicetype-	17	child	_	_
21	by	by	p	IN	cat-p|gen-m|num-s|pers-3|case-0|vib-|tam-|chunkId-PP3|chunkType-head|stype-|voicetype-	25	ccof	_	_
22	butchering	butcher	v	VBG	cat-v|gen-m|num-s|pers-3|case-0|vib-|tam-|chunkId-by|chunkType-child|stype-|voicetype-	21	child	_	_
23	1500	'	cd	CD	cat-|gen-|num-|pers-|case-|vib-|tam-|chunkId-NP8|chunkType-head|stype-|voicetype-	21	k2	_	_
24	hindus	'	nns	NNS	cat-|gen-|num-|pers-|case-|vib-|tam-|chunkId-1500|chunkType-child|stype-|voicetype-	23	child	_	_
25	and	and	Conj	CC	cat-Conj|gen-m|num-s|pers-3|case-0|vib-|tam-|chunkId-CCP2|chunkType-head|stype-|voicetype-	2	adv	_	_
26	by	by	p	IN	cat-p|gen-m|num-s|pers-3|case-0|vib-|tam-|chunkId-PP4|chunkType-head|stype-|voicetype-	25	ccof	_	_
27	converting	convert	v	VBG	cat-v|gen-m|num-s|pers-3|case-0|vib-|tam-|chunkId-by2|chunkType-child|stype-|voicetype-	26	child	_	_
28	twenty	twenty	num	CD	cat-num|gen-m|num-s|pers-3|case-0|vib-|tam-|chunkId-NP9|chunkType-head|stype-|voicetype-	26	k2	_	_
29	thousand	thousand	num	CD	cat-num|gen-m|num-s|pers-3|case-0|vib-|tam-|chunkId-twenty|chunkType-child|stype-|voicetype-	28	child	_	_
30	during	during	p	IN	cat-p|gen-m|num-s|pers-3|case-0|vib-|tam-|chunkId-PP5|chunkType-head|stype-|voicetype-	25	k7t	_	_
31	the	the	det	DT	cat-det|gen-m|num-s|pers-3|case-0|vib-|tam-|chunkId-during|chunkType-child|stype-|voicetype-	30	child	_	_
32	Malabar	'	nnp	NNP	cat-|gen-|num-|pers-|case-|vib-|tam-|chunkId-during|chunkType-child|stype-|voicetype-	30	child	_	_
33	riots	riot	n	NNS	cat-n|gen-m|num-p|pers-3|case-0|vib-|tam-|chunkId-during|chunkType-child|stype-|voicetype-	30	child	_	_
34	of	of	p	IN	cat-p|gen-m|num-s|pers-3|case-0|vib-|tam-|chunkId-PP6|chunkType-head|stype-|voicetype-	30	r6	_	_
35	1923	'	cd	CD	cat-|gen-|num-|pers-|case-|vib-|tam-|chunkId-of3|chunkType-child|stype-|voicetype-	34	child	_	_
36	.	.	punc	SYM	cat-punc|gen-n|num-s|pers-3|case-0|vib-|tam-|chunkId-of3|chunkType-child|stype-|voicetype-	34	child	_	_

1	He	he	P	PRP	cat-P|gen-m|num-s|pers-3|case-0|vib-|tam-|chunkId-NP|chunkType-head|stype-|voicetype-	2	k1	_	_
2	said	say	v	VBD	cat-v|gen-m|num-s|pers-3|case-0|vib-|tam-|chunkId-VG|chunkType-head|stype-|voicetype-	0	root	_	_
3	that	that	Comp	IN	cat-Comp|gen-m|num-s|pers-3|case-0|vib-|tam-|chunkId-CCP|chunkType-head|stype-|voicetype-	2	k2	_	_
4	twenty	twenty	det	CD	cat-det|gen-m|num-s|pers-3|case-0|vib-|tam-|chunkId-NP2|chunkType-head|stype-|voicetype-	8	k7t	_	_
5	years	year	n	NNS	cat-n|gen-m|num-p|pers-3|case-0|vib-|tam-|chunkId-twenty|chunkType-child|stype-|voicetype-	4	child	_	_
6	later	later	D	RB	cat-D|gen-m|num-s|pers-3|case-0|vib-|tam-|chunkId-twenty|chunkType-child|stype-|voicetype-	4	child	_	_
7	Jinnah	'	nnp	NNP	cat-|gen-|num-|pers-|case-|vib-|tam-|chunkId-NP3|chunkType-head|stype-|voicetype-	8	k1	_	_
8	again	again	D	RB	cat-D|gen-m|num-s|pers-3|case-0|vib-|tam-|chunkId-VG2|chunkType-head|stype-|voicetype-	3	ccof	_	_
9	instigated	instigate	v	VBD	cat-v|gen-m|num-s|pers-3|case-0|vib-|tam-|chunkId-again|chunkType-child|stype-|voicetype-	8	child	_	_
10	Muslim	'	nnp	NNP	cat-|gen-|num-|pers-|case-|vib-|tam-|chunkId-NP4|chunkType-head|stype-|voicetype-	8	k2	_	_
11	League	league	n	NNP	cat-n|gen-m|num-s|pers-3|case-0|vib-|tam-|chunkId-Muslim|chunkType-child|stype-|voicetype-	10	child	_	_
12	workers	worker	n	NNS	cat-n|gen-m|num-p|pers-3|case-0|vib-|tam-|chunkId-Muslim|chunkType-child|stype-|voicetype-	10	child	_	_
13	over	over	p	IN	cat-p|gen-m|num-s|pers-3|case-0|vib-|tam-|chunkId-PP|chunkType-head|stype-|voicetype-	8	k7	_	_
14	the	the	det	DT	cat-det|gen-m|num-s|pers-3|case-0|vib-|tam-|chunkId-over|chunkType-child|stype-|voicetype-	13	child	_	_
15	demand	demand	n	NN	cat-n|gen-m|num-s|pers-3|case-0|vib-|tam-|chunkId-over|chunkType-child|stype-|voicetype-	13	child	_	_
16	of	of	p	IN	cat-p|gen-m|num-s|pers-3|case-0|vib-|tam-|chunkId-PP2|chunkType-head|stype-|voicetype-	13	r6	_	_
17	Pakistan	'	nnp	NNP	cat-|gen-|num-|pers-|case-|vib-|tam-|chunkId-of|chunkType-child|stype-|voicetype-	16	child	_	_
18	.	.	punc	SYM	cat-punc|gen-n|num-s|pers-3|case-0|vib-|tam-|chunkId-of|chunkType-child|stype-|voicetype-	16	child	_	_

1	Jinnah	'	nnp	NNP	cat-|gen-|num-|pers-|case-|vib-|tam-|chunkId-NP|chunkType-head|stype-|voicetype-	3	k1	_	_
2	also	also	D	RB	cat-D|gen-m|num-s|pers-3|case-0|vib-|tam-|chunkId-ADVP|chunkType-head|stype-|voicetype-	3	vmod	_	_
3	instigated	instigate	v	VBD	cat-v|gen-m|num-s|pers-3|case-0|vib-|tam-|chunkId-VG|chunkType-head|stype-|voicetype-	0	root	_	_
4	riots	riot	n	NNS	cat-n|gen-m|num-p|pers-3|case-0|vib-|tam-|chunkId-NP2|chunkType-head|stype-|voicetype-	3	k2	_	_
5	during	during	p	IN	cat-p|gen-m|num-s|pers-3|case-0|vib-|tam-|chunkId-PP|chunkType-head|stype-|voicetype-	3	k7t	_	_
6	the	the	det	DT	cat-det|gen-m|num-s|pers-3|case-0|vib-|tam-|chunkId-during|chunkType-child|stype-|voicetype-	5	child	_	_
7	period	period	n	NN	cat-n|gen-m|num-s|pers-3|case-0|vib-|tam-|chunkId-during|chunkType-child|stype-|voicetype-	5	child	_	_
8	of	of	p	IN	cat-p|gen-m|num-s|pers-3|case-0|vib-|tam-|chunkId-PP2|chunkType-head|stype-|voicetype-	5	r6	_	_
9	1940	'	cd	CD	cat-|gen-|num-|pers-|case-|vib-|tam-|chunkId-of|chunkType-child|stype-|voicetype-	8	child	_	_
10	-	'	sym	SYM	cat-|gen-|num-|pers-|case-|vib-|tam-|chunkId-of|chunkType-child|stype-|voicetype-	8	child	_	_
11	47	'	cd	CD	cat-|gen-|num-|pers-|case-|vib-|tam-|chunkId-of|chunkType-child|stype-|voicetype-	8	child	_	_
12	.	.	punc	SYM	cat-punc|gen-n|num-s|pers-3|case-0|vib-|tam-|chunkId-of|chunkType-child|stype-|voicetype-	8	child	_	_

1	In	in	p	IN	cat-p|gen-m|num-s|pers-3|case-0|vib-|tam-|chunkId-PP|chunkType-head|stype-|voicetype-	10	k7	_	_
2	these	these	det	DT	cat-det|gen-m|num-p|pers-3|case-0|vib-|tam-|chunkId-In|chunkType-child|stype-|voicetype-	1	child	_	_
3	conditions	condition	n	NNS	cat-n|gen-m|num-p|pers-3|case-0|vib-|tam-|chunkId-In|chunkType-child|stype-|voicetype-	1	child	_	_
4	the	the	det	DT	cat-det|gen-m|num-s|pers-3|case-0|vib-|tam-|chunkId-NP2|chunkType-head|stype-|voicetype-	10	k1	_	_
5	Rashtriya	'	nnp	NNP	cat-|gen-|num-|pers-|case-|vib-|tam-|chunkId-the|chunkType-child|stype-|voicetype-	4	child	_	_
6	Swayam	'	nnp	NNP	cat-|gen-|num-|pers-|case-|vib-|tam-|chunkId-the|chunkType-child|stype-|voicetype-	4	child	_	_
7	Sevak	'	nnp	NNP	cat-|gen-|num-|pers-|case-|vib-|tam-|chunkId-the|chunkType-child|stype-|voicetype-	4	child	_	_
8	Sangh	'	nnp	NNP	cat-|gen-|num-|pers-|case-|vib-|tam-|chunkId-the|chunkType-child|stype-|voicetype-	4	child	_	_
9	workers	worker	n	NNS	cat-n|gen-m|num-p|pers-3|case-0|vib-|tam-|chunkId-the|chunkType-child|stype-|voicetype-	4	child	_	_
10	took	take	v	VBD	cat-v|gen-m|num-s|pers-3|case-0|vib-|tam-|chunkId-VG|chunkType-head|stype-|voicetype-	0	root	_	_
11	on	on	p	IN	cat-p|gen-m|num-s|pers-3|case-0|vib-|tam-|chunkId-PP2|chunkType-head|stype-|voicetype-	10	pof	_	_
12	the	the	det	DT	cat-det|gen-m|num-s|pers-3|case-0|vib-|tam-|chunkId-NP3|chunkType-head|stype-|voicetype-	10	k2	_	_
13	task	task	n	NN	cat-n|gen-m|num-s|pers-3|case-0|vib-|tam-|chunkId-the2|chunkType-child|stype-|voicetype-	12	child	_	_
14	of	of	p	IN	cat-p|gen-m|num-s|pers-3|case-0|vib-|tam-|chunkId-PP3|chunkType-head|stype-|voicetype-	16	ccof	_	_
15	saving	save	v	VBG	cat-v|gen-m|num-s|pers-3|case-0|vib-|tam-|chunkId-of|chunkType-child|stype-|voicetype-	14	child	_	_
16	and	and	Conj	CC	cat-Conj|gen-m|num-s|pers-3|case-0|vib-|tam-|chunkId-CCP|chunkType-head|stype-|voicetype-	12	r6	_	_
17	resettling	resettle	v	VBG	cat-v|gen-m|num-s|pers-3|case-0|vib-|tam-|chunkId-VG2|chunkType-head|stype-|voicetype-	16	ccof	_	_
18	the	the	det	DT	cat-det|gen-m|num-s|pers-3|case-0|vib-|tam-|chunkId-NP4|chunkType-head|stype-|voicetype-	17	k2	_	_
19	Hindus	'	nnps	NNPS	cat-|gen-|num-|pers-|case-|vib-|tam-|chunkId-the3|chunkType-child|stype-|voicetype-	18	child	_	_
20	.	.	punc	SYM	cat-punc|gen-n|num-s|pers-3|case-0|vib-|tam-|chunkId-the3|chunkType-child|stype-|voicetype-	18	child	_	_

1	At	at	p	IN	cat-p|gen-m|num-s|pers-3|case-0|vib-|tam-|chunkId-PP|chunkType-head|stype-|voicetype-	8	k7t	_	_
2	that	the	det	DT	cat-det|gen-m|num-s|pers-3|case-0|vib-|tam-|chunkId-At|chunkType-child|stype-|voicetype-	1	child	_	_
3	time	time	n	NN	cat-n|gen-m|num-s|pers-3|case-0|vib-|tam-|chunkId-At|chunkType-child|stype-|voicetype-	1	child	_	_
4	the	the	det	DT	cat-det|gen-m|num-s|pers-3|case-0|vib-|tam-|chunkId-NP2|chunkType-head|stype-|voicetype-	8	k1	_	_
5	country	country	n	NN	cat-n|gen-m|num-s|pers-3|case-0|vib-|tam-|chunkId-the|chunkType-child|stype-|voicetype-	4	child	_	_
6	's	'	pos	POS	cat-|gen-|num-|pers-|case-|vib-|tam-|chunkId-the|chunkType-child|stype-|voicetype-	4	child	_	_
7	leaders	leader	n	NNS	cat-n|gen-m|num-p|pers-3|case-0|vib-|tam-|chunkId-the|chunkType-child|stype-|voicetype-	4	child	_	_
8	were	be	v	VBD	cat-v|gen-m|num-p|pers-3|case-0|vib-|tam-|chunkId-VG|chunkType-head|stype-|voicetype-	11	ccof	_	_
9	celebrating	celebrate	v	VBG	cat-v|gen-m|num-s|pers-3|case-0|vib-|tam-|chunkId-were|chunkType-child|stype-|voicetype-	8	child	_	_
10	independence	independence	n	NN	cat-n|gen-m|num-s|pers-3|case-0|vib-|tam-|chunkId-NP3|chunkType-head|stype-|voicetype-	8	k2	_	_
11	while	while	n	CC	cat-n|gen-m|num-s|pers-3|case-0|vib-|tam-|chunkId-CCP|chunkType-head|stype-|voicetype-	0	root	_	_
12	the	the	det	DT	cat-det|gen-m|num-s|pers-3|case-0|vib-|tam-|chunkId-NP4|chunkType-head|stype-|voicetype-	15	k1	_	_
13	Sangh	'	nnp	NNP	cat-|gen-|num-|pers-|case-|vib-|tam-|chunkId-the2|chunkType-child|stype-|voicetype-	12	child	_	_
14	workers	worker	n	NNS	cat-n|gen-m|num-p|pers-3|case-0|vib-|tam-|chunkId-the2|chunkType-child|stype-|voicetype-	12	child	_	_
15	were	be	v	VBD	cat-v|gen-m|num-p|pers-3|case-0|vib-|tam-|chunkId-VG2|chunkType-head|stype-|voicetype-	11	ccof	_	_
16	defending	defend	v	VBG	cat-v|gen-m|num-s|pers-3|case-0|vib-|tam-|chunkId-were2|chunkType-child|stype-|voicetype-	15	child	_	_
17	the	the	det	DT	cat-det|gen-m|num-s|pers-3|case-0|vib-|tam-|chunkId-NP5|chunkType-head|stype-|voicetype-	15	k2	_	_
18	nation	nation	n	NN	cat-n|gen-m|num-s|pers-3|case-0|vib-|tam-|chunkId-the3|chunkType-child|stype-|voicetype-	17	child	_	_
19	.	.	punc	SYM	cat-punc|gen-n|num-s|pers-3|case-0|vib-|tam-|chunkId-the3|chunkType-child|stype-|voicetype-	17	child	_	_

1	Sacrifices	sacrifice	n	NNS	cat-n|gen-m|num-p|pers-3|case-0|vib-|tam-|chunkId-NP|chunkType-head|stype-|voicetype-	8	k1	_	_
2	of	of	p	IN	cat-p|gen-m|num-s|pers-3|case-0|vib-|tam-|chunkId-PP|chunkType-head|stype-|voicetype-	1	r6	_	_
3	a	a	det	DT	cat-det|gen-m|num-s|pers-3|case-0|vib-|tam-|chunkId-of|chunkType-child|stype-|voicetype-	2	child	_	_
4	number	number	n	NN	cat-n|gen-m|num-s|pers-3|case-0|vib-|tam-|chunkId-of|chunkType-child|stype-|voicetype-	2	child	_	_
5	of	of	p	IN	cat-p|gen-m|num-s|pers-3|case-0|vib-|tam-|chunkId-PP2|chunkType-head|stype-|voicetype-	2	r6	_	_
6	Swyam	'	nnp	NNP	cat-|gen-|num-|pers-|case-|vib-|tam-|chunkId-of2|chunkType-child|stype-|voicetype-	5	child	_	_
7	Sevaks	'	nnps	NNPS	cat-|gen-|num-|pers-|case-|vib-|tam-|chunkId-of2|chunkType-child|stype-|voicetype-	5	child	_	_
8	prove	prove	v	VBZ	cat-v|gen-m|num-s|pers-3|case-0|vib-|tam-|chunkId-VG|chunkType-head|stype-|voicetype-	0	root	_	_
9	this	this	det	DT	cat-det|gen-m|num-s|pers-3|case-0|vib-|tam-|chunkId-NP4|chunkType-head|stype-|voicetype-	8	k2	_	_
10	.	.	punc	SYM	cat-punc|gen-n|num-s|pers-3|case-0|vib-|tam-|chunkId-this|chunkType-child|stype-|voicetype-	9	child	_	_

1	He	he	P	PRP	cat-P|gen-m|num-s|pers-3|case-0|vib-|tam-|chunkId-NP|chunkType-head|stype-|voicetype-	2	k1	_	_
2	said	say	v	VBD	cat-v|gen-m|num-s|pers-3|case-0|vib-|tam-|chunkId-VG|chunkType-head|stype-|voicetype-	0	root	_	_
3	the	the	det	DT	cat-det|gen-m|num-s|pers-3|case-0|vib-|tam-|chunkId-NP2|chunkType-head|stype-|voicetype-	18	k1	_	_
4	small	small	adj	JJ	cat-adj|gen-m|num-s|pers-3|case-0|vib-|tam-|chunkId-the|chunkType-child|stype-|voicetype-	3	child	_	_
5	plant	plant	n	NN	cat-n|gen-m|num-s|pers-3|case-0|vib-|tam-|chunkId-the|chunkType-child|stype-|voicetype-	3	child	_	_
6	of	of	p	IN	cat-p|gen-m|num-s|pers-3|case-0|vib-|tam-|chunkId-PP|chunkType-head|stype-|voicetype-	3	r6	_	_
7	the	the	det	DT	cat-det|gen-m|num-s|pers-3|case-0|vib-|tam-|chunkId-of|chunkType-child|stype-|voicetype-	6	child	_	_
8	Hindu	'	nnp	NNP	cat-|gen-|num-|pers-|case-|vib-|tam-|chunkId-of|chunkType-child|stype-|voicetype-	6	child	_	_
9	Nation	nation	n	NNP	cat-n|gen-m|num-s|pers-3|case-0|vib-|tam-|chunkId-of|chunkType-child|stype-|voicetype-	6	child	_	_
10	that	that	Comp	CC	cat-Comp|gen-m|num-s|pers-3|case-0|vib-|tam-|chunkId-CCP|chunkType-head|stype-|voicetype-	13	k2	_	_
11	Dr.	'	nnp	NNP	cat-|gen-|num-|pers-|case-|vib-|tam-|chunkId-NP4|chunkType-head|stype-|voicetype-	13	k1	_	_
12	Hedgewar	'	nnp	NNP	cat-|gen-|num-|pers-|case-|vib-|tam-|chunkId-Dr.|chunkType-child|stype-|voicetype-	11	child	_	_
13	had	have	v	VBD	cat-v|gen-m|num-s|pers-3|case-0|vib-|tam-|chunkId-VG2|chunkType-head|stype-|voicetype-	3	nmod__relc	_	_
14	sown	sow	v	VBN	cat-v|gen-m|num-s|pers-3|case-0|vib-|tam-|chunkId-had|chunkType-child|stype-|voicetype-	13	child	_	_
15	in	in	p	IN	cat-p|gen-m|num-s|pers-3|case-0|vib-|tam-|chunkId-PP2|chunkType-head|stype-|voicetype-	13	k7t	_	_
16	1940	'	cd	CD	cat-|gen-|num-|pers-|case-|vib-|tam-|chunkId-in|chunkType-child|stype-|voicetype-	15	child	_	_
17	,	comma	punc	SYM	cat-punc|gen-n|num-s|pers-3|case-0|vib-|tam-|chunkId-in|chunkType-child|stype-|voicetype-	15	child	_	_
18	would	would	v	MD	cat-v|gen-m|num-s|pers-3|case-0|vib-|tam-|chunkId-VG3|chunkType-head|stype-|voicetype-	2	k2	_	_
19	turn	turn	v	VB	cat-v|gen-m|num-s|pers-3|case-0|vib-|tam-|chunkId-would|chunkType-child|stype-|voicetype-	18	child	_	_
20	80	'	cd	CD	cat-|gen-|num-|pers-|case-|vib-|tam-|chunkId-NP6|chunkType-head|stype-|voicetype-	18	k1s	_	_
21	years	year	n	NNS	cat-n|gen-m|num-p|pers-3|case-0|vib-|tam-|chunkId-80|chunkType-child|stype-|voicetype-	20	child	_	_
22	old	old	adj	JJ	cat-adj|gen-m|num-s|pers-3|case-0|vib-|tam-|chunkId-80|chunkType-child|stype-|voicetype-	20	child	_	_
23	on	on	p	IN	cat-p|gen-m|num-s|pers-3|case-0|vib-|tam-|chunkId-PP3|chunkType-head|stype-|voicetype-	18	k7t	_	_
24	the	the	det	DT	cat-det|gen-m|num-s|pers-3|case-0|vib-|tam-|chunkId-on|chunkType-child|stype-|voicetype-	23	child	_	_
25	coming	come	v	VBG	cat-v|gen-m|num-s|pers-3|case-0|vib-|tam-|chunkId-on|chunkType-child|stype-|voicetype-	23	child	_	_
26	Vijaydashmi	'	nnp	NNP	cat-|gen-|num-|pers-|case-|vib-|tam-|chunkId-on|chunkType-child|stype-|voicetype-	23	child	_	_
27	.	.	punc	SYM	cat-punc|gen-n|num-s|pers-3|case-0|vib-|tam-|chunkId-on|chunkType-child|stype-|voicetype-	23	child	_	_

1	Four	four	num	CD	cat-num|gen-m|num-s|pers-3|case-0|vib-|tam-|chunkId-NP|chunkType-head|stype-|voicetype-	6	k1	_	_
2	generations	generation	n	NNS	cat-n|gen-m|num-p|pers-3|case-0|vib-|tam-|chunkId-Four|chunkType-child|stype-|voicetype-	1	child	_	_
3	of	of	p	IN	cat-p|gen-m|num-s|pers-3|case-0|vib-|tam-|chunkId-PP|chunkType-head|stype-|voicetype-	1	r6	_	_
4	the	the	det	DT	cat-det|gen-m|num-s|pers-3|case-0|vib-|tam-|chunkId-of|chunkType-child|stype-|voicetype-	3	child	_	_
5	Sangh	'	nnp	NNP	cat-|gen-|num-|pers-|case-|vib-|tam-|chunkId-of|chunkType-child|stype-|voicetype-	3	child	_	_
6	have	have	v	VBP	cat-v|gen-m|num-s|pers-3|case-0|vib-|tam-|chunkId-VG|chunkType-head|stype-|voicetype-	0	root	_	_
7	contributed	contribute	v	VBN	cat-v|gen-m|num-s|pers-3|case-0|vib-|tam-|chunkId-have|chunkType-child|stype-|voicetype-	6	child	_	_
8	to	to	p	TO	cat-p|gen-m|num-s|pers-3|case-0|vib-|tam-|chunkId-PP2|chunkType-head|stype-|voicetype-	6	k2	_	_
9	this	this	det	DT	cat-det|gen-m|num-s|pers-3|case-0|vib-|tam-|chunkId-to|chunkType-child|stype-|voicetype-	8	child	_	_
10	.	.	punc	SYM	cat-punc|gen-n|num-s|pers-3|case-0|vib-|tam-|chunkId-to|chunkType-child|stype-|voicetype-	8	child	_	_

1	In	in	p	IN	cat-p|gen-m|num-s|pers-3|case-0|vib-|tam-|chunkId-PP|chunkType-head|stype-|voicetype-	16	k7	_	_
2	the	the	det	DT	cat-det|gen-m|num-s|pers-3|case-0|vib-|tam-|chunkId-In|chunkType-child|stype-|voicetype-	1	child	_	_
3	political	political	adj	JJ	cat-adj|gen-m|num-s|pers-3|case-0|vib-|tam-|chunkId-In|chunkType-child|stype-|voicetype-	1	child	_	_
4	arena	arena	n	NN	cat-n|gen-m|num-s|pers-3|case-0|vib-|tam-|chunkId-In|chunkType-child|stype-|voicetype-	1	child	_	_
5	,	comma	punc	SYM	cat-punc|gen-n|num-s|pers-3|case-0|vib-|tam-|chunkId-In|chunkType-child|stype-|voicetype-	1	child	_	_
6	remarking	remark	v	VBG	cat-v|gen-m|num-s|pers-3|case-0|vib-|tam-|chunkId-VG|chunkType-head|stype-|voicetype-	16	adv	_	_
7	about	about	p	IN	cat-p|gen-m|num-s|pers-3|case-0|vib-|tam-|chunkId-PP2|chunkType-head|stype-|voicetype-	11	ccof	_	_
8	the	the	det	DT	cat-det|gen-m|num-s|pers-3|case-0|vib-|tam-|chunkId-about|chunkType-child|stype-|voicetype-	7	child	_	_
9	Jana	'	nnp	NNP	cat-|gen-|num-|pers-|case-|vib-|tam-|chunkId-about|chunkType-child|stype-|voicetype-	7	child	_	_
10	Sangh	'	nnp	NNP	cat-|gen-|num-|pers-|case-|vib-|tam-|chunkId-about|chunkType-child|stype-|voicetype-	7	child	_	_
11	and	and	Conj	CC	cat-Conj|gen-m|num-s|pers-3|case-0|vib-|tam-|chunkId-CCP|chunkType-head|stype-|voicetype-	6	k7	_	_
12	the	the	det	DT	cat-det|gen-m|num-s|pers-3|case-0|vib-|tam-|chunkId-NP3|chunkType-head|stype-|voicetype-	11	ccof	_	_
13	BJP	'	nnp	NNP	cat-|gen-|num-|pers-|case-|vib-|tam-|chunkId-the3|chunkType-child|stype-|voicetype-	12	child	_	_
14	,	comma	punc	SYM	cat-punc|gen-n|num-s|pers-3|case-0|vib-|tam-|chunkId-the3|chunkType-child|stype-|voicetype-	12	child	_	_
15	Sudarshan	'	nnp	NNP	cat-|gen-|num-|pers-|case-|vib-|tam-|chunkId-NP4|chunkType-head|stype-|voicetype-	16	k1	_	_
16	credited	credit	v	VBD	cat-v|gen-m|num-s|pers-3|case-0|vib-|tam-|chunkId-VG2|chunkType-head|stype-|voicetype-	0	root	_	_
17	Guru	guru	n	NNP	cat-n|gen-m|num-s|pers-3|case-0|vib-|tam-|chunkId-NP5|chunkType-head|stype-|voicetype-	16	k4a	_	_
18	Gowalkar	'	nnp	NNP	cat-|gen-|num-|pers-|case-|vib-|tam-|chunkId-Guru|chunkType-child|stype-|voicetype-	17	child	_	_
19	with	with	p	IN	cat-p|gen-m|num-s|pers-3|case-0|vib-|tam-|chunkId-PP3|chunkType-head|stype-|voicetype-	16	ras-k2	_	_
20	this	this	det	DT	cat-det|gen-m|num-s|pers-3|case-0|vib-|tam-|chunkId-with|chunkType-child|stype-|voicetype-	19	child	_	_
21	.	.	punc	SYM	cat-punc|gen-n|num-s|pers-3|case-0|vib-|tam-|chunkId-with|chunkType-child|stype-|voicetype-	19	child	_	_

1	On	on	p	IN	cat-p|gen-m|num-s|pers-3|case-0|vib-|tam-|chunkId-PP|chunkType-head|stype-|voicetype-	9	k7	_	_
2	Dr.	'	nnp	NNP	cat-|gen-|num-|pers-|case-|vib-|tam-|chunkId-On|chunkType-child|stype-|voicetype-	1	child	_	_
3	Shyama	'	nnp	NNP	cat-|gen-|num-|pers-|case-|vib-|tam-|chunkId-On|chunkType-child|stype-|voicetype-	1	child	_	_
4	Prasad	'	nnp	NNP	cat-|gen-|num-|pers-|case-|vib-|tam-|chunkId-On|chunkType-child|stype-|voicetype-	1	child	_	_
5	Mukherjee	'	nnp	NNP	cat-|gen-|num-|pers-|case-|vib-|tam-|chunkId-On|chunkType-child|stype-|voicetype-	1	child	_	_
6	's	'	pos	POS	cat-|gen-|num-|pers-|case-|vib-|tam-|chunkId-On|chunkType-child|stype-|voicetype-	1	child	_	_
7	advice	advise	v	NN	cat-v|gen-m|num-s|pers-3|case-0|vib-|tam-|chunkId-On|chunkType-child|stype-|voicetype-	1	child	_	_
8	he	he	P	PRP	cat-P|gen-m|num-s|pers-3|case-0|vib-|tam-|chunkId-NP2|chunkType-head|stype-|voicetype-	9	k1	_	_
9	had	have	v	VBD	cat-v|gen-m|num-s|pers-3|case-0|vib-|tam-|chunkId-VG|chunkType-head|stype-|voicetype-	0	root	_	_
10	brought	bring	v	VBN	cat-v|gen-m|num-s|pers-3|case-0|vib-|tam-|chunkId-had|chunkType-child|stype-|voicetype-	9	child	_	_
11	people	people	n	NNS	cat-n|gen-m|num-p|pers-3|case-0|vib-|tam-|chunkId-NP3|chunkType-head|stype-|voicetype-	9	k2	_	_
12	like	like	p	IN	cat-p|gen-m|num-s|pers-3|case-0|vib-|tam-|chunkId-PP2|chunkType-head|stype-|voicetype-	29	ccof	_	_
13	,	comma	punc	SYM	cat-punc|gen-n|num-s|pers-3|case-0|vib-|tam-|chunkId-like|chunkType-child|stype-|voicetype-	12	child	_	_
14	Deen	'	nnp	NNP	cat-|gen-|num-|pers-|case-|vib-|tam-|chunkId-like|chunkType-child|stype-|voicetype-	12	child	_	_
15	Dayal	'	nnp	NNP	cat-|gen-|num-|pers-|case-|vib-|tam-|chunkId-like|chunkType-child|stype-|voicetype-	12	child	_	_
16	Upadhyay	'	nnp	NNP	cat-|gen-|num-|pers-|case-|vib-|tam-|chunkId-like|chunkType-child|stype-|voicetype-	12	child	_	_
17	,	comma	punc	SYM	cat-punc|gen-n|num-s|pers-3|case-0|vib-|tam-|chunkId-like|chunkType-child|stype-|voicetype-	12	child	_	_
18	Kusha	'	nnp	NNP	cat-|gen-|num-|pers-|case-|vib-|tam-|chunkId-NP4|chunkType-head|stype-|voicetype-	29	ccof	_	_
19	Bhau	'	nnp	NNP	cat-|gen-|num-|pers-|case-|vib-|tam-|chunkId-Kusha|chunkType-child|stype-|voicetype-	18	child	_	_
20	Thakre	'	nnp	NNP	cat-|gen-|num-|pers-|case-|vib-|tam-|chunkId-Kusha|chunkType-child|stype-|voicetype-	18	child	_	_
21	,	comma	punc	SYM	cat-punc|gen-n|num-s|pers-3|case-0|vib-|tam-|chunkId-Kusha|chunkType-child|stype-|voicetype-	18	child	_	_
22	Sunder	sunder	v	NNP	cat-v|gen-m|num-s|pers-3|case-0|vib-|tam-|chunkId-NP5|chunkType-head|stype-|voicetype-	29	ccof	_	_
23	Singh	'	nnp	NNP	cat-|gen-|num-|pers-|case-|vib-|tam-|chunkId-Sunder|chunkType-child|stype-|voicetype-	22	child	_	_
24	Bhandari	'	nnp	NNP	cat-|gen-|num-|pers-|case-|vib-|tam-|chunkId-Sunder|chunkType-child|stype-|voicetype-	22	child	_	_
25	,	comma	punc	SYM	cat-punc|gen-n|num-s|pers-3|case-0|vib-|tam-|chunkId-Sunder|chunkType-child|stype-|voicetype-	22	child	_	_
26	Atal	'	nnp	NNP	cat-|gen-|num-|pers-|case-|vib-|tam-|chunkId-NP6|chunkType-head|stype-|voicetype-	29	ccof	_	_
27	Bihari	'	nnp	NNP	cat-|gen-|num-|pers-|case-|vib-|tam-|chunkId-Atal|chunkType-child|stype-|voicetype-	26	child	_	_
28	Vajpayee	'	nnp	NNP	cat-|gen-|num-|pers-|case-|vib-|tam-|chunkId-Atal|chunkType-child|stype-|voicetype-	26	child	_	_
29	and	and	Conj	CC	cat-Conj|gen-m|num-s|pers-3|case-0|vib-|tam-|chunkId-CCP|chunkType-head|stype-|voicetype-	11	k2u	_	_
30	Lal	'	nnp	NNP	cat-|gen-|num-|pers-|case-|vib-|tam-|chunkId-NP7|chunkType-head|stype-|voicetype-	29	ccof	_	_
31	Krishna	'	nnp	NNP	cat-|gen-|num-|pers-|case-|vib-|tam-|chunkId-Lal|chunkType-child|stype-|voicetype-	30	child	_	_
32	Advani	'	nnp	NNP	cat-|gen-|num-|pers-|case-|vib-|tam-|chunkId-Lal|chunkType-child|stype-|voicetype-	30	child	_	_
33	into	into	p	IN	cat-p|gen-m|num-s|pers-3|case-0|vib-|tam-|chunkId-PP3|chunkType-head|stype-|voicetype-	9	k7	_	_
34	politics	politics	n	NNS	cat-n|gen-m|num-p|pers-3|case-0|vib-|tam-|chunkId-into|chunkType-child|stype-|voicetype-	33	child	_	_
35	.	.	punc	SYM	cat-punc|gen-n|num-s|pers-3|case-0|vib-|tam-|chunkId-into|chunkType-child|stype-|voicetype-	33	child	_	_

1	These	these	det	DT	cat-det|gen-m|num-p|pers-3|case-0|vib-|tam-|chunkId-NP|chunkType-head|stype-|voicetype-	3	k1	_	_
2	people	people	n	NNS	cat-n|gen-m|num-p|pers-3|case-0|vib-|tam-|chunkId-These|chunkType-child|stype-|voicetype-	1	child	_	_
3	formed	form	v	VBD	cat-v|gen-m|num-s|pers-3|case-0|vib-|tam-|chunkId-VG|chunkType-head|stype-|voicetype-	0	root	_	_
4	the	the	det	DT	cat-det|gen-m|num-s|pers-3|case-0|vib-|tam-|chunkId-NP2|chunkType-head|stype-|voicetype-	3	k2	_	_
5	BJP	'	nnp	NNP	cat-|gen-|num-|pers-|case-|vib-|tam-|chunkId-the|chunkType-child|stype-|voicetype-	4	child	_	_
6	after	after	p	IN	cat-p|gen-m|num-s|pers-3|case-0|vib-|tam-|chunkId-PP|chunkType-head|stype-|voicetype-	3	k7t	_	_
7	Janta	'	nnp	NNP	cat-|gen-|num-|pers-|case-|vib-|tam-|chunkId-after|chunkType-child|stype-|voicetype-	6	child	_	_
8	Party	party	n	NNP	cat-n|gen-m|num-s|pers-3|case-0|vib-|tam-|chunkId-after|chunkType-child|stype-|voicetype-	6	child	_	_
9	leaders	leader	n	NNS	cat-n|gen-m|num-p|pers-3|case-0|vib-|tam-|chunkId-after|chunkType-child|stype-|voicetype-	6	child	_	_
10	'	'	pos	POS	cat-|gen-|num-|pers-|case-|vib-|tam-|chunkId-after|chunkType-child|stype-|voicetype-	6	child	_	_
11	condition	condition	n	NN	cat-n|gen-m|num-s|pers-3|case-0|vib-|tam-|chunkId-after|chunkType-child|stype-|voicetype-	6	child	_	_
12	of	of	p	IN	cat-p|gen-m|num-s|pers-3|case-0|vib-|tam-|chunkId-PP2|chunkType-head|stype-|voicetype-	6	r6	_	_
13	severing	sever	v	VBG	cat-v|gen-m|num-s|pers-3|case-0|vib-|tam-|chunkId-of|chunkType-child|stype-|voicetype-	12	child	_	_
14	ties	tie	v	NNS	cat-v|gen-m|num-s|pers-3|case-0|vib-|tam-|chunkId-NP4|chunkType-head|stype-|voicetype-	12	k2	_	_
15	with	with	p	IN	cat-p|gen-m|num-s|pers-3|case-0|vib-|tam-|chunkId-PP3|chunkType-head|stype-|voicetype-	12	ras-k2	_	_
16	RSS	'	nnp	NNP	cat-|gen-|num-|pers-|case-|vib-|tam-|chunkId-with|chunkType-child|stype-|voicetype-	15	child	_	_
17	in	in	p	IN	cat-p|gen-m|num-s|pers-3|case-0|vib-|tam-|chunkId-PP4|chunkType-head|stype-|voicetype-	12	k7t	_	_
18	1977	'	cd	CD	cat-|gen-|num-|pers-|case-|vib-|tam-|chunkId-in|chunkType-child|stype-|voicetype-	17	child	_	_
19	.	.	punc	SYM	cat-punc|gen-n|num-s|pers-3|case-0|vib-|tam-|chunkId-in|chunkType-child|stype-|voicetype-	17	child	_	_

1	Sudarshan	'	nnp	NNP	cat-|gen-|num-|pers-|case-|vib-|tam-|chunkId-NP|chunkType-head|stype-|voicetype-	2	k1	_	_
2	said	say	v	VBD	cat-v|gen-m|num-s|pers-3|case-0|vib-|tam-|chunkId-VG|chunkType-head|stype-|voicetype-	0	root	_	_
3	each	each	det	DT	cat-det|gen-m|num-s|pers-3|case-0|vib-|tam-|chunkId-NP2|chunkType-head|stype-|voicetype-	5	k1	_	_
4	body	body	n	NN	cat-n|gen-m|num-s|pers-3|case-0|vib-|tam-|chunkId-each|chunkType-child|stype-|voicetype-	3	child	_	_
5	is	be	v	VBZ	cat-v|gen-m|num-s|pers-3|case-0|vib-|tam-|chunkId-VG2|chunkType-head|stype-|voicetype-	7	ccof	_	_
6	independent	independent	adj	JJ	cat-adj|gen-m|num-s|pers-3|case-0|vib-|tam-|chunkId-ADJP|chunkType-head|stype-|voicetype-	5	k1s	_	_
7	but	but	Conj	CC	cat-Conj|gen-m|num-s|pers-3|case-0|vib-|tam-|chunkId-CCP|chunkType-head|stype-|voicetype-	2	k2	_	_
8	there	there	ex	EX	cat-ex|gen-m|num-s|pers-3|case-0|vib-|tam-|chunkId-NP3|chunkType-head|stype-|voicetype-	9	dummy	_	_
9	can	can	v	MD	cat-v|gen-m|num-s|pers-3|case-0|vib-|tam-|chunkId-VG3|chunkType-head|stype-|voicetype-	7	ccof	_	_
10	be	be	v	VB	cat-v|gen-m|num-s|pers-3|case-0|vib-|tam-|chunkId-can|chunkType-child|stype-|voicetype-	9	child	_	_
11	no	no	det	DT	cat-det|gen-m|num-s|pers-3|case-0|vib-|tam-|chunkId-NP4|chunkType-head|stype-|voicetype-	9	k2	_	_
12	compromise	compromise	n	NN	cat-n|gen-m|num-s|pers-3|case-0|vib-|tam-|chunkId-no|chunkType-child|stype-|voicetype-	11	child	_	_
13	over	over	p	IN	cat-p|gen-m|num-s|pers-3|case-0|vib-|tam-|chunkId-PP|chunkType-head|stype-|voicetype-	9	k7	_	_
14	ideology	ideology	n	NN	cat-n|gen-m|num-s|pers-3|case-0|vib-|tam-|chunkId-over|chunkType-child|stype-|voicetype-	13	child	_	_
15	.	.	punc	SYM	cat-punc|gen-n|num-s|pers-3|case-0|vib-|tam-|chunkId-over|chunkType-child|stype-|voicetype-	13	child	_	_

1	Sudarshan	'	nnp	NNP	cat-|gen-|num-|pers-|case-|vib-|tam-|chunkId-NP|chunkType-head|stype-|voicetype-	2	k1	_	_
2	said	say	v	VBD	cat-v|gen-m|num-s|pers-3|case-0|vib-|tam-|chunkId-VG|chunkType-head|stype-|voicetype-	0	root	_	_
3	on	on	p	IN	cat-p|gen-m|num-s|pers-3|case-0|vib-|tam-|chunkId-PP|chunkType-head|stype-|voicetype-	12	k7t	_	_
4	Guru	guru	n	NNP	cat-n|gen-m|num-s|pers-3|case-0|vib-|tam-|chunkId-on|chunkType-child|stype-|voicetype-	3	child	_	_
5	Govalkar	'	nnp	NNP	cat-|gen-|num-|pers-|case-|vib-|tam-|chunkId-on|chunkType-child|stype-|voicetype-	3	child	_	_
6	's	'	pos	POS	cat-|gen-|num-|pers-|case-|vib-|tam-|chunkId-on|chunkType-child|stype-|voicetype-	3	child	_	_
7	hundredth	hundredth	adj	JJ	cat-adj|gen-m|num-s|pers-3|case-0|vib-|tam-|chunkId-on|chunkType-child|stype-|voicetype-	3	child	_	_
8	birth	birth	n	NN	cat-n|gen-m|num-s|pers-3|case-0|vib-|tam-|chunkId-on|chunkType-child|stype-|voicetype-	3	child	_	_
9	anniversary	anniversary	n	NN	cat-n|gen-m|num-s|pers-3|case-0|vib-|tam-|chunkId-on|chunkType-child|stype-|voicetype-	3	child	_	_
10	the	the	det	DT	cat-det|gen-m|num-s|pers-3|case-0|vib-|tam-|chunkId-NP3|chunkType-head|stype-|voicetype-	12	k1	_	_
11	Sangh	'	nnp	NNP	cat-|gen-|num-|pers-|case-|vib-|tam-|chunkId-the|chunkType-child|stype-|voicetype-	10	child	_	_
12	would	would	v	MD	cat-v|gen-m|num-s|pers-3|case-0|vib-|tam-|chunkId-VG2|chunkType-head|stype-|voicetype-	2	k2	_	_
13	hold	hold	v	VB	cat-v|gen-m|num-s|pers-3|case-0|vib-|tam-|chunkId-would|chunkType-child|stype-|voicetype-	12	child	_	_
14	celebrations	celebration	n	NNS	cat-n|gen-m|num-p|pers-3|case-0|vib-|tam-|chunkId-NP4|chunkType-head|stype-|voicetype-	12	k2	_	_
15	.	.	punc	SYM	cat-punc|gen-n|num-s|pers-3|case-0|vib-|tam-|chunkId-celebrations|chunkType-child|stype-|voicetype-	14	child	_	_

1	He	he	P	PRP	cat-P|gen-m|num-s|pers-3|case-0|vib-|tam-|chunkId-NP|chunkType-head|stype-|voicetype-	2	k1	_	_
2	asked	ask	v	VBD	cat-v|gen-m|num-s|pers-3|case-0|vib-|tam-|chunkId-VG|chunkType-head|stype-|voicetype-	0	root	_	_
3	the	the	det	DT	cat-det|gen-m|num-s|pers-3|case-0|vib-|tam-|chunkId-NP2|chunkType-head|stype-|voicetype-	2	k4	_	_
4	workers	worker	n	NNS	cat-n|gen-m|num-p|pers-3|case-0|vib-|tam-|chunkId-the|chunkType-child|stype-|voicetype-	3	child	_	_
5	to	to	p	TO	cat-p|gen-m|num-s|pers-3|case-0|vib-|tam-|chunkId-VG2|chunkType-head|stype-|voicetype-	11	ccof	_	_
6	propogate	'	vb	VB	cat-|gen-|num-|pers-|case-|vib-|tam-|chunkId-to|chunkType-child|stype-|voicetype-	5	child	_	_
7	the	the	det	DT	cat-det|gen-m|num-s|pers-3|case-0|vib-|tam-|chunkId-NP3|chunkType-head|stype-|voicetype-	5	k2	_	_
8	Sangh	'	nnp	NNP	cat-|gen-|num-|pers-|case-|vib-|tam-|chunkId-the2|chunkType-child|stype-|voicetype-	7	child	_	_
9	's	'	pos	POS	cat-|gen-|num-|pers-|case-|vib-|tam-|chunkId-the2|chunkType-child|stype-|voicetype-	7	child	_	_
10	work	work	n	NN	cat-n|gen-m|num-s|pers-3|case-0|vib-|tam-|chunkId-the2|chunkType-child|stype-|voicetype-	7	child	_	_
11	and	and	Conj	CC	cat-Conj|gen-m|num-s|pers-3|case-0|vib-|tam-|chunkId-CCP|chunkType-head|stype-|voicetype-	2	k2	_	_
12	guard	guard	v	VM	cat-v|gen-m|num-s|pers-3|case-0|vib-|tam-|chunkId-VG3|chunkType-head|stype-|voicetype-	11	ccof	_	_
13	against	against	p	IN	cat-p|gen-m|num-s|pers-3|case-0|vib-|tam-|chunkId-PP|chunkType-head|stype-|voicetype-	12	k7	_	_
14	cultural	cultural	adj	JJ	cat-adj|gen-m|num-s|pers-3|case-0|vib-|tam-|chunkId-against|chunkType-child|stype-|voicetype-	13	child	_	_
15	invasions	invasion	n	NNS	cat-n|gen-m|num-p|pers-3|case-0|vib-|tam-|chunkId-against|chunkType-child|stype-|voicetype-	13	child	_	_
16	.	.	punc	SYM	cat-punc|gen-n|num-s|pers-3|case-0|vib-|tam-|chunkId-against|chunkType-child|stype-|voicetype-	13	child	_	_

