1	Pre	'	fw	FW	cat-|gen-|num-|pers-|case-|vib-|tam-|chunkId-NP|chunkType-head|stype-|voicetype-	0	root	_	_
2	.	.	punc	SYM	cat-punc|gen-n|num-s|pers-3|case-0|vib-|tam-|chunkId-Pre|chunkType-child|stype-|voicetype-	1	child	_	_

1	Nagpur	'	vb	VB	cat-|gen-|num-|pers-|case-|vib-|tam-|chunkId-VG|chunkType-head|stype-|voicetype-	0	root	_	_
2	.	.	punc	SYM	cat-punc|gen-n|num-s|pers-3|case-0|vib-|tam-|chunkId-Nagpur|chunkType-child|stype-|voicetype-	1	child	_	_

1	RSS	'	nnp	NNP	cat-|gen-|num-|pers-|case-|vib-|tam-|chunkId-NP|chunkType-head|stype-|voicetype-	2	k1	_	_
2	has	have	v	VBZ	cat-v|gen-m|num-s|pers-3|case-0|vib-|tam-|chunkId-VG|chunkType-head|stype-|voicetype-	0	root	_	_
3	heartily	heartily	D	RB	cat-D|gen-m|num-s|pers-3|case-0|vib-|tam-|chunkId-has|chunkType-child|stype-|voicetype-	2	child	_	_
4	praised	praise	v	VBN	cat-v|gen-m|num-s|pers-3|case-0|vib-|tam-|chunkId-has|chunkType-child|stype-|voicetype-	2	child	_	_
5	the	the	det	DT	cat-det|gen-m|num-s|pers-3|case-0|vib-|tam-|chunkId-NP2|chunkType-head|stype-|voicetype-	2	k2	_	_
6	step	step	n	NN	cat-n|gen-m|num-s|pers-3|case-0|vib-|tam-|chunkId-the|chunkType-child|stype-|voicetype-	5	child	_	_
7	taken	take	v	VBN	cat-v|gen-m|num-s|pers-3|case-0|vib-|tam-|chunkId-VG2|chunkType-head|stype-|voicetype-	5	nmod	_	_
8	by	by	p	IN	cat-p|gen-m|num-s|pers-3|case-0|vib-|tam-|chunkId-PP|chunkType-head|stype-|voicetype-	7	k1	_	_
9	Sonia	'	nnp	NNP	cat-|gen-|num-|pers-|case-|vib-|tam-|chunkId-by|chunkType-child|stype-|voicetype-	8	child	_	_
10	Gandhi	'	nnp	NNP	cat-|gen-|num-|pers-|case-|vib-|tam-|chunkId-by|chunkType-child|stype-|voicetype-	8	child	_	_
11	over	over	p	IN	cat-p|gen-m|num-s|pers-3|case-0|vib-|tam-|chunkId-PP2|chunkType-head|stype-|voicetype-	7	k7	_	_
12	the	the	det	DT	cat-det|gen-m|num-s|pers-3|case-0|vib-|tam-|chunkId-over|chunkType-child|stype-|voicetype-	11	child	_	_
13	office	office	n	NN	cat-n|gen-m|num-s|pers-3|case-0|vib-|tam-|chunkId-over|chunkType-child|stype-|voicetype-	11	child	_	_
14	of	of	p	IN	cat-p|gen-m|num-s|pers-3|case-0|vib-|tam-|chunkId-PP3|chunkType-head|stype-|voicetype-	11	r6	_	_
15	profit	profit	n	NN	cat-n|gen-m|num-s|pers-3|case-0|vib-|tam-|chunkId-of|chunkType-child|stype-|voicetype-	14	child	_	_
16	controversy	controversy	n	NN	cat-n|gen-m|num-s|pers-3|case-0|vib-|tam-|chunkId-of|chunkType-child|stype-|voicetype-	14	child	_	_
17	.	.	punc	SYM	cat-punc|gen-n|num-s|pers-3|case-0|vib-|tam-|chunkId-of|chunkType-child|stype-|voicetype-	14	child	_	_

1	RSS	'	nnp	NNP	cat-|gen-|num-|pers-|case-|vib-|tam-|chunkId-NP|chunkType-head|stype-|voicetype-	6	k1	_	_
2	's	'	pos	POS	cat-|gen-|num-|pers-|case-|vib-|tam-|chunkId-RSS|chunkType-child|stype-|voicetype-	1	child	_	_
3	ideologue	ideologist	n	JJ	cat-n|gen-m|num-s|pers-3|case-0|vib-|tam-|chunkId-RSS|chunkType-child|stype-|voicetype-	1	child	_	_
4	M.G	'	nnp	NNP	cat-|gen-|num-|pers-|case-|vib-|tam-|chunkId-RSS|chunkType-child|stype-|voicetype-	1	child	_	_
5	Vaidya	'	nnp	NNP	cat-|gen-|num-|pers-|case-|vib-|tam-|chunkId-RSS|chunkType-child|stype-|voicetype-	1	child	_	_
6	said	say	v	VBD	cat-v|gen-m|num-s|pers-3|case-0|vib-|tam-|chunkId-VG|chunkType-head|stype-|voicetype-	0	root	_	_
7	that	that	Comp	IN	cat-Comp|gen-m|num-s|pers-3|case-0|vib-|tam-|chunkId-CCP|chunkType-head|stype-|voicetype-	6	k2	_	_
8	Sonia	'	nnp	NNP	cat-|gen-|num-|pers-|case-|vib-|tam-|chunkId-NP2|chunkType-head|stype-|voicetype-	9	k1	_	_
9	has	have	v	VBZ	cat-v|gen-m|num-s|pers-3|case-0|vib-|tam-|chunkId-VG2|chunkType-head|stype-|voicetype-	7	ccof	_	_
10	taken	take	v	VBN	cat-v|gen-m|num-s|pers-3|case-0|vib-|tam-|chunkId-has|chunkType-child|stype-|voicetype-	9	child	_	_
11	a	a	det	DT	cat-det|gen-m|num-s|pers-3|case-0|vib-|tam-|chunkId-NP3|chunkType-head|stype-|voicetype-	9	k2	_	_
12	clever	clever	adj	JJ	cat-adj|gen-m|num-s|pers-3|case-0|vib-|tam-|chunkId-a|chunkType-child|stype-|voicetype-	11	child	_	_
13	step	step	n	NN	cat-n|gen-m|num-s|pers-3|case-0|vib-|tam-|chunkId-a|chunkType-child|stype-|voicetype-	11	child	_	_
14	by	by	p	IN	cat-p|gen-m|num-s|pers-3|case-0|vib-|tam-|chunkId-VG3|chunkType-head|stype-|voicetype-	9	vmod	_	_
15	deciding	decide	v	VBG	cat-v|gen-m|num-s|pers-3|case-0|vib-|tam-|chunkId-by|chunkType-child|stype-|voicetype-	14	child	_	_
16	to	to	p	TO	cat-p|gen-m|num-s|pers-3|case-0|vib-|tam-|chunkId-VG4|chunkType-head|stype-|voicetype-	14	k2	_	_
17	resign	resign	v	VB	cat-v|gen-m|num-s|pers-3|case-0|vib-|tam-|chunkId-to|chunkType-child|stype-|voicetype-	16	child	_	_
18	from	from	p	IN	cat-p|gen-m|num-s|pers-3|case-0|vib-|tam-|chunkId-PP|chunkType-head|stype-|voicetype-	22	ccof	_	_
19	the	the	det	DT	cat-det|gen-m|num-s|pers-3|case-0|vib-|tam-|chunkId-from|chunkType-child|stype-|voicetype-	18	child	_	_
20	Loksabha	'	nnp	NNP	cat-|gen-|num-|pers-|case-|vib-|tam-|chunkId-from|chunkType-child|stype-|voicetype-	18	child	_	_
21	seat	seat	n	NN	cat-n|gen-m|num-s|pers-3|case-0|vib-|tam-|chunkId-from|chunkType-child|stype-|voicetype-	18	child	_	_
22	and	and	Conj	CC	cat-Conj|gen-m|num-s|pers-3|case-0|vib-|tam-|chunkId-PP2|chunkType-head|stype-|voicetype-	16	k7	_	_
23	from	from	p	IN	cat-p|gen-m|num-s|pers-3|case-0|vib-|tam-|chunkId-PP3|chunkType-head|stype-|voicetype-	22	ccof	_	_
24	the	the	det	DT	cat-det|gen-m|num-s|pers-3|case-0|vib-|tam-|chunkId-from2|chunkType-child|stype-|voicetype-	23	child	_	_
25	position	position	n	NN	cat-n|gen-m|num-s|pers-3|case-0|vib-|tam-|chunkId-from2|chunkType-child|stype-|voicetype-	23	child	_	_
26	of	of	p	IN	cat-p|gen-m|num-s|pers-3|case-0|vib-|tam-|chunkId-PP4|chunkType-head|stype-|voicetype-	23	r6	_	_
27	Chairperson	'	nnp	NNP	cat-|gen-|num-|pers-|case-|vib-|tam-|chunkId-of|chunkType-child|stype-|voicetype-	26	child	_	_
28	of	of	p	IN	cat-p|gen-m|num-s|pers-3|case-0|vib-|tam-|chunkId-PP5|chunkType-head|stype-|voicetype-	26	r6	_	_
29	National	national	n	NNP	cat-n|gen-m|num-s|pers-3|case-0|vib-|tam-|chunkId-of2|chunkType-child|stype-|voicetype-	28	child	_	_
30	Advisory	advisory	adj	NNP	cat-adj|gen-m|num-s|pers-3|case-0|vib-|tam-|chunkId-of2|chunkType-child|stype-|voicetype-	28	child	_	_
31	Council	council	n	NNP	cat-n|gen-m|num-s|pers-3|case-0|vib-|tam-|chunkId-of2|chunkType-child|stype-|voicetype-	28	child	_	_
32	(	'	sym	SYM	cat-|gen-|num-|pers-|case-|vib-|tam-|chunkId-of2|chunkType-child|stype-|voicetype-	28	child	_	_
33	NAC	'	nnp	NNP	cat-|gen-|num-|pers-|case-|vib-|tam-|chunkId-of2|chunkType-child|stype-|voicetype-	28	child	_	_
34	)	'	)	)	cat-|gen-|num-|pers-|case-|vib-|tam-|chunkId-of2|chunkType-child|stype-|voicetype-	28	child	_	_
35	.	.	punc	SYM	cat-punc|gen-n|num-s|pers-3|case-0|vib-|tam-|chunkId-of2|chunkType-child|stype-|voicetype-	28	child	_	_

1	This	this	det	DT	cat-det|gen-m|num-s|pers-3|case-0|vib-|tam-|chunkId-NP|chunkType-head|stype-|voicetype-	5	k1	_	_
2	decision	decision	n	NN	cat-n|gen-m|num-s|pers-3|case-0|vib-|tam-|chunkId-This|chunkType-child|stype-|voicetype-	1	child	_	_
3	of	of	p	IN	cat-p|gen-m|num-s|pers-3|case-0|vib-|tam-|chunkId-PP|chunkType-head|stype-|voicetype-	1	r6	_	_
4	hers	hers	P	NNS	cat-P|gen-m|num-s|pers-3|case-0|vib-|tam-|chunkId-of|chunkType-child|stype-|voicetype-	3	child	_	_
5	also	also	D	RB	cat-D|gen-m|num-s|pers-3|case-0|vib-|tam-|chunkId-NP3|chunkType-head|stype-|voicetype-	0	root	_	_
6	shows	show	v	VBZ	cat-v|gen-m|num-s|pers-3|case-0|vib-|tam-|chunkId-also|chunkType-child|stype-|voicetype-	5	child	_	_
7	how	how	D	WRB	cat-D|gen-m|num-s|pers-3|case-0|vib-|tam-|chunkId-ADVP|chunkType-head|stype-|voicetype-	9	adv	_	_
8	she	she	P	PRP	cat-P|gen-f|num-s|pers-3|case-0|vib-|tam-|chunkId-NP4|chunkType-head|stype-|voicetype-	9	k1	_	_
9	has	have	v	VBZ	cat-v|gen-m|num-s|pers-3|case-0|vib-|tam-|chunkId-VG|chunkType-head|stype-|voicetype-	5	k2	_	_
10	politically	politically	D	RB	cat-D|gen-m|num-s|pers-3|case-0|vib-|tam-|chunkId-has|chunkType-child|stype-|voicetype-	9	child	_	_
11	matured	mature	v	VBN	cat-v|gen-m|num-s|pers-3|case-0|vib-|tam-|chunkId-has|chunkType-child|stype-|voicetype-	9	child	_	_
12	.	.	punc	SYM	cat-punc|gen-n|num-s|pers-3|case-0|vib-|tam-|chunkId-has|chunkType-child|stype-|voicetype-	9	child	_	_

1	In	in	p	IN	cat-p|gen-m|num-s|pers-3|case-0|vib-|tam-|chunkId-PP|chunkType-head|stype-|voicetype-	16	k7	_	_
2	his	he	P	PRP$	cat-P|gen-m|num-s|pers-3|case-0|vib-|tam-|chunkId-In|chunkType-child|stype-|voicetype-	1	child	_	_
3	weekly	weekly	adj	JJ	cat-adj|gen-m|num-s|pers-3|case-0|vib-|tam-|chunkId-In|chunkType-child|stype-|voicetype-	1	child	_	_
4	column	column	n	NN	cat-n|gen-m|num-s|pers-3|case-0|vib-|tam-|chunkId-In|chunkType-child|stype-|voicetype-	1	child	_	_
5	published	publish	v	VBN	cat-v|gen-m|num-s|pers-3|case-0|vib-|tam-|chunkId-VG|chunkType-head|stype-|voicetype-	1	nmod	_	_
6	in	in	p	IN	cat-p|gen-m|num-s|pers-3|case-0|vib-|tam-|chunkId-PP2|chunkType-head|stype-|voicetype-	5	k7	_	_
7	the	the	det	DT	cat-det|gen-m|num-s|pers-3|case-0|vib-|tam-|chunkId-in|chunkType-child|stype-|voicetype-	6	child	_	_
8	local	local	adj	JJ	cat-adj|gen-m|num-s|pers-3|case-0|vib-|tam-|chunkId-in|chunkType-child|stype-|voicetype-	6	child	_	_
9	Marathi	'	nnp	NNP	cat-|gen-|num-|pers-|case-|vib-|tam-|chunkId-in|chunkType-child|stype-|voicetype-	6	child	_	_
10	daily	daily	n	NN	cat-n|gen-m|num-s|pers-3|case-0|vib-|tam-|chunkId-in|chunkType-child|stype-|voicetype-	6	child	_	_
11	'	'	sym	SYM	cat-|gen-|num-|pers-|case-|vib-|tam-|chunkId-in|chunkType-child|stype-|voicetype-	6	child	_	_
12	Tarun	'	nnp	NNP	cat-|gen-|num-|pers-|case-|vib-|tam-|chunkId-in|chunkType-child|stype-|voicetype-	6	child	_	_
13	Bharat	'	nnp	NNP	cat-|gen-|num-|pers-|case-|vib-|tam-|chunkId-in|chunkType-child|stype-|voicetype-	6	child	_	_
14	'	'	sym	SYM	cat-|gen-|num-|pers-|case-|vib-|tam-|chunkId-in|chunkType-child|stype-|voicetype-	6	child	_	_
15	Vaidya	'	nnp	NNP	cat-|gen-|num-|pers-|case-|vib-|tam-|chunkId-NP3|chunkType-head|stype-|voicetype-	16	k1	_	_
16	said	say	v	VBD	cat-v|gen-m|num-s|pers-3|case-0|vib-|tam-|chunkId-VG2|chunkType-head|stype-|voicetype-	0	root	_	_
17	that	that	Comp	IN	cat-Comp|gen-m|num-s|pers-3|case-0|vib-|tam-|chunkId-CCP|chunkType-head|stype-|voicetype-	16	k2	_	_
18	even	even	D	RB	cat-D|gen-m|num-s|pers-3|case-0|vib-|tam-|chunkId-CCP2|chunkType-head|stype-|voicetype-	36	vmod	_	_
19	if	if	Conj	IN	cat-Conj|gen-m|num-s|pers-3|case-0|vib-|tam-|chunkId-even|chunkType-child|stype-|voicetype-	18	child	_	_
20	she	she	P	PRP	cat-P|gen-f|num-s|pers-3|case-0|vib-|tam-|chunkId-NP4|chunkType-head|stype-|voicetype-	21	k1	_	_
21	'd	'	vbd	VBD	cat-|gen-|num-|pers-|case-|vib-|tam-|chunkId-VG3|chunkType-head|stype-|voicetype-	18	ccof	_	_
22	just	just	D	RB	cat-D|gen-m|num-s|pers-3|case-0|vib-|tam-|chunkId-d|chunkType-child|stype-|voicetype-	21	child	_	_
23	resigned	re-sign	v	VBN	cat-v|gen-m|num-s|pers-3|case-0|vib-|tam-|chunkId-d|chunkType-child|stype-|voicetype-	21	child	_	_
24	from	from	p	IN	cat-p|gen-m|num-s|pers-3|case-0|vib-|tam-|chunkId-NP5|chunkType-head|stype-|voicetype-	21	k7	_	_
25	the	the	det	DT	cat-det|gen-m|num-s|pers-3|case-0|vib-|tam-|chunkId-from|chunkType-child|stype-|voicetype-	24	child	_	_
26	NSC	'	nnp	NNP	cat-|gen-|num-|pers-|case-|vib-|tam-|chunkId-from|chunkType-child|stype-|voicetype-	24	child	_	_
27	Chairperson	'	nnp	NNP	cat-|gen-|num-|pers-|case-|vib-|tam-|chunkId-from|chunkType-child|stype-|voicetype-	24	child	_	_
28	's	'	pos	POS	cat-|gen-|num-|pers-|case-|vib-|tam-|chunkId-from|chunkType-child|stype-|voicetype-	24	child	_	_
29	post	post	n	NN	cat-n|gen-m|num-s|pers-3|case-0|vib-|tam-|chunkId-from|chunkType-child|stype-|voicetype-	24	child	_	_
30	,	comma	punc	SYM	cat-punc|gen-n|num-s|pers-3|case-0|vib-|tam-|chunkId-from|chunkType-child|stype-|voicetype-	24	child	_	_
31	then	then	D	RB	cat-D|gen-m|num-s|pers-3|case-0|vib-|tam-|chunkId-ADVP|chunkType-head|stype-|voicetype-	17	ccof	_	_
32	too	too	D	RB	cat-D|gen-m|num-s|pers-3|case-0|vib-|tam-|chunkId-then|chunkType-child|stype-|voicetype-	31	child	_	_
33	,	comma	punc	SYM	cat-punc|gen-n|num-s|pers-3|case-0|vib-|tam-|chunkId-then|chunkType-child|stype-|voicetype-	31	child	_	_
34	the	the	det	DT	cat-det|gen-m|num-s|pers-3|case-0|vib-|tam-|chunkId-NP7|chunkType-head|stype-|voicetype-	36	k1	_	_
35	issue	issue	n	NN	cat-n|gen-m|num-s|pers-3|case-0|vib-|tam-|chunkId-the3|chunkType-child|stype-|voicetype-	34	child	_	_
36	would	would	v	MD	cat-v|gen-m|num-s|pers-3|case-0|vib-|tam-|chunkId-VG4|chunkType-head|stype-|voicetype-	31	ccof	_	_
37	've	'	vb	VB	cat-|gen-|num-|pers-|case-|vib-|tam-|chunkId-would|chunkType-child|stype-|voicetype-	36	child	_	_
38	been	be	v	VBN	cat-v|gen-m|num-s|pers-3|case-0|vib-|tam-|chunkId-would|chunkType-child|stype-|voicetype-	36	child	_	_
39	resolved	resolve	v	VBN	cat-v|gen-m|num-s|pers-3|case-0|vib-|tam-|chunkId-would|chunkType-child|stype-|voicetype-	36	child	_	_
40	.	.	punc	SYM	cat-punc|gen-n|num-s|pers-3|case-0|vib-|tam-|chunkId-would|chunkType-child|stype-|voicetype-	36	child	_	_

1	But	but	Conj	CC	cat-Conj|gen-m|num-s|pers-3|case-0|vib-|tam-|chunkId-CCP|chunkType-head|stype-|voicetype-	0	root	_	_
2	her	she	P	PRP$	cat-P|gen-f|num-s|pers-3|case-0|vib-|tam-|chunkId-NP|chunkType-head|stype-|voicetype-	8	k1	_	_
3	resignation	resignation	n	NN	cat-n|gen-m|num-s|pers-3|case-0|vib-|tam-|chunkId-her|chunkType-child|stype-|voicetype-	2	child	_	_
4	from	from	p	IN	cat-p|gen-m|num-s|pers-3|case-0|vib-|tam-|chunkId-PP|chunkType-head|stype-|voicetype-	2	nmod	_	_
5	both	both	pdet	PDT	cat-pdet|gen-m|num-s|pers-3|case-0|vib-|tam-|chunkId-from|chunkType-child|stype-|voicetype-	4	child	_	_
6	the	the	det	DT	cat-det|gen-m|num-s|pers-3|case-0|vib-|tam-|chunkId-from|chunkType-child|stype-|voicetype-	4	child	_	_
7	posts	post	n	NNS	cat-n|gen-m|num-p|pers-3|case-0|vib-|tam-|chunkId-from|chunkType-child|stype-|voicetype-	4	child	_	_
8	is	be	v	VBZ	cat-v|gen-m|num-s|pers-3|case-0|vib-|tam-|chunkId-VG|chunkType-head|stype-|voicetype-	1	ccof	_	_
9	an	an	det	DT	cat-det|gen-m|num-s|pers-3|case-0|vib-|tam-|chunkId-NP3|chunkType-head|stype-|voicetype-	8	k1s	_	_
10	example	example	n	NN	cat-n|gen-m|num-s|pers-3|case-0|vib-|tam-|chunkId-an|chunkType-child|stype-|voicetype-	9	child	_	_
11	of	of	p	IN	cat-p|gen-m|num-s|pers-3|case-0|vib-|tam-|chunkId-PP2|chunkType-head|stype-|voicetype-	9	r6	_	_
12	her	she	P	PRP$	cat-P|gen-f|num-s|pers-3|case-0|vib-|tam-|chunkId-of|chunkType-child|stype-|voicetype-	11	child	_	_
13	political	political	adj	JJ	cat-adj|gen-m|num-s|pers-3|case-0|vib-|tam-|chunkId-of|chunkType-child|stype-|voicetype-	11	child	_	_
14	maturity	maturity	n	NN	cat-n|gen-m|num-s|pers-3|case-0|vib-|tam-|chunkId-of|chunkType-child|stype-|voicetype-	11	child	_	_
15	.	.	punc	SYM	cat-punc|gen-n|num-s|pers-3|case-0|vib-|tam-|chunkId-of|chunkType-child|stype-|voicetype-	11	child	_	_

1	He	he	P	PRP	cat-P|gen-m|num-s|pers-3|case-0|vib-|tam-|chunkId-NP|chunkType-head|stype-|voicetype-	2	k1	_	_
2	said	say	v	VBD	cat-v|gen-m|num-s|pers-3|case-0|vib-|tam-|chunkId-VG|chunkType-head|stype-|voicetype-	0	root	_	_
3	that	that	Comp	IN	cat-Comp|gen-m|num-s|pers-3|case-0|vib-|tam-|chunkId-CCP|chunkType-head|stype-|voicetype-	2	k2	_	_
4	Sonia	'	nnp	NNP	cat-|gen-|num-|pers-|case-|vib-|tam-|chunkId-NP2|chunkType-head|stype-|voicetype-	6	k2	_	_
5	Gandhi	'	nnp	NNP	cat-|gen-|num-|pers-|case-|vib-|tam-|chunkId-Sonia|chunkType-child|stype-|voicetype-	4	child	_	_
6	should	should	v	MD	cat-v|gen-m|num-s|pers-3|case-0|vib-|tam-|chunkId-VG2|chunkType-head|stype-|voicetype-	3	ccof	_	_
7	be	be	v	VB	cat-v|gen-m|num-s|pers-3|case-0|vib-|tam-|chunkId-should|chunkType-child|stype-|voicetype-	6	child	_	_
8	praised	praise	v	VBN	cat-v|gen-m|num-s|pers-3|case-0|vib-|tam-|chunkId-should|chunkType-child|stype-|voicetype-	6	child	_	_
9	for	for	p	IN	cat-p|gen-m|num-s|pers-3|case-0|vib-|tam-|chunkId-PP|chunkType-head|stype-|voicetype-	6	rh	_	_
10	the	the	det	DT	cat-det|gen-m|num-s|pers-3|case-0|vib-|tam-|chunkId-for|chunkType-child|stype-|voicetype-	9	child	_	_
11	fact	fact	n	NN	cat-n|gen-m|num-s|pers-3|case-0|vib-|tam-|chunkId-for|chunkType-child|stype-|voicetype-	9	child	_	_
12	that	that	Comp	IN	cat-Comp|gen-m|num-s|pers-3|case-0|vib-|tam-|chunkId-CCP2|chunkType-head|stype-|voicetype-	9	rs	_	_
13	she	she	P	PRP	cat-P|gen-f|num-s|pers-3|case-0|vib-|tam-|chunkId-NP4|chunkType-head|stype-|voicetype-	14	k1	_	_
14	saved	save	v	VBD	cat-v|gen-m|num-s|pers-3|case-0|vib-|tam-|chunkId-VG3|chunkType-head|stype-|voicetype-	12	ccof	_	_
15	the	the	det	DT	cat-det|gen-m|num-s|pers-3|case-0|vib-|tam-|chunkId-NP5|chunkType-head|stype-|voicetype-	14	k2	_	_
16	UPA	'	nnp	NNP	cat-|gen-|num-|pers-|case-|vib-|tam-|chunkId-the2|chunkType-child|stype-|voicetype-	15	child	_	_
17	government	government	n	NN	cat-n|gen-m|num-s|pers-3|case-0|vib-|tam-|chunkId-the2|chunkType-child|stype-|voicetype-	15	child	_	_
18	from	from	p	IN	cat-p|gen-m|num-s|pers-3|case-0|vib-|tam-|chunkId-NP6|chunkType-head|stype-|voicetype-	14	vmod	_	_
19	bringing	bring	v	VBG	cat-v|gen-m|num-s|pers-3|case-0|vib-|tam-|chunkId-from|chunkType-child|stype-|voicetype-	18	child	_	_
20	in	in	p	IN	cat-p|gen-m|num-s|pers-3|case-0|vib-|tam-|chunkId-PP2|chunkType-head|stype-|voicetype-	18	pof	_	_
21	an	an	det	DT	cat-det|gen-m|num-s|pers-3|case-0|vib-|tam-|chunkId-NP7|chunkType-head|stype-|voicetype-	18	k2	_	_
22	ordinance	ordinance	n	NN	cat-n|gen-m|num-s|pers-3|case-0|vib-|tam-|chunkId-an|chunkType-child|stype-|voicetype-	21	child	_	_
23	in	in	p	IN	cat-p|gen-m|num-s|pers-3|case-0|vib-|tam-|chunkId-PP3|chunkType-head|stype-|voicetype-	18	k7	_	_
24	this	this	det	DT	cat-det|gen-m|num-s|pers-3|case-0|vib-|tam-|chunkId-in2|chunkType-child|stype-|voicetype-	23	child	_	_
25	matter	matter	n	NN	cat-n|gen-m|num-s|pers-3|case-0|vib-|tam-|chunkId-in2|chunkType-child|stype-|voicetype-	23	child	_	_
26	.	.	punc	SYM	cat-punc|gen-n|num-s|pers-3|case-0|vib-|tam-|chunkId-in2|chunkType-child|stype-|voicetype-	23	child	_	_

1	Vaidya	'	nnp	NNP	cat-|gen-|num-|pers-|case-|vib-|tam-|chunkId-NP|chunkType-head|stype-|voicetype-	2	k1	_	_
2	believes	believe	v	VBZ	cat-v|gen-m|num-s|pers-3|case-0|vib-|tam-|chunkId-VG|chunkType-head|stype-|voicetype-	0	root	_	_
3	that	that	Comp	IN	cat-Comp|gen-m|num-s|pers-3|case-0|vib-|tam-|chunkId-CCP|chunkType-head|stype-|voicetype-	2	k2	_	_
4	the	the	det	DT	cat-det|gen-m|num-s|pers-3|case-0|vib-|tam-|chunkId-NP2|chunkType-head|stype-|voicetype-	22	k1	_	_
5	noise	noise	n	NNS	cat-n|gen-m|num-p|pers-3|case-0|vib-|tam-|chunkId-the|chunkType-child|stype-|voicetype-	4	child	_	_
6	the	the	det	DT	cat-det|gen-m|num-s|pers-3|case-0|vib-|tam-|chunkId-NP3|chunkType-head|stype-|voicetype-	8	k1	_	_
7	opposition	opposition	n	NN	cat-n|gen-m|num-s|pers-3|case-0|vib-|tam-|chunkId-the2|chunkType-child|stype-|voicetype-	6	child	_	_
8	is	be	v	VBZ	cat-v|gen-m|num-s|pers-3|case-0|vib-|tam-|chunkId-VG2|chunkType-head|stype-|voicetype-	4	nmod__relc	_	_
9	making	make	v	VBG	cat-v|gen-m|num-s|pers-3|case-0|vib-|tam-|chunkId-is|chunkType-child|stype-|voicetype-	8	child	_	_
10	on	on	p	IN	cat-p|gen-m|num-s|pers-3|case-0|vib-|tam-|chunkId-NP4|chunkType-head|stype-|voicetype-	8	k7	_	_
11	Sonia	'	nnp	NNP	cat-|gen-|num-|pers-|case-|vib-|tam-|chunkId-on|chunkType-child|stype-|voicetype-	10	child	_	_
12	Gandhi	'	nnp	NNP	cat-|gen-|num-|pers-|case-|vib-|tam-|chunkId-on|chunkType-child|stype-|voicetype-	10	child	_	_
13	's	'	pos	POS	cat-|gen-|num-|pers-|case-|vib-|tam-|chunkId-on|chunkType-child|stype-|voicetype-	10	child	_	_
14	decision	decision	n	NN	cat-n|gen-m|num-s|pers-3|case-0|vib-|tam-|chunkId-on|chunkType-child|stype-|voicetype-	10	child	_	_
15	to	to	p	TO	cat-p|gen-m|num-s|pers-3|case-0|vib-|tam-|chunkId-VG3|chunkType-head|stype-|voicetype-	10	nmod	_	_
16	resign	resign	v	VB	cat-v|gen-m|num-s|pers-3|case-0|vib-|tam-|chunkId-to|chunkType-child|stype-|voicetype-	15	child	_	_
17	from	from	p	IN	cat-p|gen-m|num-s|pers-3|case-0|vib-|tam-|chunkId-PP|chunkType-head|stype-|voicetype-	15	k7	_	_
18	both	both	pdet	PDT	cat-pdet|gen-m|num-s|pers-3|case-0|vib-|tam-|chunkId-from|chunkType-child|stype-|voicetype-	17	child	_	_
19	the	the	det	DT	cat-det|gen-m|num-s|pers-3|case-0|vib-|tam-|chunkId-from|chunkType-child|stype-|voicetype-	17	child	_	_
20	posts	post	n	NNS	cat-n|gen-m|num-p|pers-3|case-0|vib-|tam-|chunkId-from|chunkType-child|stype-|voicetype-	17	child	_	_
21	,	comma	punc	SYM	cat-punc|gen-n|num-s|pers-3|case-0|vib-|tam-|chunkId-from|chunkType-child|stype-|voicetype-	17	child	_	_
22	has	have	v	VBZ	cat-v|gen-m|num-s|pers-3|case-0|vib-|tam-|chunkId-VG4|chunkType-head|stype-|voicetype-	3	ccof	_	_
23	no	no	det	DT	cat-det|gen-m|num-s|pers-3|case-0|vib-|tam-|chunkId-NP7|chunkType-head|stype-|voicetype-	22	k2	_	_
24	basis	basis	n	NN	cat-n|gen-m|num-s|pers-3|case-0|vib-|tam-|chunkId-no|chunkType-child|stype-|voicetype-	23	child	_	_
25	.	.	punc	SYM	cat-punc|gen-n|num-s|pers-3|case-0|vib-|tam-|chunkId-no|chunkType-child|stype-|voicetype-	23	child	_	_

1	She	she	P	PRP	cat-P|gen-f|num-s|pers-3|case-0|vib-|tam-|chunkId-NP|chunkType-head|stype-|voicetype-	2	k1	_	_
2	is	be	v	VBZ	cat-v|gen-m|num-s|pers-3|case-0|vib-|tam-|chunkId-VG|chunkType-head|stype-|voicetype-	0	root	_	_
3	about	about	p	IN	cat-p|gen-m|num-s|pers-3|case-0|vib-|tam-|chunkId-is|chunkType-child|stype-|voicetype-	2	child	_	_
4	to	to	p	TO	cat-p|gen-m|num-s|pers-3|case-0|vib-|tam-|chunkId-is|chunkType-child|stype-|voicetype-	2	child	_	_
5	contest	stand	v	VB	cat-v|gen-m|num-s|pers-3|case-0|vib-|tam-|chunkId-is|chunkType-child|stype-|voicetype-	2	child	_	_
6	elections	election	n	NNS	cat-n|gen-m|num-p|pers-3|case-0|vib-|tam-|chunkId-NP2|chunkType-head|stype-|voicetype-	2	k2	_	_
7	from	from	p	IN	cat-p|gen-m|num-s|pers-3|case-0|vib-|tam-|chunkId-PP|chunkType-head|stype-|voicetype-	2	k7p	_	_
8	Rae	'	nnp	NNP	cat-|gen-|num-|pers-|case-|vib-|tam-|chunkId-from|chunkType-child|stype-|voicetype-	7	child	_	_
9	again	again	D	RB	cat-D|gen-m|num-s|pers-3|case-0|vib-|tam-|chunkId-ADVP|chunkType-head|stype-|voicetype-	2	k7t	_	_
10	.	.	punc	SYM	cat-punc|gen-n|num-s|pers-3|case-0|vib-|tam-|chunkId-again|chunkType-child|stype-|voicetype-	9	child	_	_

1	Sonia	'	nnp	NNP	cat-|gen-|num-|pers-|case-|vib-|tam-|chunkId-NP|chunkType-head|stype-|voicetype-	2	k1	_	_
2	will	will	v	MD	cat-v|gen-m|num-s|pers-3|case-0|vib-|tam-|chunkId-VG|chunkType-head|stype-|voicetype-	0	root	_	_
3	win	win	v	VB	cat-v|gen-m|num-s|pers-3|case-0|vib-|tam-|chunkId-will|chunkType-child|stype-|voicetype-	2	child	_	_
4	this	this	det	DT	cat-det|gen-m|num-s|pers-3|case-0|vib-|tam-|chunkId-NP2|chunkType-head|stype-|voicetype-	2	k7t	_	_
5	time	time	n	NN	cat-n|gen-m|num-s|pers-3|case-0|vib-|tam-|chunkId-this|chunkType-child|stype-|voicetype-	4	child	_	_
6	with	with	p	IN	cat-p|gen-m|num-s|pers-3|case-0|vib-|tam-|chunkId-PP|chunkType-head|stype-|voicetype-	2	k3	_	_
7	far	far	D	RB	cat-D|gen-m|num-s|pers-3|case-0|vib-|tam-|chunkId-with|chunkType-child|stype-|voicetype-	6	child	_	_
8	more	more	adj	JJR	cat-adj|gen-m|num-s|pers-3|case-0|vib-|tam-|chunkId-with|chunkType-child|stype-|voicetype-	6	child	_	_
9	votes	vote	n	NNS	cat-n|gen-m|num-p|pers-3|case-0|vib-|tam-|chunkId-with|chunkType-child|stype-|voicetype-	6	child	_	_
10	than	than	p	IN	cat-p|gen-m|num-s|pers-3|case-0|vib-|tam-|chunkId-PP2|chunkType-head|stype-|voicetype-	2	k3u	_	_
11	the	the	det	DT	cat-det|gen-m|num-s|pers-3|case-0|vib-|tam-|chunkId-than|chunkType-child|stype-|voicetype-	10	child	_	_
12	last	last	adj	JJ	cat-adj|gen-m|num-s|pers-3|case-0|vib-|tam-|chunkId-than|chunkType-child|stype-|voicetype-	10	child	_	_
13	time	time	n	NN	cat-n|gen-m|num-s|pers-3|case-0|vib-|tam-|chunkId-than|chunkType-child|stype-|voicetype-	10	child	_	_
14	.	.	punc	SYM	cat-punc|gen-n|num-s|pers-3|case-0|vib-|tam-|chunkId-than|chunkType-child|stype-|voicetype-	10	child	_	_

1	He	he	P	PRP	cat-P|gen-m|num-s|pers-3|case-0|vib-|tam-|chunkId-NP|chunkType-head|stype-|voicetype-	2	k1	_	_
2	said	say	v	VBD	cat-v|gen-m|num-s|pers-3|case-0|vib-|tam-|chunkId-VG|chunkType-head|stype-|voicetype-	0	root	_	_
3	that	that	Comp	IN	cat-Comp|gen-m|num-s|pers-3|case-0|vib-|tam-|chunkId-CCP|chunkType-head|stype-|voicetype-	2	k2	_	_
4	Samajwadi	'	nnp	NNP	cat-|gen-|num-|pers-|case-|vib-|tam-|chunkId-NP2|chunkType-head|stype-|voicetype-	12	k1	_	_
5	party	party	n	NN	cat-n|gen-m|num-s|pers-3|case-0|vib-|tam-|chunkId-Samajwadi|chunkType-child|stype-|voicetype-	4	child	_	_
6	member	member	n	NN	cat-n|gen-m|num-s|pers-3|case-0|vib-|tam-|chunkId-Samajwadi|chunkType-child|stype-|voicetype-	4	child	_	_
7	Jaya	'	nnp	NNP	cat-|gen-|num-|pers-|case-|vib-|tam-|chunkId-Samajwadi|chunkType-child|stype-|voicetype-	4	child	_	_
8	Bachhan	'	nnp	NNP	cat-|gen-|num-|pers-|case-|vib-|tam-|chunkId-Samajwadi|chunkType-child|stype-|voicetype-	4	child	_	_
9	and	and	Conj	CC	cat-Conj|gen-m|num-s|pers-3|case-0|vib-|tam-|chunkId-Samajwadi|chunkType-child|stype-|voicetype-	4	child	_	_
10	Karan	'	nnp	NNP	cat-|gen-|num-|pers-|case-|vib-|tam-|chunkId-Samajwadi|chunkType-child|stype-|voicetype-	4	child	_	_
11	Singh	'	nnp	NNP	cat-|gen-|num-|pers-|case-|vib-|tam-|chunkId-Samajwadi|chunkType-child|stype-|voicetype-	4	child	_	_
12	have	have	v	VBP	cat-v|gen-m|num-s|pers-3|case-0|vib-|tam-|chunkId-VG2|chunkType-head|stype-|voicetype-	3	ccof	_	_
13	the	the	det	DT	cat-det|gen-m|num-s|pers-3|case-0|vib-|tam-|chunkId-NP3|chunkType-head|stype-|voicetype-	12	k2	_	_
14	same	same	adj	JJ	cat-adj|gen-m|num-s|pers-3|case-0|vib-|tam-|chunkId-the|chunkType-child|stype-|voicetype-	13	child	_	_
15	option	option	n	NN	cat-n|gen-m|num-s|pers-3|case-0|vib-|tam-|chunkId-the|chunkType-child|stype-|voicetype-	13	child	_	_
16	before	before	p	IN	cat-p|gen-m|num-s|pers-3|case-0|vib-|tam-|chunkId-PP|chunkType-head|stype-|voicetype-	12	k7	_	_
17	them	them	P	PRP	cat-P|gen-m|num-p|pers-3|case-0|vib-|tam-|chunkId-before|chunkType-child|stype-|voicetype-	16	child	_	_
18	.	.	punc	SYM	cat-punc|gen-n|num-s|pers-3|case-0|vib-|tam-|chunkId-before|chunkType-child|stype-|voicetype-	16	child	_	_

1	But	but	Conj	CC	cat-Conj|gen-m|num-s|pers-3|case-0|vib-|tam-|chunkId-CCP|chunkType-head|stype-|voicetype-	0	root	_	_
2	the	the	det	DT	cat-det|gen-m|num-s|pers-3|case-0|vib-|tam-|chunkId-NP|chunkType-head|stype-|voicetype-	5	k1	_	_
3	Samjawadi	'	nnp	NNP	cat-|gen-|num-|pers-|case-|vib-|tam-|chunkId-the|chunkType-child|stype-|voicetype-	2	child	_	_
4	Party	party	n	NNP	cat-n|gen-m|num-s|pers-3|case-0|vib-|tam-|chunkId-the|chunkType-child|stype-|voicetype-	2	child	_	_
5	is	be	v	VBZ	cat-v|gen-m|num-s|pers-3|case-0|vib-|tam-|chunkId-VG|chunkType-head|stype-|voicetype-	1	ccof	_	_
6	not	not	D	RB	cat-D|gen-m|num-s|pers-3|case-0|vib-|tam-|chunkId-is|chunkType-child|stype-|voicetype-	5	child	_	_
7	going	go	v	VBG	cat-v|gen-m|num-s|pers-3|case-0|vib-|tam-|chunkId-is|chunkType-child|stype-|voicetype-	5	child	_	_
8	to	to	p	TO	cat-p|gen-m|num-s|pers-3|case-0|vib-|tam-|chunkId-VG2|chunkType-head|stype-|voicetype-	5	k2	_	_
9	take	take	v	VB	cat-v|gen-m|num-s|pers-3|case-0|vib-|tam-|chunkId-to|chunkType-child|stype-|voicetype-	8	child	_	_
10	it	it	P	PRP	cat-P|gen-m|num-s|pers-3|case-0|vib-|tam-|chunkId-NP2|chunkType-head|stype-|voicetype-	8	k2	_	_
11	.	.	punc	SYM	cat-punc|gen-n|num-s|pers-3|case-0|vib-|tam-|chunkId-it|chunkType-child|stype-|voicetype-	10	child	_	_

1	Without	without	p	IN	cat-p|gen-m|num-s|pers-3|case-0|vib-|tam-|chunkId-VG|chunkType-head|stype-|voicetype-	5	ccof	_	_
2	naming	name	v	VBG	cat-v|gen-m|num-s|pers-3|case-0|vib-|tam-|chunkId-Without|chunkType-child|stype-|voicetype-	1	child	_	_
3	the	the	det	DT	cat-det|gen-m|num-s|pers-3|case-0|vib-|tam-|chunkId-NP|chunkType-head|stype-|voicetype-	1	k2	_	_
4	BJP	'	nnp	NNP	cat-|gen-|num-|pers-|case-|vib-|tam-|chunkId-the|chunkType-child|stype-|voicetype-	3	child	_	_
5	and	and	Conj	CC	cat-Conj|gen-m|num-s|pers-3|case-0|vib-|tam-|chunkId-CCP|chunkType-head|stype-|voicetype-	12	adv	_	_
6	criticizing	criticize	v	VBG	cat-v|gen-m|num-s|pers-3|case-0|vib-|tam-|chunkId-VG2|chunkType-head|stype-|voicetype-	5	ccof	_	_
7	the	the	det	DT	cat-det|gen-m|num-s|pers-3|case-0|vib-|tam-|chunkId-NP2|chunkType-head|stype-|voicetype-	6	k2	_	_
8	Left	left	n	NNP	cat-n|gen-m|num-s|pers-3|case-0|vib-|tam-|chunkId-the2|chunkType-child|stype-|voicetype-	7	child	_	_
9	parties	party	n	NNS	cat-n|gen-m|num-p|pers-3|case-0|vib-|tam-|chunkId-the2|chunkType-child|stype-|voicetype-	7	child	_	_
10	,	comma	punc	SYM	cat-punc|gen-n|num-s|pers-3|case-0|vib-|tam-|chunkId-the2|chunkType-child|stype-|voicetype-	7	child	_	_
11	Vaidya	'	nnp	NNP	cat-|gen-|num-|pers-|case-|vib-|tam-|chunkId-NP3|chunkType-head|stype-|voicetype-	12	k1	_	_
12	said	say	v	VBD	cat-v|gen-m|num-s|pers-3|case-0|vib-|tam-|chunkId-VG3|chunkType-head|stype-|voicetype-	0	root	_	_
13	that	that	Comp	CC	cat-Comp|gen-m|num-s|pers-3|case-0|vib-|tam-|chunkId-CCP2|chunkType-head|stype-|voicetype-	12	k2	_	_
14	all	all	n	PDT	cat-n|gen-m|num-s|pers-3|case-0|vib-|tam-|chunkId-NP4|chunkType-head|stype-|voicetype-	29	k1	_	_
15	those	those	det	DT	cat-det|gen-m|num-s|pers-3|case-0|vib-|tam-|chunkId-all|chunkType-child|stype-|voicetype-	14	child	_	_
16	members	member	n	NNS	cat-n|gen-m|num-p|pers-3|case-0|vib-|tam-|chunkId-all|chunkType-child|stype-|voicetype-	14	child	_	_
17	who	who	P	WP	cat-P|gen-m|num-s|pers-3|case-0|vib-|tam-|chunkId-NP5|chunkType-head|stype-|voicetype-	18	k1	_	_
18	fall	fall	v	VBP	cat-v|gen-m|num-s|pers-3|case-0|vib-|tam-|chunkId-VG4|chunkType-head|stype-|voicetype-	14	nmod__relc	_	_
19	in	in	p	IN	cat-p|gen-m|num-s|pers-3|case-0|vib-|tam-|chunkId-PP|chunkType-head|stype-|voicetype-	18	k7	_	_
20	the	the	det	DT	cat-det|gen-m|num-s|pers-3|case-0|vib-|tam-|chunkId-in|chunkType-child|stype-|voicetype-	19	child	_	_
21	purview	purview	n	NN	cat-n|gen-m|num-s|pers-3|case-0|vib-|tam-|chunkId-in|chunkType-child|stype-|voicetype-	19	child	_	_
22	of	of	p	IN	cat-p|gen-m|num-s|pers-3|case-0|vib-|tam-|chunkId-VG5|chunkType-head|stype-|voicetype-	19	r6	_	_
23	occupying	occupy	v	VBG	cat-v|gen-m|num-s|pers-3|case-0|vib-|tam-|chunkId-of|chunkType-child|stype-|voicetype-	22	child	_	_
24	an	an	det	DT	cat-det|gen-m|num-s|pers-3|case-0|vib-|tam-|chunkId-NP7|chunkType-head|stype-|voicetype-	22	k2	_	_
25	office	office	n	NN	cat-n|gen-m|num-s|pers-3|case-0|vib-|tam-|chunkId-an|chunkType-child|stype-|voicetype-	24	child	_	_
26	of	of	p	IN	cat-p|gen-m|num-s|pers-3|case-0|vib-|tam-|chunkId-PP2|chunkType-head|stype-|voicetype-	24	r6	_	_
27	profit	profit	n	NN	cat-n|gen-m|num-s|pers-3|case-0|vib-|tam-|chunkId-of2|chunkType-child|stype-|voicetype-	26	child	_	_
28	,	comma	punc	SYM	cat-punc|gen-n|num-s|pers-3|case-0|vib-|tam-|chunkId-of2|chunkType-child|stype-|voicetype-	26	child	_	_
29	should	should	v	MD	cat-v|gen-m|num-s|pers-3|case-0|vib-|tam-|chunkId-VG6|chunkType-head|stype-|voicetype-	13	ccof	_	_
30	resign	resign	v	VB	cat-v|gen-m|num-s|pers-3|case-0|vib-|tam-|chunkId-should|chunkType-child|stype-|voicetype-	29	child	_	_
31	.	.	punc	SYM	cat-punc|gen-n|num-s|pers-3|case-0|vib-|tam-|chunkId-should|chunkType-child|stype-|voicetype-	29	child	_	_

1	Why	why	D	WRB	cat-D|gen-m|num-s|pers-3|case-0|vib-|tam-|chunkId-ADVP|chunkType-head|stype-|voicetype-	2	adv	_	_
2	are	be	v	VBP	cat-v|gen-m|num-p|pers-3|case-0|vib-|tam-|chunkId-VG|chunkType-head|stype-|voicetype-	0	root	_	_
3	they	he	P	PRP	cat-P|gen-m|num-p|pers-3|case-0|vib-|tam-|chunkId-NP|chunkType-head|stype-|voicetype-	2	k1	_	_
4	waiting	wait	v	VBG	cat-v|gen-m|num-s|pers-3|case-0|vib-|tam-|chunkId-VG2|chunkType-head|stype-|voicetype-	2	fragof	_	_
5	for	for	p	IN	cat-p|gen-m|num-s|pers-3|case-0|vib-|tam-|chunkId-PP|chunkType-head|stype-|voicetype-	2	k2	_	_
6	the	the	det	DT	cat-det|gen-m|num-s|pers-3|case-0|vib-|tam-|chunkId-for|chunkType-child|stype-|voicetype-	5	child	_	_
7	government	government	n	NN	cat-n|gen-m|num-s|pers-3|case-0|vib-|tam-|chunkId-for|chunkType-child|stype-|voicetype-	5	child	_	_
8	to	to	p	TO	cat-p|gen-m|num-s|pers-3|case-0|vib-|tam-|chunkId-VG3|chunkType-head|stype-|voicetype-	2	rt	_	_
9	bring	bring	v	VB	cat-v|gen-m|num-s|pers-3|case-0|vib-|tam-|chunkId-to|chunkType-child|stype-|voicetype-	8	child	_	_
10	in	in	p	IN	cat-p|gen-m|num-s|pers-3|case-0|vib-|tam-|chunkId-PP2|chunkType-head|stype-|voicetype-	8	pof	_	_
11	an	an	det	DT	cat-det|gen-m|num-s|pers-3|case-0|vib-|tam-|chunkId-NP3|chunkType-head|stype-|voicetype-	8	k2	_	_
12	ordinance	ordinance	n	NN	cat-n|gen-m|num-s|pers-3|case-0|vib-|tam-|chunkId-an|chunkType-child|stype-|voicetype-	11	child	_	_
13	to	to	p	TO	cat-p|gen-m|num-s|pers-3|case-0|vib-|tam-|chunkId-VG4|chunkType-head|stype-|voicetype-	8	rt	_	_
14	save	save	v	VB	cat-v|gen-m|num-s|pers-3|case-0|vib-|tam-|chunkId-to2|chunkType-child|stype-|voicetype-	13	child	_	_
15	their	he	det	PRP$	cat-det|gen-m|num-p|pers-3|case-0|vib-|tam-|chunkId-NP4|chunkType-head|stype-|voicetype-	13	k2	_	_
16	posts	post	n	NNS	cat-n|gen-m|num-p|pers-3|case-0|vib-|tam-|chunkId-their|chunkType-child|stype-|voicetype-	15	child	_	_
17	.	.	punc	SYM	cat-punc|gen-n|num-s|pers-3|case-0|vib-|tam-|chunkId-their|chunkType-child|stype-|voicetype-	15	child	_	_

1	The	the	det	DT	cat-det|gen-m|num-s|pers-3|case-0|vib-|tam-|chunkId-NP|chunkType-head|stype-|voicetype-	4	k1	_	_
2	UPA	'	nnp	NNP	cat-|gen-|num-|pers-|case-|vib-|tam-|chunkId-The|chunkType-child|stype-|voicetype-	1	child	_	_
3	government	government	n	NN	cat-n|gen-m|num-s|pers-3|case-0|vib-|tam-|chunkId-The|chunkType-child|stype-|voicetype-	1	child	_	_
4	should	should	v	MD	cat-v|gen-m|num-s|pers-3|case-0|vib-|tam-|chunkId-VG|chunkType-head|stype-|voicetype-	10	ccof	_	_
5	define	define	v	VB	cat-v|gen-m|num-s|pers-3|case-0|vib-|tam-|chunkId-should|chunkType-child|stype-|voicetype-	4	child	_	_
6	an	an	det	DT	cat-det|gen-m|num-s|pers-3|case-0|vib-|tam-|chunkId-NP2|chunkType-head|stype-|voicetype-	4	k2	_	_
7	office	office	n	NN	cat-n|gen-m|num-s|pers-3|case-0|vib-|tam-|chunkId-an|chunkType-child|stype-|voicetype-	6	child	_	_
8	of	of	p	IN	cat-p|gen-m|num-s|pers-3|case-0|vib-|tam-|chunkId-PP|chunkType-head|stype-|voicetype-	6	r6	_	_
9	profit	profit	n	NN	cat-n|gen-m|num-s|pers-3|case-0|vib-|tam-|chunkId-of|chunkType-child|stype-|voicetype-	8	child	_	_
10	and	and	Conj	CC	cat-Conj|gen-m|num-s|pers-3|case-0|vib-|tam-|chunkId-CCP|chunkType-head|stype-|voicetype-	0	root	_	_
11	should	should	v	MD	cat-v|gen-m|num-s|pers-3|case-0|vib-|tam-|chunkId-VG2|chunkType-head|stype-|voicetype-	10	ccof	_	_
12	pass	pass	v	VB	cat-v|gen-m|num-s|pers-3|case-0|vib-|tam-|chunkId-should2|chunkType-child|stype-|voicetype-	11	child	_	_
13	the	the	det	DT	cat-det|gen-m|num-s|pers-3|case-0|vib-|tam-|chunkId-NP4|chunkType-head|stype-|voicetype-	11	k2	_	_
14	bill	bill	n	NN	cat-n|gen-m|num-s|pers-3|case-0|vib-|tam-|chunkId-the|chunkType-child|stype-|voicetype-	13	child	_	_
15	not	not	D	RB	cat-D|gen-m|num-s|pers-3|case-0|vib-|tam-|chunkId-ADJP|chunkType-head|stype-|voicetype-	11	adv	_	_
16	by	by	p	IN	cat-p|gen-m|num-s|pers-3|case-0|vib-|tam-|chunkId-PP2|chunkType-head|stype-|voicetype-	19	ccof	_	_
17	majority	majority	n	NN	cat-n|gen-m|num-s|pers-3|case-0|vib-|tam-|chunkId-by|chunkType-child|stype-|voicetype-	16	child	_	_
18	vote	vote	n	NN	cat-n|gen-m|num-s|pers-3|case-0|vib-|tam-|chunkId-by|chunkType-child|stype-|voicetype-	16	child	_	_
19	but	but	Conj	CC	cat-Conj|gen-m|num-s|pers-3|case-0|vib-|tam-|chunkId-CCP2|chunkType-head|stype-|voicetype-	11	adv	_	_
20	unanimously	unanimously	D	RB	cat-D|gen-m|num-s|pers-3|case-0|vib-|tam-|chunkId-ADVP|chunkType-head|stype-|voicetype-	19	ccof	_	_
21	.	.	punc	SYM	cat-punc|gen-n|num-s|pers-3|case-0|vib-|tam-|chunkId-unanimously|chunkType-child|stype-|voicetype-	20	child	_	_

1	Pointing	point	v	VBG	cat-v|gen-m|num-s|pers-3|case-0|vib-|tam-|chunkId-VG|chunkType-head|stype-|voicetype-	8	vmod	_	_
2	a	a	det	DT	cat-det|gen-m|num-s|pers-3|case-0|vib-|tam-|chunkId-NP|chunkType-head|stype-|voicetype-	1	k2	_	_
3	finger	finger	n	NN	cat-n|gen-m|num-s|pers-3|case-0|vib-|tam-|chunkId-a|chunkType-child|stype-|voicetype-	2	child	_	_
4	at	at	p	IN	cat-p|gen-m|num-s|pers-3|case-0|vib-|tam-|chunkId-PP|chunkType-head|stype-|voicetype-	1	k7	_	_
5	BJP	'	nnp	NNP	cat-|gen-|num-|pers-|case-|vib-|tam-|chunkId-at|chunkType-child|stype-|voicetype-	4	child	_	_
6	,	comma	punc	SYM	cat-punc|gen-n|num-s|pers-3|case-0|vib-|tam-|chunkId-at|chunkType-child|stype-|voicetype-	4	child	_	_
7	Vaidya	'	nnp	NNP	cat-|gen-|num-|pers-|case-|vib-|tam-|chunkId-NP3|chunkType-head|stype-|voicetype-	8	k1	_	_
8	said	say	v	VBD	cat-v|gen-m|num-s|pers-3|case-0|vib-|tam-|chunkId-VG2|chunkType-head|stype-|voicetype-	0	root	_	_
9	that	that	Comp	IN	cat-Comp|gen-m|num-s|pers-3|case-0|vib-|tam-|chunkId-CCP|chunkType-head|stype-|voicetype-	8	k2	_	_
10	those	those	det	DT	cat-det|gen-m|num-s|pers-3|case-0|vib-|tam-|chunkId-NP4|chunkType-head|stype-|voicetype-	20	k1	_	_
11	who	who	Comp	WP	cat-Comp|gen-m|num-s|pers-3|case-0|vib-|tam-|chunkId-NP5|chunkType-head|stype-|voicetype-	12	k1	_	_
12	have	have	v	VBP	cat-v|gen-m|num-s|pers-3|case-0|vib-|tam-|chunkId-VG3|chunkType-head|stype-|voicetype-	10	nmod__relc	_	_
13	termed	term	v	VBN	cat-v|gen-m|num-s|pers-3|case-0|vib-|tam-|chunkId-have|chunkType-child|stype-|voicetype-	12	child	_	_
14	her	she	P	PRP$	cat-P|gen-f|num-s|pers-3|case-0|vib-|tam-|chunkId-NP6|chunkType-head|stype-|voicetype-	12	k2	_	_
15	resignation	resignation	n	NN	cat-n|gen-m|num-s|pers-3|case-0|vib-|tam-|chunkId-her|chunkType-child|stype-|voicetype-	14	child	_	_
16	as	as	p	IN	cat-p|gen-m|num-s|pers-3|case-0|vib-|tam-|chunkId-PP2|chunkType-head|stype-|voicetype-	12	k2u	_	_
17	an	an	det	DT	cat-det|gen-m|num-s|pers-3|case-0|vib-|tam-|chunkId-as|chunkType-child|stype-|voicetype-	16	child	_	_
18	act	act	n	NN	cat-n|gen-m|num-s|pers-3|case-0|vib-|tam-|chunkId-as|chunkType-child|stype-|voicetype-	16	child	_	_
19	,	comma	punc	SYM	cat-punc|gen-n|num-s|pers-3|case-0|vib-|tam-|chunkId-as|chunkType-child|stype-|voicetype-	16	child	_	_
20	should	'	vbd	VBD	cat-|gen-|num-|pers-|case-|vib-|tam-|chunkId-VG4|chunkType-head|stype-|voicetype-	9	ccof	_	_
21	first	first	D	RB	cat-D|gen-m|num-s|pers-3|case-0|vib-|tam-|chunkId-ADVP|chunkType-head|stype-|voicetype-	20	adv	_	_
22	resign	re-sign	v	VM	cat-v|gen-m|num-s|pers-3|case-0|vib-|tam-|chunkId-FRAGP|chunkType-head|stype-|voicetype-	20	ragof	_	_
23	themselves	themselves	P	PRP	cat-P|gen-m|num-p|pers-3|case-0|vib-|tam-|chunkId-NP8|chunkType-head|stype-|voicetype-	10	nmod__emph	_	_
24	.	.	punc	SYM	cat-punc|gen-n|num-s|pers-3|case-0|vib-|tam-|chunkId-themselves|chunkType-child|stype-|voicetype-	23	child	_	_

