1	No	no	det	DT	cat-det|gen-m|num-s|pers-3|case-0|vib-|tam-|chunkId-SSF|chunkType-head|stype-|voicetype-	0	root	_	_
2	agreement	agreement	n	NN	cat-n|gen-m|num-s|pers-3|case-0|vib-|tam-|chunkId-No|chunkType-child|stype-|voicetype-	1	child	_	_
3	on	on	p	IN	cat-p|gen-m|num-s|pers-3|case-0|vib-|tam-|chunkId-No|chunkType-child|stype-|voicetype-	1	child	_	_
4	Siachen	'	nnp	NNP	cat-|gen-|num-|pers-|case-|vib-|tam-|chunkId-No|chunkType-child|stype-|voicetype-	1	child	_	_
5	Issue	issue	n	NNP	cat-n|gen-m|num-s|pers-3|case-0|vib-|tam-|chunkId-No|chunkType-child|stype-|voicetype-	1	child	_	_
6	Pak	'	nnp	NNP	cat-|gen-|num-|pers-|case-|vib-|tam-|chunkId-No|chunkType-child|stype-|voicetype-	1	child	_	_
7	's	'	pos	POS	cat-|gen-|num-|pers-|case-|vib-|tam-|chunkId-No|chunkType-child|stype-|voicetype-	1	child	_	_
8	claims	claim	n	NNS	cat-n|gen-m|num-p|pers-3|case-0|vib-|tam-|chunkId-No|chunkType-child|stype-|voicetype-	1	child	_	_
9	hollow	hollow	v	VBD	cat-v|gen-m|num-s|pers-3|case-0|vib-|tam-|chunkId-No|chunkType-child|stype-|voicetype-	1	child	_	_
10	India	'	nnp	NNP	cat-|gen-|num-|pers-|case-|vib-|tam-|chunkId-No|chunkType-child|stype-|voicetype-	1	child	_	_
11	disagrees	disagree	v	VBZ	cat-v|gen-m|num-s|pers-3|case-0|vib-|tam-|chunkId-No|chunkType-child|stype-|voicetype-	1	child	_	_
12	with	with	p	IN	cat-p|gen-m|num-s|pers-3|case-0|vib-|tam-|chunkId-No|chunkType-child|stype-|voicetype-	1	child	_	_
13	proposal	proposal	n	NN	cat-n|gen-m|num-s|pers-3|case-0|vib-|tam-|chunkId-No|chunkType-child|stype-|voicetype-	1	child	_	_
14	New	new	n	NNP	cat-n|gen-m|num-s|pers-3|case-0|vib-|tam-|chunkId-No|chunkType-child|stype-|voicetype-	1	child	_	_
15	Delhi	'	nnp	NNP	cat-|gen-|num-|pers-|case-|vib-|tam-|chunkId-No|chunkType-child|stype-|voicetype-	1	child	_	_
16	.	.	punc	SYM	cat-punc|gen-n|num-s|pers-3|case-0|vib-|tam-|chunkId-No|chunkType-child|stype-|voicetype-	1	child	_	_

1	In	in	p	IN	cat-p|gen-m|num-s|pers-3|case-0|vib-|tam-|chunkId-SSF|chunkType-head|stype-|voicetype-	0	root	_	_
2	March	march	n	NNP	cat-n|gen-m|num-s|pers-3|case-0|vib-|tam-|chunkId-In|chunkType-child|stype-|voicetype-	1	child	_	_
3	,	comma	punc	SYM	cat-punc|gen-n|num-s|pers-3|case-0|vib-|tam-|chunkId-In|chunkType-child|stype-|voicetype-	1	child	_	_
4	when	when	Conj	WRB	cat-Conj|gen-m|num-s|pers-3|case-0|vib-|tam-|chunkId-In|chunkType-child|stype-|voicetype-	1	child	_	_
5	India	'	nnp	NNP	cat-|gen-|num-|pers-|case-|vib-|tam-|chunkId-In|chunkType-child|stype-|voicetype-	1	child	_	_
6	and	and	Conj	CC	cat-Conj|gen-m|num-s|pers-3|case-0|vib-|tam-|chunkId-In|chunkType-child|stype-|voicetype-	1	child	_	_
7	Pakistan	'	nnp	NNP	cat-|gen-|num-|pers-|case-|vib-|tam-|chunkId-In|chunkType-child|stype-|voicetype-	1	child	_	_
8	's	'	vbz	VBZ	cat-|gen-|num-|pers-|case-|vib-|tam-|chunkId-In|chunkType-child|stype-|voicetype-	1	child	_	_
9	Foreign	foreign	adj	NNP	cat-adj|gen-m|num-s|pers-3|case-0|vib-|tam-|chunkId-In|chunkType-child|stype-|voicetype-	1	child	_	_
10	Ministers	minister	n	NNP	cat-n|gen-m|num-s|pers-3|case-0|vib-|tam-|chunkId-In|chunkType-child|stype-|voicetype-	1	child	_	_
11	will	will	v	MD	cat-v|gen-m|num-s|pers-3|case-0|vib-|tam-|chunkId-In|chunkType-child|stype-|voicetype-	1	child	_	_
12	meet	meet	v	VB	cat-v|gen-m|num-s|pers-3|case-0|vib-|tam-|chunkId-In|chunkType-child|stype-|voicetype-	1	child	_	_
13	in	in	p	IN	cat-p|gen-m|num-s|pers-3|case-0|vib-|tam-|chunkId-In|chunkType-child|stype-|voicetype-	1	child	_	_
14	Islamabad	'	nnp	NNP	cat-|gen-|num-|pers-|case-|vib-|tam-|chunkId-In|chunkType-child|stype-|voicetype-	1	child	_	_
15	,	comma	punc	SYM	cat-punc|gen-n|num-s|pers-3|case-0|vib-|tam-|chunkId-In|chunkType-child|stype-|voicetype-	1	child	_	_
16	will	will	v	MD	cat-v|gen-m|num-s|pers-3|case-0|vib-|tam-|chunkId-In|chunkType-child|stype-|voicetype-	1	child	_	_
17	an	an	det	DT	cat-det|gen-m|num-s|pers-3|case-0|vib-|tam-|chunkId-In|chunkType-child|stype-|voicetype-	1	child	_	_
18	agreement	agreement	n	NN	cat-n|gen-m|num-s|pers-3|case-0|vib-|tam-|chunkId-In|chunkType-child|stype-|voicetype-	1	child	_	_
19	be	be	v	VB	cat-v|gen-m|num-s|pers-3|case-0|vib-|tam-|chunkId-In|chunkType-child|stype-|voicetype-	1	child	_	_
20	reached	reach	v	VBN	cat-v|gen-m|num-s|pers-3|case-0|vib-|tam-|chunkId-In|chunkType-child|stype-|voicetype-	1	child	_	_
21	over	over	p	IN	cat-p|gen-m|num-s|pers-3|case-0|vib-|tam-|chunkId-In|chunkType-child|stype-|voicetype-	1	child	_	_
22	withdrawing	withdraw	v	VBG	cat-v|gen-m|num-s|pers-3|case-0|vib-|tam-|chunkId-In|chunkType-child|stype-|voicetype-	1	child	_	_
23	forces	force	n	NNS	cat-n|gen-m|num-p|pers-3|case-0|vib-|tam-|chunkId-In|chunkType-child|stype-|voicetype-	1	child	_	_
24	from	from	p	IN	cat-p|gen-m|num-s|pers-3|case-0|vib-|tam-|chunkId-In|chunkType-child|stype-|voicetype-	1	child	_	_
25	Siachen	'	nnp	NNP	cat-|gen-|num-|pers-|case-|vib-|tam-|chunkId-In|chunkType-child|stype-|voicetype-	1	child	_	_
26	?	comma	punc	SYM	cat-punc|gen-n|num-s|pers-3|case-0|vib-|tam-|chunkId-In|chunkType-child|stype-|voicetype-	1	child	_	_

1	Pakistan	'	nnp	NNP	cat-|gen-|num-|pers-|case-|vib-|tam-|chunkId-SSF|chunkType-head|stype-|voicetype-	0	root	_	_
2	is	be	v	VBZ	cat-v|gen-m|num-s|pers-3|case-0|vib-|tam-|chunkId-Pakistan|chunkType-child|stype-|voicetype-	1	child	_	_
3	leaving	leave	v	VBG	cat-v|gen-m|num-s|pers-3|case-0|vib-|tam-|chunkId-Pakistan|chunkType-child|stype-|voicetype-	1	child	_	_
4	no	no	det	DT	cat-det|gen-m|num-s|pers-3|case-0|vib-|tam-|chunkId-Pakistan|chunkType-child|stype-|voicetype-	1	child	_	_
5	stone	stone	n	NN	cat-n|gen-m|num-s|pers-3|case-0|vib-|tam-|chunkId-Pakistan|chunkType-child|stype-|voicetype-	1	child	_	_
6	unturned	'	vbn	VBN	cat-|gen-|num-|pers-|case-|vib-|tam-|chunkId-Pakistan|chunkType-child|stype-|voicetype-	1	child	_	_
7	in	in	p	IN	cat-p|gen-m|num-s|pers-3|case-0|vib-|tam-|chunkId-Pakistan|chunkType-child|stype-|voicetype-	1	child	_	_
8	advertising	advertise	v	VBG	cat-v|gen-m|num-s|pers-3|case-0|vib-|tam-|chunkId-Pakistan|chunkType-child|stype-|voicetype-	1	child	_	_
9	that	that	P	IN	cat-P|gen-m|num-s|pers-3|case-0|vib-|tam-|chunkId-Pakistan|chunkType-child|stype-|voicetype-	1	child	_	_
10	this	this	det	DT	cat-det|gen-m|num-s|pers-3|case-0|vib-|tam-|chunkId-Pakistan|chunkType-child|stype-|voicetype-	1	child	_	_
11	will	will	v	MD	cat-v|gen-m|num-s|pers-3|case-0|vib-|tam-|chunkId-Pakistan|chunkType-child|stype-|voicetype-	1	child	_	_
12	happen	happen	v	VB	cat-v|gen-m|num-s|pers-3|case-0|vib-|tam-|chunkId-Pakistan|chunkType-child|stype-|voicetype-	1	child	_	_
13	,	comma	punc	SYM	cat-punc|gen-n|num-s|pers-3|case-0|vib-|tam-|chunkId-Pakistan|chunkType-child|stype-|voicetype-	1	child	_	_
14	whereas	whereas	Conj	IN	cat-Conj|gen-m|num-s|pers-3|case-0|vib-|tam-|chunkId-Pakistan|chunkType-child|stype-|voicetype-	1	child	_	_
15	according	accord	v	VBG	cat-v|gen-m|num-s|pers-3|case-0|vib-|tam-|chunkId-Pakistan|chunkType-child|stype-|voicetype-	1	child	_	_
16	to	to	p	TO	cat-p|gen-m|num-s|pers-3|case-0|vib-|tam-|chunkId-Pakistan|chunkType-child|stype-|voicetype-	1	child	_	_
17	highly	highly	D	RB	cat-D|gen-m|num-s|pers-3|case-0|vib-|tam-|chunkId-Pakistan|chunkType-child|stype-|voicetype-	1	child	_	_
18	placed	place	v	VBN	cat-v|gen-m|num-p|pers-3|case-0|vib-|tam-|chunkId-Pakistan|chunkType-child|stype-|voicetype-	1	child	_	_
19	sources	source	n	NNS	cat-n|gen-m|num-p|pers-3|case-0|vib-|tam-|chunkId-Pakistan|chunkType-child|stype-|voicetype-	1	child	_	_
20	in	in	p	IN	cat-p|gen-m|num-s|pers-3|case-0|vib-|tam-|chunkId-Pakistan|chunkType-child|stype-|voicetype-	1	child	_	_
21	India	'	nnp	NNP	cat-|gen-|num-|pers-|case-|vib-|tam-|chunkId-Pakistan|chunkType-child|stype-|voicetype-	1	child	_	_
22	's	'	pos	POS	cat-|gen-|num-|pers-|case-|vib-|tam-|chunkId-Pakistan|chunkType-child|stype-|voicetype-	1	child	_	_
23	Foreign	foreign	n	NNP	cat-n|gen-m|num-s|pers-3|case-0|vib-|tam-|chunkId-Pakistan|chunkType-child|stype-|voicetype-	1	child	_	_
24	Ministry	ministry	n	NNP	cat-n|gen-m|num-s|pers-3|case-0|vib-|tam-|chunkId-Pakistan|chunkType-child|stype-|voicetype-	1	child	_	_
25	,	comma	punc	SYM	cat-punc|gen-n|num-s|pers-3|case-0|vib-|tam-|chunkId-Pakistan|chunkType-child|stype-|voicetype-	1	child	_	_
26	there	there	P	EX	cat-P|gen-m|num-s|pers-3|case-0|vib-|tam-|chunkId-Pakistan|chunkType-child|stype-|voicetype-	1	child	_	_
27	is	be	v	VBZ	cat-v|gen-m|num-s|pers-3|case-0|vib-|tam-|chunkId-Pakistan|chunkType-child|stype-|voicetype-	1	child	_	_
28	still	still	D	RB	cat-D|gen-m|num-s|pers-3|case-0|vib-|tam-|chunkId-Pakistan|chunkType-child|stype-|voicetype-	1	child	_	_
29	time	time	n	NN	cat-n|gen-m|num-s|pers-3|case-0|vib-|tam-|chunkId-Pakistan|chunkType-child|stype-|voicetype-	1	child	_	_
30	.	.	punc	SYM	cat-punc|gen-n|num-s|pers-3|case-0|vib-|tam-|chunkId-Pakistan|chunkType-child|stype-|voicetype-	1	child	_	_

1	Sources	source	n	NNS	cat-n|gen-m|num-p|pers-3|case-0|vib-|tam-|chunkId-SSF|chunkType-head|stype-|voicetype-	0	root	_	_
2	in	in	p	IN	cat-p|gen-m|num-s|pers-3|case-0|vib-|tam-|chunkId-Sources|chunkType-child|stype-|voicetype-	1	child	_	_
3	the	the	det	DT	cat-det|gen-m|num-s|pers-3|case-0|vib-|tam-|chunkId-Sources|chunkType-child|stype-|voicetype-	1	child	_	_
4	Foreign	foreign	n	NNP	cat-n|gen-m|num-s|pers-3|case-0|vib-|tam-|chunkId-Sources|chunkType-child|stype-|voicetype-	1	child	_	_
5	Ministry	ministry	n	NNP	cat-n|gen-m|num-s|pers-3|case-0|vib-|tam-|chunkId-Sources|chunkType-child|stype-|voicetype-	1	child	_	_
6	have	have	v	VBP	cat-v|gen-m|num-s|pers-3|case-0|vib-|tam-|chunkId-Sources|chunkType-child|stype-|voicetype-	1	child	_	_
7	said	say	v	VBD	cat-v|gen-m|num-s|pers-3|case-0|vib-|tam-|chunkId-Sources|chunkType-child|stype-|voicetype-	1	child	_	_
8	that	that	P	IN	cat-P|gen-m|num-s|pers-3|case-0|vib-|tam-|chunkId-Sources|chunkType-child|stype-|voicetype-	1	child	_	_
9	there	there	P	EX	cat-P|gen-m|num-s|pers-3|case-0|vib-|tam-|chunkId-Sources|chunkType-child|stype-|voicetype-	1	child	_	_
10	's	'	vbz	VBZ	cat-|gen-|num-|pers-|case-|vib-|tam-|chunkId-Sources|chunkType-child|stype-|voicetype-	1	child	_	_
11	no	no	det	DT	cat-det|gen-m|num-s|pers-3|case-0|vib-|tam-|chunkId-Sources|chunkType-child|stype-|voicetype-	1	child	_	_
12	substance	substance	n	NN	cat-n|gen-m|num-s|pers-3|case-0|vib-|tam-|chunkId-Sources|chunkType-child|stype-|voicetype-	1	child	_	_
13	in	in	p	TO	cat-p|gen-m|num-s|pers-3|case-0|vib-|tam-|chunkId-Sources|chunkType-child|stype-|voicetype-	1	child	_	_
14	Pakistan	'	nnp	NNP	cat-|gen-|num-|pers-|case-|vib-|tam-|chunkId-Sources|chunkType-child|stype-|voicetype-	1	child	_	_
15	's	'	pos	POS	cat-|gen-|num-|pers-|case-|vib-|tam-|chunkId-Sources|chunkType-child|stype-|voicetype-	1	child	_	_
16	claims	claim	n	NNS	cat-n|gen-m|num-p|pers-3|case-0|vib-|tam-|chunkId-Sources|chunkType-child|stype-|voicetype-	1	child	_	_
17	.	.	punc	SYM	cat-punc|gen-n|num-s|pers-3|case-0|vib-|tam-|chunkId-Sources|chunkType-child|stype-|voicetype-	1	child	_	_

1	No	no	det	DT	cat-det|gen-m|num-s|pers-3|case-0|vib-|tam-|chunkId-SSF|chunkType-head|stype-|voicetype-	0	root	_	_
2	agreement	agreement	n	NN	cat-n|gen-m|num-s|pers-3|case-0|vib-|tam-|chunkId-No|chunkType-child|stype-|voicetype-	1	child	_	_
3	as	as	n	RB	cat-n|gen-m|num-s|pers-3|case-0|vib-|tam-|chunkId-No|chunkType-child|stype-|voicetype-	1	child	_	_
4	yet	yet	Conj	CC	cat-Conj|gen-m|num-s|pers-3|case-0|vib-|tam-|chunkId-No|chunkType-child|stype-|voicetype-	1	child	_	_
5	on	on	D	RB	cat-D|gen-m|num-s|pers-3|case-0|vib-|tam-|chunkId-No|chunkType-child|stype-|voicetype-	1	child	_	_
6	withdrawing	withdraw	v	VBG	cat-v|gen-m|num-s|pers-3|case-0|vib-|tam-|chunkId-No|chunkType-child|stype-|voicetype-	1	child	_	_
7	forces	force	n	NNS	cat-n|gen-m|num-p|pers-3|case-0|vib-|tam-|chunkId-No|chunkType-child|stype-|voicetype-	1	child	_	_
8	.	.	punc	SYM	cat-punc|gen-n|num-s|pers-3|case-0|vib-|tam-|chunkId-No|chunkType-child|stype-|voicetype-	1	child	_	_

1	It	it	P	PRP	cat-P|gen-m|num-s|pers-3|case-0|vib-|tam-|chunkId-SSF|chunkType-head|stype-|voicetype-	0	root	_	_
2	's	'	md	MD	cat-|gen-|num-|pers-|case-|vib-|tam-|chunkId-It|chunkType-child|stype-|voicetype-	1	child	_	_
3	said	say	v	VBD	cat-v|gen-m|num-s|pers-3|case-0|vib-|tam-|chunkId-It|chunkType-child|stype-|voicetype-	1	child	_	_
4	that	that	P	IN	cat-P|gen-m|num-s|pers-3|case-0|vib-|tam-|chunkId-It|chunkType-child|stype-|voicetype-	1	child	_	_
5	nothing	nothing	n	NN	cat-n|gen-m|num-s|pers-3|case-0|vib-|tam-|chunkId-It|chunkType-child|stype-|voicetype-	1	child	_	_
6	can	can	v	MD	cat-v|gen-m|num-s|pers-3|case-0|vib-|tam-|chunkId-It|chunkType-child|stype-|voicetype-	1	child	_	_
7	be	be	v	VB	cat-v|gen-m|num-s|pers-3|case-0|vib-|tam-|chunkId-It|chunkType-child|stype-|voicetype-	1	child	_	_
8	said	say	v	VBN	cat-v|gen-m|num-s|pers-3|case-0|vib-|tam-|chunkId-It|chunkType-child|stype-|voicetype-	1	child	_	_
9	at	at	p	IN	cat-p|gen-m|num-s|pers-3|case-0|vib-|tam-|chunkId-It|chunkType-child|stype-|voicetype-	1	child	_	_
10	this	this	det	DT	cat-det|gen-m|num-s|pers-3|case-0|vib-|tam-|chunkId-It|chunkType-child|stype-|voicetype-	1	child	_	_
11	time	time	n	NN	cat-n|gen-m|num-s|pers-3|case-0|vib-|tam-|chunkId-It|chunkType-child|stype-|voicetype-	1	child	_	_
12	on	on	p	IN	cat-p|gen-m|num-s|pers-3|case-0|vib-|tam-|chunkId-It|chunkType-child|stype-|voicetype-	1	child	_	_
13	Pakistan	'	nnp	NNP	cat-|gen-|num-|pers-|case-|vib-|tam-|chunkId-It|chunkType-child|stype-|voicetype-	1	child	_	_
14	Foreign	foreign	n	NNP	cat-n|gen-m|num-s|pers-3|case-0|vib-|tam-|chunkId-It|chunkType-child|stype-|voicetype-	1	child	_	_
15	Minister	minister	n	NNP	cat-n|gen-m|num-s|pers-3|case-0|vib-|tam-|chunkId-It|chunkType-child|stype-|voicetype-	1	child	_	_
16	Khursheed	'	nnp	NNP	cat-|gen-|num-|pers-|case-|vib-|tam-|chunkId-It|chunkType-child|stype-|voicetype-	1	child	_	_
17	Mahmud	'	nnp	NNP	cat-|gen-|num-|pers-|case-|vib-|tam-|chunkId-It|chunkType-child|stype-|voicetype-	1	child	_	_
18	Kasuri	'	nnp	NNP	cat-|gen-|num-|pers-|case-|vib-|tam-|chunkId-It|chunkType-child|stype-|voicetype-	1	child	_	_
19	's	'	pos	POS	cat-|gen-|num-|pers-|case-|vib-|tam-|chunkId-It|chunkType-child|stype-|voicetype-	1	child	_	_
20	claim	claim	n	NN	cat-n|gen-m|num-s|pers-3|case-0|vib-|tam-|chunkId-It|chunkType-child|stype-|voicetype-	1	child	_	_
21	about	about	p	IN	cat-p|gen-m|num-s|pers-3|case-0|vib-|tam-|chunkId-It|chunkType-child|stype-|voicetype-	1	child	_	_
22	an	an	det	DT	cat-det|gen-m|num-s|pers-3|case-0|vib-|tam-|chunkId-It|chunkType-child|stype-|voicetype-	1	child	_	_
23	agreement	agreement	n	NN	cat-n|gen-m|num-s|pers-3|case-0|vib-|tam-|chunkId-It|chunkType-child|stype-|voicetype-	1	child	_	_
24	having	have	v	VBG	cat-v|gen-m|num-s|pers-3|case-0|vib-|tam-|chunkId-It|chunkType-child|stype-|voicetype-	1	child	_	_
25	been	be	v	VBN	cat-v|gen-m|num-s|pers-3|case-0|vib-|tam-|chunkId-It|chunkType-child|stype-|voicetype-	1	child	_	_
26	reached	reach	v	VBN	cat-v|gen-m|num-s|pers-3|case-0|vib-|tam-|chunkId-It|chunkType-child|stype-|voicetype-	1	child	_	_
27	between	between	p	IN	cat-p|gen-m|num-s|pers-3|case-0|vib-|tam-|chunkId-It|chunkType-child|stype-|voicetype-	1	child	_	_
28	the	the	det	DT	cat-det|gen-m|num-s|pers-3|case-0|vib-|tam-|chunkId-It|chunkType-child|stype-|voicetype-	1	child	_	_
29	two	two	det	CD	cat-det|gen-m|num-s|pers-3|case-0|vib-|tam-|chunkId-It|chunkType-child|stype-|voicetype-	1	child	_	_
30	countries	country	n	NNS	cat-n|gen-m|num-p|pers-3|case-0|vib-|tam-|chunkId-It|chunkType-child|stype-|voicetype-	1	child	_	_
31	over	over	p	IN	cat-p|gen-m|num-s|pers-3|case-0|vib-|tam-|chunkId-It|chunkType-child|stype-|voicetype-	1	child	_	_
32	the	the	det	DT	cat-det|gen-m|num-s|pers-3|case-0|vib-|tam-|chunkId-It|chunkType-child|stype-|voicetype-	1	child	_	_
33	Kashmir	kashmir	n	NNP	cat-n|gen-m|num-s|pers-3|case-0|vib-|tam-|chunkId-It|chunkType-child|stype-|voicetype-	1	child	_	_
34	problem	problem	n	NN	cat-n|gen-m|num-s|pers-3|case-0|vib-|tam-|chunkId-It|chunkType-child|stype-|voicetype-	1	child	_	_
35	.	.	punc	SYM	cat-punc|gen-n|num-s|pers-3|case-0|vib-|tam-|chunkId-It|chunkType-child|stype-|voicetype-	1	child	_	_

1	On	on	p	IN	cat-p|gen-m|num-s|pers-3|case-0|vib-|tam-|chunkId-SSF|chunkType-head|stype-|voicetype-	0	root	_	_
2	the	the	det	DT	cat-det|gen-m|num-s|pers-3|case-0|vib-|tam-|chunkId-On|chunkType-child|stype-|voicetype-	1	child	_	_
3	question	question	n	NN	cat-n|gen-m|num-s|pers-3|case-0|vib-|tam-|chunkId-On|chunkType-child|stype-|voicetype-	1	child	_	_
4	of	of	p	IN	cat-p|gen-m|num-s|pers-3|case-0|vib-|tam-|chunkId-On|chunkType-child|stype-|voicetype-	1	child	_	_
5	withdrawing	withdraw	v	VBG	cat-v|gen-m|num-s|pers-3|case-0|vib-|tam-|chunkId-On|chunkType-child|stype-|voicetype-	1	child	_	_
6	forces	force	n	NNS	cat-n|gen-m|num-p|pers-3|case-0|vib-|tam-|chunkId-On|chunkType-child|stype-|voicetype-	1	child	_	_
7	from	from	p	IN	cat-p|gen-m|num-s|pers-3|case-0|vib-|tam-|chunkId-On|chunkType-child|stype-|voicetype-	1	child	_	_
8	Siachen	'	nnp	NNP	cat-|gen-|num-|pers-|case-|vib-|tam-|chunkId-On|chunkType-child|stype-|voicetype-	1	child	_	_
9	,	comma	punc	SYM	cat-punc|gen-n|num-s|pers-3|case-0|vib-|tam-|chunkId-On|chunkType-child|stype-|voicetype-	1	child	_	_
10	nine	nine	det	CD	cat-det|gen-m|num-s|pers-3|case-0|vib-|tam-|chunkId-On|chunkType-child|stype-|voicetype-	1	child	_	_
11	meetings	meeting	n	NNS	cat-n|gen-m|num-p|pers-3|case-0|vib-|tam-|chunkId-On|chunkType-child|stype-|voicetype-	1	child	_	_
12	have	have	v	VBP	cat-v|gen-m|num-s|pers-3|case-0|vib-|tam-|chunkId-On|chunkType-child|stype-|voicetype-	1	child	_	_
13	been	be	v	VBN	cat-v|gen-m|num-s|pers-3|case-0|vib-|tam-|chunkId-On|chunkType-child|stype-|voicetype-	1	child	_	_
14	held	hold	v	VBN	cat-v|gen-m|num-s|pers-3|case-0|vib-|tam-|chunkId-On|chunkType-child|stype-|voicetype-	1	child	_	_
15	over	over	p	IN	cat-p|gen-m|num-s|pers-3|case-0|vib-|tam-|chunkId-On|chunkType-child|stype-|voicetype-	1	child	_	_
16	this	this	det	DT	cat-det|gen-m|num-s|pers-3|case-0|vib-|tam-|chunkId-On|chunkType-child|stype-|voicetype-	1	child	_	_
17	issue	issue	n	NN	cat-n|gen-m|num-s|pers-3|case-0|vib-|tam-|chunkId-On|chunkType-child|stype-|voicetype-	1	child	_	_
18	since	since	p	IN	cat-p|gen-m|num-s|pers-3|case-0|vib-|tam-|chunkId-On|chunkType-child|stype-|voicetype-	1	child	_	_
19	2004	'	cd	CD	cat-|gen-|num-|pers-|case-|vib-|tam-|chunkId-On|chunkType-child|stype-|voicetype-	1	child	_	_
20	.	.	punc	SYM	cat-punc|gen-n|num-s|pers-3|case-0|vib-|tam-|chunkId-On|chunkType-child|stype-|voicetype-	1	child	_	_

1	A	a	det	DT	cat-det|gen-m|num-s|pers-3|case-0|vib-|tam-|chunkId-SSF|chunkType-head|stype-|voicetype-	0	root	_	_
2	meeting	meeting	n	NN	cat-n|gen-m|num-s|pers-3|case-0|vib-|tam-|chunkId-A|chunkType-child|stype-|voicetype-	1	child	_	_
3	at	at	p	IN	cat-p|gen-m|num-s|pers-3|case-0|vib-|tam-|chunkId-A|chunkType-child|stype-|voicetype-	1	child	_	_
4	the	the	det	DT	cat-det|gen-m|num-s|pers-3|case-0|vib-|tam-|chunkId-A|chunkType-child|stype-|voicetype-	1	child	_	_
5	level	level	n	NN	cat-n|gen-m|num-s|pers-3|case-0|vib-|tam-|chunkId-A|chunkType-child|stype-|voicetype-	1	child	_	_
6	of	of	p	IN	cat-p|gen-m|num-s|pers-3|case-0|vib-|tam-|chunkId-A|chunkType-child|stype-|voicetype-	1	child	_	_
7	Army	army	n	NNP	cat-n|gen-m|num-s|pers-3|case-0|vib-|tam-|chunkId-A|chunkType-child|stype-|voicetype-	1	child	_	_
8	officials	official	n	NNS	cat-n|gen-m|num-p|pers-3|case-0|vib-|tam-|chunkId-A|chunkType-child|stype-|voicetype-	1	child	_	_
9	was	be	v	VBD	cat-v|gen-m|num-s|pers-3|case-0|vib-|tam-|chunkId-A|chunkType-child|stype-|voicetype-	1	child	_	_
10	also	also	D	RB	cat-D|gen-m|num-s|pers-3|case-0|vib-|tam-|chunkId-A|chunkType-child|stype-|voicetype-	1	child	_	_
11	held	hold	v	VBN	cat-v|gen-m|num-s|pers-3|case-0|vib-|tam-|chunkId-A|chunkType-child|stype-|voicetype-	1	child	_	_
12	,	comma	punc	SYM	cat-punc|gen-n|num-s|pers-3|case-0|vib-|tam-|chunkId-A|chunkType-child|stype-|voicetype-	1	child	_	_
13	but	but	D	CC	cat-D|gen-m|num-s|pers-3|case-0|vib-|tam-|chunkId-A|chunkType-child|stype-|voicetype-	1	child	_	_
14	as	as	n	RB	cat-n|gen-m|num-s|pers-3|case-0|vib-|tam-|chunkId-A|chunkType-child|stype-|voicetype-	1	child	_	_
15	yet	yet	D	RB	cat-D|gen-m|num-s|pers-3|case-0|vib-|tam-|chunkId-A|chunkType-child|stype-|voicetype-	1	child	_	_
16	no	no	det	DT	cat-det|gen-m|num-s|pers-3|case-0|vib-|tam-|chunkId-A|chunkType-child|stype-|voicetype-	1	child	_	_
17	agreement	agreement	n	NN	cat-n|gen-m|num-s|pers-3|case-0|vib-|tam-|chunkId-A|chunkType-child|stype-|voicetype-	1	child	_	_
18	has	have	v	VBZ	cat-v|gen-m|num-s|pers-3|case-0|vib-|tam-|chunkId-A|chunkType-child|stype-|voicetype-	1	child	_	_
19	been	be	v	VBN	cat-v|gen-m|num-s|pers-3|case-0|vib-|tam-|chunkId-A|chunkType-child|stype-|voicetype-	1	child	_	_
20	reached	reach	v	VBN	cat-v|gen-m|num-s|pers-3|case-0|vib-|tam-|chunkId-A|chunkType-child|stype-|voicetype-	1	child	_	_
21	over	over	p	IN	cat-p|gen-m|num-s|pers-3|case-0|vib-|tam-|chunkId-A|chunkType-child|stype-|voicetype-	1	child	_	_
22	the	the	det	DT	cat-det|gen-m|num-s|pers-3|case-0|vib-|tam-|chunkId-A|chunkType-child|stype-|voicetype-	1	child	_	_
23	conditions	condition	n	NNS	cat-n|gen-m|num-p|pers-3|case-0|vib-|tam-|chunkId-A|chunkType-child|stype-|voicetype-	1	child	_	_
24	for	for	p	IN	cat-p|gen-m|num-s|pers-3|case-0|vib-|tam-|chunkId-A|chunkType-child|stype-|voicetype-	1	child	_	_
25	withdrawal	withdrawal	n	NN	cat-n|gen-m|num-s|pers-3|case-0|vib-|tam-|chunkId-A|chunkType-child|stype-|voicetype-	1	child	_	_
26	of	of	p	IN	cat-p|gen-m|num-s|pers-3|case-0|vib-|tam-|chunkId-A|chunkType-child|stype-|voicetype-	1	child	_	_
27	the	the	det	DT	cat-det|gen-m|num-s|pers-3|case-0|vib-|tam-|chunkId-A|chunkType-child|stype-|voicetype-	1	child	_	_
28	forces	force	n	NNS	cat-n|gen-m|num-p|pers-3|case-0|vib-|tam-|chunkId-A|chunkType-child|stype-|voicetype-	1	child	_	_
29	.	.	punc	SYM	cat-punc|gen-n|num-s|pers-3|case-0|vib-|tam-|chunkId-A|chunkType-child|stype-|voicetype-	1	child	_	_

1	No	no	det	DT	cat-det|gen-m|num-s|pers-3|case-0|vib-|tam-|chunkId-SSF|chunkType-head|stype-|voicetype-	0	root	_	_
2	agreement	agreement	n	NN	cat-n|gen-m|num-s|pers-3|case-0|vib-|tam-|chunkId-No|chunkType-child|stype-|voicetype-	1	child	_	_
3	against	against	p	IN	cat-p|gen-m|num-s|pers-3|case-0|vib-|tam-|chunkId-No|chunkType-child|stype-|voicetype-	1	child	_	_
4	national	national	adj	JJ	cat-adj|gen-m|num-s|pers-3|case-0|vib-|tam-|chunkId-No|chunkType-child|stype-|voicetype-	1	child	_	_
5	interests	interest	n	NNS	cat-n|gen-m|num-p|pers-3|case-0|vib-|tam-|chunkId-No|chunkType-child|stype-|voicetype-	1	child	_	_

1	According	accord	v	IN	cat-v|gen-m|num-s|pers-3|case-0|vib-|tam-|chunkId-SSF|chunkType-head|stype-|voicetype-	0	root	_	_
2	to	to	p	TO	cat-p|gen-m|num-s|pers-3|case-0|vib-|tam-|chunkId-According|chunkType-child|stype-|voicetype-	1	child	_	_
3	a	a	det	DT	cat-det|gen-m|num-s|pers-3|case-0|vib-|tam-|chunkId-According|chunkType-child|stype-|voicetype-	1	child	_	_
4	highly	highly	D	RB	cat-D|gen-m|num-s|pers-3|case-0|vib-|tam-|chunkId-According|chunkType-child|stype-|voicetype-	1	child	_	_
5	placed	place	v	VBN	cat-v|gen-m|num-p|pers-3|case-0|vib-|tam-|chunkId-According|chunkType-child|stype-|voicetype-	1	child	_	_
6	official	official	n	NN	cat-n|gen-m|num-s|pers-3|case-0|vib-|tam-|chunkId-According|chunkType-child|stype-|voicetype-	1	child	_	_
7	,	comma	punc	SYM	cat-punc|gen-n|num-s|pers-3|case-0|vib-|tam-|chunkId-According|chunkType-child|stype-|voicetype-	1	child	_	_
8	India	'	nnp	NNP	cat-|gen-|num-|pers-|case-|vib-|tam-|chunkId-According|chunkType-child|stype-|voicetype-	1	child	_	_
9	is	be	v	VBZ	cat-v|gen-m|num-s|pers-3|case-0|vib-|tam-|chunkId-According|chunkType-child|stype-|voicetype-	1	child	_	_
10	not	not	D	RB	cat-D|gen-m|num-s|pers-3|case-0|vib-|tam-|chunkId-According|chunkType-child|stype-|voicetype-	1	child	_	_
11	willing	willing	adj	JJ	cat-adj|gen-m|num-s|pers-3|case-0|vib-|tam-|chunkId-According|chunkType-child|stype-|voicetype-	1	child	_	_
12	to	to	p	TO	cat-p|gen-m|num-s|pers-3|case-0|vib-|tam-|chunkId-According|chunkType-child|stype-|voicetype-	1	child	_	_
13	compromise	compromise	v	VB	cat-v|gen-m|num-s|pers-3|case-0|vib-|tam-|chunkId-According|chunkType-child|stype-|voicetype-	1	child	_	_
14	one	one	P	CD	cat-P|gen-m|num-s|pers-3|case-0|vib-|tam-|chunkId-According|chunkType-child|stype-|voicetype-	1	child	_	_
15	bit	bit	n	NN	cat-n|gen-m|num-s|pers-3|case-0|vib-|tam-|chunkId-According|chunkType-child|stype-|voicetype-	1	child	_	_
16	against	against	p	IN	cat-p|gen-m|num-s|pers-3|case-0|vib-|tam-|chunkId-According|chunkType-child|stype-|voicetype-	1	child	_	_
17	its	it	P	PRP$	cat-P|gen-m|num-s|pers-3|case-0|vib-|tam-|chunkId-According|chunkType-child|stype-|voicetype-	1	child	_	_
18	national	national	adj	JJ	cat-adj|gen-m|num-s|pers-3|case-0|vib-|tam-|chunkId-According|chunkType-child|stype-|voicetype-	1	child	_	_
19	interests	interest	n	NNS	cat-n|gen-m|num-p|pers-3|case-0|vib-|tam-|chunkId-According|chunkType-child|stype-|voicetype-	1	child	_	_
20	over	over	p	IN	cat-p|gen-m|num-s|pers-3|case-0|vib-|tam-|chunkId-According|chunkType-child|stype-|voicetype-	1	child	_	_
21	Siachen	'	nnp	NNP	cat-|gen-|num-|pers-|case-|vib-|tam-|chunkId-According|chunkType-child|stype-|voicetype-	1	child	_	_
22	.	.	punc	SYM	cat-punc|gen-n|num-s|pers-3|case-0|vib-|tam-|chunkId-According|chunkType-child|stype-|voicetype-	1	child	_	_

1	It	it	P	PRP	cat-P|gen-m|num-s|pers-3|case-0|vib-|tam-|chunkId-SSF|chunkType-head|stype-|voicetype-	0	root	_	_
2	's	'	vbd	VBD	cat-|gen-|num-|pers-|case-|vib-|tam-|chunkId-It|chunkType-child|stype-|voicetype-	1	child	_	_
3	said	say	v	VBD	cat-v|gen-m|num-s|pers-3|case-0|vib-|tam-|chunkId-It|chunkType-child|stype-|voicetype-	1	child	_	_
4	that	that	P	IN	cat-P|gen-m|num-s|pers-3|case-0|vib-|tam-|chunkId-It|chunkType-child|stype-|voicetype-	1	child	_	_
5	Pakistan	'	nnp	NNP	cat-|gen-|num-|pers-|case-|vib-|tam-|chunkId-It|chunkType-child|stype-|voicetype-	1	child	_	_
6	wants	want	v	VBZ	cat-v|gen-m|num-s|pers-3|case-0|vib-|tam-|chunkId-It|chunkType-child|stype-|voicetype-	1	child	_	_
7	India	'	nnp	NNP	cat-|gen-|num-|pers-|case-|vib-|tam-|chunkId-It|chunkType-child|stype-|voicetype-	1	child	_	_
8	's	'	vbz	VBZ	cat-|gen-|num-|pers-|case-|vib-|tam-|chunkId-It|chunkType-child|stype-|voicetype-	1	child	_	_
9	and	and	Conj	CC	cat-Conj|gen-m|num-s|pers-3|case-0|vib-|tam-|chunkId-It|chunkType-child|stype-|voicetype-	1	child	_	_
10	Pakistan	'	nnp	NNP	cat-|gen-|num-|pers-|case-|vib-|tam-|chunkId-It|chunkType-child|stype-|voicetype-	1	child	_	_
11	's	'	pos	POS	cat-|gen-|num-|pers-|case-|vib-|tam-|chunkId-It|chunkType-child|stype-|voicetype-	1	child	_	_
12	forces	force	n	NNS	cat-n|gen-m|num-p|pers-3|case-0|vib-|tam-|chunkId-It|chunkType-child|stype-|voicetype-	1	child	_	_
13	to	to	p	TO	cat-p|gen-m|num-s|pers-3|case-0|vib-|tam-|chunkId-It|chunkType-child|stype-|voicetype-	1	child	_	_
14	withdraw	withdraw	v	VB	cat-v|gen-m|num-s|pers-3|case-0|vib-|tam-|chunkId-It|chunkType-child|stype-|voicetype-	1	child	_	_
15	together	together	D	RB	cat-D|gen-m|num-s|pers-3|case-0|vib-|tam-|chunkId-It|chunkType-child|stype-|voicetype-	1	child	_	_
16	into	into	p	IN	cat-p|gen-m|num-s|pers-3|case-0|vib-|tam-|chunkId-It|chunkType-child|stype-|voicetype-	1	child	_	_
17	their	he	det	PRP$	cat-det|gen-m|num-p|pers-3|case-0|vib-|tam-|chunkId-It|chunkType-child|stype-|voicetype-	1	child	_	_
18	respective	respective	adj	JJ	cat-adj|gen-m|num-s|pers-3|case-0|vib-|tam-|chunkId-It|chunkType-child|stype-|voicetype-	1	child	_	_
19	territories	territory	n	NNS	cat-n|gen-m|num-p|pers-3|case-0|vib-|tam-|chunkId-It|chunkType-child|stype-|voicetype-	1	child	_	_
20	.	.	punc	SYM	cat-punc|gen-n|num-s|pers-3|case-0|vib-|tam-|chunkId-It|chunkType-child|stype-|voicetype-	1	child	_	_

1	India	'	nnp	NNP	cat-|gen-|num-|pers-|case-|vib-|tam-|chunkId-SSF|chunkType-head|stype-|voicetype-	0	root	_	_
2	does	do	v	VBZ	cat-v|gen-m|num-s|pers-3|case-0|vib-|tam-|chunkId-India|chunkType-child|stype-|voicetype-	1	child	_	_
3	not	not	D	RB	cat-D|gen-m|num-s|pers-3|case-0|vib-|tam-|chunkId-India|chunkType-child|stype-|voicetype-	1	child	_	_
4	at	at	p	IN	cat-p|gen-m|num-s|pers-3|case-0|vib-|tam-|chunkId-India|chunkType-child|stype-|voicetype-	1	child	_	_
5	all	all	det	DT	cat-det|gen-m|num-s|pers-3|case-0|vib-|tam-|chunkId-India|chunkType-child|stype-|voicetype-	1	child	_	_
6	agree	agree	v	VB	cat-v|gen-m|num-s|pers-3|case-0|vib-|tam-|chunkId-India|chunkType-child|stype-|voicetype-	1	child	_	_
7	with	with	p	IN	cat-p|gen-m|num-s|pers-3|case-0|vib-|tam-|chunkId-India|chunkType-child|stype-|voicetype-	1	child	_	_
8	this	this	det	DT	cat-det|gen-m|num-s|pers-3|case-0|vib-|tam-|chunkId-India|chunkType-child|stype-|voicetype-	1	child	_	_
9	.	.	punc	SYM	cat-punc|gen-n|num-s|pers-3|case-0|vib-|tam-|chunkId-India|chunkType-child|stype-|voicetype-	1	child	_	_

1	Also	also	D	RB	cat-D|gen-m|num-s|pers-3|case-0|vib-|tam-|chunkId-SSF|chunkType-head|stype-|voicetype-	0	root	_	_
2	,	comma	punc	SYM	cat-punc|gen-n|num-s|pers-3|case-0|vib-|tam-|chunkId-Also|chunkType-child|stype-|voicetype-	1	child	_	_
3	any	any	det	DT	cat-det|gen-m|num-s|pers-3|case-0|vib-|tam-|chunkId-Also|chunkType-child|stype-|voicetype-	1	child	_	_
4	resolution	resolution	n	NN	cat-n|gen-m|num-s|pers-3|case-0|vib-|tam-|chunkId-Also|chunkType-child|stype-|voicetype-	1	child	_	_
5	of	of	p	IN	cat-p|gen-m|num-s|pers-3|case-0|vib-|tam-|chunkId-Also|chunkType-child|stype-|voicetype-	1	child	_	_
6	Siachen	'	nnp	NNP	cat-|gen-|num-|pers-|case-|vib-|tam-|chunkId-Also|chunkType-child|stype-|voicetype-	1	child	_	_
7	or	or	adj	CC	cat-adj|gen-m|num-s|pers-3|case-0|vib-|tam-|chunkId-Also|chunkType-child|stype-|voicetype-	1	child	_	_
8	Kashmir	kashmir	n	NNP	cat-n|gen-m|num-s|pers-3|case-0|vib-|tam-|chunkId-Also|chunkType-child|stype-|voicetype-	1	child	_	_
9	issue	issue	n	NN	cat-n|gen-m|num-s|pers-3|case-0|vib-|tam-|chunkId-Also|chunkType-child|stype-|voicetype-	1	child	_	_
10	is	be	v	VBZ	cat-v|gen-m|num-s|pers-3|case-0|vib-|tam-|chunkId-Also|chunkType-child|stype-|voicetype-	1	child	_	_
11	only	only	D	RB	cat-D|gen-m|num-s|pers-3|case-0|vib-|tam-|chunkId-Also|chunkType-child|stype-|voicetype-	1	child	_	_
12	possible	possible	adj	JJ	cat-adj|gen-m|num-s|pers-3|case-0|vib-|tam-|chunkId-Also|chunkType-child|stype-|voicetype-	1	child	_	_
13	when	when	Conj	WRB	cat-Conj|gen-m|num-s|pers-3|case-0|vib-|tam-|chunkId-Also|chunkType-child|stype-|voicetype-	1	child	_	_
14	cross	cross	adj	JJ	cat-adj|gen-m|num-s|pers-3|case-0|vib-|tam-|chunkId-Also|chunkType-child|stype-|voicetype-	1	child	_	_
15	terrorism	terrorism	n	NN	cat-n|gen-m|num-s|pers-3|case-0|vib-|tam-|chunkId-Also|chunkType-child|stype-|voicetype-	1	child	_	_
16	comes	come	v	VBZ	cat-v|gen-m|num-s|pers-3|case-0|vib-|tam-|chunkId-Also|chunkType-child|stype-|voicetype-	1	child	_	_
17	to	to	p	TO	cat-p|gen-m|num-s|pers-3|case-0|vib-|tam-|chunkId-Also|chunkType-child|stype-|voicetype-	1	child	_	_
18	a	a	det	DT	cat-det|gen-m|num-s|pers-3|case-0|vib-|tam-|chunkId-Also|chunkType-child|stype-|voicetype-	1	child	_	_
19	complete	complete	adj	JJ	cat-adj|gen-m|num-p|pers-3|case-0|vib-|tam-|chunkId-Also|chunkType-child|stype-|voicetype-	1	child	_	_
20	stop	stop	n	NN	cat-n|gen-m|num-s|pers-3|case-0|vib-|tam-|chunkId-Also|chunkType-child|stype-|voicetype-	1	child	_	_
21	.	.	punc	SYM	cat-punc|gen-n|num-s|pers-3|case-0|vib-|tam-|chunkId-Also|chunkType-child|stype-|voicetype-	1	child	_	_

1	And	and	Conj	CC	cat-Conj|gen-m|num-s|pers-3|case-0|vib-|tam-|chunkId-SSF|chunkType-head|stype-|voicetype-	0	root	_	_
2	Pakistan	'	nnp	NNP	cat-|gen-|num-|pers-|case-|vib-|tam-|chunkId-And|chunkType-child|stype-|voicetype-	1	child	_	_
3	stops	stop	v	VBZ	cat-v|gen-m|num-s|pers-3|case-0|vib-|tam-|chunkId-And|chunkType-child|stype-|voicetype-	1	child	_	_
4	supporting	support	v	VBG	cat-v|gen-m|num-s|pers-3|case-0|vib-|tam-|chunkId-And|chunkType-child|stype-|voicetype-	1	child	_	_
5	terrorists	terrorist	n	NNS	cat-n|gen-m|num-p|pers-3|case-0|vib-|tam-|chunkId-And|chunkType-child|stype-|voicetype-	1	child	_	_
6	.	.	punc	SYM	cat-punc|gen-n|num-s|pers-3|case-0|vib-|tam-|chunkId-And|chunkType-child|stype-|voicetype-	1	child	_	_

1	But	but	D	CC	cat-D|gen-m|num-s|pers-3|case-0|vib-|tam-|chunkId-SSF|chunkType-head|stype-|voicetype-	0	root	_	_
2	at	at	p	IN	cat-p|gen-m|num-s|pers-3|case-0|vib-|tam-|chunkId-But|chunkType-child|stype-|voicetype-	1	child	_	_
3	the	the	det	DT	cat-det|gen-m|num-s|pers-3|case-0|vib-|tam-|chunkId-But|chunkType-child|stype-|voicetype-	1	child	_	_
4	moment	moment	n	NN	cat-n|gen-m|num-s|pers-3|case-0|vib-|tam-|chunkId-But|chunkType-child|stype-|voicetype-	1	child	_	_
5	there	there	P	EX	cat-P|gen-m|num-s|pers-3|case-0|vib-|tam-|chunkId-But|chunkType-child|stype-|voicetype-	1	child	_	_
6	's	'	vbz	VBZ	cat-|gen-|num-|pers-|case-|vib-|tam-|chunkId-But|chunkType-child|stype-|voicetype-	1	child	_	_
7	little	little	adj	JJ	cat-adj|gen-m|num-s|pers-3|case-0|vib-|tam-|chunkId-But|chunkType-child|stype-|voicetype-	1	child	_	_
8	evidence	evidence	n	NN	cat-n|gen-m|num-s|pers-3|case-0|vib-|tam-|chunkId-But|chunkType-child|stype-|voicetype-	1	child	_	_
9	of	of	p	IN	cat-p|gen-m|num-s|pers-3|case-0|vib-|tam-|chunkId-But|chunkType-child|stype-|voicetype-	1	child	_	_
10	this	this	det	DT	cat-det|gen-m|num-s|pers-3|case-0|vib-|tam-|chunkId-But|chunkType-child|stype-|voicetype-	1	child	_	_
11	happening	happening	n	NN	cat-n|gen-m|num-s|pers-3|case-0|vib-|tam-|chunkId-But|chunkType-child|stype-|voicetype-	1	child	_	_
12	.	.	punc	SYM	cat-punc|gen-n|num-s|pers-3|case-0|vib-|tam-|chunkId-But|chunkType-child|stype-|voicetype-	1	child	_	_

1	However	however	D	RB	cat-D|gen-m|num-s|pers-3|case-0|vib-|tam-|chunkId-SSF|chunkType-head|stype-|voicetype-	0	root	_	_
2	,	comma	punc	SYM	cat-punc|gen-n|num-s|pers-3|case-0|vib-|tam-|chunkId-However|chunkType-child|stype-|voicetype-	1	child	_	_
3	an	an	det	DT	cat-det|gen-m|num-s|pers-3|case-0|vib-|tam-|chunkId-However|chunkType-child|stype-|voicetype-	1	child	_	_
4	important	important	adj	JJ	cat-adj|gen-m|num-s|pers-3|case-0|vib-|tam-|chunkId-However|chunkType-child|stype-|voicetype-	1	child	_	_
5	meeting	meeting	n	NN	cat-n|gen-m|num-s|pers-3|case-0|vib-|tam-|chunkId-However|chunkType-child|stype-|voicetype-	1	child	_	_
6	is	be	v	VBZ	cat-v|gen-m|num-s|pers-3|case-0|vib-|tam-|chunkId-However|chunkType-child|stype-|voicetype-	1	child	_	_
7	going	go	v	VBG	cat-v|gen-m|num-s|pers-3|case-0|vib-|tam-|chunkId-However|chunkType-child|stype-|voicetype-	1	child	_	_
8	to	to	p	TO	cat-p|gen-m|num-s|pers-3|case-0|vib-|tam-|chunkId-However|chunkType-child|stype-|voicetype-	1	child	_	_
9	be	be	v	VB	cat-v|gen-m|num-s|pers-3|case-0|vib-|tam-|chunkId-However|chunkType-child|stype-|voicetype-	1	child	_	_
10	held	hold	v	VBN	cat-v|gen-m|num-s|pers-3|case-0|vib-|tam-|chunkId-However|chunkType-child|stype-|voicetype-	1	child	_	_
11	in	in	p	IN	cat-p|gen-m|num-s|pers-3|case-0|vib-|tam-|chunkId-However|chunkType-child|stype-|voicetype-	1	child	_	_
12	Islamabad	'	nnp	NNP	cat-|gen-|num-|pers-|case-|vib-|tam-|chunkId-However|chunkType-child|stype-|voicetype-	1	child	_	_
13	over	over	p	IN	cat-p|gen-m|num-s|pers-3|case-0|vib-|tam-|chunkId-However|chunkType-child|stype-|voicetype-	1	child	_	_
14	this	this	det	DT	cat-det|gen-m|num-s|pers-3|case-0|vib-|tam-|chunkId-However|chunkType-child|stype-|voicetype-	1	child	_	_
15	on	on	p	IN	cat-p|gen-m|num-s|pers-3|case-0|vib-|tam-|chunkId-However|chunkType-child|stype-|voicetype-	1	child	_	_
16	6th	'	jj	JJ	cat-|gen-|num-|pers-|case-|vib-|tam-|chunkId-However|chunkType-child|stype-|voicetype-	1	child	_	_
17	March	march	n	NNP	cat-n|gen-m|num-s|pers-3|case-0|vib-|tam-|chunkId-However|chunkType-child|stype-|voicetype-	1	child	_	_
18	.	.	punc	SYM	cat-punc|gen-n|num-s|pers-3|case-0|vib-|tam-|chunkId-However|chunkType-child|stype-|voicetype-	1	child	_	_

1	Increase	increase	n	NNP	cat-n|gen-m|num-s|pers-3|case-0|vib-|tam-|chunkId-SSF|chunkType-head|stype-|voicetype-	0	root	_	_
2	in	in	p	IN	cat-p|gen-m|num-s|pers-3|case-0|vib-|tam-|chunkId-Increase|chunkType-child|stype-|voicetype-	1	child	_	_
3	Trade	trade	n	NNP	cat-n|gen-m|num-s|pers-3|case-0|vib-|tam-|chunkId-Increase|chunkType-child|stype-|voicetype-	1	child	_	_
4	would	would	v	MD	cat-v|gen-m|num-s|pers-3|case-0|vib-|tam-|chunkId-Increase|chunkType-child|stype-|voicetype-	1	child	_	_
5	help	help	v	VB	cat-v|gen-m|num-s|pers-3|case-0|vib-|tam-|chunkId-Increase|chunkType-child|stype-|voicetype-	1	child	_	_
6	normalize	normalize	v	VB	cat-v|gen-m|num-s|pers-3|case-0|vib-|tam-|chunkId-Increase|chunkType-child|stype-|voicetype-	1	child	_	_
7	relations	relations	n	NNS	cat-n|gen-m|num-s|pers-3|case-0|vib-|tam-|chunkId-Increase|chunkType-child|stype-|voicetype-	1	child	_	_
8	.	punc	n	SYM	cat-n|gen-|num-s|pers-3|case-0|vib-|tam-|chunkId-Increase|chunkType-child|stype-|voicetype-	1	child	_	_

1	It	it	P	PRP	cat-P|gen-m|num-s|pers-3|case-0|vib-|tam-|chunkId-SSF|chunkType-head|stype-|voicetype-	0	root	_	_
2	's	'	vbz	VBZ	cat-|gen-|num-|pers-|case-|vib-|tam-|chunkId-It|chunkType-child|stype-|voicetype-	1	child	_	_
3	said	say	v	VBD	cat-v|gen-m|num-s|pers-3|case-0|vib-|tam-|chunkId-It|chunkType-child|stype-|voicetype-	1	child	_	_
4	that	that	P	IN	cat-P|gen-m|num-s|pers-3|case-0|vib-|tam-|chunkId-It|chunkType-child|stype-|voicetype-	1	child	_	_
5	the	the	det	DT	cat-det|gen-m|num-s|pers-3|case-0|vib-|tam-|chunkId-It|chunkType-child|stype-|voicetype-	1	child	_	_
6	present	present	adj	JJ	cat-adj|gen-m|num-s|pers-3|case-0|vib-|tam-|chunkId-It|chunkType-child|stype-|voicetype-	1	child	_	_
7	excercise	'	nn	NN	cat-|gen-|num-|pers-|case-|vib-|tam-|chunkId-It|chunkType-child|stype-|voicetype-	1	child	_	_
8	is	be	v	VBZ	cat-v|gen-m|num-s|pers-3|case-0|vib-|tam-|chunkId-It|chunkType-child|stype-|voicetype-	1	child	_	_
9	to	to	p	TO	cat-p|gen-m|num-s|pers-3|case-0|vib-|tam-|chunkId-It|chunkType-child|stype-|voicetype-	1	child	_	_
10	restore	restore	v	VB	cat-v|gen-m|num-s|pers-3|case-0|vib-|tam-|chunkId-It|chunkType-child|stype-|voicetype-	1	child	_	_
11	confidence	confidence	n	NN	cat-n|gen-m|num-s|pers-3|case-0|vib-|tam-|chunkId-It|chunkType-child|stype-|voicetype-	1	child	_	_
12	among	amongst	p	IN	cat-p|gen-m|num-s|pers-3|case-0|vib-|tam-|chunkId-It|chunkType-child|stype-|voicetype-	1	child	_	_
13	the	the	det	DT	cat-det|gen-m|num-s|pers-3|case-0|vib-|tam-|chunkId-It|chunkType-child|stype-|voicetype-	1	child	_	_
14	common	common	adj	JJ	cat-adj|gen-m|num-s|pers-3|case-0|vib-|tam-|chunkId-It|chunkType-child|stype-|voicetype-	1	child	_	_
15	people	people	n	NNS	cat-n|gen-m|num-p|pers-3|case-0|vib-|tam-|chunkId-It|chunkType-child|stype-|voicetype-	1	child	_	_
16	on	on	p	IN	cat-p|gen-m|num-s|pers-3|case-0|vib-|tam-|chunkId-It|chunkType-child|stype-|voicetype-	1	child	_	_
17	both	both	det	DT	cat-det|gen-m|num-s|pers-3|case-0|vib-|tam-|chunkId-It|chunkType-child|stype-|voicetype-	1	child	_	_
18	sides	side	n	NNS	cat-n|gen-m|num-p|pers-3|case-0|vib-|tam-|chunkId-It|chunkType-child|stype-|voicetype-	1	child	_	_
19	.	.	punc	SYM	cat-punc|gen-n|num-s|pers-3|case-0|vib-|tam-|chunkId-It|chunkType-child|stype-|voicetype-	1	child	_	_

1	It	it	P	PRP	cat-P|gen-m|num-s|pers-3|case-0|vib-|tam-|chunkId-SSF|chunkType-head|stype-|voicetype-	0	root	_	_
2	will	will	v	MD	cat-v|gen-m|num-s|pers-3|case-0|vib-|tam-|chunkId-It|chunkType-child|stype-|voicetype-	1	child	_	_
3	be	be	v	VB	cat-v|gen-m|num-s|pers-3|case-0|vib-|tam-|chunkId-It|chunkType-child|stype-|voicetype-	1	child	_	_
4	aided	aid	v	VBN	cat-v|gen-m|num-s|pers-3|case-0|vib-|tam-|chunkId-It|chunkType-child|stype-|voicetype-	1	child	_	_
5	by	by	p	IN	cat-p|gen-m|num-s|pers-3|case-0|vib-|tam-|chunkId-It|chunkType-child|stype-|voicetype-	1	child	_	_
6	the	the	det	DT	cat-det|gen-m|num-s|pers-3|case-0|vib-|tam-|chunkId-It|chunkType-child|stype-|voicetype-	1	child	_	_
7	means	means	n	NN	cat-n|gen-m|num-s|pers-3|case-0|vib-|tam-|chunkId-It|chunkType-child|stype-|voicetype-	1	child	_	_
8	of	of	p	IN	cat-p|gen-m|num-s|pers-3|case-0|vib-|tam-|chunkId-It|chunkType-child|stype-|voicetype-	1	child	_	_
9	education	education	n	NN	cat-n|gen-m|num-s|pers-3|case-0|vib-|tam-|chunkId-It|chunkType-child|stype-|voicetype-	1	child	_	_
10	COMMA	'	comma	COMMA	cat-|gen-|num-|pers-|case-|vib-|tam-|chunkId-It|chunkType-child|stype-|voicetype-	1	child	_	_
11	tourism	tourism	n	NN	cat-n|gen-m|num-s|pers-3|case-0|vib-|tam-|chunkId-It|chunkType-child|stype-|voicetype-	1	child	_	_
12	COMMA	'	comma	COMMA	cat-|gen-|num-|pers-|case-|vib-|tam-|chunkId-It|chunkType-child|stype-|voicetype-	1	child	_	_
13	trade	trade	n	NN	cat-n|gen-m|num-s|pers-3|case-0|vib-|tam-|chunkId-It|chunkType-child|stype-|voicetype-	1	child	_	_
14	COMMA	'	comma	COMMA	cat-|gen-|num-|pers-|case-|vib-|tam-|chunkId-It|chunkType-child|stype-|voicetype-	1	child	_	_
15	health	health	n	NN	cat-n|gen-m|num-s|pers-3|case-0|vib-|tam-|chunkId-It|chunkType-child|stype-|voicetype-	1	child	_	_
16	and	and	Conj	CC	cat-Conj|gen-m|num-s|pers-3|case-0|vib-|tam-|chunkId-It|chunkType-child|stype-|voicetype-	1	child	_	_
17	relaxation	relaxation	n	NN	cat-n|gen-m|num-s|pers-3|case-0|vib-|tam-|chunkId-It|chunkType-child|stype-|voicetype-	1	child	_	_
18	in	in	p	IN	cat-p|gen-m|num-s|pers-3|case-0|vib-|tam-|chunkId-It|chunkType-child|stype-|voicetype-	1	child	_	_
19	visa	visa	n	NN	cat-n|gen-m|num-s|pers-3|case-0|vib-|tam-|chunkId-It|chunkType-child|stype-|voicetype-	1	child	_	_
20	procedures	procedure	n	NNS	cat-n|gen-m|num-p|pers-3|case-0|vib-|tam-|chunkId-It|chunkType-child|stype-|voicetype-	1	child	_	_
21	etc.	.	punc	SYM	cat-punc|gen-n|num-s|pers-3|case-0|vib-|tam-|chunkId-It|chunkType-child|stype-|voicetype-	1	child	_	_
22	.	.	punc	SYM	cat-punc|gen-n|num-s|pers-3|case-0|vib-|tam-|chunkId-It|chunkType-child|stype-|voicetype-	1	child	_	_

1	India	'	nnp	NNP	cat-|gen-|num-|pers-|case-|vib-|tam-|chunkId-SSF|chunkType-head|stype-|voicetype-	0	root	_	_
2	believes	believe	v	VBZ	cat-v|gen-m|num-s|pers-3|case-0|vib-|tam-|chunkId-India|chunkType-child|stype-|voicetype-	1	child	_	_
3	that	that	P	IN	cat-P|gen-m|num-s|pers-3|case-0|vib-|tam-|chunkId-India|chunkType-child|stype-|voicetype-	1	child	_	_
4	increase	increase	n	NN	cat-n|gen-m|num-s|pers-3|case-0|vib-|tam-|chunkId-India|chunkType-child|stype-|voicetype-	1	child	_	_
5	in	in	p	IN	cat-p|gen-m|num-s|pers-3|case-0|vib-|tam-|chunkId-India|chunkType-child|stype-|voicetype-	1	child	_	_
6	bi	'	jj	JJ	cat-|gen-|num-|pers-|case-|vib-|tam-|chunkId-India|chunkType-child|stype-|voicetype-	1	child	_	_
7	trade	trade	n	NN	cat-n|gen-m|num-s|pers-3|case-0|vib-|tam-|chunkId-India|chunkType-child|stype-|voicetype-	1	child	_	_
8	between	between	p	IN	cat-p|gen-m|num-s|pers-3|case-0|vib-|tam-|chunkId-India|chunkType-child|stype-|voicetype-	1	child	_	_
9	India	'	nnp	NNP	cat-|gen-|num-|pers-|case-|vib-|tam-|chunkId-India|chunkType-child|stype-|voicetype-	1	child	_	_
10	and	and	Conj	CC	cat-Conj|gen-m|num-s|pers-3|case-0|vib-|tam-|chunkId-India|chunkType-child|stype-|voicetype-	1	child	_	_
11	Pakistan	'	nnp	NNP	cat-|gen-|num-|pers-|case-|vib-|tam-|chunkId-India|chunkType-child|stype-|voicetype-	1	child	_	_
12	would	would	v	MD	cat-v|gen-m|num-s|pers-3|case-0|vib-|tam-|chunkId-India|chunkType-child|stype-|voicetype-	1	child	_	_
13	help	help	v	VB	cat-v|gen-m|num-s|pers-3|case-0|vib-|tam-|chunkId-India|chunkType-child|stype-|voicetype-	1	child	_	_
14	better	good	adj	JJR	cat-adj|gen-m|num-s|pers-3|case-0|vib-|tam-|chunkId-India|chunkType-child|stype-|voicetype-	1	child	_	_
15	the	the	det	NNS	cat-det|gen-m|num-s|pers-3|case-0|vib-|tam-|chunkId-India|chunkType-child|stype-|voicetype-	1	child	_	_
16	relations	relation	n	NNS	cat-n|gen-m|num-p|pers-3|case-0|vib-|tam-|chunkId-India|chunkType-child|stype-|voicetype-	1	child	_	_
17	between	between	p	IN	cat-p|gen-m|num-s|pers-3|case-0|vib-|tam-|chunkId-India|chunkType-child|stype-|voicetype-	1	child	_	_
18	the	the	det	DT	cat-det|gen-m|num-s|pers-3|case-0|vib-|tam-|chunkId-India|chunkType-child|stype-|voicetype-	1	child	_	_
19	two	two	det	CD	cat-det|gen-m|num-s|pers-3|case-0|vib-|tam-|chunkId-India|chunkType-child|stype-|voicetype-	1	child	_	_
20	countries	country	n	NN	cat-n|gen-m|num-p|pers-3|case-0|vib-|tam-|chunkId-India|chunkType-child|stype-|voicetype-	1	child	_	_
21	.	.	punc	SYM	cat-punc|gen-n|num-s|pers-3|case-0|vib-|tam-|chunkId-India|chunkType-child|stype-|voicetype-	1	child	_	_

1	It	it	P	PRP	cat-P|gen-m|num-s|pers-3|case-0|vib-|tam-|chunkId-SSF|chunkType-head|stype-|voicetype-	0	root	_	_
2	's	'	vbz	VBZ	cat-|gen-|num-|pers-|case-|vib-|tam-|chunkId-It|chunkType-child|stype-|voicetype-	1	child	_	_
3	possible	possible	adj	JJ	cat-adj|gen-m|num-s|pers-3|case-0|vib-|tam-|chunkId-It|chunkType-child|stype-|voicetype-	1	child	_	_
4	that	that	P	IN	cat-P|gen-m|num-s|pers-3|case-0|vib-|tam-|chunkId-It|chunkType-child|stype-|voicetype-	1	child	_	_
5	an	an	det	DT	cat-det|gen-m|num-s|pers-3|case-0|vib-|tam-|chunkId-It|chunkType-child|stype-|voicetype-	1	child	_	_
6	agreement	agreement	n	NN	cat-n|gen-m|num-s|pers-3|case-0|vib-|tam-|chunkId-It|chunkType-child|stype-|voicetype-	1	child	_	_
7	can	can	v	MD	cat-v|gen-m|num-s|pers-3|case-0|vib-|tam-|chunkId-It|chunkType-child|stype-|voicetype-	1	child	_	_
8	also	also	D	RB	cat-D|gen-m|num-s|pers-3|case-0|vib-|tam-|chunkId-It|chunkType-child|stype-|voicetype-	1	child	_	_
9	be	be	v	VB	cat-v|gen-m|num-s|pers-3|case-0|vib-|tam-|chunkId-It|chunkType-child|stype-|voicetype-	1	child	_	_
10	reached	reach	v	VBN	cat-v|gen-m|num-s|pers-3|case-0|vib-|tam-|chunkId-It|chunkType-child|stype-|voicetype-	1	child	_	_
11	over	over	p	IN	cat-p|gen-m|num-s|pers-3|case-0|vib-|tam-|chunkId-It|chunkType-child|stype-|voicetype-	1	child	_	_
12	statements	statement	n	NNS	cat-n|gen-m|num-p|pers-3|case-0|vib-|tam-|chunkId-It|chunkType-child|stype-|voicetype-	1	child	_	_
13	and	and	Conj	CC	cat-Conj|gen-m|num-s|pers-3|case-0|vib-|tam-|chunkId-It|chunkType-child|stype-|voicetype-	1	child	_	_
14	efforts	effort	n	NNS	cat-n|gen-m|num-p|pers-3|case-0|vib-|tam-|chunkId-It|chunkType-child|stype-|voicetype-	1	child	_	_
15	that	that	P	WDT	cat-P|gen-m|num-s|pers-3|case-0|vib-|tam-|chunkId-It|chunkType-child|stype-|voicetype-	1	child	_	_
16	try	try	v	VBP	cat-v|gen-m|num-s|pers-3|case-0|vib-|tam-|chunkId-It|chunkType-child|stype-|voicetype-	1	child	_	_
17	to	to	p	TO	cat-p|gen-m|num-s|pers-3|case-0|vib-|tam-|chunkId-It|chunkType-child|stype-|voicetype-	1	child	_	_
18	spread	spread	v	VB	cat-v|gen-m|num-s|pers-3|case-0|vib-|tam-|chunkId-It|chunkType-child|stype-|voicetype-	1	child	_	_
19	hate	hate	n	NN	cat-n|gen-m|num-s|pers-3|case-0|vib-|tam-|chunkId-It|chunkType-child|stype-|voicetype-	1	child	_	_
20	between	between	p	IN	cat-p|gen-m|num-s|pers-3|case-0|vib-|tam-|chunkId-It|chunkType-child|stype-|voicetype-	1	child	_	_
21	the	the	det	DT	cat-det|gen-m|num-s|pers-3|case-0|vib-|tam-|chunkId-It|chunkType-child|stype-|voicetype-	1	child	_	_
22	two	two	det	CD	cat-det|gen-m|num-s|pers-3|case-0|vib-|tam-|chunkId-It|chunkType-child|stype-|voicetype-	1	child	_	_
23	countries	country	n	NNS	cat-n|gen-m|num-p|pers-3|case-0|vib-|tam-|chunkId-It|chunkType-child|stype-|voicetype-	1	child	_	_
24	.	.	punc	SYM	cat-punc|gen-n|num-s|pers-3|case-0|vib-|tam-|chunkId-It|chunkType-child|stype-|voicetype-	1	child	_	_

1	Sources	source	n	NNS	cat-n|gen-m|num-p|pers-3|case-0|vib-|tam-|chunkId-SSF|chunkType-head|stype-|voicetype-	0	root	_	_
2	from	from	p	IN	cat-p|gen-m|num-s|pers-3|case-0|vib-|tam-|chunkId-Sources|chunkType-child|stype-|voicetype-	1	child	_	_
3	the	the	det	DT	cat-det|gen-m|num-s|pers-3|case-0|vib-|tam-|chunkId-Sources|chunkType-child|stype-|voicetype-	1	child	_	_
4	Foreign	foreign	n	NNP	cat-n|gen-m|num-s|pers-3|case-0|vib-|tam-|chunkId-Sources|chunkType-child|stype-|voicetype-	1	child	_	_
5	Ministry	ministry	n	NNP	cat-n|gen-m|num-s|pers-3|case-0|vib-|tam-|chunkId-Sources|chunkType-child|stype-|voicetype-	1	child	_	_
6	say	say	v	VBP	cat-v|gen-m|num-s|pers-3|case-0|vib-|tam-|chunkId-Sources|chunkType-child|stype-|voicetype-	1	child	_	_
7	that	that	P	IN	cat-P|gen-m|num-s|pers-3|case-0|vib-|tam-|chunkId-Sources|chunkType-child|stype-|voicetype-	1	child	_	_
8	the	the	det	DT	cat-det|gen-m|num-s|pers-3|case-0|vib-|tam-|chunkId-Sources|chunkType-child|stype-|voicetype-	1	child	_	_
9	army	army	n	NN	cat-n|gen-m|num-s|pers-3|case-0|vib-|tam-|chunkId-Sources|chunkType-child|stype-|voicetype-	1	child	_	_
10	also	also	D	RB	cat-D|gen-m|num-s|pers-3|case-0|vib-|tam-|chunkId-Sources|chunkType-child|stype-|voicetype-	1	child	_	_
11	has	have	v	VBZ	cat-v|gen-m|num-s|pers-3|case-0|vib-|tam-|chunkId-Sources|chunkType-child|stype-|voicetype-	1	child	_	_
12	an	an	det	DT	cat-det|gen-m|num-s|pers-3|case-0|vib-|tam-|chunkId-Sources|chunkType-child|stype-|voicetype-	1	child	_	_
13	opinion	opinion	n	NN	cat-n|gen-m|num-s|pers-3|case-0|vib-|tam-|chunkId-Sources|chunkType-child|stype-|voicetype-	1	child	_	_
14	over	over	p	IN	cat-p|gen-m|num-s|pers-3|case-0|vib-|tam-|chunkId-Sources|chunkType-child|stype-|voicetype-	1	child	_	_
15	withdrawal	withdrawal	n	NN	cat-n|gen-m|num-s|pers-3|case-0|vib-|tam-|chunkId-Sources|chunkType-child|stype-|voicetype-	1	child	_	_
16	of	of	p	IN	cat-p|gen-m|num-s|pers-3|case-0|vib-|tam-|chunkId-Sources|chunkType-child|stype-|voicetype-	1	child	_	_
17	forces	force	n	NNS	cat-n|gen-m|num-p|pers-3|case-0|vib-|tam-|chunkId-Sources|chunkType-child|stype-|voicetype-	1	child	_	_
18	from	from	p	IN	cat-p|gen-m|num-s|pers-3|case-0|vib-|tam-|chunkId-Sources|chunkType-child|stype-|voicetype-	1	child	_	_
19	Siachen	'	nnp	NNP	cat-|gen-|num-|pers-|case-|vib-|tam-|chunkId-Sources|chunkType-child|stype-|voicetype-	1	child	_	_
20	.	.	punc	SYM	cat-punc|gen-n|num-s|pers-3|case-0|vib-|tam-|chunkId-Sources|chunkType-child|stype-|voicetype-	1	child	_	_

1	Moreover	moreover	D	RB	cat-D|gen-m|num-s|pers-3|case-0|vib-|tam-|chunkId-SSF|chunkType-head|stype-|voicetype-	0	root	_	_
2	,	comma	punc	SYM	cat-punc|gen-n|num-s|pers-3|case-0|vib-|tam-|chunkId-Moreover|chunkType-child|stype-|voicetype-	1	child	_	_
3	India	'	nnp	NNP	cat-|gen-|num-|pers-|case-|vib-|tam-|chunkId-Moreover|chunkType-child|stype-|voicetype-	1	child	_	_
4	's	'	pos	POS	cat-|gen-|num-|pers-|case-|vib-|tam-|chunkId-Moreover|chunkType-child|stype-|voicetype-	1	child	_	_
5	interests	interest	n	NNS	cat-n|gen-m|num-p|pers-3|case-0|vib-|tam-|chunkId-Moreover|chunkType-child|stype-|voicetype-	1	child	_	_
6	are	be	v	VBP	cat-v|gen-m|num-p|pers-3|case-0|vib-|tam-|chunkId-Moreover|chunkType-child|stype-|voicetype-	1	child	_	_
7	also	also	D	RB	cat-D|gen-m|num-s|pers-3|case-0|vib-|tam-|chunkId-Moreover|chunkType-child|stype-|voicetype-	1	child	_	_
8	to	to	p	TO	cat-p|gen-m|num-s|pers-3|case-0|vib-|tam-|chunkId-Moreover|chunkType-child|stype-|voicetype-	1	child	_	_
9	be	be	v	VB	cat-v|gen-m|num-s|pers-3|case-0|vib-|tam-|chunkId-Moreover|chunkType-child|stype-|voicetype-	1	child	_	_
10	considered	consider	v	VBN	cat-v|gen-m|num-s|pers-3|case-0|vib-|tam-|chunkId-Moreover|chunkType-child|stype-|voicetype-	1	child	_	_
11	.	.	punc	SYM	cat-punc|gen-n|num-s|pers-3|case-0|vib-|tam-|chunkId-Moreover|chunkType-child|stype-|voicetype-	1	child	_	_

1	This	this	det	DT	cat-det|gen-m|num-s|pers-3|case-0|vib-|tam-|chunkId-SSF|chunkType-head|stype-|voicetype-	0	root	_	_
2	is	be	v	VBZ	cat-v|gen-m|num-s|pers-3|case-0|vib-|tam-|chunkId-This|chunkType-child|stype-|voicetype-	1	child	_	_
3	a	a	det	DT	cat-det|gen-m|num-s|pers-3|case-0|vib-|tam-|chunkId-This|chunkType-child|stype-|voicetype-	1	child	_	_
4	sensitive	sensitive	adj	JJ	cat-adj|gen-m|num-s|pers-3|case-0|vib-|tam-|chunkId-This|chunkType-child|stype-|voicetype-	1	child	_	_
5	issue	issue	n	NN	cat-n|gen-m|num-s|pers-3|case-0|vib-|tam-|chunkId-This|chunkType-child|stype-|voicetype-	1	child	_	_
6	and	and	Conj	CC	cat-Conj|gen-m|num-s|pers-3|case-0|vib-|tam-|chunkId-This|chunkType-child|stype-|voicetype-	1	child	_	_
7	the	the	det	DT	cat-det|gen-m|num-s|pers-3|case-0|vib-|tam-|chunkId-This|chunkType-child|stype-|voicetype-	1	child	_	_
8	level	level	n	NN	cat-n|gen-m|num-s|pers-3|case-0|vib-|tam-|chunkId-This|chunkType-child|stype-|voicetype-	1	child	_	_
9	of	of	p	IN	cat-p|gen-m|num-s|pers-3|case-0|vib-|tam-|chunkId-This|chunkType-child|stype-|voicetype-	1	child	_	_
10	confidence	confidence	n	NN	cat-n|gen-m|num-s|pers-3|case-0|vib-|tam-|chunkId-This|chunkType-child|stype-|voicetype-	1	child	_	_
11	building	building	n	NN	cat-n|gen-m|num-s|pers-3|case-0|vib-|tam-|chunkId-This|chunkType-child|stype-|voicetype-	1	child	_	_
12	with	with	p	IN	cat-p|gen-m|num-s|pers-3|case-0|vib-|tam-|chunkId-This|chunkType-child|stype-|voicetype-	1	child	_	_
13	Pakistan	'	nnp	NNP	cat-|gen-|num-|pers-|case-|vib-|tam-|chunkId-This|chunkType-child|stype-|voicetype-	1	child	_	_
14	is	be	v	VBZ	cat-v|gen-m|num-s|pers-3|case-0|vib-|tam-|chunkId-This|chunkType-child|stype-|voicetype-	1	child	_	_
15	not	not	D	RB	cat-D|gen-m|num-s|pers-3|case-0|vib-|tam-|chunkId-This|chunkType-child|stype-|voicetype-	1	child	_	_
16	so	so	D	RB	cat-D|gen-m|num-s|pers-3|case-0|vib-|tam-|chunkId-This|chunkType-child|stype-|voicetype-	1	child	_	_
17	positive	positive	adj	JJ	cat-adj|gen-m|num-s|pers-3|case-0|vib-|tam-|chunkId-This|chunkType-child|stype-|voicetype-	1	child	_	_
18	that	that	P	IN	cat-P|gen-m|num-s|pers-3|case-0|vib-|tam-|chunkId-This|chunkType-child|stype-|voicetype-	1	child	_	_
19	it	it	P	PRP	cat-P|gen-m|num-s|pers-3|case-0|vib-|tam-|chunkId-This|chunkType-child|stype-|voicetype-	1	child	_	_
20	can	can	v	MD	cat-v|gen-m|num-s|pers-3|case-0|vib-|tam-|chunkId-This|chunkType-child|stype-|voicetype-	1	child	_	_
21	be	be	v	VB	cat-v|gen-m|num-s|pers-3|case-0|vib-|tam-|chunkId-This|chunkType-child|stype-|voicetype-	1	child	_	_
22	resolved	resolve	v	VBN	cat-v|gen-m|num-s|pers-3|case-0|vib-|tam-|chunkId-This|chunkType-child|stype-|voicetype-	1	child	_	_
23	that	that	P	PRP	cat-P|gen-m|num-s|pers-3|case-0|vib-|tam-|chunkId-This|chunkType-child|stype-|voicetype-	1	child	_	_
24	easily	easily	D	RB	cat-D|gen-m|num-s|pers-3|case-0|vib-|tam-|chunkId-This|chunkType-child|stype-|voicetype-	1	child	_	_
25	.	.	punc	SYM	cat-punc|gen-n|num-s|pers-3|case-0|vib-|tam-|chunkId-This|chunkType-child|stype-|voicetype-	1	child	_	_

