1	Amidst	amidst	p	PRP	cat-p|gen-m|num-s|pers-3|case-0|vib-|tam-|chunkId-PP|chunkType-head|stype-|voicetype-	13	k7	_	_
2	chanting	chant	v	NNP	cat-v|gen-m|num-s|pers-3|case-0|vib-|tam-|chunkId-Amidst|chunkType-child|stype-|voicetype-	1	child	_	_
3	of	of	p	IN	cat-p|gen-m|num-s|pers-3|case-0|vib-|tam-|chunkId-PP2|chunkType-head|stype-|voicetype-	1	r6	_	_
4	Vedic	'	nnp	NNP	cat-|gen-|num-|pers-|case-|vib-|tam-|chunkId-of|chunkType-child|stype-|voicetype-	3	child	_	_
5	hymns	hymn	n	NN	cat-n|gen-m|num-p|pers-3|case-0|vib-|tam-|chunkId-of|chunkType-child|stype-|voicetype-	3	child	_	_
6	,	comma	punc	SYM	cat-punc|gen-n|num-s|pers-3|case-0|vib-|tam-|chunkId-of|chunkType-child|stype-|voicetype-	3	child	_	_
7	the	the	det	DT	cat-det|gen-m|num-s|pers-3|case-0|vib-|tam-|chunkId-NP2|chunkType-head|stype-|voicetype-	13	k1	_	_
8	former	former	adj	JJ	cat-adj|gen-m|num-s|pers-3|case-0|vib-|tam-|chunkId-the|chunkType-child|stype-|voicetype-	7	child	_	_
9	Prime	prime	adj	PRP	cat-adj|gen-m|num-s|pers-3|case-0|vib-|tam-|chunkId-the|chunkType-child|stype-|voicetype-	7	child	_	_
10	Minister	minister	n	NNP	cat-n|gen-m|num-s|pers-3|case-0|vib-|tam-|chunkId-the|chunkType-child|stype-|voicetype-	7	child	_	_
11	Narasimha	'	nnp	NNP	cat-|gen-|num-|pers-|case-|vib-|tam-|chunkId-the|chunkType-child|stype-|voicetype-	7	child	_	_
12	Rao	'	nnp	NNP	cat-|gen-|num-|pers-|case-|vib-|tam-|chunkId-the|chunkType-child|stype-|voicetype-	7	child	_	_
13	was	be	v	VBD	cat-v|gen-m|num-s|pers-1|case-0|vib-|tam-|chunkId-VG|chunkType-head|stype-|voicetype-	0	root	_	_
14	creamted	'	vbn	VBN	cat-|gen-|num-|pers-|case-|vib-|tam-|chunkId-was|chunkType-child|stype-|voicetype-	13	child	_	_
15	with	with	p	IN	cat-p|gen-m|num-s|pers-3|case-0|vib-|tam-|chunkId-PP3|chunkType-head|stype-|voicetype-	13	vmod	_	_
16	full	full	adj	JJ	cat-adj|gen-m|num-s|pers-3|case-0|vib-|tam-|chunkId-with|chunkType-child|stype-|voicetype-	15	child	_	_
17	military	'	nn	NN	cat-|gen-|num-|pers-|case-|vib-|tam-|chunkId-with|chunkType-child|stype-|voicetype-	15	child	_	_
18	honors	honour	n	NNS	cat-n|gen-m|num-p|pers-3|case-0|vib-|tam-|chunkId-with|chunkType-child|stype-|voicetype-	15	child	_	_
19	on	on	p	IN	cat-p|gen-m|num-s|pers-3|case-0|vib-|tam-|chunkId-PP4|chunkType-head|stype-|voicetype-	13	k7p	_	_
20	the	the	det	DT	cat-det|gen-m|num-s|pers-3|case-0|vib-|tam-|chunkId-on|chunkType-child|stype-|voicetype-	19	child	_	_
21	banks	bank	n	NNS	cat-n|gen-m|num-p|pers-3|case-0|vib-|tam-|chunkId-on|chunkType-child|stype-|voicetype-	19	child	_	_
22	of	of	p	IN	cat-p|gen-m|num-s|pers-3|case-0|vib-|tam-|chunkId-PP5|chunkType-head|stype-|voicetype-	19	r6	_	_
23	Hussain	'	nnp	NNP	cat-|gen-|num-|pers-|case-|vib-|tam-|chunkId-of2|chunkType-child|stype-|voicetype-	22	child	_	_
24	Sagar	'	nnp	NNP	cat-|gen-|num-|pers-|case-|vib-|tam-|chunkId-of2|chunkType-child|stype-|voicetype-	22	child	_	_
25	lake	lake	n	NN	cat-n|gen-m|num-s|pers-3|case-0|vib-|tam-|chunkId-of2|chunkType-child|stype-|voicetype-	22	child	_	_
26	.	.	punc	SYM	cat-punc|gen-n|num-s|pers-3|case-0|vib-|tam-|chunkId-of2|chunkType-child|stype-|voicetype-	22	child	_	_

1	A	a	det	DT	cat-det|gen-m|num-s|pers-3|case-0|vib-|tam-|chunkId-NP|chunkType-head|stype-|voicetype-	19	k2	_	_
2	son	son	n	NN	cat-n|gen-m|num-s|pers-3|case-0|vib-|tam-|chunkId-A|chunkType-child|stype-|voicetype-	1	child	_	_
3	of	of	p	IN	cat-p|gen-m|num-s|pers-3|case-0|vib-|tam-|chunkId-PP|chunkType-head|stype-|voicetype-	1	r6	_	_
4	the	the	det	DT	cat-det|gen-m|num-s|pers-3|case-0|vib-|tam-|chunkId-of|chunkType-child|stype-|voicetype-	3	child	_	_
5	soil	soil	n	NN	cat-n|gen-m|num-s|pers-3|case-0|vib-|tam-|chunkId-of|chunkType-child|stype-|voicetype-	3	child	_	_
6	,	comma	punc	SYM	cat-punc|gen-n|num-s|pers-3|case-0|vib-|tam-|chunkId-of|chunkType-child|stype-|voicetype-	3	child	_	_
7	who	who	Comp	WP	cat-Comp|gen-m|num-s|pers-3|case-0|vib-|tam-|chunkId-NP3|chunkType-head|stype-|voicetype-	8	k1	_	_
8	'd	'	md	MD	cat-|gen-|num-|pers-|case-|vib-|tam-|chunkId-VG|chunkType-head|stype-|voicetype-	1	nmod__relc	_	_
9	once	once	D	RB	cat-D|gen-m|num-s|pers-3|case-0|vib-|tam-|chunkId-d|chunkType-child|stype-|voicetype-	8	child	_	_
10	occupied	occupy	v	VBD	cat-v|gen-m|num-s|pers-3|case-0|vib-|tam-|chunkId-d|chunkType-child|stype-|voicetype-	8	child	_	_
11	the	the	det	DT	cat-det|gen-m|num-s|pers-3|case-0|vib-|tam-|chunkId-NP4|chunkType-head|stype-|voicetype-	8	k2	_	_
12	country	country	n	NN	cat-n|gen-m|num-s|pers-3|case-0|vib-|tam-|chunkId-the2|chunkType-child|stype-|voicetype-	11	child	_	_
13	's	'	pos	POS	cat-|gen-|num-|pers-|case-|vib-|tam-|chunkId-the2|chunkType-child|stype-|voicetype-	11	child	_	_
14	highest	high	adj	JJS	cat-adj|gen-m|num-s|pers-3|case-0|vib-|tam-|chunkId-the2|chunkType-child|stype-|voicetype-	11	child	_	_
15	post	post	n	NN	cat-n|gen-m|num-s|pers-3|case-0|vib-|tam-|chunkId-the2|chunkType-child|stype-|voicetype-	11	child	_	_
16	as	as	p	IN	cat-p|gen-m|num-s|pers-3|case-0|vib-|tam-|chunkId-PP2|chunkType-head|stype-|voicetype-	11	nmod	_	_
17	Prime	prime	n	NNP	cat-n|gen-m|num-s|pers-3|case-0|vib-|tam-|chunkId-as|chunkType-child|stype-|voicetype-	16	child	_	_
18	Minister	minister	n	NNP	cat-n|gen-m|num-s|pers-3|case-0|vib-|tam-|chunkId-as|chunkType-child|stype-|voicetype-	16	child	_	_
19	was	be	v	VBD	cat-v|gen-m|num-s|pers-1|case-0|vib-|tam-|chunkId-VG2|chunkType-head|stype-|voicetype-	0	root	_	_
20	seen	see	v	VBN	cat-v|gen-m|num-s|pers-3|case-0|vib-|tam-|chunkId-was|chunkType-child|stype-|voicetype-	19	child	_	_
21	off	off	particle	RP	cat-particle|gen-m|num-s|pers-3|case-0|vib-|tam-|chunkId-was|chunkType-child|stype-|voicetype-	19	child	_	_
22	by	by	p	IN	cat-p|gen-m|num-s|pers-3|case-0|vib-|tam-|chunkId-PP3|chunkType-head|stype-|voicetype-	19	k1	_	_
23	thousands	thousand	n	NNS	cat-n|gen-m|num-p|pers-3|case-0|vib-|tam-|chunkId-by|chunkType-child|stype-|voicetype-	22	child	_	_
24	of	of	p	IN	cat-p|gen-m|num-s|pers-3|case-0|vib-|tam-|chunkId-by|chunkType-child|stype-|voicetype-	22	child	_	_
25	people	people	n	NNS	cat-n|gen-m|num-p|pers-3|case-0|vib-|tam-|chunkId-by|chunkType-child|stype-|voicetype-	22	child	_	_
26	with	with	p	IN	cat-p|gen-m|num-s|pers-3|case-0|vib-|tam-|chunkId-PP4|chunkType-head|stype-|voicetype-	19	ras-k1	_	_
27	tearful	tearful	adj	JJ	cat-adj|gen-m|num-s|pers-3|case-0|vib-|tam-|chunkId-with|chunkType-child|stype-|voicetype-	26	child	_	_
28	eyes	eye	n	NNS	cat-n|gen-m|num-p|pers-3|case-0|vib-|tam-|chunkId-with|chunkType-child|stype-|voicetype-	26	child	_	_
29	.	.	punc	SYM	cat-punc|gen-n|num-s|pers-3|case-0|vib-|tam-|chunkId-with|chunkType-child|stype-|voicetype-	26	child	_	_

1	Rao	'	nnp	NNP	cat-|gen-|num-|pers-|case-|vib-|tam-|chunkId-NP|chunkType-head|stype-|voicetype-	9	k2	_	_
2	's	'	pos	POS	cat-|gen-|num-|pers-|case-|vib-|tam-|chunkId-Rao|chunkType-child|stype-|voicetype-	1	child	_	_
3	pyre	pyre	n	NN	cat-n|gen-m|num-s|pers-3|case-0|vib-|tam-|chunkId-Rao|chunkType-child|stype-|voicetype-	1	child	_	_
4	in	in	p	IN	cat-p|gen-m|num-s|pers-3|case-0|vib-|tam-|chunkId-PP|chunkType-head|stype-|voicetype-	9	k7p	_	_
5	the	the	det	DT	cat-det|gen-m|num-s|pers-3|case-0|vib-|tam-|chunkId-in|chunkType-child|stype-|voicetype-	4	child	_	_
6	Buddha	buddha	n	NNP	cat-n|gen-m|num-s|pers-3|case-0|vib-|tam-|chunkId-in|chunkType-child|stype-|voicetype-	4	child	_	_
7	Purnima	'	nnp	NNP	cat-|gen-|num-|pers-|case-|vib-|tam-|chunkId-in|chunkType-child|stype-|voicetype-	4	child	_	_
8	Park	park	n	NNP	cat-n|gen-m|num-s|pers-3|case-0|vib-|tam-|chunkId-in|chunkType-child|stype-|voicetype-	4	child	_	_
9	was	be	v	VBD	cat-v|gen-m|num-s|pers-1|case-0|vib-|tam-|chunkId-VG|chunkType-head|stype-|voicetype-	0	root	_	_
10	lit	light	v	VBN	cat-v|gen-m|num-s|pers-3|case-0|vib-|tam-|chunkId-was|chunkType-child|stype-|voicetype-	9	child	_	_
11	by	by	p	IN	cat-p|gen-m|num-s|pers-3|case-0|vib-|tam-|chunkId-PP2|chunkType-head|stype-|voicetype-	9	k1	_	_
12	his	he	P	PRP$	cat-P|gen-m|num-s|pers-3|case-0|vib-|tam-|chunkId-by|chunkType-child|stype-|voicetype-	11	child	_	_
13	eldest	eldest	adj	JJS	cat-adj|gen-m|num-s|pers-3|case-0|vib-|tam-|chunkId-by|chunkType-child|stype-|voicetype-	11	child	_	_
14	son	son	n	NN	cat-n|gen-m|num-s|pers-3|case-0|vib-|tam-|chunkId-by|chunkType-child|stype-|voicetype-	11	child	_	_
15	P.V	'	nnp	NNP	cat-|gen-|num-|pers-|case-|vib-|tam-|chunkId-NP4|chunkType-head|stype-|voicetype-	11	nmod	_	_
16	Ranga	'	nnp	NNP	cat-|gen-|num-|pers-|case-|vib-|tam-|chunkId-P.V|chunkType-child|stype-|voicetype-	15	child	_	_
17	Rao	'	nnp	NNP	cat-|gen-|num-|pers-|case-|vib-|tam-|chunkId-P.V|chunkType-child|stype-|voicetype-	15	child	_	_
18	.	.	punc	SYM	cat-punc|gen-n|num-s|pers-3|case-0|vib-|tam-|chunkId-P.V|chunkType-child|stype-|voicetype-	15	child	_	_

1	Prime	prime	n	NNP	cat-n|gen-m|num-s|pers-3|case-0|vib-|tam-|chunkId-NP|chunkType-head|stype-|voicetype-	5	k1	_	_
2	Minister	minister	n	NNP	cat-n|gen-m|num-s|pers-3|case-0|vib-|tam-|chunkId-Prime|chunkType-child|stype-|voicetype-	1	child	_	_
3	Manmohan	'	nnp	NNP	cat-|gen-|num-|pers-|case-|vib-|tam-|chunkId-Prime|chunkType-child|stype-|voicetype-	1	child	_	_
4	Singh	'	nnp	NNP	cat-|gen-|num-|pers-|case-|vib-|tam-|chunkId-Prime|chunkType-child|stype-|voicetype-	1	child	_	_
5	was	be	v	VBD	cat-v|gen-m|num-s|pers-3|case-0|vib-|tam-|chunkId-VG|chunkType-head|stype-|voicetype-	0	root	_	_
6	also	also	D	RB	cat-D|gen-m|num-s|pers-3|case-0|vib-|tam-|chunkId-was|chunkType-child|stype-|voicetype-	5	child	_	_
7	present	present	adj	JJ	cat-adj|gen-m|num-s|pers-3|case-0|vib-|tam-|chunkId-ADJP|chunkType-head|stype-|voicetype-	5	k1s	_	_
8	on	on	p	IN	cat-p|gen-m|num-s|pers-3|case-0|vib-|tam-|chunkId-PP|chunkType-head|stype-|voicetype-	5	k7	_	_
9	this	this	det	DT	cat-det|gen-m|num-s|pers-3|case-0|vib-|tam-|chunkId-on|chunkType-child|stype-|voicetype-	8	child	_	_
10	occassion	'	nn	NN	cat-|gen-|num-|pers-|case-|vib-|tam-|chunkId-on|chunkType-child|stype-|voicetype-	8	child	_	_
11	along	along	p	IN	cat-p|gen-m|num-s|pers-3|case-0|vib-|tam-|chunkId-PP2|chunkType-head|stype-|voicetype-	5	ras-k1	_	_
12	with	with	p	IN	cat-p|gen-m|num-s|pers-3|case-0|vib-|tam-|chunkId-along|chunkType-child|stype-|voicetype-	11	child	_	_
13	his	he	P	PRP$	cat-P|gen-m|num-s|pers-3|case-0|vib-|tam-|chunkId-along|chunkType-child|stype-|voicetype-	11	child	_	_
14	wife	wife	n	NN	cat-n|gen-m|num-s|pers-3|case-0|vib-|tam-|chunkId-along|chunkType-child|stype-|voicetype-	11	child	_	_
15	.	.	punc	SYM	cat-punc|gen-n|num-s|pers-3|case-0|vib-|tam-|chunkId-along|chunkType-child|stype-|voicetype-	11	child	_	_

1	Narasimha	'	nnp	NNP	cat-|gen-|num-|pers-|case-|vib-|tam-|chunkId-NP|chunkType-head|stype-|voicetype-	3	k1	_	_
2	Rao	'	nnp	NNP	cat-|gen-|num-|pers-|case-|vib-|tam-|chunkId-Narasimha|chunkType-child|stype-|voicetype-	1	child	_	_
3	had	have	v	VBD	cat-v|gen-m|num-s|pers-3|case-0|vib-|tam-|chunkId-VG|chunkType-head|stype-|voicetype-	0	root	_	_
4	passed	pass	v	VBN	cat-v|gen-m|num-s|pers-3|case-0|vib-|tam-|chunkId-had|chunkType-child|stype-|voicetype-	3	child	_	_
5	away	away	particle	RP	cat-particle|gen-m|num-s|pers-3|case-0|vib-|tam-|chunkId-PRT|chunkType-head|stype-|voicetype-	3	pof	_	_
6	at	at	p	IN	cat-p|gen-m|num-s|pers-3|case-0|vib-|tam-|chunkId-PP|chunkType-head|stype-|voicetype-	3	k7p	_	_
7	AIIMS	'	nns	NNS	cat-|gen-|num-|pers-|case-|vib-|tam-|chunkId-at|chunkType-child|stype-|voicetype-	6	child	_	_
8	in	in	p	IN	cat-p|gen-m|num-s|pers-3|case-0|vib-|tam-|chunkId-PP2|chunkType-head|stype-|voicetype-	3	k7p	_	_
9	Delhi	'	nnp	NNP	cat-|gen-|num-|pers-|case-|vib-|tam-|chunkId-in|chunkType-child|stype-|voicetype-	8	child	_	_
10	on	on	p	IN	cat-p|gen-m|num-s|pers-3|case-0|vib-|tam-|chunkId-PP3|chunkType-head|stype-|voicetype-	3	k7t	_	_
11	Thursday	thursday	n	NNP	cat-n|gen-m|num-s|pers-3|case-0|vib-|tam-|chunkId-on|chunkType-child|stype-|voicetype-	10	child	_	_
12	.	.	punc	SYM	cat-punc|gen-n|num-s|pers-3|case-0|vib-|tam-|chunkId-on|chunkType-child|stype-|voicetype-	10	child	_	_

1	His	he	P	PRP$	cat-P|gen-m|num-s|pers-3|case-0|vib-|tam-|chunkId-NP|chunkType-head|stype-|voicetype-	4	k2	_	_
2	mortal	mortal	adj	JJ	cat-adj|gen-m|num-s|pers-3|case-0|vib-|tam-|chunkId-His|chunkType-child|stype-|voicetype-	1	child	_	_
3	remains	remains	n	NNS	cat-n|gen-m|num-s|pers-3|case-0|vib-|tam-|chunkId-His|chunkType-child|stype-|voicetype-	1	child	_	_
4	had	have	v	VBD	cat-v|gen-m|num-s|pers-3|case-0|vib-|tam-|chunkId-VG|chunkType-head|stype-|voicetype-	0	root	_	_
5	been	be	v	VBN	cat-v|gen-m|num-s|pers-3|case-0|vib-|tam-|chunkId-had|chunkType-child|stype-|voicetype-	4	child	_	_
6	brought	bring	v	VBN	cat-v|gen-m|num-s|pers-3|case-0|vib-|tam-|chunkId-had|chunkType-child|stype-|voicetype-	4	child	_	_
7	to	to	p	TO	cat-p|gen-m|num-s|pers-3|case-0|vib-|tam-|chunkId-VG2|chunkType-head|stype-|voicetype-	4	k2p	_	_
8	Hyderabad	'	vb	VB	cat-|gen-|num-|pers-|case-|vib-|tam-|chunkId-to|chunkType-child|stype-|voicetype-	7	child	_	_
9	for	for	p	IN	cat-p|gen-m|num-s|pers-3|case-0|vib-|tam-|chunkId-PP|chunkType-head|stype-|voicetype-	4	rt	_	_
10	the	the	det	DT	cat-det|gen-m|num-s|pers-3|case-0|vib-|tam-|chunkId-for|chunkType-child|stype-|voicetype-	9	child	_	_
11	last	last	adj	JJ	cat-adj|gen-m|num-s|pers-3|case-0|vib-|tam-|chunkId-for|chunkType-child|stype-|voicetype-	9	child	_	_
12	rites	rite	n	NNS	cat-n|gen-m|num-p|pers-3|case-0|vib-|tam-|chunkId-for|chunkType-child|stype-|voicetype-	9	child	_	_
13	.	.	punc	SYM	cat-punc|gen-n|num-s|pers-3|case-0|vib-|tam-|chunkId-for|chunkType-child|stype-|voicetype-	9	child	_	_

1	On	on	p	IN	cat-p|gen-m|num-s|pers-3|case-0|vib-|tam-|chunkId-PP|chunkType-head|stype-|voicetype-	12	k7t	_	_
2	Saturday	saturday	n	NNP	cat-n|gen-m|num-s|pers-3|case-0|vib-|tam-|chunkId-On|chunkType-child|stype-|voicetype-	1	child	_	_
3	,	comma	punc	SYM	cat-punc|gen-n|num-s|pers-3|case-0|vib-|tam-|chunkId-On|chunkType-child|stype-|voicetype-	1	child	_	_
4	wrapped	wrap	v	VBN	cat-v|gen-m|num-s|pers-3|case-0|vib-|tam-|chunkId-VG|chunkType-head|stype-|voicetype-	8	nmod	_	_
5	in	in	p	IN	cat-p|gen-m|num-s|pers-3|case-0|vib-|tam-|chunkId-PP2|chunkType-head|stype-|voicetype-	4	k7	_	_
6	the	the	det	DT	cat-det|gen-m|num-s|pers-3|case-0|vib-|tam-|chunkId-in|chunkType-child|stype-|voicetype-	5	child	_	_
7	tricolor	tricolour	n	NN	cat-n|gen-m|num-s|pers-3|case-0|vib-|tam-|chunkId-in|chunkType-child|stype-|voicetype-	5	child	_	_
8	Rao	'	nnp	NNP	cat-|gen-|num-|pers-|case-|vib-|tam-|chunkId-NP3|chunkType-head|stype-|voicetype-	12	k2	_	_
9	's	'	pos	POS	cat-|gen-|num-|pers-|case-|vib-|tam-|chunkId-Rao|chunkType-child|stype-|voicetype-	8	child	_	_
10	funeral	funeral	n	JJ	cat-n|gen-m|num-s|pers-3|case-0|vib-|tam-|chunkId-Rao|chunkType-child|stype-|voicetype-	8	child	_	_
11	procession	procession	n	NN	cat-n|gen-m|num-s|pers-3|case-0|vib-|tam-|chunkId-Rao|chunkType-child|stype-|voicetype-	8	child	_	_
12	was	be	v	VBD	cat-v|gen-m|num-s|pers-3|case-0|vib-|tam-|chunkId-VG2|chunkType-head|stype-|voicetype-	0	root	_	_
13	carried	carry	v	VBN	cat-v|gen-m|num-s|pers-3|case-0|vib-|tam-|chunkId-was|chunkType-child|stype-|voicetype-	12	child	_	_
14	out	out	particle	PRP	cat-particle|gen-m|num-s|pers-3|case-0|vib-|tam-|chunkId-PP3|chunkType-head|stype-|voicetype-	12	pof	_	_
15	from	from	p	IN	cat-p|gen-m|num-s|pers-3|case-0|vib-|tam-|chunkId-PP4|chunkType-head|stype-|voicetype-	12	k5	_	_
16	Jubille	'	nnp	NNP	cat-|gen-|num-|pers-|case-|vib-|tam-|chunkId-from|chunkType-child|stype-|voicetype-	15	child	_	_
17	Hall	hall	n	NNP	cat-n|gen-m|num-s|pers-3|case-0|vib-|tam-|chunkId-from|chunkType-child|stype-|voicetype-	15	child	_	_
18	in	in	p	IN	cat-p|gen-m|num-s|pers-3|case-0|vib-|tam-|chunkId-PP5|chunkType-head|stype-|voicetype-	12	k7p	_	_
19	Hyderabad	'	nnp	NNP	cat-|gen-|num-|pers-|case-|vib-|tam-|chunkId-in2|chunkType-child|stype-|voicetype-	18	child	_	_
20	.	.	punc	SYM	cat-punc|gen-n|num-s|pers-3|case-0|vib-|tam-|chunkId-in2|chunkType-child|stype-|voicetype-	18	child	_	_

1	Before	before	p	IN	cat-p|gen-m|num-s|pers-3|case-0|vib-|tam-|chunkId-PP|chunkType-head|stype-|voicetype-	6	k7t	_	_
2	this	this	det	DT	cat-det|gen-m|num-s|pers-3|case-0|vib-|tam-|chunkId-Before|chunkType-child|stype-|voicetype-	1	child	_	_
3	Rao	'	nnp	NNP	cat-|gen-|num-|pers-|case-|vib-|tam-|chunkId-NP2|chunkType-head|stype-|voicetype-	6	k1	_	_
4	's	'	pos	POS	cat-|gen-|num-|pers-|case-|vib-|tam-|chunkId-Rao|chunkType-child|stype-|voicetype-	3	child	_	_
5	relatives	relative	n	NNS	cat-n|gen-m|num-p|pers-3|case-0|vib-|tam-|chunkId-Rao|chunkType-child|stype-|voicetype-	3	child	_	_
6	held	hold	v	VBD	cat-v|gen-m|num-s|pers-3|case-0|vib-|tam-|chunkId-VG|chunkType-head|stype-|voicetype-	0	root	_	_
7	a	a	det	DT	cat-det|gen-m|num-s|pers-3|case-0|vib-|tam-|chunkId-NP3|chunkType-head|stype-|voicetype-	6	k2	_	_
8	'	'	sym	SYM	cat-|gen-|num-|pers-|case-|vib-|tam-|chunkId-a|chunkType-child|stype-|voicetype-	7	child	_	_
9	Pitra	'	jj	JJ	cat-|gen-|num-|pers-|case-|vib-|tam-|chunkId-a|chunkType-child|stype-|voicetype-	7	child	_	_
10	Yagya	'	nn	NN	cat-|gen-|num-|pers-|case-|vib-|tam-|chunkId-a|chunkType-child|stype-|voicetype-	7	child	_	_
11	'	comma	punc	SYM	cat-punc|gen-n|num-s|pers-3|case-0|vib-|tam-|chunkId-a|chunkType-child|stype-|voicetype-	7	child	_	_
12	.	.	punc	SYM	cat-punc|gen-n|num-s|pers-3|case-0|vib-|tam-|chunkId-a|chunkType-child|stype-|voicetype-	7	child	_	_

1	His	he	P	PRP$	cat-P|gen-m|num-s|pers-3|case-0|vib-|tam-|chunkId-NP|chunkType-head|stype-|voicetype-	4	ccof	_	_
2	three	three	num	CD	cat-num|gen-m|num-s|pers-3|case-0|vib-|tam-|chunkId-His|chunkType-child|stype-|voicetype-	1	child	_	_
3	sons	son	n	NNS	cat-n|gen-m|num-p|pers-3|case-0|vib-|tam-|chunkId-His|chunkType-child|stype-|voicetype-	1	child	_	_
4	and	and	Conj	CC	cat-Conj|gen-m|num-s|pers-3|case-0|vib-|tam-|chunkId-CCP|chunkType-head|stype-|voicetype-	7	k1	_	_
5	five	five	num	CD	cat-num|gen-m|num-s|pers-3|case-0|vib-|tam-|chunkId-NP2|chunkType-head|stype-|voicetype-	4	ccof	_	_
6	daughters	daughter	n	NNS	cat-n|gen-m|num-p|pers-3|case-0|vib-|tam-|chunkId-five|chunkType-child|stype-|voicetype-	5	child	_	_
7	participated	participate	v	VBD	cat-v|gen-m|num-s|pers-3|case-0|vib-|tam-|chunkId-VG|chunkType-head|stype-|voicetype-	0	root	_	_
8	in	in	p	IN	cat-p|gen-m|num-s|pers-3|case-0|vib-|tam-|chunkId-PP|chunkType-head|stype-|voicetype-	7	k7	_	_
9	this	this	det	DT	cat-det|gen-m|num-s|pers-3|case-0|vib-|tam-|chunkId-in|chunkType-child|stype-|voicetype-	8	child	_	_
10	.	.	punc	SYM	cat-punc|gen-n|num-s|pers-3|case-0|vib-|tam-|chunkId-in|chunkType-child|stype-|voicetype-	8	child	_	_

1	Firing	fire	v	VBG	cat-v|gen-m|num-s|pers-3|case-0|vib-|tam-|chunkId-VG|chunkType-head|stype-|voicetype-	13	vmod	_	_
2	their	he	det	PRP$	cat-det|gen-m|num-p|pers-3|case-0|vib-|tam-|chunkId-NP|chunkType-head|stype-|voicetype-	1	k2	_	_
3	guns	gun	n	NNS	cat-n|gen-m|num-p|pers-3|case-0|vib-|tam-|chunkId-their|chunkType-child|stype-|voicetype-	2	child	_	_
4	in	in	p	IN	cat-p|gen-m|num-s|pers-3|case-0|vib-|tam-|chunkId-PP|chunkType-head|stype-|voicetype-	1	k7	_	_
5	the	the	det	DT	cat-det|gen-m|num-s|pers-3|case-0|vib-|tam-|chunkId-in|chunkType-child|stype-|voicetype-	4	child	_	_
6	air	air	n	NN	cat-n|gen-m|num-s|pers-3|case-0|vib-|tam-|chunkId-in|chunkType-child|stype-|voicetype-	4	child	_	_
7	21	'	cd	CD	cat-|gen-|num-|pers-|case-|vib-|tam-|chunkId-NP3|chunkType-head|stype-|voicetype-	1	vmod	_	_
8	times	time	n	NNS	cat-n|gen-m|num-p|pers-3|case-0|vib-|tam-|chunkId-21|chunkType-child|stype-|voicetype-	7	child	_	_
9	,	comma	punc	SYM	cat-punc|gen-n|num-s|pers-3|case-0|vib-|tam-|chunkId-21|chunkType-child|stype-|voicetype-	7	child	_	_
10	the	the	det	DT	cat-det|gen-m|num-s|pers-3|case-0|vib-|tam-|chunkId-NP4|chunkType-head|stype-|voicetype-	13	k1	_	_
11	Gorkha	'	nnp	NNP	cat-|gen-|num-|pers-|case-|vib-|tam-|chunkId-the2|chunkType-child|stype-|voicetype-	10	child	_	_
12	Regiment	regiment	n	NNP	cat-n|gen-m|num-s|pers-3|case-0|vib-|tam-|chunkId-the2|chunkType-child|stype-|voicetype-	10	child	_	_
13	gave	give	v	VBD	cat-v|gen-m|num-s|pers-3|case-0|vib-|tam-|chunkId-VG2|chunkType-head|stype-|voicetype-	0	root	_	_
14	the	the	det	DT	cat-det|gen-m|num-s|pers-3|case-0|vib-|tam-|chunkId-NP5|chunkType-head|stype-|voicetype-	13	k2	_	_
15	final	final	adj	JJ	cat-adj|gen-m|num-s|pers-3|case-0|vib-|tam-|chunkId-the3|chunkType-child|stype-|voicetype-	14	child	_	_
16	salute	salute	n	NN	cat-n|gen-m|num-s|pers-3|case-0|vib-|tam-|chunkId-the3|chunkType-child|stype-|voicetype-	14	child	_	_
17	to	to	p	TO	cat-p|gen-m|num-s|pers-3|case-0|vib-|tam-|chunkId-PP2|chunkType-head|stype-|voicetype-	13	k4	_	_
18	former	former	adj	JJ	cat-adj|gen-m|num-s|pers-3|case-0|vib-|tam-|chunkId-to|chunkType-child|stype-|voicetype-	17	child	_	_
19	Prime	prime	n	NNP	cat-n|gen-m|num-s|pers-3|case-0|vib-|tam-|chunkId-to|chunkType-child|stype-|voicetype-	17	child	_	_
20	Minister	minister	n	NNP	cat-n|gen-m|num-s|pers-3|case-0|vib-|tam-|chunkId-to|chunkType-child|stype-|voicetype-	17	child	_	_
21	Rao	'	nnp	NNP	cat-|gen-|num-|pers-|case-|vib-|tam-|chunkId-to|chunkType-child|stype-|voicetype-	17	child	_	_
22	.	.	punc	SYM	cat-punc|gen-n|num-s|pers-3|case-0|vib-|tam-|chunkId-to|chunkType-child|stype-|voicetype-	17	child	_	_

1	At	at	p	IN	cat-p|gen-m|num-s|pers-3|case-0|vib-|tam-|chunkId-PP|chunkType-head|stype-|voicetype-	6	k7t	_	_
2	that	the	det	DT	cat-det|gen-m|num-s|pers-3|case-0|vib-|tam-|chunkId-At|chunkType-child|stype-|voicetype-	1	child	_	_
3	time	time	n	NN	cat-n|gen-m|num-s|pers-3|case-0|vib-|tam-|chunkId-At|chunkType-child|stype-|voicetype-	1	child	_	_
4	the	the	det	DT	cat-det|gen-m|num-s|pers-3|case-0|vib-|tam-|chunkId-NP2|chunkType-head|stype-|voicetype-	6	k1	_	_
5	atmosphere	atmosphere	n	NN	cat-n|gen-m|num-s|pers-3|case-0|vib-|tam-|chunkId-the|chunkType-child|stype-|voicetype-	4	child	_	_
6	became	become	v	VBD	cat-v|gen-m|num-s|pers-3|case-0|vib-|tam-|chunkId-VG|chunkType-head|stype-|voicetype-	10	ccof	_	_
7	charged	charge	v	VBN	cat-v|gen-m|num-s|pers-3|case-0|vib-|tam-|chunkId-became|chunkType-child|stype-|voicetype-	6	child	_	_
8	with	with	p	IN	cat-p|gen-m|num-s|pers-3|case-0|vib-|tam-|chunkId-PP2|chunkType-head|stype-|voicetype-	6	k7	_	_
9	emotion	emotion	n	NN	cat-n|gen-m|num-s|pers-3|case-0|vib-|tam-|chunkId-with|chunkType-child|stype-|voicetype-	8	child	_	_
10	and	and	Conj	CC	cat-Conj|gen-m|num-s|pers-3|case-0|vib-|tam-|chunkId-CCP|chunkType-head|stype-|voicetype-	0	root	_	_
11	the	the	det	DT	cat-det|gen-m|num-s|pers-3|case-0|vib-|tam-|chunkId-NP4|chunkType-head|stype-|voicetype-	13	k2	_	_
12	air	air	n	NN	cat-n|gen-m|num-s|pers-3|case-0|vib-|tam-|chunkId-the2|chunkType-child|stype-|voicetype-	11	child	_	_
13	was	be	v	VBD	cat-v|gen-m|num-s|pers-3|case-0|vib-|tam-|chunkId-VG2|chunkType-head|stype-|voicetype-	10	ccof	_	_
14	rendered	render	v	VBN	cat-v|gen-m|num-s|pers-3|case-0|vib-|tam-|chunkId-was|chunkType-child|stype-|voicetype-	13	child	_	_
15	with	with	p	IN	cat-p|gen-m|num-s|pers-3|case-0|vib-|tam-|chunkId-PP3|chunkType-head|stype-|voicetype-	13	k7	_	_
16	slogans	slogan	n	NNS	cat-n|gen-m|num-p|pers-3|case-0|vib-|tam-|chunkId-with2|chunkType-child|stype-|voicetype-	15	child	_	_
17	of	of	p	IN	cat-p|gen-m|num-s|pers-3|case-0|vib-|tam-|chunkId-PP4|chunkType-head|stype-|voicetype-	15	r6	_	_
18	'	'	sym	SYM	cat-|gen-|num-|pers-|case-|vib-|tam-|chunkId-of|chunkType-child|stype-|voicetype-	17	child	_	_
19	Long	long	n	NNP	cat-n|gen-m|num-s|pers-3|case-0|vib-|tam-|chunkId-of|chunkType-child|stype-|voicetype-	17	child	_	_
20	Live	live	v	NNP	cat-v|gen-m|num-s|pers-3|case-0|vib-|tam-|chunkId-of|chunkType-child|stype-|voicetype-	17	child	_	_
21	Narasimha	'	nnp	NNP	cat-|gen-|num-|pers-|case-|vib-|tam-|chunkId-of|chunkType-child|stype-|voicetype-	17	child	_	_
22	Rao	'	nnp	NNP	cat-|gen-|num-|pers-|case-|vib-|tam-|chunkId-of|chunkType-child|stype-|voicetype-	17	child	_	_
23	'	'	sym	SYM	cat-|gen-|num-|pers-|case-|vib-|tam-|chunkId-of|chunkType-child|stype-|voicetype-	17	child	_	_
24	.	'	sym	SYM	cat-|gen-|num-|pers-|case-|vib-|tam-|chunkId-of|chunkType-child|stype-|voicetype-	17	child	_	_

1	Telugu	'	nnp	NNP	cat-|gen-|num-|pers-|case-|vib-|tam-|chunkId-NP|chunkType-head|stype-|voicetype-	7	k1	_	_
2	Bidda	'	nnp	NNP	cat-|gen-|num-|pers-|case-|vib-|tam-|chunkId-Telugu|chunkType-child|stype-|voicetype-	1	child	_	_
3	(	'	sym	SYM	cat-|gen-|num-|pers-|case-|vib-|tam-|chunkId-Telugu|chunkType-child|stype-|voicetype-	1	child	_	_
4	Son	son	n	NNP	cat-n|gen-m|num-s|pers-3|case-0|vib-|tam-|chunkId-Telugu|chunkType-child|stype-|voicetype-	1	child	_	_
5	)	'	sym	SYM	cat-|gen-|num-|pers-|case-|vib-|tam-|chunkId-Telugu|chunkType-child|stype-|voicetype-	1	child	_	_
6	Rao	'	nnp	NNP	cat-|gen-|num-|pers-|case-|vib-|tam-|chunkId-Telugu|chunkType-child|stype-|voicetype-	1	child	_	_
7	was	be	v	VBD	cat-v|gen-m|num-s|pers-3|case-0|vib-|tam-|chunkId-VG|chunkType-head|stype-|voicetype-	0	root	_	_
8	the	the	det	DT	cat-det|gen-m|num-s|pers-3|case-0|vib-|tam-|chunkId-NP2|chunkType-head|stype-|voicetype-	7	k1s	_	_
9	first	first	adj	JJ	cat-adj|gen-m|num-s|pers-3|case-0|vib-|tam-|chunkId-the|chunkType-child|stype-|voicetype-	8	child	_	_
10	South	south	n	SYM	cat-n|gen-m|num-s|pers-3|case-0|vib-|tam-|chunkId-the|chunkType-child|stype-|voicetype-	8	child	_	_
11	Indian	'	nnp	NNP	cat-|gen-|num-|pers-|case-|vib-|tam-|chunkId-the|chunkType-child|stype-|voicetype-	8	child	_	_
12	to	to	p	TO	cat-p|gen-m|num-s|pers-3|case-0|vib-|tam-|chunkId-VG2|chunkType-head|stype-|voicetype-	7	k2	_	_
13	occupy	occupy	v	VB	cat-v|gen-m|num-s|pers-3|case-0|vib-|tam-|chunkId-to|chunkType-child|stype-|voicetype-	12	child	_	_
14	the	the	det	DT	cat-det|gen-m|num-s|pers-3|case-0|vib-|tam-|chunkId-NP3|chunkType-head|stype-|voicetype-	12	k2	_	_
15	Prime	prime	n	NNP	cat-n|gen-m|num-s|pers-3|case-0|vib-|tam-|chunkId-the2|chunkType-child|stype-|voicetype-	14	child	_	_
16	Minister	minister	n	NNP	cat-n|gen-m|num-s|pers-3|case-0|vib-|tam-|chunkId-the2|chunkType-child|stype-|voicetype-	14	child	_	_
17	's	'	pos	POS	cat-|gen-|num-|pers-|case-|vib-|tam-|chunkId-the2|chunkType-child|stype-|voicetype-	14	child	_	_
18	chair	chair	n	NN	cat-n|gen-m|num-s|pers-3|case-0|vib-|tam-|chunkId-the2|chunkType-child|stype-|voicetype-	14	child	_	_
19	.	.	punc	SYM	cat-punc|gen-n|num-s|pers-3|case-0|vib-|tam-|chunkId-the2|chunkType-child|stype-|voicetype-	14	child	_	_

1	Hundreds	hundred	num	NNS	cat-num|gen-m|num-p|pers-3|case-0|vib-|tam-|chunkId-NP|chunkType-head|stype-|voicetype-	11	k1	_	_
2	of	of	p	IN	cat-p|gen-m|num-s|pers-3|case-0|vib-|tam-|chunkId-Hundreds|chunkType-child|stype-|voicetype-	1	child	_	_
3	villagers	villager	n	NNS	cat-n|gen-m|num-p|pers-3|case-0|vib-|tam-|chunkId-Hundreds|chunkType-child|stype-|voicetype-	1	child	_	_
4	from	from	p	IN	cat-p|gen-m|num-s|pers-3|case-0|vib-|tam-|chunkId-PP|chunkType-head|stype-|voicetype-	1	nmod	_	_
5	his	he	P	PRP$	cat-P|gen-m|num-s|pers-3|case-0|vib-|tam-|chunkId-from|chunkType-child|stype-|voicetype-	4	child	_	_
6	Vangara	'	nnp	NNP	cat-|gen-|num-|pers-|case-|vib-|tam-|chunkId-from|chunkType-child|stype-|voicetype-	4	child	_	_
7	village	village	n	NN	cat-n|gen-m|num-s|pers-3|case-0|vib-|tam-|chunkId-from|chunkType-child|stype-|voicetype-	4	child	_	_
8	in	in	p	IN	cat-p|gen-m|num-s|pers-3|case-0|vib-|tam-|chunkId-PP2|chunkType-head|stype-|voicetype-	11	k7p	_	_
9	Karimnagar	'	nnp	NNP	cat-|gen-|num-|pers-|case-|vib-|tam-|chunkId-in|chunkType-child|stype-|voicetype-	8	child	_	_
10	district	district	n	NN	cat-n|gen-m|num-s|pers-3|case-0|vib-|tam-|chunkId-in|chunkType-child|stype-|voicetype-	8	child	_	_
11	had	have	v	VBD	cat-v|gen-m|num-s|pers-3|case-0|vib-|tam-|chunkId-VG|chunkType-head|stype-|voicetype-	0	root	_	_
12	also	also	D	RB	cat-D|gen-m|num-s|pers-3|case-0|vib-|tam-|chunkId-had|chunkType-child|stype-|voicetype-	11	child	_	_
13	turned	turn	v	VBN	cat-v|gen-m|num-s|pers-3|case-0|vib-|tam-|chunkId-had|chunkType-child|stype-|voicetype-	11	child	_	_
14	up	up	particle	RP	cat-particle|gen-m|num-s|pers-3|case-0|vib-|tam-|chunkId-PRT|chunkType-head|stype-|voicetype-	11	pof	_	_
15	to	to	p	TO	cat-p|gen-m|num-s|pers-3|case-0|vib-|tam-|chunkId-VG2|chunkType-head|stype-|voicetype-	11	k2	_	_
16	pay	pay	v	VB	cat-v|gen-m|num-s|pers-3|case-0|vib-|tam-|chunkId-to|chunkType-child|stype-|voicetype-	15	child	_	_
17	their	he	det	PRP$	cat-det|gen-m|num-p|pers-3|case-0|vib-|tam-|chunkId-NP5|chunkType-head|stype-|voicetype-	15	k2	_	_
18	last	last	adj	JJ	cat-adj|gen-m|num-s|pers-3|case-0|vib-|tam-|chunkId-their|chunkType-child|stype-|voicetype-	17	child	_	_
19	respects	respect	n	NNS	cat-n|gen-m|num-p|pers-3|case-0|vib-|tam-|chunkId-their|chunkType-child|stype-|voicetype-	17	child	_	_
20	.	.	punc	SYM	cat-punc|gen-n|num-s|pers-3|case-0|vib-|tam-|chunkId-their|chunkType-child|stype-|voicetype-	17	child	_	_

1	The	the	det	DT	cat-det|gen-m|num-s|pers-3|case-0|vib-|tam-|chunkId-NP|chunkType-head|stype-|voicetype-	5	k1	_	_
2	Andra	'	nnpc	NNPC	cat-|gen-|num-|pers-|case-|vib-|tam-|chunkId-The|chunkType-child|stype-|voicetype-	1	child	_	_
3	Pradesh	'	nnp	NNP	cat-|gen-|num-|pers-|case-|vib-|tam-|chunkId-The|chunkType-child|stype-|voicetype-	1	child	_	_
4	government	government	n	NN	cat-n|gen-m|num-s|pers-3|case-0|vib-|tam-|chunkId-The|chunkType-child|stype-|voicetype-	1	child	_	_
5	has	have	v	VBZ	cat-v|gen-m|num-s|pers-3|case-0|vib-|tam-|chunkId-VG|chunkType-head|stype-|voicetype-	0	root	_	_
6	earmarked	earmark	v	VBN	cat-v|gen-m|num-s|pers-3|case-0|vib-|tam-|chunkId-has|chunkType-child|stype-|voicetype-	5	child	_	_
7	an	an	det	DT	cat-det|gen-m|num-s|pers-3|case-0|vib-|tam-|chunkId-NP2|chunkType-head|stype-|voicetype-	5	k2	_	_
8	area	area	n	NN	cat-n|gen-m|num-s|pers-3|case-0|vib-|tam-|chunkId-an|chunkType-child|stype-|voicetype-	7	child	_	_
9	of	of	p	IN	cat-p|gen-m|num-s|pers-3|case-0|vib-|tam-|chunkId-PP|chunkType-head|stype-|voicetype-	7	r6	_	_
10	2.9	'	cd	CD	cat-|gen-|num-|pers-|case-|vib-|tam-|chunkId-of|chunkType-child|stype-|voicetype-	9	child	_	_
11	acres	acre	n	NNS	cat-n|gen-m|num-p|pers-3|case-0|vib-|tam-|chunkId-of|chunkType-child|stype-|voicetype-	9	child	_	_
12	near	near	p	IN	cat-p|gen-m|num-s|pers-3|case-0|vib-|tam-|chunkId-PP2|chunkType-head|stype-|voicetype-	5	k7p	_	_
13	the	the	det	DT	cat-det|gen-m|num-s|pers-3|case-0|vib-|tam-|chunkId-near|chunkType-child|stype-|voicetype-	12	child	_	_
14	Hussain	'	nnpc	NNPC	cat-|gen-|num-|pers-|case-|vib-|tam-|chunkId-near|chunkType-child|stype-|voicetype-	12	child	_	_
15	Sagar	'	nnp	NNP	cat-|gen-|num-|pers-|case-|vib-|tam-|chunkId-near|chunkType-child|stype-|voicetype-	12	child	_	_
16	lake	lake	n	NN	cat-n|gen-m|num-s|pers-3|case-0|vib-|tam-|chunkId-near|chunkType-child|stype-|voicetype-	12	child	_	_
17	.	.	punc	SYM	cat-punc|gen-n|num-s|pers-3|case-0|vib-|tam-|chunkId-near|chunkType-child|stype-|voicetype-	12	child	_	_

1	A	a	det	DT	cat-det|gen-m|num-s|pers-3|case-0|vib-|tam-|chunkId-NP|chunkType-head|stype-|voicetype-	6	k2	_	_
2	memorial	memorial	n	NN	cat-n|gen-m|num-s|pers-3|case-0|vib-|tam-|chunkId-A|chunkType-child|stype-|voicetype-	1	child	_	_
3	for	for	p	IN	cat-p|gen-m|num-s|pers-3|case-0|vib-|tam-|chunkId-PP|chunkType-head|stype-|voicetype-	6	rt	_	_
4	Narasimha	'	nnp	NNP	cat-|gen-|num-|pers-|case-|vib-|tam-|chunkId-for|chunkType-child|stype-|voicetype-	3	child	_	_
5	Rao	'	nnp	NNP	cat-|gen-|num-|pers-|case-|vib-|tam-|chunkId-for|chunkType-child|stype-|voicetype-	3	child	_	_
6	would	would	v	MD	cat-v|gen-m|num-s|pers-3|case-0|vib-|tam-|chunkId-VG|chunkType-head|stype-|voicetype-	0	root	_	_
7	be	be	v	VB	cat-v|gen-m|num-s|pers-3|case-0|vib-|tam-|chunkId-would|chunkType-child|stype-|voicetype-	6	child	_	_
8	erected	erect	v	VBN	cat-v|gen-m|num-s|pers-3|case-0|vib-|tam-|chunkId-would|chunkType-child|stype-|voicetype-	6	child	_	_
9	at	at	p	IN	cat-p|gen-m|num-s|pers-3|case-0|vib-|tam-|chunkId-NP3|chunkType-head|stype-|voicetype-	6	k7p	_	_
10	this	this	det	DT	cat-det|gen-m|num-s|pers-3|case-0|vib-|tam-|chunkId-at|chunkType-child|stype-|voicetype-	9	child	_	_
11	site	site	n	NN	cat-n|gen-m|num-s|pers-3|case-0|vib-|tam-|chunkId-at|chunkType-child|stype-|voicetype-	9	child	_	_
12	.	.	punc	SYM	cat-punc|gen-n|num-s|pers-3|case-0|vib-|tam-|chunkId-at|chunkType-child|stype-|voicetype-	9	child	_	_

1	Prime	prime	n	NNPC	cat-n|gen-m|num-s|pers-3|case-0|vib-|tam-|chunkId-NP|chunkType-head|stype-|voicetype-	5	k1	_	_
2	Minister	minister	n	NNP	cat-n|gen-m|num-s|pers-3|case-0|vib-|tam-|chunkId-Prime|chunkType-child|stype-|voicetype-	1	child	_	_
3	Manmohan	'	nnpc	NNPC	cat-|gen-|num-|pers-|case-|vib-|tam-|chunkId-Prime|chunkType-child|stype-|voicetype-	1	child	_	_
4	Singh	'	nnp	NNP	cat-|gen-|num-|pers-|case-|vib-|tam-|chunkId-Prime|chunkType-child|stype-|voicetype-	1	child	_	_
5	arrived	arrive	v	VBN	cat-v|gen-m|num-s|pers-3|case-0|vib-|tam-|chunkId-VG|chunkType-head|stype-|voicetype-	0	root	_	_
6	in	in	p	IN	cat-p|gen-m|num-s|pers-3|case-0|vib-|tam-|chunkId-PP|chunkType-head|stype-|voicetype-	5	k7p	_	_
7	Hyderabad	'	nnp	NNP	cat-|gen-|num-|pers-|case-|vib-|tam-|chunkId-in|chunkType-child|stype-|voicetype-	6	child	_	_
8	by	by	p	IN	cat-p|gen-m|num-s|pers-3|case-0|vib-|tam-|chunkId-PP2|chunkType-head|stype-|voicetype-	5	k3	_	_
9	a	a	det	DT	cat-det|gen-m|num-s|pers-3|case-0|vib-|tam-|chunkId-by|chunkType-child|stype-|voicetype-	8	child	_	_
10	special	special	adj	JJ	cat-adj|gen-m|num-s|pers-3|case-0|vib-|tam-|chunkId-by|chunkType-child|stype-|voicetype-	8	child	_	_
11	flight	flight	n	NN	cat-n|gen-m|num-s|pers-3|case-0|vib-|tam-|chunkId-by|chunkType-child|stype-|voicetype-	8	child	_	_
12	on	on	p	IN	cat-p|gen-m|num-s|pers-3|case-0|vib-|tam-|chunkId-PP3|chunkType-head|stype-|voicetype-	5	k7t	_	_
13	Saturday	saturday	n	NNP	cat-n|gen-m|num-s|pers-3|case-0|vib-|tam-|chunkId-on|chunkType-child|stype-|voicetype-	12	child	_	_
14	morning	morning	n	NN	cat-n|gen-m|num-s|pers-3|case-0|vib-|tam-|chunkId-on|chunkType-child|stype-|voicetype-	12	child	_	_
15	alongwith	'	rp	RP	cat-|gen-|num-|pers-|case-|vib-|tam-|chunkId-PP4|chunkType-head|stype-|voicetype-	5	ras-k1	_	_
16	his	he	P	PRP$	cat-P|gen-m|num-s|pers-3|case-0|vib-|tam-|chunkId-alongwith|chunkType-child|stype-|voicetype-	15	child	_	_
17	wife	wife	n	NN	cat-n|gen-m|num-s|pers-3|case-0|vib-|tam-|chunkId-alongwith|chunkType-child|stype-|voicetype-	15	child	_	_
18	Gurucharan	'	nnp	NNP	cat-|gen-|num-|pers-|case-|vib-|tam-|chunkId-NP5|chunkType-head|stype-|voicetype-	15	nmod	_	_
19	Kaur	'	nnp	NNP	cat-|gen-|num-|pers-|case-|vib-|tam-|chunkId-Gurucharan|chunkType-child|stype-|voicetype-	18	child	_	_
20	to	to	p	TO	cat-p|gen-m|num-s|pers-3|case-0|vib-|tam-|chunkId-VG2|chunkType-head|stype-|voicetype-	5	k2	_	_
21	attend	attend	v	VB	cat-v|gen-m|num-s|pers-3|case-0|vib-|tam-|chunkId-to|chunkType-child|stype-|voicetype-	20	child	_	_
22	Rao	'	nnp	NNP	cat-|gen-|num-|pers-|case-|vib-|tam-|chunkId-NP6|chunkType-head|stype-|voicetype-	20	k2	_	_
23	's	'	pos	POS	cat-|gen-|num-|pers-|case-|vib-|tam-|chunkId-Rao|chunkType-child|stype-|voicetype-	22	child	_	_
24	funeral	funeral	n	NN	cat-n|gen-m|num-s|pers-3|case-0|vib-|tam-|chunkId-Rao|chunkType-child|stype-|voicetype-	22	child	_	_
25	.	.	punc	SYM	cat-punc|gen-n|num-s|pers-3|case-0|vib-|tam-|chunkId-Rao|chunkType-child|stype-|voicetype-	22	child	_	_

1	He	he	P	PRP	cat-P|gen-m|num-s|pers-3|case-0|vib-|tam-|chunkId-NP|chunkType-head|stype-|voicetype-	3	k1	_	_
2	directly	directly	D	RB	cat-D|gen-m|num-s|pers-3|case-0|vib-|tam-|chunkId-ADVP|chunkType-head|stype-|voicetype-	3	adv	_	_
3	reached	reach	v	VBD	cat-v|gen-m|num-s|pers-3|case-0|vib-|tam-|chunkId-VG|chunkType-head|stype-|voicetype-	0	root	_	_
4	the	the	det	DT	cat-det|gen-m|num-s|pers-3|case-0|vib-|tam-|chunkId-NP2|chunkType-head|stype-|voicetype-	3	k7p	_	_
5	Buddha	buddha	n	NNP	cat-n|gen-m|num-s|pers-3|case-0|vib-|tam-|chunkId-the|chunkType-child|stype-|voicetype-	4	child	_	_
6	Park	park	n	NNP	cat-n|gen-m|num-s|pers-3|case-0|vib-|tam-|chunkId-the|chunkType-child|stype-|voicetype-	4	child	_	_
7	crematorium	crematorium	n	NN	cat-n|gen-m|num-s|pers-3|case-0|vib-|tam-|chunkId-the|chunkType-child|stype-|voicetype-	4	child	_	_
8	from	from	p	IN	cat-p|gen-m|num-s|pers-3|case-0|vib-|tam-|chunkId-PP|chunkType-head|stype-|voicetype-	3	k5	_	_
9	the	the	det	DT	cat-det|gen-m|num-s|pers-3|case-0|vib-|tam-|chunkId-from|chunkType-child|stype-|voicetype-	8	child	_	_
10	airport	airport	n	NN	cat-n|gen-m|num-s|pers-3|case-0|vib-|tam-|chunkId-from|chunkType-child|stype-|voicetype-	8	child	_	_
11	.	.	punc	SYM	cat-punc|gen-n|num-s|pers-3|case-0|vib-|tam-|chunkId-from|chunkType-child|stype-|voicetype-	8	child	_	_

1	It	it	P	PRP	cat-P|gen-m|num-s|pers-3|case-0|vib-|tam-|chunkId-NP|chunkType-head|stype-|voicetype-	2	k2	_	_
2	should	should	v	MD	cat-v|gen-m|num-s|pers-3|case-0|vib-|tam-|chunkId-VG|chunkType-head|stype-|voicetype-	0	root	_	_
3	be	be	v	VB	cat-v|gen-m|num-s|pers-3|case-0|vib-|tam-|chunkId-should|chunkType-child|stype-|voicetype-	2	child	_	_
4	noted	note	v	VBN	cat-v|gen-m|num-s|pers-3|case-0|vib-|tam-|chunkId-should|chunkType-child|stype-|voicetype-	2	child	_	_
5	that	that	P	IN	cat-P|gen-m|num-s|pers-3|case-0|vib-|tam-|chunkId-CCP|chunkType-head|stype-|voicetype-	2	k2s	_	_
6	it	it	P	PRP	cat-P|gen-m|num-s|pers-3|case-0|vib-|tam-|chunkId-NP2|chunkType-head|stype-|voicetype-	7	k1	_	_
7	was	be	v	VBD	cat-v|gen-m|num-s|pers-3|case-0|vib-|tam-|chunkId-VG2|chunkType-head|stype-|voicetype-	5	ccof	_	_
8	because	because	Conj	RB	cat-Conj|gen-m|num-s|pers-3|case-0|vib-|tam-|chunkId-ADVP|chunkType-head|stype-|voicetype-	7	rh	_	_
9	of	of	p	IN	cat-p|gen-m|num-s|pers-3|case-0|vib-|tam-|chunkId-because|chunkType-child|stype-|voicetype-	8	child	_	_
10	Rao	'	nnp	NNP	cat-|gen-|num-|pers-|case-|vib-|tam-|chunkId-because|chunkType-child|stype-|voicetype-	8	child	_	_
11	that	that	P	IN	cat-P|gen-m|num-s|pers-3|case-0|vib-|tam-|chunkId-CCP2|chunkType-head|stype-|voicetype-	6	rs	_	_
12	Manmohan	'	nnp	NNP	cat-|gen-|num-|pers-|case-|vib-|tam-|chunkId-NP3|chunkType-head|stype-|voicetype-	14	k1	_	_
13	Singh	'	nnp	NNP	cat-|gen-|num-|pers-|case-|vib-|tam-|chunkId-Manmohan|chunkType-child|stype-|voicetype-	12	child	_	_
14	had	have	v	VBD	cat-v|gen-m|num-s|pers-3|case-0|vib-|tam-|chunkId-VG3|chunkType-head|stype-|voicetype-	1	ccof	_	_
15	come	come	v	VBN	cat-v|gen-m|num-s|pers-3|case-0|vib-|tam-|chunkId-had|chunkType-child|stype-|voicetype-	14	child	_	_
16	into	into	p	IN	cat-p|gen-m|num-s|pers-3|case-0|vib-|tam-|chunkId-PP|chunkType-head|stype-|voicetype-	14	k7	_	_
17	politics	politics	n	NNS	cat-n|gen-m|num-p|pers-3|case-0|vib-|tam-|chunkId-into|chunkType-child|stype-|voicetype-	16	child	_	_
18	.	.	punc	SYM	cat-punc|gen-n|num-s|pers-3|case-0|vib-|tam-|chunkId-into|chunkType-child|stype-|voicetype-	16	child	_	_

1	He	he	P	PRP	cat-P|gen-m|num-s|pers-3|case-0|vib-|tam-|chunkId-NP|chunkType-head|stype-|voicetype-	2	k1	_	_
2	was	be	v	VBD	cat-v|gen-m|num-s|pers-3|case-0|vib-|tam-|chunkId-VG|chunkType-head|stype-|voicetype-	0	root	_	_
3	the	the	det	DT	cat-det|gen-m|num-s|pers-3|case-0|vib-|tam-|chunkId-NP2|chunkType-head|stype-|voicetype-	2	k1s	_	_
4	finance	finance	n	NN	cat-n|gen-m|num-s|pers-3|case-0|vib-|tam-|chunkId-the|chunkType-child|stype-|voicetype-	3	child	_	_
5	minister	minister	n	NN	cat-n|gen-m|num-s|pers-3|case-0|vib-|tam-|chunkId-the|chunkType-child|stype-|voicetype-	3	child	_	_
6	in	in	p	IN	cat-p|gen-m|num-s|pers-3|case-0|vib-|tam-|chunkId-PP|chunkType-head|stype-|voicetype-	2	k7	_	_
7	the	the	det	DT	cat-det|gen-m|num-s|pers-3|case-0|vib-|tam-|chunkId-in|chunkType-child|stype-|voicetype-	6	child	_	_
8	Rao	'	nnp	NNP	cat-|gen-|num-|pers-|case-|vib-|tam-|chunkId-in|chunkType-child|stype-|voicetype-	6	child	_	_
9	government	government	n	NN	cat-n|gen-m|num-s|pers-3|case-0|vib-|tam-|chunkId-in|chunkType-child|stype-|voicetype-	6	child	_	_
10	from	from	p	IN	cat-p|gen-m|num-s|pers-3|case-0|vib-|tam-|chunkId-PP2|chunkType-head|stype-|voicetype-	2	k7t	_	_
11	1991	'	cd	CD	cat-|gen-|num-|pers-|case-|vib-|tam-|chunkId-from|chunkType-child|stype-|voicetype-	10	child	_	_
12	.	.	punc	SYM	cat-punc|gen-n|num-s|pers-3|case-0|vib-|tam-|chunkId-from|chunkType-child|stype-|voicetype-	10	child	_	_

