1	Vipin	'	nnp	NNP	cat-|gen-|num-|pers-|case-|vib-|tam-|chunkId-SSF|chunkType-head|stype-|voicetype-	0	root	_	_
2	successfully	successfully	D	RB	cat-D|gen-m|num-s|pers-3|case-0|vib-|tam-|chunkId-Vipin|chunkType-child|stype-|voicetype-	1	child	_	_
3	makes	make	v	VBZ	cat-v|gen-m|num-s|pers-3|case-0|vib-|tam-|chunkId-Vipin|chunkType-child|stype-|voicetype-	1	child	_	_
4	a	a	det	DT	cat-det|gen-m|num-s|pers-3|case-0|vib-|tam-|chunkId-Vipin|chunkType-child|stype-|voicetype-	1	child	_	_
5	Supercomputer	'	nnp	NNP	cat-|gen-|num-|pers-|case-|vib-|tam-|chunkId-Vipin|chunkType-child|stype-|voicetype-	1	child	_	_

1	Supercomputer	'	nnp	NNP	cat-|gen-|num-|pers-|case-|vib-|tam-|chunkId-SSF|chunkType-head|stype-|voicetype-	0	root	_	_
2	costing	cost	v	VBG	cat-v|gen-m|num-s|pers-3|case-0|vib-|tam-|chunkId-Supercomputer|chunkType-child|stype-|voicetype-	1	child	_	_
3	80	'	cd	CD	cat-|gen-|num-|pers-|case-|vib-|tam-|chunkId-Supercomputer|chunkType-child|stype-|voicetype-	1	child	_	_
4	lakhs	lakh	n	NNS	cat-n|gen-m|num-p|pers-3|case-0|vib-|tam-|chunkId-Supercomputer|chunkType-child|stype-|voicetype-	1	child	_	_
5	in	in	p	IN	cat-p|gen-m|num-s|pers-3|case-0|vib-|tam-|chunkId-Supercomputer|chunkType-child|stype-|voicetype-	1	child	_	_
6	the	the	det	DT	cat-det|gen-m|num-s|pers-3|case-0|vib-|tam-|chunkId-Supercomputer|chunkType-child|stype-|voicetype-	1	child	_	_
7	world	world	n	NN	cat-n|gen-m|num-s|pers-3|case-0|vib-|tam-|chunkId-Supercomputer|chunkType-child|stype-|voicetype-	1	child	_	_
8	market	market	n	NN	cat-n|gen-m|num-s|pers-3|case-0|vib-|tam-|chunkId-Supercomputer|chunkType-child|stype-|voicetype-	1	child	_	_
9	made	make	v	VBN	cat-v|gen-m|num-s|pers-3|case-0|vib-|tam-|chunkId-Supercomputer|chunkType-child|stype-|voicetype-	1	child	_	_
10	for	for	p	IN	cat-p|gen-m|num-s|pers-3|case-0|vib-|tam-|chunkId-Supercomputer|chunkType-child|stype-|voicetype-	1	child	_	_
11	10	'	cd	CD	cat-|gen-|num-|pers-|case-|vib-|tam-|chunkId-Supercomputer|chunkType-child|stype-|voicetype-	1	child	_	_
12	lakhs	lakh	n	NNS	cat-n|gen-m|num-p|pers-3|case-0|vib-|tam-|chunkId-Supercomputer|chunkType-child|stype-|voicetype-	1	child	_	_
13	.	.	punc	SYM	cat-punc|gen-n|num-s|pers-3|case-0|vib-|tam-|chunkId-Supercomputer|chunkType-child|stype-|voicetype-	1	child	_	_

1	Ghaziabad	'	vbn	VBN	cat-|gen-|num-|pers-|case-|vib-|tam-|chunkId-SSF|chunkType-head|stype-|voicetype-	0	root	_	_
2	.	.	punc	SYM	cat-punc|gen-n|num-s|pers-3|case-0|vib-|tam-|chunkId-Ghaziabad|chunkType-child|stype-|voicetype-	1	child	_	_

1	Throwing	throw	v	VBG	cat-v|gen-m|num-s|pers-3|case-0|vib-|tam-|chunkId-SSF|chunkType-head|stype-|voicetype-	0	root	_	_
2	a	a	det	DT	cat-det|gen-m|num-s|pers-3|case-0|vib-|tam-|chunkId-Throwing|chunkType-child|stype-|voicetype-	1	child	_	_
3	challenge	challenge	n	NN	cat-n|gen-m|num-s|pers-3|case-0|vib-|tam-|chunkId-Throwing|chunkType-child|stype-|voicetype-	1	child	_	_
4	to	to	p	TO	cat-p|gen-m|num-s|pers-3|case-0|vib-|tam-|chunkId-Throwing|chunkType-child|stype-|voicetype-	1	child	_	_
5	the	the	det	DT	cat-det|gen-m|num-s|pers-3|case-0|vib-|tam-|chunkId-Throwing|chunkType-child|stype-|voicetype-	1	child	_	_
6	ongoing	ongoing	adj	JJ	cat-adj|gen-m|num-s|pers-3|case-0|vib-|tam-|chunkId-Throwing|chunkType-child|stype-|voicetype-	1	child	_	_
7	research	research	n	NN	cat-n|gen-m|num-s|pers-3|case-0|vib-|tam-|chunkId-Throwing|chunkType-child|stype-|voicetype-	1	child	_	_
8	aimed	aim	v	VBN	cat-v|gen-m|num-s|pers-3|case-0|vib-|tam-|chunkId-Throwing|chunkType-child|stype-|voicetype-	1	child	_	_
9	at	at	p	IN	cat-p|gen-m|num-s|pers-3|case-0|vib-|tam-|chunkId-Throwing|chunkType-child|stype-|voicetype-	1	child	_	_
10	increasing	increase	v	JJ	cat-v|gen-m|num-s|pers-3|case-0|vib-|tam-|chunkId-Throwing|chunkType-child|stype-|voicetype-	1	child	_	_
11	computer	computer	n	NN	cat-n|gen-m|num-s|pers-3|case-0|vib-|tam-|chunkId-Throwing|chunkType-child|stype-|voicetype-	1	child	_	_
12	's	'	pos	POS	cat-|gen-|num-|pers-|case-|vib-|tam-|chunkId-Throwing|chunkType-child|stype-|voicetype-	1	child	_	_
13	processing	process	v	VBG	cat-v|gen-m|num-s|pers-3|case-0|vib-|tam-|chunkId-Throwing|chunkType-child|stype-|voicetype-	1	child	_	_
14	powers	power	n	NNS	cat-n|gen-m|num-p|pers-3|case-0|vib-|tam-|chunkId-Throwing|chunkType-child|stype-|voicetype-	1	child	_	_
15	.	'	punc	SYM	cat-punc|gen-n|num-s|pers-3|case-0|vib-|tam-|chunkId-Throwing|chunkType-child|stype-|voicetype-	1	child	_	_

1	Compter	'	nnp	NNP	cat-|gen-|num-|pers-|case-|vib-|tam-|chunkId-SSF|chunkType-head|stype-|voicetype-	0	root	_	_
2	Science	science	n	NNP	cat-n|gen-m|num-s|pers-3|case-0|vib-|tam-|chunkId-Compter|chunkType-child|stype-|voicetype-	1	child	_	_
3	final	final	adj	JJ	cat-adj|gen-m|num-s|pers-3|case-0|vib-|tam-|chunkId-Compter|chunkType-child|stype-|voicetype-	1	child	_	_
4	year	year	n	NN	cat-n|gen-m|num-s|pers-3|case-0|vib-|tam-|chunkId-Compter|chunkType-child|stype-|voicetype-	1	child	_	_
5	student	student	n	NN	cat-n|gen-m|num-s|pers-3|case-0|vib-|tam-|chunkId-Compter|chunkType-child|stype-|voicetype-	1	child	_	_
6	Vipin	'	nnp	NNP	cat-|gen-|num-|pers-|case-|vib-|tam-|chunkId-Compter|chunkType-child|stype-|voicetype-	1	child	_	_
7	Kumar	'	nnp	NNP	cat-|gen-|num-|pers-|case-|vib-|tam-|chunkId-Compter|chunkType-child|stype-|voicetype-	1	child	_	_
8	accomplished	accomplish	v	VBN	cat-v|gen-m|num-p|pers-3|case-0|vib-|tam-|chunkId-Compter|chunkType-child|stype-|voicetype-	1	child	_	_
9	the	the	det	DT	cat-det|gen-m|num-s|pers-3|case-0|vib-|tam-|chunkId-Compter|chunkType-child|stype-|voicetype-	1	child	_	_
10	task	task	n	NN	cat-n|gen-m|num-s|pers-3|case-0|vib-|tam-|chunkId-Compter|chunkType-child|stype-|voicetype-	1	child	_	_
11	of	of	p	IN	cat-p|gen-m|num-s|pers-3|case-0|vib-|tam-|chunkId-Compter|chunkType-child|stype-|voicetype-	1	child	_	_
12	constructing	construct	v	VBG	cat-v|gen-m|num-s|pers-3|case-0|vib-|tam-|chunkId-Compter|chunkType-child|stype-|voicetype-	1	child	_	_
13	a	a	det	DT	cat-det|gen-m|num-s|pers-3|case-0|vib-|tam-|chunkId-Compter|chunkType-child|stype-|voicetype-	1	child	_	_
14	supercomputer	'	nn	NN	cat-|gen-|num-|pers-|case-|vib-|tam-|chunkId-Compter|chunkType-child|stype-|voicetype-	1	child	_	_
15	by	by	p	IN	cat-p|gen-m|num-s|pers-3|case-0|vib-|tam-|chunkId-Compter|chunkType-child|stype-|voicetype-	1	child	_	_
16	combining	combine	v	VBG	cat-v|gen-m|num-s|pers-3|case-0|vib-|tam-|chunkId-Compter|chunkType-child|stype-|voicetype-	1	child	_	_
17	30	'	cd	CD	cat-|gen-|num-|pers-|case-|vib-|tam-|chunkId-Compter|chunkType-child|stype-|voicetype-	1	child	_	_
18	computers	computer	n	NNS	cat-n|gen-m|num-p|pers-3|case-0|vib-|tam-|chunkId-Compter|chunkType-child|stype-|voicetype-	1	child	_	_
19	using	use	v	VBG	cat-v|gen-m|num-s|pers-3|case-0|vib-|tam-|chunkId-Compter|chunkType-child|stype-|voicetype-	1	child	_	_
20	the	the	det	DT	cat-det|gen-m|num-s|pers-3|case-0|vib-|tam-|chunkId-Compter|chunkType-child|stype-|voicetype-	1	child	_	_
21	clustering	cluster	v	VBG	cat-v|gen-m|num-s|pers-3|case-0|vib-|tam-|chunkId-Compter|chunkType-child|stype-|voicetype-	1	child	_	_
22	technique	technique	n	NN	cat-n|gen-m|num-s|pers-3|case-0|vib-|tam-|chunkId-Compter|chunkType-child|stype-|voicetype-	1	child	_	_
23	.	.	punc	SYM	cat-punc|gen-n|num-s|pers-3|case-0|vib-|tam-|chunkId-Compter|chunkType-child|stype-|voicetype-	1	child	_	_

1	Vipin	'	nnp	NNP	cat-|gen-|num-|pers-|case-|vib-|tam-|chunkId-SSF|chunkType-head|stype-|voicetype-	0	root	_	_
2	's	'	pos	POS	cat-|gen-|num-|pers-|case-|vib-|tam-|chunkId-Vipin|chunkType-child|stype-|voicetype-	1	child	_	_
3	supercomputer	'	nn	NN	cat-|gen-|num-|pers-|case-|vib-|tam-|chunkId-Vipin|chunkType-child|stype-|voicetype-	1	child	_	_
4	has	have	v	VBZ	cat-v|gen-m|num-s|pers-3|case-0|vib-|tam-|chunkId-Vipin|chunkType-child|stype-|voicetype-	1	child	_	_
5	a	a	det	DT	cat-det|gen-m|num-s|pers-3|case-0|vib-|tam-|chunkId-Vipin|chunkType-child|stype-|voicetype-	1	child	_	_
6	speed	speed	n	NN	cat-n|gen-m|num-s|pers-3|case-0|vib-|tam-|chunkId-Vipin|chunkType-child|stype-|voicetype-	1	child	_	_
7	of	of	p	IN	cat-p|gen-m|num-s|pers-3|case-0|vib-|tam-|chunkId-Vipin|chunkType-child|stype-|voicetype-	1	child	_	_
8	upto	'	jj	JJ	cat-|gen-|num-|pers-|case-|vib-|tam-|chunkId-Vipin|chunkType-child|stype-|voicetype-	1	child	_	_
9	46	'	cd	CD	cat-|gen-|num-|pers-|case-|vib-|tam-|chunkId-Vipin|chunkType-child|stype-|voicetype-	1	child	_	_
10	giga	'	nns	NNS	cat-|gen-|num-|pers-|case-|vib-|tam-|chunkId-Vipin|chunkType-child|stype-|voicetype-	1	child	_	_
11	.	.	punc	SYM	cat-punc|gen-n|num-s|pers-3|case-0|vib-|tam-|chunkId-Vipin|chunkType-child|stype-|voicetype-	1	child	_	_

1	And	and	Conj	CC	cat-Conj|gen-m|num-s|pers-3|case-0|vib-|tam-|chunkId-SSF|chunkType-head|stype-|voicetype-	0	root	_	_
2	this	this	det	DT	cat-det|gen-m|num-s|pers-3|case-0|vib-|tam-|chunkId-And|chunkType-child|stype-|voicetype-	1	child	_	_
3	young	young	adj	JJ	cat-adj|gen-m|num-s|pers-3|case-0|vib-|tam-|chunkId-And|chunkType-child|stype-|voicetype-	1	child	_	_
4	boy	boy	n	NN	cat-n|gen-m|num-s|pers-3|case-0|vib-|tam-|chunkId-And|chunkType-child|stype-|voicetype-	1	child	_	_
5	from	from	p	IN	cat-p|gen-m|num-s|pers-3|case-0|vib-|tam-|chunkId-And|chunkType-child|stype-|voicetype-	1	child	_	_
6	western	western	adj	JJ	cat-adj|gen-m|num-s|pers-3|case-0|vib-|tam-|chunkId-And|chunkType-child|stype-|voicetype-	1	child	_	_
7	Uttar	'	nnp	NNP	cat-|gen-|num-|pers-|case-|vib-|tam-|chunkId-And|chunkType-child|stype-|voicetype-	1	child	_	_
8	Pradesh	'	nnp	NNP	cat-|gen-|num-|pers-|case-|vib-|tam-|chunkId-And|chunkType-child|stype-|voicetype-	1	child	_	_
9	has	have	v	VBZ	cat-v|gen-m|num-s|pers-3|case-0|vib-|tam-|chunkId-And|chunkType-child|stype-|voicetype-	1	child	_	_
10	claimed	claim	v	VBN	cat-v|gen-m|num-s|pers-3|case-0|vib-|tam-|chunkId-And|chunkType-child|stype-|voicetype-	1	child	_	_
11	to	to	p	TO	cat-p|gen-m|num-s|pers-3|case-0|vib-|tam-|chunkId-And|chunkType-child|stype-|voicetype-	1	child	_	_
12	increase	increase	v	VB	cat-v|gen-m|num-s|pers-3|case-0|vib-|tam-|chunkId-And|chunkType-child|stype-|voicetype-	1	child	_	_
13	it	it	P	PRP	cat-P|gen-m|num-s|pers-3|case-0|vib-|tam-|chunkId-And|chunkType-child|stype-|voicetype-	1	child	_	_
14	to	to	p	TO	cat-p|gen-m|num-s|pers-3|case-0|vib-|tam-|chunkId-And|chunkType-child|stype-|voicetype-	1	child	_	_
15	one	one	P	CD	cat-P|gen-m|num-s|pers-3|case-0|vib-|tam-|chunkId-And|chunkType-child|stype-|voicetype-	1	child	_	_
16	and	and	Conj	CC	cat-Conj|gen-m|num-s|pers-3|case-0|vib-|tam-|chunkId-And|chunkType-child|stype-|voicetype-	1	child	_	_
17	a	a	det	DT	cat-det|gen-m|num-s|pers-3|case-0|vib-|tam-|chunkId-And|chunkType-child|stype-|voicetype-	1	child	_	_
18	half	half	n	NN	cat-n|gen-m|num-s|pers-3|case-0|vib-|tam-|chunkId-And|chunkType-child|stype-|voicetype-	1	child	_	_
19	lakh	lakh	n	JJ	cat-n|gen-m|num-s|pers-3|case-0|vib-|tam-|chunkId-And|chunkType-child|stype-|voicetype-	1	child	_	_
20	giga	'	nns	NNS	cat-|gen-|num-|pers-|case-|vib-|tam-|chunkId-And|chunkType-child|stype-|voicetype-	1	child	_	_
21	by	by	p	IN	cat-p|gen-m|num-s|pers-3|case-0|vib-|tam-|chunkId-And|chunkType-child|stype-|voicetype-	1	child	_	_
22	combining	combine	v	VBG	cat-v|gen-m|num-s|pers-3|case-0|vib-|tam-|chunkId-And|chunkType-child|stype-|voicetype-	1	child	_	_
23	more	more	adj	JJR	cat-adj|gen-m|num-s|pers-3|case-0|vib-|tam-|chunkId-And|chunkType-child|stype-|voicetype-	1	child	_	_
24	computers	computer	n	NNS	cat-n|gen-m|num-p|pers-3|case-0|vib-|tam-|chunkId-And|chunkType-child|stype-|voicetype-	1	child	_	_
25	.	.	punc	SYM	cat-punc|gen-n|num-s|pers-3|case-0|vib-|tam-|chunkId-And|chunkType-child|stype-|voicetype-	1	child	_	_

1	When	when	Conj	WRB	cat-Conj|gen-m|num-s|pers-3|case-0|vib-|tam-|chunkId-SSF|chunkType-head|stype-|voicetype-	0	root	_	_
2	the	the	det	DT	cat-det|gen-m|num-s|pers-3|case-0|vib-|tam-|chunkId-When|chunkType-child|stype-|voicetype-	1	child	_	_
3	district	district	n	NN	cat-n|gen-m|num-s|pers-3|case-0|vib-|tam-|chunkId-When|chunkType-child|stype-|voicetype-	1	child	_	_
4	administration	administration	n	NN	cat-n|gen-m|num-s|pers-3|case-0|vib-|tam-|chunkId-When|chunkType-child|stype-|voicetype-	1	child	_	_
5	was	be	v	VBD	cat-v|gen-m|num-s|pers-3|case-0|vib-|tam-|chunkId-When|chunkType-child|stype-|voicetype-	1	child	_	_
6	informed	inform	v	VBN	cat-v|gen-m|num-s|pers-3|case-0|vib-|tam-|chunkId-When|chunkType-child|stype-|voicetype-	1	child	_	_
7	about	about	p	IN	cat-p|gen-m|num-s|pers-3|case-0|vib-|tam-|chunkId-When|chunkType-child|stype-|voicetype-	1	child	_	_
8	his	he	P	PRP$	cat-P|gen-m|num-s|pers-3|case-0|vib-|tam-|chunkId-When|chunkType-child|stype-|voicetype-	1	child	_	_
9	research	research	n	NN	cat-n|gen-m|num-s|pers-3|case-0|vib-|tam-|chunkId-When|chunkType-child|stype-|voicetype-	1	child	_	_
10	by	by	p	IN	cat-p|gen-m|num-s|pers-3|case-0|vib-|tam-|chunkId-When|chunkType-child|stype-|voicetype-	1	child	_	_
11	the	the	det	DT	cat-det|gen-m|num-s|pers-3|case-0|vib-|tam-|chunkId-When|chunkType-child|stype-|voicetype-	1	child	_	_
12	institute	institute	n	NN	cat-n|gen-m|num-s|pers-3|case-0|vib-|tam-|chunkId-When|chunkType-child|stype-|voicetype-	1	child	_	_
13	's	'	pos	POS	cat-|gen-|num-|pers-|case-|vib-|tam-|chunkId-When|chunkType-child|stype-|voicetype-	1	child	_	_
14	management	management	n	NN	cat-n|gen-m|num-s|pers-3|case-0|vib-|tam-|chunkId-When|chunkType-child|stype-|voicetype-	1	child	_	_
15	,	comma	punc	SYM	cat-punc|gen-n|num-s|pers-3|case-0|vib-|tam-|chunkId-When|chunkType-child|stype-|voicetype-	1	child	_	_
16	the	the	det	DT	cat-det|gen-m|num-s|pers-3|case-0|vib-|tam-|chunkId-When|chunkType-child|stype-|voicetype-	1	child	_	_
17	collector	collector	n	NN	cat-n|gen-m|num-s|pers-3|case-0|vib-|tam-|chunkId-When|chunkType-child|stype-|voicetype-	1	child	_	_
18	got	get	v	VBD	cat-v|gen-m|num-s|pers-3|case-0|vib-|tam-|chunkId-When|chunkType-child|stype-|voicetype-	1	child	_	_
19	it	it	P	PRP	cat-P|gen-m|num-s|pers-3|case-0|vib-|tam-|chunkId-When|chunkType-child|stype-|voicetype-	1	child	_	_
20	checked	check	v	VBD	cat-v|gen-m|num-s|pers-3|case-0|vib-|tam-|chunkId-When|chunkType-child|stype-|voicetype-	1	child	_	_
21	by	by	p	IN	cat-p|gen-m|num-s|pers-3|case-0|vib-|tam-|chunkId-When|chunkType-child|stype-|voicetype-	1	child	_	_
22	experts	expert	n	NNS	cat-n|gen-m|num-p|pers-3|case-0|vib-|tam-|chunkId-When|chunkType-child|stype-|voicetype-	1	child	_	_
23	.	.	punc	SYM	cat-punc|gen-n|num-s|pers-3|case-0|vib-|tam-|chunkId-When|chunkType-child|stype-|voicetype-	1	child	_	_

1	The	the	det	DT	cat-det|gen-m|num-s|pers-3|case-0|vib-|tam-|chunkId-SSF|chunkType-head|stype-|voicetype-	0	root	_	_
2	experts	expert	n	NNS	cat-n|gen-m|num-p|pers-3|case-0|vib-|tam-|chunkId-The|chunkType-child|stype-|voicetype-	1	child	_	_
3	too	too	D	RB	cat-D|gen-m|num-s|pers-3|case-0|vib-|tam-|chunkId-The|chunkType-child|stype-|voicetype-	1	child	_	_
4	,	comma	punc	SYM	cat-punc|gen-n|num-s|pers-3|case-0|vib-|tam-|chunkId-The|chunkType-child|stype-|voicetype-	1	child	_	_
5	were	be	v	VBD	cat-v|gen-m|num-p|pers-3|case-0|vib-|tam-|chunkId-The|chunkType-child|stype-|voicetype-	1	child	_	_
6	astonished	astonish	v	VBN	cat-v|gen-m|num-s|pers-3|case-0|vib-|tam-|chunkId-The|chunkType-child|stype-|voicetype-	1	child	_	_
7	by	by	p	IN	cat-p|gen-m|num-s|pers-3|case-0|vib-|tam-|chunkId-The|chunkType-child|stype-|voicetype-	1	child	_	_
8	his	he	P	PRP$	cat-P|gen-m|num-s|pers-3|case-0|vib-|tam-|chunkId-The|chunkType-child|stype-|voicetype-	1	child	_	_
9	experiment	experiment	n	NN	cat-n|gen-m|num-s|pers-3|case-0|vib-|tam-|chunkId-The|chunkType-child|stype-|voicetype-	1	child	_	_
10	.	.	punc	SYM	cat-punc|gen-n|num-s|pers-3|case-0|vib-|tam-|chunkId-The|chunkType-child|stype-|voicetype-	1	child	_	_

1	Vipin	'	nnp	NNP	cat-|gen-|num-|pers-|case-|vib-|tam-|chunkId-SSF|chunkType-head|stype-|voicetype-	0	root	_	_
2	is	be	v	VBZ	cat-v|gen-m|num-s|pers-3|case-0|vib-|tam-|chunkId-Vipin|chunkType-child|stype-|voicetype-	1	child	_	_
3	the	the	det	DT	cat-det|gen-m|num-s|pers-3|case-0|vib-|tam-|chunkId-Vipin|chunkType-child|stype-|voicetype-	1	child	_	_
4	first	first	adj	JJ	cat-adj|gen-m|num-s|pers-3|case-0|vib-|tam-|chunkId-Vipin|chunkType-child|stype-|voicetype-	1	child	_	_
5	Indian	'	jj	JJ	cat-|gen-|num-|pers-|case-|vib-|tam-|chunkId-Vipin|chunkType-child|stype-|voicetype-	1	child	_	_
6	to	to	p	TO	cat-p|gen-m|num-s|pers-3|case-0|vib-|tam-|chunkId-Vipin|chunkType-child|stype-|voicetype-	1	child	_	_
7	have	have	v	VB	cat-v|gen-m|num-s|pers-3|case-0|vib-|tam-|chunkId-Vipin|chunkType-child|stype-|voicetype-	1	child	_	_
8	made	make	v	VBN	cat-v|gen-m|num-s|pers-3|case-0|vib-|tam-|chunkId-Vipin|chunkType-child|stype-|voicetype-	1	child	_	_
9	super	'	nn	NN	cat-|gen-|num-|pers-|case-|vib-|tam-|chunkId-Vipin|chunkType-child|stype-|voicetype-	1	child	_	_
10	computers	computer	n	NNS	cat-n|gen-m|num-p|pers-3|case-0|vib-|tam-|chunkId-Vipin|chunkType-child|stype-|voicetype-	1	child	_	_
11	by	by	p	IN	cat-p|gen-m|num-s|pers-3|case-0|vib-|tam-|chunkId-Vipin|chunkType-child|stype-|voicetype-	1	child	_	_
12	combining	combine	v	VBG	cat-v|gen-m|num-s|pers-3|case-0|vib-|tam-|chunkId-Vipin|chunkType-child|stype-|voicetype-	1	child	_	_
13	together	together	p	RP	cat-p|gen-m|num-s|pers-3|case-0|vib-|tam-|chunkId-Vipin|chunkType-child|stype-|voicetype-	1	child	_	_
14	a	a	det	DT	cat-det|gen-m|num-s|pers-3|case-0|vib-|tam-|chunkId-Vipin|chunkType-child|stype-|voicetype-	1	child	_	_
15	number	number	n	NN	cat-n|gen-m|num-s|pers-3|case-0|vib-|tam-|chunkId-Vipin|chunkType-child|stype-|voicetype-	1	child	_	_
16	of	of	p	IN	cat-p|gen-m|num-s|pers-3|case-0|vib-|tam-|chunkId-Vipin|chunkType-child|stype-|voicetype-	1	child	_	_
17	computers	computer	n	NNS	cat-n|gen-m|num-p|pers-3|case-0|vib-|tam-|chunkId-Vipin|chunkType-child|stype-|voicetype-	1	child	_	_
18	.	.	punc	SYM	cat-punc|gen-n|num-s|pers-3|case-0|vib-|tam-|chunkId-Vipin|chunkType-child|stype-|voicetype-	1	child	_	_

1	District	district	n	NNP	cat-n|gen-m|num-s|pers-3|case-0|vib-|tam-|chunkId-SSF|chunkType-head|stype-|voicetype-	0	root	_	_
2	commissioner	commissioner	n	NN	cat-n|gen-m|num-s|pers-3|case-0|vib-|tam-|chunkId-District|chunkType-child|stype-|voicetype-	1	child	_	_
3	Santosh	'	nnp	NNP	cat-|gen-|num-|pers-|case-|vib-|tam-|chunkId-District|chunkType-child|stype-|voicetype-	1	child	_	_
4	Kumar	'	nnp	NNP	cat-|gen-|num-|pers-|case-|vib-|tam-|chunkId-District|chunkType-child|stype-|voicetype-	1	child	_	_
5	Yadav	'	nnp	NNP	cat-|gen-|num-|pers-|case-|vib-|tam-|chunkId-District|chunkType-child|stype-|voicetype-	1	child	_	_
6	,	comma	punc	SYM	cat-punc|gen-n|num-s|pers-3|case-0|vib-|tam-|chunkId-District|chunkType-child|stype-|voicetype-	1	child	_	_
7	has	have	v	VBZ	cat-v|gen-m|num-s|pers-3|case-0|vib-|tam-|chunkId-District|chunkType-child|stype-|voicetype-	1	child	_	_
8	written	write	v	VBN	cat-v|gen-m|num-s|pers-3|case-0|vib-|tam-|chunkId-District|chunkType-child|stype-|voicetype-	1	child	_	_
9	to	to	p	TO	cat-p|gen-m|num-s|pers-3|case-0|vib-|tam-|chunkId-District|chunkType-child|stype-|voicetype-	1	child	_	_
10	the	the	det	DT	cat-det|gen-m|num-s|pers-3|case-0|vib-|tam-|chunkId-District|chunkType-child|stype-|voicetype-	1	child	_	_
11	state	state	n	NN	cat-n|gen-m|num-s|pers-3|case-0|vib-|tam-|chunkId-District|chunkType-child|stype-|voicetype-	1	child	_	_
12	's	'	pos	POS	cat-|gen-|num-|pers-|case-|vib-|tam-|chunkId-District|chunkType-child|stype-|voicetype-	1	child	_	_
13	Information	information	n	NNP	cat-n|gen-m|num-s|pers-3|case-0|vib-|tam-|chunkId-District|chunkType-child|stype-|voicetype-	1	child	_	_
14	and	and	Conj	CC	cat-Conj|gen-m|num-s|pers-3|case-0|vib-|tam-|chunkId-District|chunkType-child|stype-|voicetype-	1	child	_	_
15	Technology	technology	n	NNP	cat-n|gen-m|num-s|pers-3|case-0|vib-|tam-|chunkId-District|chunkType-child|stype-|voicetype-	1	child	_	_
16	Department	department	n	NNP	cat-n|gen-m|num-s|pers-3|case-0|vib-|tam-|chunkId-District|chunkType-child|stype-|voicetype-	1	child	_	_
17	praising	praise	v	VBG	cat-v|gen-m|num-s|pers-3|case-0|vib-|tam-|chunkId-District|chunkType-child|stype-|voicetype-	1	child	_	_
18	Vipin	'	nnp	NNP	cat-|gen-|num-|pers-|case-|vib-|tam-|chunkId-District|chunkType-child|stype-|voicetype-	1	child	_	_
19	's	'	pos	POS	cat-|gen-|num-|pers-|case-|vib-|tam-|chunkId-District|chunkType-child|stype-|voicetype-	1	child	_	_
20	achievement	achievement	n	NN	cat-n|gen-m|num-s|pers-3|case-0|vib-|tam-|chunkId-District|chunkType-child|stype-|voicetype-	1	child	_	_
21	.	.	punc	SYM	cat-punc|gen-n|num-s|pers-3|case-0|vib-|tam-|chunkId-District|chunkType-child|stype-|voicetype-	1	child	_	_

1	Also	also	D	RB	cat-D|gen-m|num-s|pers-3|case-0|vib-|tam-|chunkId-SSF|chunkType-head|stype-|voicetype-	0	root	_	_
2	,	comma	punc	SYM	cat-punc|gen-n|num-s|pers-3|case-0|vib-|tam-|chunkId-Also|chunkType-child|stype-|voicetype-	1	child	_	_
3	all	all	det	DT	cat-det|gen-m|num-s|pers-3|case-0|vib-|tam-|chunkId-Also|chunkType-child|stype-|voicetype-	1	child	_	_
4	technical	technical	adj	JJ	cat-adj|gen-m|num-s|pers-3|case-0|vib-|tam-|chunkId-Also|chunkType-child|stype-|voicetype-	1	child	_	_
5	institutes	institutes	n	NN	cat-n|gen-m|num-s|pers-3|case-0|vib-|tam-|chunkId-Also|chunkType-child|stype-|voicetype-	1	child	_	_
6	will	will	v	MD	cat-v|gen-m|num-s|pers-3|case-0|vib-|tam-|chunkId-Also|chunkType-child|stype-|voicetype-	1	child	_	_
7	also	also	D	RB	cat-D|gen-m|num-s|pers-3|case-0|vib-|tam-|chunkId-Also|chunkType-child|stype-|voicetype-	1	child	_	_
8	be	be	v	VB	cat-v|gen-m|num-s|pers-3|case-0|vib-|tam-|chunkId-Also|chunkType-child|stype-|voicetype-	1	child	_	_
9	informed	inform	v	VBN	cat-v|gen-m|num-s|pers-3|case-0|vib-|tam-|chunkId-Also|chunkType-child|stype-|voicetype-	1	child	_	_
10	.	.	punc	SYM	cat-punc|gen-n|num-s|pers-3|case-0|vib-|tam-|chunkId-Also|chunkType-child|stype-|voicetype-	1	child	_	_

1	He	he	P	PRP	cat-P|gen-m|num-s|pers-3|case-0|vib-|tam-|chunkId-SSF|chunkType-head|stype-|voicetype-	0	root	_	_
2	said	say	v	VBD	cat-v|gen-m|num-s|pers-3|case-0|vib-|tam-|chunkId-He|chunkType-child|stype-|voicetype-	1	child	_	_
3	the	the	det	DT	cat-det|gen-m|num-s|pers-3|case-0|vib-|tam-|chunkId-He|chunkType-child|stype-|voicetype-	1	child	_	_
4	collectorate	collectorate	n	NN	cat-n|gen-m|num-s|pers-3|case-0|vib-|tam-|chunkId-He|chunkType-child|stype-|voicetype-	1	child	_	_
5	's	'	pos	POS	cat-|gen-|num-|pers-|case-|vib-|tam-|chunkId-He|chunkType-child|stype-|voicetype-	1	child	_	_
6	computers	computer	n	NNS	cat-n|gen-m|num-p|pers-3|case-0|vib-|tam-|chunkId-He|chunkType-child|stype-|voicetype-	1	child	_	_
7	too	too	D	RB	cat-D|gen-m|num-s|pers-3|case-0|vib-|tam-|chunkId-He|chunkType-child|stype-|voicetype-	1	child	_	_
8	,	comma	punc	SYM	cat-punc|gen-n|num-s|pers-3|case-0|vib-|tam-|chunkId-He|chunkType-child|stype-|voicetype-	1	child	_	_
9	would	would	v	MD	cat-v|gen-m|num-s|pers-3|case-0|vib-|tam-|chunkId-He|chunkType-child|stype-|voicetype-	1	child	_	_
10	be	be	v	VB	cat-v|gen-m|num-s|pers-3|case-0|vib-|tam-|chunkId-He|chunkType-child|stype-|voicetype-	1	child	_	_
11	combined	combine	v	VBN	cat-v|gen-m|num-s|pers-3|case-0|vib-|tam-|chunkId-He|chunkType-child|stype-|voicetype-	1	child	_	_
12	by	by	p	IN	cat-p|gen-m|num-s|pers-3|case-0|vib-|tam-|chunkId-He|chunkType-child|stype-|voicetype-	1	child	_	_
13	Vipin	'	nnp	NNP	cat-|gen-|num-|pers-|case-|vib-|tam-|chunkId-He|chunkType-child|stype-|voicetype-	1	child	_	_
14	's	'	pos	POS	cat-|gen-|num-|pers-|case-|vib-|tam-|chunkId-He|chunkType-child|stype-|voicetype-	1	child	_	_
15	path	path	n	JJ	cat-n|gen-m|num-s|pers-3|case-0|vib-|tam-|chunkId-He|chunkType-child|stype-|voicetype-	1	child	_	_
16	technique	technique	n	NN	cat-n|gen-m|num-s|pers-3|case-0|vib-|tam-|chunkId-He|chunkType-child|stype-|voicetype-	1	child	_	_
17	to	to	p	TO	cat-p|gen-m|num-s|pers-3|case-0|vib-|tam-|chunkId-He|chunkType-child|stype-|voicetype-	1	child	_	_
18	increase	increase	v	VB	cat-v|gen-m|num-s|pers-3|case-0|vib-|tam-|chunkId-He|chunkType-child|stype-|voicetype-	1	child	_	_
19	the	the	det	DT	cat-det|gen-m|num-s|pers-3|case-0|vib-|tam-|chunkId-He|chunkType-child|stype-|voicetype-	1	child	_	_
20	processing	process	v	NN	cat-v|gen-m|num-s|pers-3|case-0|vib-|tam-|chunkId-He|chunkType-child|stype-|voicetype-	1	child	_	_
21	power	power	n	NN	cat-n|gen-m|num-s|pers-3|case-0|vib-|tam-|chunkId-He|chunkType-child|stype-|voicetype-	1	child	_	_
22	.	.	punc	SYM	cat-punc|gen-n|num-s|pers-3|case-0|vib-|tam-|chunkId-He|chunkType-child|stype-|voicetype-	1	child	_	_

1	In	in	p	IN	cat-p|gen-m|num-s|pers-3|case-0|vib-|tam-|chunkId-SSF|chunkType-head|stype-|voicetype-	0	root	_	_
2	the	the	det	DT	cat-det|gen-m|num-s|pers-3|case-0|vib-|tam-|chunkId-In|chunkType-child|stype-|voicetype-	1	child	_	_
3	collectorate	collectorate	n	NN	cat-n|gen-m|num-s|pers-3|case-0|vib-|tam-|chunkId-In|chunkType-child|stype-|voicetype-	1	child	_	_
4	's	'	pos	POS	cat-|gen-|num-|pers-|case-|vib-|tam-|chunkId-In|chunkType-child|stype-|voicetype-	1	child	_	_
5	meeting	meeting	n	NN	cat-n|gen-m|num-s|pers-3|case-0|vib-|tam-|chunkId-In|chunkType-child|stype-|voicetype-	1	child	_	_
6	room	room	n	NN	cat-n|gen-m|num-s|pers-3|case-0|vib-|tam-|chunkId-In|chunkType-child|stype-|voicetype-	1	child	_	_
7	,	comma	punc	SYM	cat-punc|gen-n|num-s|pers-3|case-0|vib-|tam-|chunkId-In|chunkType-child|stype-|voicetype-	1	child	_	_
8	reporters	reporter	n	NNS	cat-n|gen-m|num-p|pers-3|case-0|vib-|tam-|chunkId-In|chunkType-child|stype-|voicetype-	1	child	_	_
9	were	be	v	VBD	cat-v|gen-m|num-p|pers-3|case-0|vib-|tam-|chunkId-In|chunkType-child|stype-|voicetype-	1	child	_	_
10	informed	inform	v	VBN	cat-v|gen-m|num-s|pers-3|case-0|vib-|tam-|chunkId-In|chunkType-child|stype-|voicetype-	1	child	_	_
11	about	about	p	IN	cat-p|gen-m|num-s|pers-3|case-0|vib-|tam-|chunkId-In|chunkType-child|stype-|voicetype-	1	child	_	_
12	the	the	det	DT	cat-det|gen-m|num-s|pers-3|case-0|vib-|tam-|chunkId-In|chunkType-child|stype-|voicetype-	1	child	_	_
13	supercomputer	'	nn	NN	cat-|gen-|num-|pers-|case-|vib-|tam-|chunkId-In|chunkType-child|stype-|voicetype-	1	child	_	_
14	made	make	v	VBN	cat-v|gen-m|num-s|pers-3|case-0|vib-|tam-|chunkId-In|chunkType-child|stype-|voicetype-	1	child	_	_
15	by	by	p	IN	cat-p|gen-m|num-s|pers-3|case-0|vib-|tam-|chunkId-In|chunkType-child|stype-|voicetype-	1	child	_	_
16	Vipin	'	nnp	NNP	cat-|gen-|num-|pers-|case-|vib-|tam-|chunkId-In|chunkType-child|stype-|voicetype-	1	child	_	_
17	Kumar	'	nnp	NNP	cat-|gen-|num-|pers-|case-|vib-|tam-|chunkId-In|chunkType-child|stype-|voicetype-	1	child	_	_
18	,	comma	punc	SYM	cat-punc|gen-n|num-s|pers-3|case-0|vib-|tam-|chunkId-In|chunkType-child|stype-|voicetype-	1	child	_	_
19	a	a	det	DT	cat-det|gen-m|num-s|pers-3|case-0|vib-|tam-|chunkId-In|chunkType-child|stype-|voicetype-	1	child	_	_
20	student	student	n	NN	cat-n|gen-m|num-s|pers-3|case-0|vib-|tam-|chunkId-In|chunkType-child|stype-|voicetype-	1	child	_	_
21	of	of	p	IN	cat-p|gen-m|num-s|pers-3|case-0|vib-|tam-|chunkId-In|chunkType-child|stype-|voicetype-	1	child	_	_
22	Rajkumar	'	nnp	NNP	cat-|gen-|num-|pers-|case-|vib-|tam-|chunkId-In|chunkType-child|stype-|voicetype-	1	child	_	_
23	Goyal	'	nnp	NNP	cat-|gen-|num-|pers-|case-|vib-|tam-|chunkId-In|chunkType-child|stype-|voicetype-	1	child	_	_
24	Institute	institute	n	NNP	cat-n|gen-m|num-s|pers-3|case-0|vib-|tam-|chunkId-In|chunkType-child|stype-|voicetype-	1	child	_	_
25	of	of	p	IN	cat-p|gen-m|num-s|pers-3|case-0|vib-|tam-|chunkId-In|chunkType-child|stype-|voicetype-	1	child	_	_
26	Technology	technology	n	NNP	cat-n|gen-m|num-s|pers-3|case-0|vib-|tam-|chunkId-In|chunkType-child|stype-|voicetype-	1	child	_	_
27	.	.	punc	SYM	cat-punc|gen-n|num-s|pers-3|case-0|vib-|tam-|chunkId-In|chunkType-child|stype-|voicetype-	1	child	_	_

1	District	district	n	NNP	cat-n|gen-m|num-s|pers-3|case-0|vib-|tam-|chunkId-SSF|chunkType-head|stype-|voicetype-	0	root	_	_
2	Magistrate	magistrate	n	NNP	cat-n|gen-m|num-s|pers-3|case-0|vib-|tam-|chunkId-District|chunkType-child|stype-|voicetype-	1	child	_	_
3	Yadav	'	nnp	NNP	cat-|gen-|num-|pers-|case-|vib-|tam-|chunkId-District|chunkType-child|stype-|voicetype-	1	child	_	_
4	,	comma	punc	SYM	cat-punc|gen-n|num-s|pers-3|case-0|vib-|tam-|chunkId-District|chunkType-child|stype-|voicetype-	1	child	_	_
5	Vipin	'	nnp	NNP	cat-|gen-|num-|pers-|case-|vib-|tam-|chunkId-District|chunkType-child|stype-|voicetype-	1	child	_	_
6	and	and	Conj	CC	cat-Conj|gen-m|num-s|pers-3|case-0|vib-|tam-|chunkId-District|chunkType-child|stype-|voicetype-	1	child	_	_
7	the	the	det	DT	cat-det|gen-m|num-s|pers-3|case-0|vib-|tam-|chunkId-District|chunkType-child|stype-|voicetype-	1	child	_	_
8	college	college	n	NN	cat-n|gen-m|num-s|pers-3|case-0|vib-|tam-|chunkId-District|chunkType-child|stype-|voicetype-	1	child	_	_
9	's	'	vbz	VBZ	cat-|gen-|num-|pers-|case-|vib-|tam-|chunkId-District|chunkType-child|stype-|voicetype-	1	child	_	_
10	Computer	computer	n	NNP	cat-n|gen-m|num-s|pers-3|case-0|vib-|tam-|chunkId-District|chunkType-child|stype-|voicetype-	1	child	_	_
11	Science	science	n	NNP	cat-n|gen-m|num-s|pers-3|case-0|vib-|tam-|chunkId-District|chunkType-child|stype-|voicetype-	1	child	_	_
12	professor	professor	n	NN	cat-n|gen-m|num-s|pers-3|case-0|vib-|tam-|chunkId-District|chunkType-child|stype-|voicetype-	1	child	_	_
13	Krishna	'	nnp	NNP	cat-|gen-|num-|pers-|case-|vib-|tam-|chunkId-District|chunkType-child|stype-|voicetype-	1	child	_	_
14	Bansal	'	nnp	NNP	cat-|gen-|num-|pers-|case-|vib-|tam-|chunkId-District|chunkType-child|stype-|voicetype-	1	child	_	_
15	jointly	jointly	D	RB	cat-D|gen-m|num-s|pers-3|case-0|vib-|tam-|chunkId-District|chunkType-child|stype-|voicetype-	1	child	_	_
16	talked	talk	v	VBN	cat-v|gen-m|num-s|pers-3|case-0|vib-|tam-|chunkId-District|chunkType-child|stype-|voicetype-	1	child	_	_
17	about	about	p	IN	cat-p|gen-m|num-s|pers-3|case-0|vib-|tam-|chunkId-District|chunkType-child|stype-|voicetype-	1	child	_	_
18	the	the	det	DT	cat-det|gen-m|num-s|pers-3|case-0|vib-|tam-|chunkId-District|chunkType-child|stype-|voicetype-	1	child	_	_
19	supercomputer	'	nn	NN	cat-|gen-|num-|pers-|case-|vib-|tam-|chunkId-District|chunkType-child|stype-|voicetype-	1	child	_	_
20	.	.	punc	SYM	cat-punc|gen-n|num-s|pers-3|case-0|vib-|tam-|chunkId-District|chunkType-child|stype-|voicetype-	1	child	_	_

1	Vipin	'	nnp	NNP	cat-|gen-|num-|pers-|case-|vib-|tam-|chunkId-SSF|chunkType-head|stype-|voicetype-	0	root	_	_
2	said	say	v	VBD	cat-v|gen-m|num-s|pers-3|case-0|vib-|tam-|chunkId-Vipin|chunkType-child|stype-|voicetype-	1	child	_	_
3	that	that	P	IN	cat-P|gen-m|num-s|pers-3|case-0|vib-|tam-|chunkId-Vipin|chunkType-child|stype-|voicetype-	1	child	_	_
4	using	use	v	VBG	cat-v|gen-m|num-s|pers-3|case-0|vib-|tam-|chunkId-Vipin|chunkType-child|stype-|voicetype-	1	child	_	_
5	the	the	det	DT	cat-det|gen-m|num-s|pers-3|case-0|vib-|tam-|chunkId-Vipin|chunkType-child|stype-|voicetype-	1	child	_	_
6	clustering	cluster	v	VBG	cat-v|gen-m|num-s|pers-3|case-0|vib-|tam-|chunkId-Vipin|chunkType-child|stype-|voicetype-	1	child	_	_
7	technique	technique	n	NN	cat-n|gen-m|num-s|pers-3|case-0|vib-|tam-|chunkId-Vipin|chunkType-child|stype-|voicetype-	1	child	_	_
8	he	he	P	PRP	cat-P|gen-m|num-s|pers-3|case-0|vib-|tam-|chunkId-Vipin|chunkType-child|stype-|voicetype-	1	child	_	_
9	combined	combine	v	VBD	cat-v|gen-m|num-s|pers-3|case-0|vib-|tam-|chunkId-Vipin|chunkType-child|stype-|voicetype-	1	child	_	_
10	30	'	cd	CD	cat-|gen-|num-|pers-|case-|vib-|tam-|chunkId-Vipin|chunkType-child|stype-|voicetype-	1	child	_	_
11	computers	computer	n	NNS	cat-n|gen-m|num-p|pers-3|case-0|vib-|tam-|chunkId-Vipin|chunkType-child|stype-|voicetype-	1	child	_	_
12	and	and	Conj	CC	cat-Conj|gen-m|num-s|pers-3|case-0|vib-|tam-|chunkId-Vipin|chunkType-child|stype-|voicetype-	1	child	_	_
13	increased	increase	v	VBD	cat-v|gen-m|num-s|pers-3|case-0|vib-|tam-|chunkId-Vipin|chunkType-child|stype-|voicetype-	1	child	_	_
14	their	he	det	PRP$	cat-det|gen-m|num-p|pers-3|case-0|vib-|tam-|chunkId-Vipin|chunkType-child|stype-|voicetype-	1	child	_	_
15	processing	process	v	NN	cat-v|gen-m|num-s|pers-3|case-0|vib-|tam-|chunkId-Vipin|chunkType-child|stype-|voicetype-	1	child	_	_
16	power	power	n	NN	cat-n|gen-m|num-s|pers-3|case-0|vib-|tam-|chunkId-Vipin|chunkType-child|stype-|voicetype-	1	child	_	_
17	.	.	punc	SYM	cat-punc|gen-n|num-s|pers-3|case-0|vib-|tam-|chunkId-Vipin|chunkType-child|stype-|voicetype-	1	child	_	_

1	He	he	P	PRP	cat-P|gen-m|num-s|pers-3|case-0|vib-|tam-|chunkId-SSF|chunkType-head|stype-|voicetype-	0	root	_	_
2	said	say	v	VBD	cat-v|gen-m|num-s|pers-3|case-0|vib-|tam-|chunkId-He|chunkType-child|stype-|voicetype-	1	child	_	_
3	that	that	P	IN	cat-P|gen-m|num-s|pers-3|case-0|vib-|tam-|chunkId-He|chunkType-child|stype-|voicetype-	1	child	_	_
4	at	at	p	IN	cat-p|gen-m|num-s|pers-3|case-0|vib-|tam-|chunkId-He|chunkType-child|stype-|voicetype-	1	child	_	_
5	present	present	adj	JJ	cat-adj|gen-m|num-s|pers-3|case-0|vib-|tam-|chunkId-He|chunkType-child|stype-|voicetype-	1	child	_	_
6	the	the	det	DT	cat-det|gen-m|num-s|pers-3|case-0|vib-|tam-|chunkId-He|chunkType-child|stype-|voicetype-	1	child	_	_
7	supercomputers	'	nns	NNS	cat-|gen-|num-|pers-|case-|vib-|tam-|chunkId-He|chunkType-child|stype-|voicetype-	1	child	_	_
8	available	available	adj	JJ	cat-adj|gen-m|num-s|pers-3|case-0|vib-|tam-|chunkId-He|chunkType-child|stype-|voicetype-	1	child	_	_
9	in	in	p	IN	cat-p|gen-m|num-s|pers-3|case-0|vib-|tam-|chunkId-He|chunkType-child|stype-|voicetype-	1	child	_	_
10	world	world	n	NN	cat-n|gen-m|num-s|pers-3|case-0|vib-|tam-|chunkId-He|chunkType-child|stype-|voicetype-	1	child	_	_
11	markets	market	n	NNS	cat-n|gen-m|num-p|pers-3|case-0|vib-|tam-|chunkId-He|chunkType-child|stype-|voicetype-	1	child	_	_
12	are	be	v	VBP	cat-v|gen-m|num-p|pers-3|case-0|vib-|tam-|chunkId-He|chunkType-child|stype-|voicetype-	1	child	_	_
13	priced	price	v	VBN	cat-v|gen-m|num-s|pers-3|case-0|vib-|tam-|chunkId-He|chunkType-child|stype-|voicetype-	1	child	_	_
14	at	at	p	IN	cat-p|gen-m|num-s|pers-3|case-0|vib-|tam-|chunkId-He|chunkType-child|stype-|voicetype-	1	child	_	_
15	80	'	cd	CD	cat-|gen-|num-|pers-|case-|vib-|tam-|chunkId-He|chunkType-child|stype-|voicetype-	1	child	_	_
16	lakh	lakh	n	JJ	cat-n|gen-m|num-s|pers-3|case-0|vib-|tam-|chunkId-He|chunkType-child|stype-|voicetype-	1	child	_	_
17	rupees	rupee	n	NNS	cat-n|gen-m|num-p|pers-3|case-0|vib-|tam-|chunkId-He|chunkType-child|stype-|voicetype-	1	child	_	_
18	.	.	punc	SYM	cat-punc|gen-n|num-s|pers-3|case-0|vib-|tam-|chunkId-He|chunkType-child|stype-|voicetype-	1	child	_	_

1	Whereas	whereas	Conj	IN	cat-Conj|gen-m|num-s|pers-3|case-0|vib-|tam-|chunkId-SSF|chunkType-head|stype-|voicetype-	0	root	_	_
2	,	comma	punc	SYM	cat-punc|gen-n|num-s|pers-3|case-0|vib-|tam-|chunkId-Whereas|chunkType-child|stype-|voicetype-	1	child	_	_
3	the	the	det	DT	cat-det|gen-m|num-s|pers-3|case-0|vib-|tam-|chunkId-Whereas|chunkType-child|stype-|voicetype-	1	child	_	_
4	model	model	n	NN	cat-n|gen-m|num-s|pers-3|case-0|vib-|tam-|chunkId-Whereas|chunkType-child|stype-|voicetype-	1	child	_	_
5	made	make	v	VBD	cat-v|gen-m|num-s|pers-3|case-0|vib-|tam-|chunkId-Whereas|chunkType-child|stype-|voicetype-	1	child	_	_
6	by	by	p	IN	cat-p|gen-m|num-s|pers-3|case-0|vib-|tam-|chunkId-Whereas|chunkType-child|stype-|voicetype-	1	child	_	_
7	him	he	P	PRP	cat-P|gen-m|num-s|pers-3|case-0|vib-|tam-|chunkId-Whereas|chunkType-child|stype-|voicetype-	1	child	_	_
8	cost	cost	v	VB	cat-v|gen-m|num-s|pers-3|case-0|vib-|tam-|chunkId-Whereas|chunkType-child|stype-|voicetype-	1	child	_	_
9	just	just	D	RB	cat-D|gen-m|num-s|pers-3|case-0|vib-|tam-|chunkId-Whereas|chunkType-child|stype-|voicetype-	1	child	_	_
10	10	'	cd	CD	cat-|gen-|num-|pers-|case-|vib-|tam-|chunkId-Whereas|chunkType-child|stype-|voicetype-	1	child	_	_
11	lakh	lakh	n	JJ	cat-n|gen-m|num-s|pers-3|case-0|vib-|tam-|chunkId-Whereas|chunkType-child|stype-|voicetype-	1	child	_	_
12	rupees	rupee	n	NNS	cat-n|gen-m|num-p|pers-3|case-0|vib-|tam-|chunkId-Whereas|chunkType-child|stype-|voicetype-	1	child	_	_
13	.	.	punc	SYM	cat-punc|gen-n|num-s|pers-3|case-0|vib-|tam-|chunkId-Whereas|chunkType-child|stype-|voicetype-	1	child	_	_

1	Vipin	'	nnp	NNP	cat-|gen-|num-|pers-|case-|vib-|tam-|chunkId-SSF|chunkType-head|stype-|voicetype-	0	root	_	_
2	said	say	v	VBD	cat-v|gen-m|num-s|pers-3|case-0|vib-|tam-|chunkId-Vipin|chunkType-child|stype-|voicetype-	1	child	_	_
3	that	that	P	IN	cat-P|gen-m|num-s|pers-3|case-0|vib-|tam-|chunkId-Vipin|chunkType-child|stype-|voicetype-	1	child	_	_
4	supercomputing	'	vbg	VBG	cat-|gen-|num-|pers-|case-|vib-|tam-|chunkId-Vipin|chunkType-child|stype-|voicetype-	1	child	_	_
5	processing	process	v	VBG	cat-v|gen-m|num-s|pers-3|case-0|vib-|tam-|chunkId-Vipin|chunkType-child|stype-|voicetype-	1	child	_	_
6	power	power	n	NN	cat-n|gen-m|num-s|pers-3|case-0|vib-|tam-|chunkId-Vipin|chunkType-child|stype-|voicetype-	1	child	_	_
7	which	which	Comp	WDT	cat-Comp|gen-m|num-s|pers-3|case-0|vib-|tam-|chunkId-Vipin|chunkType-child|stype-|voicetype-	1	child	_	_
8	was	be	v	VBD	cat-v|gen-m|num-s|pers-3|case-0|vib-|tam-|chunkId-Vipin|chunkType-child|stype-|voicetype-	1	child	_	_
9	a	a	det	DT	cat-det|gen-m|num-s|pers-3|case-0|vib-|tam-|chunkId-Vipin|chunkType-child|stype-|voicetype-	1	child	_	_
10	monopoly	monopoly	n	NN	cat-n|gen-m|num-s|pers-3|case-0|vib-|tam-|chunkId-Vipin|chunkType-child|stype-|voicetype-	1	child	_	_
11	of	of	p	IN	cat-p|gen-m|num-s|pers-3|case-0|vib-|tam-|chunkId-Vipin|chunkType-child|stype-|voicetype-	1	child	_	_
12	developed	develop	v	VBN	cat-v|gen-m|num-s|pers-3|case-0|vib-|tam-|chunkId-Vipin|chunkType-child|stype-|voicetype-	1	child	_	_
13	nations	nation	n	NNS	cat-n|gen-m|num-p|pers-3|case-0|vib-|tam-|chunkId-Vipin|chunkType-child|stype-|voicetype-	1	child	_	_
14	until	until	p	IN	cat-p|gen-m|num-s|pers-3|case-0|vib-|tam-|chunkId-Vipin|chunkType-child|stype-|voicetype-	1	child	_	_
15	now	now	D	RB	cat-D|gen-m|num-s|pers-3|case-0|vib-|tam-|chunkId-Vipin|chunkType-child|stype-|voicetype-	1	child	_	_
16	,	comma	punc	SYM	cat-punc|gen-n|num-s|pers-3|case-0|vib-|tam-|chunkId-Vipin|chunkType-child|stype-|voicetype-	1	child	_	_
17	is	be	v	VBZ	cat-v|gen-m|num-s|pers-3|case-0|vib-|tam-|chunkId-Vipin|chunkType-child|stype-|voicetype-	1	child	_	_
18	available	available	adj	JJ	cat-adj|gen-m|num-s|pers-3|case-0|vib-|tam-|chunkId-Vipin|chunkType-child|stype-|voicetype-	1	child	_	_
19	in	in	p	IN	cat-p|gen-m|num-s|pers-3|case-0|vib-|tam-|chunkId-Vipin|chunkType-child|stype-|voicetype-	1	child	_	_
20	various	various	adj	JJ	cat-adj|gen-m|num-s|pers-3|case-0|vib-|tam-|chunkId-Vipin|chunkType-child|stype-|voicetype-	1	child	_	_
21	research	research	n	NN	cat-n|gen-m|num-s|pers-3|case-0|vib-|tam-|chunkId-Vipin|chunkType-child|stype-|voicetype-	1	child	_	_
22	and	and	Conj	CC	cat-Conj|gen-m|num-s|pers-3|case-0|vib-|tam-|chunkId-Vipin|chunkType-child|stype-|voicetype-	1	child	_	_
23	educational	educational	adj	JJ	cat-adj|gen-m|num-s|pers-3|case-0|vib-|tam-|chunkId-Vipin|chunkType-child|stype-|voicetype-	1	child	_	_
24	institutions	institution	n	NNS	cat-n|gen-m|num-p|pers-3|case-0|vib-|tam-|chunkId-Vipin|chunkType-child|stype-|voicetype-	1	child	_	_
25	in	in	p	IN	cat-p|gen-m|num-s|pers-3|case-0|vib-|tam-|chunkId-Vipin|chunkType-child|stype-|voicetype-	1	child	_	_
26	India	'	nnp	NNP	cat-|gen-|num-|pers-|case-|vib-|tam-|chunkId-Vipin|chunkType-child|stype-|voicetype-	1	child	_	_
27	for	for	p	IN	cat-p|gen-m|num-s|pers-3|case-0|vib-|tam-|chunkId-Vipin|chunkType-child|stype-|voicetype-	1	child	_	_
28	lower	low	adj	JJR	cat-adj|gen-m|num-s|pers-3|case-0|vib-|tam-|chunkId-Vipin|chunkType-child|stype-|voicetype-	1	child	_	_
29	costs	cost	n	NNS	cat-n|gen-m|num-p|pers-3|case-0|vib-|tam-|chunkId-Vipin|chunkType-child|stype-|voicetype-	1	child	_	_
30	using	use	v	VBG	cat-v|gen-m|num-s|pers-3|case-0|vib-|tam-|chunkId-Vipin|chunkType-child|stype-|voicetype-	1	child	_	_
31	the	the	det	DT	cat-det|gen-m|num-s|pers-3|case-0|vib-|tam-|chunkId-Vipin|chunkType-child|stype-|voicetype-	1	child	_	_
32	clustering	cluster	v	VBG	cat-v|gen-m|num-s|pers-3|case-0|vib-|tam-|chunkId-Vipin|chunkType-child|stype-|voicetype-	1	child	_	_
33	method	method	n	NN	cat-n|gen-m|num-s|pers-3|case-0|vib-|tam-|chunkId-Vipin|chunkType-child|stype-|voicetype-	1	child	_	_
34	.	.	punc	SYM	cat-punc|gen-n|num-s|pers-3|case-0|vib-|tam-|chunkId-Vipin|chunkType-child|stype-|voicetype-	1	child	_	_

1	The	the	det	DT	cat-det|gen-m|num-s|pers-3|case-0|vib-|tam-|chunkId-SSF|chunkType-head|stype-|voicetype-	0	root	_	_
2	supercomputer	'	nn	NN	cat-|gen-|num-|pers-|case-|vib-|tam-|chunkId-The|chunkType-child|stype-|voicetype-	1	child	_	_
3	model	model	n	NN	cat-n|gen-m|num-s|pers-3|case-0|vib-|tam-|chunkId-The|chunkType-child|stype-|voicetype-	1	child	_	_
4	was	be	v	VBD	cat-v|gen-m|num-s|pers-3|case-0|vib-|tam-|chunkId-The|chunkType-child|stype-|voicetype-	1	child	_	_
5	made	make	v	VBN	cat-v|gen-m|num-s|pers-3|case-0|vib-|tam-|chunkId-The|chunkType-child|stype-|voicetype-	1	child	_	_
6	in	in	p	IN	cat-p|gen-m|num-s|pers-3|case-0|vib-|tam-|chunkId-The|chunkType-child|stype-|voicetype-	1	child	_	_
7	the	the	det	DT	cat-det|gen-m|num-s|pers-3|case-0|vib-|tam-|chunkId-The|chunkType-child|stype-|voicetype-	1	child	_	_
8	college	college	n	NN	cat-n|gen-m|num-s|pers-3|case-0|vib-|tam-|chunkId-The|chunkType-child|stype-|voicetype-	1	child	_	_
9	using	use	v	VBG	cat-v|gen-m|num-s|pers-3|case-0|vib-|tam-|chunkId-The|chunkType-child|stype-|voicetype-	1	child	_	_
10	30	'	cd	CD	cat-|gen-|num-|pers-|case-|vib-|tam-|chunkId-The|chunkType-child|stype-|voicetype-	1	child	_	_
11	simple	simple	adj	JJ	cat-adj|gen-m|num-p|pers-3|case-0|vib-|tam-|chunkId-The|chunkType-child|stype-|voicetype-	1	child	_	_
12	computers	computer	n	NNS	cat-n|gen-m|num-p|pers-3|case-0|vib-|tam-|chunkId-The|chunkType-child|stype-|voicetype-	1	child	_	_
13	.	.	punc	SYM	cat-punc|gen-n|num-s|pers-3|case-0|vib-|tam-|chunkId-The|chunkType-child|stype-|voicetype-	1	child	_	_

1	All	all	det	PDT	cat-det|gen-m|num-s|pers-3|case-0|vib-|tam-|chunkId-SSF|chunkType-head|stype-|voicetype-	0	root	_	_
2	the	the	det	DT	cat-det|gen-m|num-s|pers-3|case-0|vib-|tam-|chunkId-All|chunkType-child|stype-|voicetype-	1	child	_	_
3	softwares	software	n	NNS	cat-n|gen-m|num-p|pers-3|case-0|vib-|tam-|chunkId-All|chunkType-child|stype-|voicetype-	1	child	_	_
4	used	use	v	VBN	cat-v|gen-m|num-s|pers-3|case-0|vib-|tam-|chunkId-All|chunkType-child|stype-|voicetype-	1	child	_	_
5	in	in	p	IN	cat-p|gen-m|num-s|pers-3|case-0|vib-|tam-|chunkId-All|chunkType-child|stype-|voicetype-	1	child	_	_
6	its	it	P	PRP$	cat-P|gen-m|num-s|pers-3|case-0|vib-|tam-|chunkId-All|chunkType-child|stype-|voicetype-	1	child	_	_
7	manufacturing	manufacturing	n	NN	cat-n|gen-m|num-s|pers-3|case-0|vib-|tam-|chunkId-All|chunkType-child|stype-|voicetype-	1	child	_	_
8	are	be	v	VBP	cat-v|gen-m|num-p|pers-3|case-0|vib-|tam-|chunkId-All|chunkType-child|stype-|voicetype-	1	child	_	_
9	non	'	rb	RB	cat-|gen-|num-|pers-|case-|vib-|tam-|chunkId-All|chunkType-child|stype-|voicetype-	1	child	_	_
10	.	.	punc	SYM	cat-punc|gen-n|num-s|pers-3|case-0|vib-|tam-|chunkId-All|chunkType-child|stype-|voicetype-	1	child	_	_

1	RedHat	'	nnp	NNP	cat-|gen-|num-|pers-|case-|vib-|tam-|chunkId-SSF|chunkType-head|stype-|voicetype-	0	root	_	_
2	Linux	'	nnp	NNP	cat-|gen-|num-|pers-|case-|vib-|tam-|chunkId-RedHat|chunkType-child|stype-|voicetype-	1	child	_	_
3	7.0	'	nnp	NNP	cat-|gen-|num-|pers-|case-|vib-|tam-|chunkId-RedHat|chunkType-child|stype-|voicetype-	1	child	_	_
4	and	and	Conj	CC	cat-Conj|gen-m|num-s|pers-3|case-0|vib-|tam-|chunkId-RedHat|chunkType-child|stype-|voicetype-	1	child	_	_
5	Oscar	oscar	n	NNP	cat-n|gen-m|num-s|pers-3|case-0|vib-|tam-|chunkId-RedHat|chunkType-child|stype-|voicetype-	1	child	_	_
6	4.0	'	nnp	NNP	cat-|gen-|num-|pers-|case-|vib-|tam-|chunkId-RedHat|chunkType-child|stype-|voicetype-	1	child	_	_
7	package	package	n	NN	cat-n|gen-m|num-s|pers-3|case-0|vib-|tam-|chunkId-RedHat|chunkType-child|stype-|voicetype-	1	child	_	_
8	have	have	v	VBP	cat-v|gen-m|num-s|pers-3|case-0|vib-|tam-|chunkId-RedHat|chunkType-child|stype-|voicetype-	1	child	_	_
9	been	be	v	VBN	cat-v|gen-m|num-s|pers-3|case-0|vib-|tam-|chunkId-RedHat|chunkType-child|stype-|voicetype-	1	child	_	_
10	used	use	v	VBN	cat-v|gen-m|num-s|pers-3|case-0|vib-|tam-|chunkId-RedHat|chunkType-child|stype-|voicetype-	1	child	_	_
11	to	to	p	TO	cat-p|gen-m|num-s|pers-3|case-0|vib-|tam-|chunkId-RedHat|chunkType-child|stype-|voicetype-	1	child	_	_
12	manufacture	manufacture	v	VB	cat-v|gen-m|num-s|pers-3|case-0|vib-|tam-|chunkId-RedHat|chunkType-child|stype-|voicetype-	1	child	_	_
13	it	it	P	PRP	cat-P|gen-m|num-s|pers-3|case-0|vib-|tam-|chunkId-RedHat|chunkType-child|stype-|voicetype-	1	child	_	_
14	.	.	punc	SYM	cat-punc|gen-n|num-s|pers-3|case-0|vib-|tam-|chunkId-RedHat|chunkType-child|stype-|voicetype-	1	child	_	_

1	This	this	det	DT	cat-det|gen-m|num-s|pers-3|case-0|vib-|tam-|chunkId-SSF|chunkType-head|stype-|voicetype-	0	root	_	_
2	technique	technique	n	NN	cat-n|gen-m|num-s|pers-3|case-0|vib-|tam-|chunkId-This|chunkType-child|stype-|voicetype-	1	child	_	_
3	is	be	v	VBZ	cat-v|gen-m|num-s|pers-3|case-0|vib-|tam-|chunkId-This|chunkType-child|stype-|voicetype-	1	child	_	_
4	very	very	D	RB	cat-D|gen-m|num-s|pers-3|case-0|vib-|tam-|chunkId-This|chunkType-child|stype-|voicetype-	1	child	_	_
5	profitable	profitable	adj	JJ	cat-adj|gen-m|num-s|pers-3|case-0|vib-|tam-|chunkId-This|chunkType-child|stype-|voicetype-	1	child	_	_
6	.	.	punc	SYM	cat-punc|gen-n|num-s|pers-3|case-0|vib-|tam-|chunkId-This|chunkType-child|stype-|voicetype-	1	child	_	_

1	With	with	p	IN	cat-p|gen-m|num-s|pers-3|case-0|vib-|tam-|chunkId-SSF|chunkType-head|stype-|voicetype-	0	root	_	_
2	this	this	det	DT	cat-det|gen-m|num-s|pers-3|case-0|vib-|tam-|chunkId-With|chunkType-child|stype-|voicetype-	1	child	_	_
3	,	comma	punc	SYM	cat-punc|gen-n|num-s|pers-3|case-0|vib-|tam-|chunkId-With|chunkType-child|stype-|voicetype-	1	child	_	_
4	higher	high	adj	JJR	cat-adj|gen-m|num-s|pers-3|case-0|vib-|tam-|chunkId-With|chunkType-child|stype-|voicetype-	1	child	_	_
5	processing	process	v	NN	cat-v|gen-m|num-s|pers-3|case-0|vib-|tam-|chunkId-With|chunkType-child|stype-|voicetype-	1	child	_	_
6	power	power	n	NN	cat-n|gen-m|num-s|pers-3|case-0|vib-|tam-|chunkId-With|chunkType-child|stype-|voicetype-	1	child	_	_
7	is	be	v	VBZ	cat-v|gen-m|num-s|pers-3|case-0|vib-|tam-|chunkId-With|chunkType-child|stype-|voicetype-	1	child	_	_
8	available	available	adj	JJ	cat-adj|gen-m|num-s|pers-3|case-0|vib-|tam-|chunkId-With|chunkType-child|stype-|voicetype-	1	child	_	_
9	at	at	p	IN	cat-p|gen-m|num-s|pers-3|case-0|vib-|tam-|chunkId-With|chunkType-child|stype-|voicetype-	1	child	_	_
10	very	very	D	RB	cat-D|gen-m|num-s|pers-3|case-0|vib-|tam-|chunkId-With|chunkType-child|stype-|voicetype-	1	child	_	_
11	low	low	adj	JJ	cat-adj|gen-m|num-s|pers-3|case-0|vib-|tam-|chunkId-With|chunkType-child|stype-|voicetype-	1	child	_	_
12	costs	cost	n	NNS	cat-n|gen-m|num-p|pers-3|case-0|vib-|tam-|chunkId-With|chunkType-child|stype-|voicetype-	1	child	_	_
13	.	.	punc	SYM	cat-punc|gen-n|num-s|pers-3|case-0|vib-|tam-|chunkId-With|chunkType-child|stype-|voicetype-	1	child	_	_

1	Its	it	P	PRP	cat-P|gen-m|num-s|pers-3|case-0|vib-|tam-|chunkId-SSF|chunkType-head|stype-|voicetype-	0	root	_	_
2	maintenance	maintenance	n	NN	cat-n|gen-m|num-s|pers-3|case-0|vib-|tam-|chunkId-Its|chunkType-child|stype-|voicetype-	1	child	_	_
3	is	be	v	VBZ	cat-v|gen-m|num-s|pers-3|case-0|vib-|tam-|chunkId-Its|chunkType-child|stype-|voicetype-	1	child	_	_
4	also	also	D	RB	cat-D|gen-m|num-s|pers-3|case-0|vib-|tam-|chunkId-Its|chunkType-child|stype-|voicetype-	1	child	_	_
5	lower	low	adj	JJR	cat-adj|gen-m|num-s|pers-3|case-0|vib-|tam-|chunkId-Its|chunkType-child|stype-|voicetype-	1	child	_	_
6	than	than	p	IN	cat-p|gen-m|num-s|pers-3|case-0|vib-|tam-|chunkId-Its|chunkType-child|stype-|voicetype-	1	child	_	_
7	other	other	n	JJ	cat-n|gen-m|num-s|pers-3|case-0|vib-|tam-|chunkId-Its|chunkType-child|stype-|voicetype-	1	child	_	_
8	supercomputers	'	nns	NNS	cat-|gen-|num-|pers-|case-|vib-|tam-|chunkId-Its|chunkType-child|stype-|voicetype-	1	child	_	_
9	.	.	punc	SYM	cat-punc|gen-n|num-s|pers-3|case-0|vib-|tam-|chunkId-Its|chunkType-child|stype-|voicetype-	1	child	_	_

1	Vipin	'	nnp	NNP	cat-|gen-|num-|pers-|case-|vib-|tam-|chunkId-SSF|chunkType-head|stype-|voicetype-	0	root	_	_
2	said	say	v	VBD	cat-v|gen-m|num-s|pers-3|case-0|vib-|tam-|chunkId-Vipin|chunkType-child|stype-|voicetype-	1	child	_	_
3	the	the	det	DT	cat-det|gen-m|num-s|pers-3|case-0|vib-|tam-|chunkId-Vipin|chunkType-child|stype-|voicetype-	1	child	_	_
4	supercomputer	'	nn	NN	cat-|gen-|num-|pers-|case-|vib-|tam-|chunkId-Vipin|chunkType-child|stype-|voicetype-	1	child	_	_
5	made	make	v	VBN	cat-v|gen-m|num-s|pers-3|case-0|vib-|tam-|chunkId-Vipin|chunkType-child|stype-|voicetype-	1	child	_	_
6	by	by	p	IN	cat-p|gen-m|num-s|pers-3|case-0|vib-|tam-|chunkId-Vipin|chunkType-child|stype-|voicetype-	1	child	_	_
7	him	he	P	PRP	cat-P|gen-m|num-s|pers-3|case-0|vib-|tam-|chunkId-Vipin|chunkType-child|stype-|voicetype-	1	child	_	_
8	has	have	v	VBZ	cat-v|gen-m|num-s|pers-3|case-0|vib-|tam-|chunkId-Vipin|chunkType-child|stype-|voicetype-	1	child	_	_
9	a	a	det	DT	cat-det|gen-m|num-s|pers-3|case-0|vib-|tam-|chunkId-Vipin|chunkType-child|stype-|voicetype-	1	child	_	_
10	speed	speed	n	NN	cat-n|gen-m|num-s|pers-3|case-0|vib-|tam-|chunkId-Vipin|chunkType-child|stype-|voicetype-	1	child	_	_
11	of	of	p	IN	cat-p|gen-m|num-s|pers-3|case-0|vib-|tam-|chunkId-Vipin|chunkType-child|stype-|voicetype-	1	child	_	_
12	45	'	cd	CD	cat-|gen-|num-|pers-|case-|vib-|tam-|chunkId-Vipin|chunkType-child|stype-|voicetype-	1	child	_	_
13	giga	'	nns	NNS	cat-|gen-|num-|pers-|case-|vib-|tam-|chunkId-Vipin|chunkType-child|stype-|voicetype-	1	child	_	_
14	.	.	punc	SYM	cat-punc|gen-n|num-s|pers-3|case-0|vib-|tam-|chunkId-Vipin|chunkType-child|stype-|voicetype-	1	child	_	_

1	He	he	P	PRP	cat-P|gen-m|num-s|pers-3|case-0|vib-|tam-|chunkId-SSF|chunkType-head|stype-|voicetype-	0	root	_	_
2	's	'	vbz	VBZ	cat-|gen-|num-|pers-|case-|vib-|tam-|chunkId-He|chunkType-child|stype-|voicetype-	1	child	_	_
3	tested	test	v	VBN	cat-v|gen-m|num-s|pers-3|case-0|vib-|tam-|chunkId-He|chunkType-child|stype-|voicetype-	1	child	_	_
4	it	it	P	PRP	cat-P|gen-m|num-s|pers-3|case-0|vib-|tam-|chunkId-He|chunkType-child|stype-|voicetype-	1	child	_	_
5	with	with	p	IN	cat-p|gen-m|num-s|pers-3|case-0|vib-|tam-|chunkId-He|chunkType-child|stype-|voicetype-	1	child	_	_
6	an	an	det	DT	cat-det|gen-m|num-s|pers-3|case-0|vib-|tam-|chunkId-He|chunkType-child|stype-|voicetype-	1	child	_	_
7	HPL	'	nnp	NNP	cat-|gen-|num-|pers-|case-|vib-|tam-|chunkId-He|chunkType-child|stype-|voicetype-	1	child	_	_
8	software	software	n	NN	cat-n|gen-m|num-s|pers-3|case-0|vib-|tam-|chunkId-He|chunkType-child|stype-|voicetype-	1	child	_	_
9	.	.	punc	SYM	cat-punc|gen-n|num-s|pers-3|case-0|vib-|tam-|chunkId-He|chunkType-child|stype-|voicetype-	1	child	_	_

1	It	it	P	PRP	cat-P|gen-m|num-s|pers-3|case-0|vib-|tam-|chunkId-SSF|chunkType-head|stype-|voicetype-	0	root	_	_
2	can	can	v	MD	cat-v|gen-m|num-s|pers-3|case-0|vib-|tam-|chunkId-It|chunkType-child|stype-|voicetype-	1	child	_	_
3	be	be	v	VB	cat-v|gen-m|num-s|pers-3|case-0|vib-|tam-|chunkId-It|chunkType-child|stype-|voicetype-	1	child	_	_
4	used	use	v	VBN	cat-v|gen-m|num-s|pers-3|case-0|vib-|tam-|chunkId-It|chunkType-child|stype-|voicetype-	1	child	_	_
5	for	'	nn	NN	cat-|gen-|num-|pers-|case-|vib-|tam-|chunkId-It|chunkType-child|stype-|voicetype-	1	child	_	_
6	weather	weather	n	NN	cat-n|gen-m|num-s|pers-3|case-0|vib-|tam-|chunkId-It|chunkType-child|stype-|voicetype-	1	child	_	_
7	forecasts	forecast	n	NNS	cat-n|gen-m|num-p|pers-3|case-0|vib-|tam-|chunkId-It|chunkType-child|stype-|voicetype-	1	child	_	_
8	,	comma	punc	SYM	cat-punc|gen-n|num-s|pers-3|case-0|vib-|tam-|chunkId-It|chunkType-child|stype-|voicetype-	1	child	_	_
9	complex	complex	adj	JJ	cat-adj|gen-m|num-p|pers-3|case-0|vib-|tam-|chunkId-It|chunkType-child|stype-|voicetype-	1	child	_	_
10	animation	animation	n	NN	cat-n|gen-m|num-s|pers-3|case-0|vib-|tam-|chunkId-It|chunkType-child|stype-|voicetype-	1	child	_	_
11	.	.	punc	SYM	cat-punc|gen-n|num-s|pers-3|case-0|vib-|tam-|chunkId-It|chunkType-child|stype-|voicetype-	1	child	_	_

1	number	number	n	NN	cat-n|gen-m|num-s|pers-3|case-0|vib-|tam-|chunkId-SSF|chunkType-head|stype-|voicetype-	0	root	_	_
2	crunching	crunch	v	VBG	cat-v|gen-m|num-s|pers-3|case-0|vib-|tam-|chunkId-number|chunkType-child|stype-|voicetype-	1	child	_	_
3	problems	problem	n	NNS	cat-n|gen-m|num-p|pers-3|case-0|vib-|tam-|chunkId-number|chunkType-child|stype-|voicetype-	1	child	_	_
4	,	comma	punc	SYM	cat-punc|gen-n|num-s|pers-3|case-0|vib-|tam-|chunkId-number|chunkType-child|stype-|voicetype-	1	child	_	_
5	bio	'	nn	NN	cat-|gen-|num-|pers-|case-|vib-|tam-|chunkId-number|chunkType-child|stype-|voicetype-	1	child	_	_
6	techniques	technique	n	NNS	cat-n|gen-m|num-p|pers-3|case-0|vib-|tam-|chunkId-number|chunkType-child|stype-|voicetype-	1	child	_	_
7	,	comma	punc	SYM	cat-punc|gen-n|num-s|pers-3|case-0|vib-|tam-|chunkId-number|chunkType-child|stype-|voicetype-	1	child	_	_
8	to	to	p	TO	cat-p|gen-m|num-s|pers-3|case-0|vib-|tam-|chunkId-number|chunkType-child|stype-|voicetype-	1	child	_	_
9	understand	understand	v	VB	cat-v|gen-m|num-s|pers-3|case-0|vib-|tam-|chunkId-number|chunkType-child|stype-|voicetype-	1	child	_	_
10	the	the	det	DT	cat-det|gen-m|num-s|pers-3|case-0|vib-|tam-|chunkId-number|chunkType-child|stype-|voicetype-	1	child	_	_
11	DNA	'	nn	NN	cat-|gen-|num-|pers-|case-|vib-|tam-|chunkId-number|chunkType-child|stype-|voicetype-	1	child	_	_
12	,	comma	punc	SYM	cat-punc|gen-n|num-s|pers-3|case-0|vib-|tam-|chunkId-number|chunkType-child|stype-|voicetype-	1	child	_	_
13	and	and	Conj	CC	cat-Conj|gen-m|num-s|pers-3|case-0|vib-|tam-|chunkId-number|chunkType-child|stype-|voicetype-	1	child	_	_
14	to	to	p	TO	cat-p|gen-m|num-s|pers-3|case-0|vib-|tam-|chunkId-number|chunkType-child|stype-|voicetype-	1	child	_	_
15	generate	generate	v	VB	cat-v|gen-m|num-s|pers-3|case-0|vib-|tam-|chunkId-number|chunkType-child|stype-|voicetype-	1	child	_	_
16	atomic	atomic	adj	JJ	cat-adj|gen-m|num-s|pers-3|case-0|vib-|tam-|chunkId-number|chunkType-child|stype-|voicetype-	1	child	_	_
17	and	and	Conj	CC	cat-Conj|gen-m|num-s|pers-3|case-0|vib-|tam-|chunkId-number|chunkType-child|stype-|voicetype-	1	child	_	_
18	nuclear	nuclear	adj	JJ	cat-adj|gen-m|num-s|pers-3|case-0|vib-|tam-|chunkId-number|chunkType-child|stype-|voicetype-	1	child	_	_
19	3	'	jj	JJ	cat-|gen-|num-|pers-|case-|vib-|tam-|chunkId-number|chunkType-child|stype-|voicetype-	1	child	_	_
20	models	model	n	NNS	cat-n|gen-m|num-p|pers-3|case-0|vib-|tam-|chunkId-number|chunkType-child|stype-|voicetype-	1	child	_	_
21	and	and	Conj	CC	cat-Conj|gen-m|num-s|pers-3|case-0|vib-|tam-|chunkId-number|chunkType-child|stype-|voicetype-	1	child	_	_
22	understand	understand	v	VB	cat-v|gen-m|num-s|pers-3|case-0|vib-|tam-|chunkId-number|chunkType-child|stype-|voicetype-	1	child	_	_
23	the	the	det	DT	cat-det|gen-m|num-s|pers-3|case-0|vib-|tam-|chunkId-number|chunkType-child|stype-|voicetype-	1	child	_	_
24	forces	force	n	NNS	cat-n|gen-m|num-p|pers-3|case-0|vib-|tam-|chunkId-number|chunkType-child|stype-|voicetype-	1	child	_	_
25	and	and	Conj	CC	cat-Conj|gen-m|num-s|pers-3|case-0|vib-|tam-|chunkId-number|chunkType-child|stype-|voicetype-	1	child	_	_
26	effects	effect	n	NNS	cat-n|gen-m|num-p|pers-3|case-0|vib-|tam-|chunkId-number|chunkType-child|stype-|voicetype-	1	child	_	_
27	that	that	P	WDT	cat-P|gen-m|num-s|pers-3|case-0|vib-|tam-|chunkId-number|chunkType-child|stype-|voicetype-	1	child	_	_
28	act	act	v	VBP	cat-v|gen-m|num-s|pers-3|case-0|vib-|tam-|chunkId-number|chunkType-child|stype-|voicetype-	1	child	_	_
29	on	on	p	IN	cat-p|gen-m|num-s|pers-3|case-0|vib-|tam-|chunkId-number|chunkType-child|stype-|voicetype-	1	child	_	_
30	it	it	P	PRP	cat-P|gen-m|num-s|pers-3|case-0|vib-|tam-|chunkId-number|chunkType-child|stype-|voicetype-	1	child	_	_
31	.	.	punc	SYM	cat-punc|gen-n|num-s|pers-3|case-0|vib-|tam-|chunkId-number|chunkType-child|stype-|voicetype-	1	child	_	_

1	District	district	n	NNP	cat-n|gen-m|num-s|pers-3|case-0|vib-|tam-|chunkId-SSF|chunkType-head|stype-|voicetype-	0	root	_	_
2	Magistrate	magistrate	n	NNP	cat-n|gen-m|num-s|pers-3|case-0|vib-|tam-|chunkId-District|chunkType-child|stype-|voicetype-	1	child	_	_
3	Yadav	'	nnp	NNP	cat-|gen-|num-|pers-|case-|vib-|tam-|chunkId-District|chunkType-child|stype-|voicetype-	1	child	_	_
4	said	say	v	VBD	cat-v|gen-m|num-s|pers-3|case-0|vib-|tam-|chunkId-District|chunkType-child|stype-|voicetype-	1	child	_	_
5	that	that	P	IN	cat-P|gen-m|num-s|pers-3|case-0|vib-|tam-|chunkId-District|chunkType-child|stype-|voicetype-	1	child	_	_
6	normally	normally	D	RB	cat-D|gen-m|num-s|pers-3|case-0|vib-|tam-|chunkId-District|chunkType-child|stype-|voicetype-	1	child	_	_
7	a	a	det	DT	cat-det|gen-m|num-s|pers-3|case-0|vib-|tam-|chunkId-District|chunkType-child|stype-|voicetype-	1	child	_	_
8	computer	computer	n	NN	cat-n|gen-m|num-s|pers-3|case-0|vib-|tam-|chunkId-District|chunkType-child|stype-|voicetype-	1	child	_	_
9	has	have	v	VBZ	cat-v|gen-m|num-s|pers-3|case-0|vib-|tam-|chunkId-District|chunkType-child|stype-|voicetype-	1	child	_	_
10	a	a	det	DT	cat-det|gen-m|num-s|pers-3|case-0|vib-|tam-|chunkId-District|chunkType-child|stype-|voicetype-	1	child	_	_
11	speed	speed	n	NN	cat-n|gen-m|num-s|pers-3|case-0|vib-|tam-|chunkId-District|chunkType-child|stype-|voicetype-	1	child	_	_
12	of	of	p	IN	cat-p|gen-m|num-s|pers-3|case-0|vib-|tam-|chunkId-District|chunkType-child|stype-|voicetype-	1	child	_	_
13	2	'	cd	CD	cat-|gen-|num-|pers-|case-|vib-|tam-|chunkId-District|chunkType-child|stype-|voicetype-	1	child	_	_
14	giga	'	nns	NNS	cat-|gen-|num-|pers-|case-|vib-|tam-|chunkId-District|chunkType-child|stype-|voicetype-	1	child	_	_
15	.	.	punc	SYM	cat-punc|gen-n|num-s|pers-3|case-0|vib-|tam-|chunkId-District|chunkType-child|stype-|voicetype-	1	child	_	_

1	When	when	Conj	WRB	cat-Conj|gen-m|num-s|pers-3|case-0|vib-|tam-|chunkId-SSF|chunkType-head|stype-|voicetype-	0	root	_	_
2	a	a	det	DT	cat-det|gen-m|num-s|pers-3|case-0|vib-|tam-|chunkId-When|chunkType-child|stype-|voicetype-	1	child	_	_
3	number	number	n	NN	cat-n|gen-m|num-s|pers-3|case-0|vib-|tam-|chunkId-When|chunkType-child|stype-|voicetype-	1	child	_	_
4	of	of	p	IN	cat-p|gen-m|num-s|pers-3|case-0|vib-|tam-|chunkId-When|chunkType-child|stype-|voicetype-	1	child	_	_
5	computers	computer	n	NNS	cat-n|gen-m|num-p|pers-3|case-0|vib-|tam-|chunkId-When|chunkType-child|stype-|voicetype-	1	child	_	_
6	were	be	v	VBD	cat-v|gen-m|num-p|pers-3|case-0|vib-|tam-|chunkId-When|chunkType-child|stype-|voicetype-	1	child	_	_
7	combined	combine	v	VBN	cat-v|gen-m|num-s|pers-3|case-0|vib-|tam-|chunkId-When|chunkType-child|stype-|voicetype-	1	child	_	_
8	the	the	det	DT	cat-det|gen-m|num-s|pers-3|case-0|vib-|tam-|chunkId-When|chunkType-child|stype-|voicetype-	1	child	_	_
9	speed	speed	n	NN	cat-n|gen-m|num-s|pers-3|case-0|vib-|tam-|chunkId-When|chunkType-child|stype-|voicetype-	1	child	_	_
10	increased	increase	v	VBD	cat-v|gen-m|num-s|pers-3|case-0|vib-|tam-|chunkId-When|chunkType-child|stype-|voicetype-	1	child	_	_
11	.	.	punc	SYM	cat-punc|gen-n|num-s|pers-3|case-0|vib-|tam-|chunkId-When|chunkType-child|stype-|voicetype-	1	child	_	_

1	Normal	normal	adj	JJ	cat-adj|gen-m|num-s|pers-3|case-0|vib-|tam-|chunkId-SSF|chunkType-head|stype-|voicetype-	0	root	_	_
2	computers	computer	n	NNS	cat-n|gen-m|num-p|pers-3|case-0|vib-|tam-|chunkId-Normal|chunkType-child|stype-|voicetype-	1	child	_	_
3	take	take	v	VBP	cat-v|gen-m|num-s|pers-3|case-0|vib-|tam-|chunkId-Normal|chunkType-child|stype-|voicetype-	1	child	_	_
4	upto	'	nn	NN	cat-|gen-|num-|pers-|case-|vib-|tam-|chunkId-Normal|chunkType-child|stype-|voicetype-	1	child	_	_
5	one	one	P	CD	cat-P|gen-m|num-s|pers-3|case-0|vib-|tam-|chunkId-Normal|chunkType-child|stype-|voicetype-	1	child	_	_
6	or	or	adj	CC	cat-adj|gen-m|num-s|pers-3|case-0|vib-|tam-|chunkId-Normal|chunkType-child|stype-|voicetype-	1	child	_	_
7	two	two	det	CD	cat-det|gen-m|num-s|pers-3|case-0|vib-|tam-|chunkId-Normal|chunkType-child|stype-|voicetype-	1	child	_	_
8	days	day	n	NNS	cat-n|gen-m|num-p|pers-3|case-0|vib-|tam-|chunkId-Normal|chunkType-child|stype-|voicetype-	1	child	_	_
9	to	to	p	TO	cat-p|gen-m|num-s|pers-3|case-0|vib-|tam-|chunkId-Normal|chunkType-child|stype-|voicetype-	1	child	_	_
10	process	process	v	VB	cat-v|gen-m|num-s|pers-3|case-0|vib-|tam-|chunkId-Normal|chunkType-child|stype-|voicetype-	1	child	_	_
11	any	any	det	DT	cat-det|gen-m|num-s|pers-3|case-0|vib-|tam-|chunkId-Normal|chunkType-child|stype-|voicetype-	1	child	_	_
12	application	application	n	NN	cat-n|gen-m|num-s|pers-3|case-0|vib-|tam-|chunkId-Normal|chunkType-child|stype-|voicetype-	1	child	_	_
13	.	.	punc	SYM	cat-punc|gen-n|num-s|pers-3|case-0|vib-|tam-|chunkId-Normal|chunkType-child|stype-|voicetype-	1	child	_	_

1	The	the	det	DT	cat-det|gen-m|num-s|pers-3|case-0|vib-|tam-|chunkId-SSF|chunkType-head|stype-|voicetype-	0	root	_	_
2	same	same	adj	JJ	cat-adj|gen-m|num-s|pers-3|case-0|vib-|tam-|chunkId-The|chunkType-child|stype-|voicetype-	1	child	_	_
3	task	task	n	NN	cat-n|gen-m|num-s|pers-3|case-0|vib-|tam-|chunkId-The|chunkType-child|stype-|voicetype-	1	child	_	_
4	can	can	v	MD	cat-v|gen-m|num-s|pers-3|case-0|vib-|tam-|chunkId-The|chunkType-child|stype-|voicetype-	1	child	_	_
5	be	'	vb	VB	cat-|gen-|num-|pers-|case-|vib-|tam-|chunkId-The|chunkType-child|stype-|voicetype-	1	child	_	_
6	done	do	v	VBN	cat-v|gen-m|num-s|pers-3|case-0|vib-|tam-|chunkId-The|chunkType-child|stype-|voicetype-	1	child	_	_
7	on	on	p	IN	cat-p|gen-m|num-s|pers-3|case-0|vib-|tam-|chunkId-The|chunkType-child|stype-|voicetype-	1	child	_	_
8	a	a	det	DT	cat-det|gen-m|num-s|pers-3|case-0|vib-|tam-|chunkId-The|chunkType-child|stype-|voicetype-	1	child	_	_
9	supercomputer	'	nn	NN	cat-|gen-|num-|pers-|case-|vib-|tam-|chunkId-The|chunkType-child|stype-|voicetype-	1	child	_	_
10	in	in	p	IN	cat-p|gen-m|num-s|pers-3|case-0|vib-|tam-|chunkId-The|chunkType-child|stype-|voicetype-	1	child	_	_
11	ten	ten	n	NN	cat-n|gen-m|num-s|pers-3|case-0|vib-|tam-|chunkId-The|chunkType-child|stype-|voicetype-	1	child	_	_
12	minutes	minute	n	NNS	cat-n|gen-m|num-p|pers-3|case-0|vib-|tam-|chunkId-The|chunkType-child|stype-|voicetype-	1	child	_	_
13	,	comma	punc	SYM	cat-punc|gen-n|num-s|pers-3|case-0|vib-|tam-|chunkId-The|chunkType-child|stype-|voicetype-	1	child	_	_
14	because	because	Conj	IN	cat-Conj|gen-m|num-s|pers-3|case-0|vib-|tam-|chunkId-The|chunkType-child|stype-|voicetype-	1	child	_	_
15	its	it	P	PRP$	cat-P|gen-m|num-s|pers-3|case-0|vib-|tam-|chunkId-The|chunkType-child|stype-|voicetype-	1	child	_	_
16	speed	speed	n	NN	cat-n|gen-m|num-s|pers-3|case-0|vib-|tam-|chunkId-The|chunkType-child|stype-|voicetype-	1	child	_	_
17	is	be	v	VBZ	cat-v|gen-m|num-s|pers-3|case-0|vib-|tam-|chunkId-The|chunkType-child|stype-|voicetype-	1	child	_	_
18	much	much	D	RB	cat-D|gen-m|num-s|pers-3|case-0|vib-|tam-|chunkId-The|chunkType-child|stype-|voicetype-	1	child	_	_
19	faster	fast	adj	JJR	cat-adj|gen-m|num-s|pers-3|case-0|vib-|tam-|chunkId-The|chunkType-child|stype-|voicetype-	1	child	_	_
20	.	.	punc	SYM	cat-punc|gen-n|num-s|pers-3|case-0|vib-|tam-|chunkId-The|chunkType-child|stype-|voicetype-	1	child	_	_

1	The	the	det	DT	cat-det|gen-m|num-s|pers-3|case-0|vib-|tam-|chunkId-SSF|chunkType-head|stype-|voicetype-	0	root	_	_
2	District	district	n	NNP	cat-n|gen-m|num-s|pers-3|case-0|vib-|tam-|chunkId-The|chunkType-child|stype-|voicetype-	1	child	_	_
3	Magistrate	magistrate	n	NNP	cat-n|gen-m|num-s|pers-3|case-0|vib-|tam-|chunkId-The|chunkType-child|stype-|voicetype-	1	child	_	_
4	would	would	v	MD	cat-v|gen-m|num-s|pers-3|case-0|vib-|tam-|chunkId-The|chunkType-child|stype-|voicetype-	1	child	_	_
5	notify	notify	v	VB	cat-v|gen-m|num-s|pers-3|case-0|vib-|tam-|chunkId-The|chunkType-child|stype-|voicetype-	1	child	_	_
6	the	the	det	DT	cat-det|gen-m|num-s|pers-3|case-0|vib-|tam-|chunkId-The|chunkType-child|stype-|voicetype-	1	child	_	_
7	state	state	n	NN	cat-n|gen-m|num-s|pers-3|case-0|vib-|tam-|chunkId-The|chunkType-child|stype-|voicetype-	1	child	_	_
8	administration	administration	n	NN	cat-n|gen-m|num-s|pers-3|case-0|vib-|tam-|chunkId-The|chunkType-child|stype-|voicetype-	1	child	_	_
9	in	in	p	IN	cat-p|gen-m|num-s|pers-3|case-0|vib-|tam-|chunkId-The|chunkType-child|stype-|voicetype-	1	child	_	_
10	writing	writ	v	VBG	cat-v|gen-m|num-s|pers-3|case-0|vib-|tam-|chunkId-The|chunkType-child|stype-|voicetype-	1	child	_	_
11	about	about	p	IN	cat-p|gen-m|num-s|pers-3|case-0|vib-|tam-|chunkId-The|chunkType-child|stype-|voicetype-	1	child	_	_
12	Vipin	'	nnp	NNP	cat-|gen-|num-|pers-|case-|vib-|tam-|chunkId-The|chunkType-child|stype-|voicetype-	1	child	_	_
13	's	'	pos	POS	cat-|gen-|num-|pers-|case-|vib-|tam-|chunkId-The|chunkType-child|stype-|voicetype-	1	child	_	_
14	work	work	n	NN	cat-n|gen-m|num-s|pers-3|case-0|vib-|tam-|chunkId-The|chunkType-child|stype-|voicetype-	1	child	_	_
15	.	.	punc	SYM	cat-punc|gen-n|num-s|pers-3|case-0|vib-|tam-|chunkId-The|chunkType-child|stype-|voicetype-	1	child	_	_

1	Also	also	D	RB	cat-D|gen-m|num-s|pers-3|case-0|vib-|tam-|chunkId-SSF|chunkType-head|stype-|voicetype-	0	root	_	_
2	,	comma	punc	SYM	cat-punc|gen-n|num-s|pers-3|case-0|vib-|tam-|chunkId-Also|chunkType-child|stype-|voicetype-	1	child	_	_
3	all	all	det	PDT	cat-det|gen-m|num-s|pers-3|case-0|vib-|tam-|chunkId-Also|chunkType-child|stype-|voicetype-	1	child	_	_
4	the	the	det	DT	cat-det|gen-m|num-s|pers-3|case-0|vib-|tam-|chunkId-Also|chunkType-child|stype-|voicetype-	1	child	_	_
5	computers	computer	n	NNS	cat-n|gen-m|num-p|pers-3|case-0|vib-|tam-|chunkId-Also|chunkType-child|stype-|voicetype-	1	child	_	_
6	available	available	adj	JJ	cat-adj|gen-m|num-s|pers-3|case-0|vib-|tam-|chunkId-Also|chunkType-child|stype-|voicetype-	1	child	_	_
7	in	in	p	IN	cat-p|gen-m|num-s|pers-3|case-0|vib-|tam-|chunkId-Also|chunkType-child|stype-|voicetype-	1	child	_	_
8	the	the	det	DT	cat-det|gen-m|num-s|pers-3|case-0|vib-|tam-|chunkId-Also|chunkType-child|stype-|voicetype-	1	child	_	_
9	collectorate	collectorate	n	NN	cat-n|gen-m|num-s|pers-3|case-0|vib-|tam-|chunkId-Also|chunkType-child|stype-|voicetype-	1	child	_	_
10	will	will	v	MD	cat-v|gen-m|num-s|pers-3|case-0|vib-|tam-|chunkId-Also|chunkType-child|stype-|voicetype-	1	child	_	_
11	also	also	D	RB	cat-D|gen-m|num-s|pers-3|case-0|vib-|tam-|chunkId-Also|chunkType-child|stype-|voicetype-	1	child	_	_
12	be	be	v	VB	cat-v|gen-m|num-s|pers-3|case-0|vib-|tam-|chunkId-Also|chunkType-child|stype-|voicetype-	1	child	_	_
13	combined	combine	v	VBN	cat-v|gen-m|num-s|pers-3|case-0|vib-|tam-|chunkId-Also|chunkType-child|stype-|voicetype-	1	child	_	_
14	using	use	v	VBG	cat-v|gen-m|num-s|pers-3|case-0|vib-|tam-|chunkId-Also|chunkType-child|stype-|voicetype-	1	child	_	_
15	Vipin	'	nnp	NNP	cat-|gen-|num-|pers-|case-|vib-|tam-|chunkId-Also|chunkType-child|stype-|voicetype-	1	child	_	_
16	's	'	pos	POS	cat-|gen-|num-|pers-|case-|vib-|tam-|chunkId-Also|chunkType-child|stype-|voicetype-	1	child	_	_
17	technique	technique	n	NN	cat-n|gen-m|num-s|pers-3|case-0|vib-|tam-|chunkId-Also|chunkType-child|stype-|voicetype-	1	child	_	_
18	.	.	punc	SYM	cat-punc|gen-n|num-s|pers-3|case-0|vib-|tam-|chunkId-Also|chunkType-child|stype-|voicetype-	1	child	_	_

1	What	what	P	WP	cat-P|gen-m|num-s|pers-3|case-0|vib-|tam-|chunkId-SSF|chunkType-head|stype-|voicetype-	0	root	_	_
2	's	'	vbz	VBZ	cat-|gen-|num-|pers-|case-|vib-|tam-|chunkId-What|chunkType-child|stype-|voicetype-	1	child	_	_
3	special	special	adj	JJ	cat-adj|gen-m|num-s|pers-3|case-0|vib-|tam-|chunkId-What|chunkType-child|stype-|voicetype-	1	child	_	_
4	is	be	v	VBZ	cat-v|gen-m|num-s|pers-3|case-0|vib-|tam-|chunkId-What|chunkType-child|stype-|voicetype-	1	child	_	_
5	that	that	P	IN	cat-P|gen-m|num-s|pers-3|case-0|vib-|tam-|chunkId-What|chunkType-child|stype-|voicetype-	1	child	_	_
6	all	all	det	DT	cat-det|gen-m|num-s|pers-3|case-0|vib-|tam-|chunkId-What|chunkType-child|stype-|voicetype-	1	child	_	_
7	regular	regular	adj	JJ	cat-adj|gen-m|num-s|pers-3|case-0|vib-|tam-|chunkId-What|chunkType-child|stype-|voicetype-	1	child	_	_
8	work	work	n	NN	cat-n|gen-m|num-s|pers-3|case-0|vib-|tam-|chunkId-What|chunkType-child|stype-|voicetype-	1	child	_	_
9	and	and	Conj	CC	cat-Conj|gen-m|num-s|pers-3|case-0|vib-|tam-|chunkId-What|chunkType-child|stype-|voicetype-	1	child	_	_
10	its	it	P	PRP$	cat-P|gen-m|num-s|pers-3|case-0|vib-|tam-|chunkId-What|chunkType-child|stype-|voicetype-	1	child	_	_
11	processing	process	v	NN	cat-v|gen-m|num-s|pers-3|case-0|vib-|tam-|chunkId-What|chunkType-child|stype-|voicetype-	1	child	_	_
12	would	would	v	MD	cat-v|gen-m|num-s|pers-3|case-0|vib-|tam-|chunkId-What|chunkType-child|stype-|voicetype-	1	child	_	_
13	go	go	v	VB	cat-v|gen-m|num-s|pers-3|case-0|vib-|tam-|chunkId-What|chunkType-child|stype-|voicetype-	1	child	_	_
14	on	on	p	IN	cat-p|gen-m|num-s|pers-3|case-0|vib-|tam-|chunkId-What|chunkType-child|stype-|voicetype-	1	child	_	_
15	as	as	n	RB	cat-n|gen-m|num-s|pers-3|case-0|vib-|tam-|chunkId-What|chunkType-child|stype-|voicetype-	1	child	_	_
16	usual	usual	adj	JJ	cat-adj|gen-m|num-s|pers-3|case-0|vib-|tam-|chunkId-What|chunkType-child|stype-|voicetype-	1	child	_	_
17	during	during	p	IN	cat-p|gen-m|num-s|pers-3|case-0|vib-|tam-|chunkId-What|chunkType-child|stype-|voicetype-	1	child	_	_
18	this	this	det	DT	cat-det|gen-m|num-s|pers-3|case-0|vib-|tam-|chunkId-What|chunkType-child|stype-|voicetype-	1	child	_	_
19	.	.	punc	SYM	cat-punc|gen-n|num-s|pers-3|case-0|vib-|tam-|chunkId-What|chunkType-child|stype-|voicetype-	1	child	_	_

