1	India	'	nnp	NNP	cat-|gen-|num-|pers-|case-|vib-|tam-|chunkId-NP|chunkType-head|stype-|voicetype-	2	k1	_	_
2	has	have	v	VBZ	cat-v|gen-m|num-s|pers-3|case-0|vib-|tam-|chunkId-VG|chunkType-head|stype-|voicetype-	0	root	_	_
3	expressed	express	v	VBN	cat-v|gen-m|num-s|pers-3|case-0|vib-|tam-|chunkId-has|chunkType-child|stype-|voicetype-	2	child	_	_
4	its	it	P	PRP$	cat-P|gen-m|num-s|pers-3|case-0|vib-|tam-|chunkId-NP2|chunkType-head|stype-|voicetype-	2	k2	_	_
5	desire	desire	n	NN	cat-n|gen-m|num-s|pers-3|case-0|vib-|tam-|chunkId-its|chunkType-child|stype-|voicetype-	4	child	_	_
6	to	to	p	TO	cat-p|gen-m|num-s|pers-3|case-0|vib-|tam-|chunkId-VG2|chunkType-head|stype-|voicetype-	4	nmod	_	_
7	attend	attend	v	VB	cat-v|gen-m|num-s|pers-3|case-0|vib-|tam-|chunkId-to|chunkType-child|stype-|voicetype-	6	child	_	_
8	the	the	det	DT	cat-det|gen-m|num-s|pers-3|case-0|vib-|tam-|chunkId-NP3|chunkType-head|stype-|voicetype-	6	k2	_	_
9	summit	summit	n	NN	cat-n|gen-m|num-s|pers-3|case-0|vib-|tam-|chunkId-the|chunkType-child|stype-|voicetype-	8	child	_	_
10	during	during	p	IN	cat-p|gen-m|num-s|pers-3|case-0|vib-|tam-|chunkId-PP|chunkType-head|stype-|voicetype-	6	k7t	_	_
11	this	this	det	DT	cat-det|gen-m|num-s|pers-3|case-0|vib-|tam-|chunkId-during|chunkType-child|stype-|voicetype-	10	child	_	_
12	period	period	n	NN	cat-n|gen-m|num-s|pers-3|case-0|vib-|tam-|chunkId-during|chunkType-child|stype-|voicetype-	10	child	_	_
13	.	.	punc	SYM	cat-punc|gen-n|num-s|pers-3|case-0|vib-|tam-|chunkId-during|chunkType-child|stype-|voicetype-	10	child	_	_

1	On	on	p	IN	cat-p|gen-m|num-s|pers-3|case-0|vib-|tam-|chunkId-ADVP|chunkType-head|stype-|voicetype-	7	sent-adv	_	_
2	the	the	det	DT	cat-det|gen-m|num-s|pers-3|case-0|vib-|tam-|chunkId-On|chunkType-child|stype-|voicetype-	1	child	_	_
3	other	other	det	JJ	cat-det|gen-m|num-s|pers-3|case-0|vib-|tam-|chunkId-On|chunkType-child|stype-|voicetype-	1	child	_	_
4	hand	hand	n	NN	cat-n|gen-m|num-s|pers-3|case-0|vib-|tam-|chunkId-On|chunkType-child|stype-|voicetype-	1	child	_	_
5	,	comma	punc	SYM	cat-punc|gen-n|num-s|pers-3|case-0|vib-|tam-|chunkId-On|chunkType-child|stype-|voicetype-	1	child	_	_
6	Pakistan	'	nnp	NNP	cat-|gen-|num-|pers-|case-|vib-|tam-|chunkId-NP2|chunkType-head|stype-|voicetype-	7	k1	_	_
7	said	say	v	VBD	cat-v|gen-m|num-s|pers-3|case-0|vib-|tam-|chunkId-VG|chunkType-head|stype-|voicetype-	0	root	_	_
8	on	on	p	IN	cat-p|gen-m|num-s|pers-3|case-0|vib-|tam-|chunkId-PP|chunkType-head|stype-|voicetype-	7	k7t	_	_
9	Monday	monday	n	NNP	cat-n|gen-m|num-s|pers-3|case-0|vib-|tam-|chunkId-on|chunkType-child|stype-|voicetype-	8	child	_	_
10	that	that	Comp	IN	cat-Comp|gen-m|num-s|pers-3|case-0|vib-|tam-|chunkId-CCP|chunkType-head|stype-|voicetype-	7	k2	_	_
11	it	it	P	PRP	cat-P|gen-m|num-s|pers-3|case-0|vib-|tam-|chunkId-NP4|chunkType-head|stype-|voicetype-	12	k1	_	_
12	had	have	v	VBD	cat-v|gen-m|num-s|pers-3|case-0|vib-|tam-|chunkId-VG2|chunkType-head|stype-|voicetype-	10	ccof	_	_
13	begun	begin	v	VBN	cat-v|gen-m|num-s|pers-3|case-0|vib-|tam-|chunkId-had|chunkType-child|stype-|voicetype-	12	child	_	_
14	consultations	consultation	n	NNS	cat-n|gen-m|num-p|pers-3|case-0|vib-|tam-|chunkId-NP5|chunkType-head|stype-|voicetype-	12	k2	_	_
15	with	with	p	IN	cat-p|gen-m|num-s|pers-3|case-0|vib-|tam-|chunkId-PP2|chunkType-head|stype-|voicetype-	12	ras-k2	_	_
16	SAARC	'	nnp	NNP	cat-|gen-|num-|pers-|case-|vib-|tam-|chunkId-with|chunkType-child|stype-|voicetype-	15	child	_	_
17	countries	country	n	NNS	cat-n|gen-m|num-p|pers-3|case-0|vib-|tam-|chunkId-with|chunkType-child|stype-|voicetype-	15	child	_	_
18	to	to	p	TO	cat-p|gen-m|num-s|pers-3|case-0|vib-|tam-|chunkId-VG3|chunkType-head|stype-|voicetype-	10	rt	_	_
19	decide	decide	v	VB	cat-v|gen-m|num-s|pers-3|case-0|vib-|tam-|chunkId-to|chunkType-child|stype-|voicetype-	18	child	_	_
20	on	on	p	IN	cat-p|gen-m|num-s|pers-3|case-0|vib-|tam-|chunkId-PP3|chunkType-head|stype-|voicetype-	18	pof	_	_
21	a	a	det	DT	cat-det|gen-m|num-s|pers-3|case-0|vib-|tam-|chunkId-NP7|chunkType-head|stype-|voicetype-	18	k2	_	_
22	date	date	n	NN	cat-n|gen-m|num-s|pers-3|case-0|vib-|tam-|chunkId-a|chunkType-child|stype-|voicetype-	21	child	_	_
23	for	for	p	IN	cat-p|gen-m|num-s|pers-3|case-0|vib-|tam-|chunkId-PP4|chunkType-head|stype-|voicetype-	18	rt	_	_
24	the	the	det	DT	cat-det|gen-m|num-s|pers-3|case-0|vib-|tam-|chunkId-for|chunkType-child|stype-|voicetype-	23	child	_	_
25	twice	twice	D	RB	cat-D|gen-m|num-s|pers-3|case-0|vib-|tam-|chunkId-for|chunkType-child|stype-|voicetype-	23	child	_	_
26	postponed	postpone	v	JJ	cat-v|gen-m|num-s|pers-3|case-0|vib-|tam-|chunkId-for|chunkType-child|stype-|voicetype-	23	child	_	_
27	summit	summit	n	NN	cat-n|gen-m|num-s|pers-3|case-0|vib-|tam-|chunkId-for|chunkType-child|stype-|voicetype-	23	child	_	_
28	.	.	punc	SYM	cat-punc|gen-n|num-s|pers-3|case-0|vib-|tam-|chunkId-for|chunkType-child|stype-|voicetype-	23	child	_	_

1	According	accord	v	VBG	cat-v|gen-m|num-s|pers-3|case-0|vib-|tam-|chunkId-PP|chunkType-head|stype-|voicetype-	8	k7	_	_
2	to	to	p	TO	cat-p|gen-m|num-s|pers-3|case-0|vib-|tam-|chunkId-According|chunkType-child|stype-|voicetype-	1	child	_	_
3	government	government	n	NN	cat-n|gen-m|num-s|pers-3|case-0|vib-|tam-|chunkId-According|chunkType-child|stype-|voicetype-	1	child	_	_
4	sources	source	n	NNS	cat-n|gen-m|num-p|pers-3|case-0|vib-|tam-|chunkId-According|chunkType-child|stype-|voicetype-	1	child	_	_
5	the	the	det	DT	cat-det|gen-m|num-s|pers-3|case-0|vib-|tam-|chunkId-NP2|chunkType-head|stype-|voicetype-	8	k1	_	_
6	Indian	'	jj	JJ	cat-|gen-|num-|pers-|case-|vib-|tam-|chunkId-the|chunkType-child|stype-|voicetype-	5	child	_	_
7	government	government	n	NN	cat-n|gen-m|num-s|pers-3|case-0|vib-|tam-|chunkId-the|chunkType-child|stype-|voicetype-	5	child	_	_
8	has	have	v	VBZ	cat-v|gen-m|num-s|pers-3|case-0|vib-|tam-|chunkId-VG|chunkType-head|stype-|voicetype-	0	root	_	_
9	communicated	communicate	v	VBN	cat-v|gen-m|num-s|pers-3|case-0|vib-|tam-|chunkId-has|chunkType-child|stype-|voicetype-	8	child	_	_
10	to	to	p	TO	cat-p|gen-m|num-s|pers-3|case-0|vib-|tam-|chunkId-PP2|chunkType-head|stype-|voicetype-	8	k4	_	_
11	Bangladesh	'	nnp	NNP	cat-|gen-|num-|pers-|case-|vib-|tam-|chunkId-to2|chunkType-child|stype-|voicetype-	10	child	_	_
12	that	that	Comp	IN	cat-Comp|gen-m|num-s|pers-3|case-0|vib-|tam-|chunkId-CCP|chunkType-head|stype-|voicetype-	8	k2	_	_
13	Prime	prime	n	NNP	cat-n|gen-m|num-s|pers-3|case-0|vib-|tam-|chunkId-NP4|chunkType-head|stype-|voicetype-	17	k1	_	_
14	Minister	minister	n	NNP	cat-n|gen-m|num-s|pers-3|case-0|vib-|tam-|chunkId-Prime|chunkType-child|stype-|voicetype-	13	child	_	_
15	Manmohan	'	nnp	NNP	cat-|gen-|num-|pers-|case-|vib-|tam-|chunkId-Prime|chunkType-child|stype-|voicetype-	13	child	_	_
16	Singh	'	nnp	NNP	cat-|gen-|num-|pers-|case-|vib-|tam-|chunkId-Prime|chunkType-child|stype-|voicetype-	13	child	_	_
17	can	can	v	MD	cat-v|gen-m|num-s|pers-3|case-0|vib-|tam-|chunkId-VG2|chunkType-head|stype-|voicetype-	12	ccof	_	_
18	participate	participate	v	VB	cat-v|gen-m|num-s|pers-3|case-0|vib-|tam-|chunkId-can|chunkType-child|stype-|voicetype-	17	child	_	_
19	in	in	p	IN	cat-p|gen-m|num-s|pers-3|case-0|vib-|tam-|chunkId-PP3|chunkType-head|stype-|voicetype-	17	k7	_	_
20	the	the	det	DT	cat-det|gen-m|num-s|pers-3|case-0|vib-|tam-|chunkId-in|chunkType-child|stype-|voicetype-	19	child	_	_
21	summit	summit	n	NN	cat-n|gen-m|num-s|pers-3|case-0|vib-|tam-|chunkId-in|chunkType-child|stype-|voicetype-	19	child	_	_
22	after	after	p	IN	cat-p|gen-m|num-s|pers-3|case-0|vib-|tam-|chunkId-PP4|chunkType-head|stype-|voicetype-	27	k7t	_	_
23	the	the	det	DT	cat-det|gen-m|num-s|pers-3|case-0|vib-|tam-|chunkId-after|chunkType-child|stype-|voicetype-	22	child	_	_
24	parliament	parliament	n	NN	cat-n|gen-m|num-s|pers-3|case-0|vib-|tam-|chunkId-after|chunkType-child|stype-|voicetype-	22	child	_	_
25	's	'	pos	POS	cat-|gen-|num-|pers-|case-|vib-|tam-|chunkId-after|chunkType-child|stype-|voicetype-	22	child	_	_
26	session	session	n	NN	cat-n|gen-m|num-s|pers-3|case-0|vib-|tam-|chunkId-after|chunkType-child|stype-|voicetype-	22	child	_	_
27	closes	close	v	VBZ	cat-v|gen-m|num-s|pers-3|case-0|vib-|tam-|chunkId-VG3|chunkType-head|stype-|voicetype-	17	k7t	_	_
28	on	on	p	IN	cat-p|gen-m|num-s|pers-3|case-0|vib-|tam-|chunkId-PP5|chunkType-head|stype-|voicetype-	27	k7t	_	_
29	13th	'	nnp	NNP	cat-|gen-|num-|pers-|case-|vib-|tam-|chunkId-on|chunkType-child|stype-|voicetype-	28	child	_	_
30	May	may	n	NNP	cat-n|gen-m|num-s|pers-3|case-0|vib-|tam-|chunkId-on|chunkType-child|stype-|voicetype-	28	child	_	_
31	.	.	punc	SYM	cat-punc|gen-n|num-s|pers-3|case-0|vib-|tam-|chunkId-on|chunkType-child|stype-|voicetype-	28	child	_	_

1	They	he	P	PRP	cat-P|gen-m|num-p|pers-3|case-0|vib-|tam-|chunkId-NP|chunkType-head|stype-|voicetype-	2	k1	_	_
2	said	say	v	VBD	cat-v|gen-m|num-s|pers-3|case-0|vib-|tam-|chunkId-VG|chunkType-head|stype-|voicetype-	0	root	_	_
3	,	comma	punc	SYM	cat-punc|gen-n|num-s|pers-3|case-0|vib-|tam-|chunkId-said|chunkType-child|stype-|voicetype-	2	child	_	_
4	it	it	P	PRP	cat-P|gen-m|num-s|pers-3|case-0|vib-|tam-|chunkId-NP2|chunkType-head|stype-|voicetype-	5	k2	_	_
5	has	have	v	VBZ	cat-v|gen-m|num-s|pers-3|case-0|vib-|tam-|chunkId-VG2|chunkType-head|stype-|voicetype-	2	k2	_	_
6	also	also	D	RB	cat-D|gen-m|num-s|pers-3|case-0|vib-|tam-|chunkId-has|chunkType-child|stype-|voicetype-	5	child	_	_
7	been	be	v	VBN	cat-v|gen-m|num-s|pers-3|case-0|vib-|tam-|chunkId-has|chunkType-child|stype-|voicetype-	5	child	_	_
8	agreed	agree	v	VBN	cat-v|gen-m|num-s|pers-3|case-0|vib-|tam-|chunkId-has|chunkType-child|stype-|voicetype-	5	child	_	_
9	that	that	Comp	IN	cat-Comp|gen-m|num-s|pers-3|case-0|vib-|tam-|chunkId-CCP|chunkType-head|stype-|voicetype-	5	k2	_	_
10	the	the	det	DT	cat-det|gen-m|num-s|pers-3|case-0|vib-|tam-|chunkId-NP3|chunkType-head|stype-|voicetype-	12	k1	_	_
11	summit	summit	n	NN	cat-n|gen-m|num-s|pers-3|case-0|vib-|tam-|chunkId-the|chunkType-child|stype-|voicetype-	10	child	_	_
12	should	should	v	MD	cat-v|gen-m|num-s|pers-3|case-0|vib-|tam-|chunkId-VG3|chunkType-head|stype-|voicetype-	9	ccof	_	_
13	be	be	v	VB	cat-v|gen-m|num-s|pers-3|case-0|vib-|tam-|chunkId-should|chunkType-child|stype-|voicetype-	12	child	_	_
14	organized	organize	v	VBN	cat-v|gen-m|num-s|pers-3|case-0|vib-|tam-|chunkId-should|chunkType-child|stype-|voicetype-	12	child	_	_
15	before	before	D	RB	cat-D|gen-m|num-s|pers-3|case-0|vib-|tam-|chunkId-ADVP|chunkType-head|stype-|voicetype-	17	k7t	_	_
16	monsoons	monsoon	n	NNS	cat-n|gen-m|num-p|pers-3|case-0|vib-|tam-|chunkId-NP4|chunkType-head|stype-|voicetype-	17	k1	_	_
17	set	set	v	VB	cat-v|gen-m|num-s|pers-3|case-0|vib-|tam-|chunkId-VG4|chunkType-head|stype-|voicetype-	12	k7t	_	_
18	in	in	particle	RP	cat-particle|gen-m|num-s|pers-3|case-0|vib-|tam-|chunkId-PRT|chunkType-head|stype-|voicetype-	17	pof	_	_
19	,	comma	punc	SYM	cat-punc|gen-n|num-s|pers-3|case-0|vib-|tam-|chunkId-in|chunkType-child|stype-|voicetype-	18	child	_	_
20	in	in	p	IN	cat-p|gen-m|num-s|pers-3|case-0|vib-|tam-|chunkId-PP|chunkType-head|stype-|voicetype-	17	k7t	_	_
21	the	the	det	DT	cat-det|gen-m|num-s|pers-3|case-0|vib-|tam-|chunkId-in2|chunkType-child|stype-|voicetype-	20	child	_	_
22	second	second	adj	JJ	cat-adj|gen-m|num-s|pers-3|case-0|vib-|tam-|chunkId-in2|chunkType-child|stype-|voicetype-	20	child	_	_
23	week	week	n	NN	cat-n|gen-m|num-s|pers-3|case-0|vib-|tam-|chunkId-in2|chunkType-child|stype-|voicetype-	20	child	_	_
24	of	of	p	IN	cat-p|gen-m|num-s|pers-3|case-0|vib-|tam-|chunkId-PP2|chunkType-head|stype-|voicetype-	20	po	_	_
25	June	'	nnp	NNP	cat-|gen-|num-|pers-|case-|vib-|tam-|chunkId-of|chunkType-child|stype-|voicetype-	24	child	_	_
26	in	in	p	IN	cat-p|gen-m|num-s|pers-3|case-0|vib-|tam-|chunkId-PP3|chunkType-head|stype-|voicetype-	20	k7p	_	_
27	Bangladesh	'	nnp	NNP	cat-|gen-|num-|pers-|case-|vib-|tam-|chunkId-in3|chunkType-child|stype-|voicetype-	26	child	_	_
28	.	.	punc	SYM	cat-punc|gen-n|num-s|pers-3|case-0|vib-|tam-|chunkId-in3|chunkType-child|stype-|voicetype-	26	child	_	_

1	Sources	source	n	NNS	cat-n|gen-m|num-p|pers-3|case-0|vib-|tam-|chunkId-NP|chunkType-head|stype-|voicetype-	2	k1	_	_
2	said	say	v	VBD	cat-v|gen-m|num-s|pers-3|case-0|vib-|tam-|chunkId-VG|chunkType-head|stype-|voicetype-	0	root	_	_
3	that	that	Comp	IN	cat-Comp|gen-m|num-s|pers-3|case-0|vib-|tam-|chunkId-CCP|chunkType-head|stype-|voicetype-	2	k2	_	_
4	the	the	det	DT	cat-det|gen-m|num-s|pers-3|case-0|vib-|tam-|chunkId-NP2|chunkType-head|stype-|voicetype-	10	k1	_	_
5	most	most	D	RBS	cat-D|gen-m|num-s|pers-3|case-0|vib-|tam-|chunkId-the|chunkType-child|stype-|voicetype-	4	child	_	_
6	probable	probable	adj	JJ	cat-adj|gen-m|num-s|pers-3|case-0|vib-|tam-|chunkId-the|chunkType-child|stype-|voicetype-	4	child	_	_
7	time	time	n	NN	cat-n|gen-m|num-s|pers-3|case-0|vib-|tam-|chunkId-the|chunkType-child|stype-|voicetype-	4	child	_	_
8	for	for	p	IN	cat-p|gen-m|num-s|pers-3|case-0|vib-|tam-|chunkId-PP|chunkType-head|stype-|voicetype-	4	r6	_	_
9	this	this	det	DT	cat-det|gen-m|num-s|pers-3|case-0|vib-|tam-|chunkId-for|chunkType-child|stype-|voicetype-	8	child	_	_
10	can	can	v	MD	cat-v|gen-m|num-s|pers-3|case-0|vib-|tam-|chunkId-VG2|chunkType-head|stype-|voicetype-	3	ccof	_	_
11	be	be	v	VB	cat-v|gen-m|num-s|pers-3|case-0|vib-|tam-|chunkId-can|chunkType-child|stype-|voicetype-	10	child	_	_
12	the	the	det	DT	cat-det|gen-m|num-s|pers-3|case-0|vib-|tam-|chunkId-NP4|chunkType-head|stype-|voicetype-	17	ccof	_	_
13	last	last	adj	JJ	cat-adj|gen-m|num-s|pers-3|case-0|vib-|tam-|chunkId-the2|chunkType-child|stype-|voicetype-	12	child	_	_
14	week	week	n	NN	cat-n|gen-m|num-s|pers-3|case-0|vib-|tam-|chunkId-the2|chunkType-child|stype-|voicetype-	12	child	_	_
15	of	of	p	IN	cat-p|gen-m|num-s|pers-3|case-0|vib-|tam-|chunkId-PP2|chunkType-head|stype-|voicetype-	12	r6	_	_
16	May	may	n	NNP	cat-n|gen-m|num-s|pers-3|case-0|vib-|tam-|chunkId-of|chunkType-child|stype-|voicetype-	15	child	_	_
17	or	or	Conj	CC	cat-Conj|gen-m|num-s|pers-3|case-0|vib-|tam-|chunkId-CCP2|chunkType-head|stype-|voicetype-	10	k1s	_	_
18	the	the	det	DT	cat-det|gen-m|num-s|pers-3|case-0|vib-|tam-|chunkId-NP6|chunkType-head|stype-|voicetype-	17	ccof	_	_
19	first	first	adj	JJ	cat-adj|gen-m|num-s|pers-3|case-0|vib-|tam-|chunkId-the3|chunkType-child|stype-|voicetype-	18	child	_	_
20	week	week	n	NN	cat-n|gen-m|num-s|pers-3|case-0|vib-|tam-|chunkId-the3|chunkType-child|stype-|voicetype-	18	child	_	_
21	of	of	p	IN	cat-p|gen-m|num-s|pers-3|case-0|vib-|tam-|chunkId-PP3|chunkType-head|stype-|voicetype-	18	r6	_	_
22	June	'	nnp	NNP	cat-|gen-|num-|pers-|case-|vib-|tam-|chunkId-of2|chunkType-child|stype-|voicetype-	21	child	_	_
23	.	.	punc	SYM	cat-punc|gen-n|num-s|pers-3|case-0|vib-|tam-|chunkId-of2|chunkType-child|stype-|voicetype-	21	child	_	_

1	They	he	P	PRP	cat-P|gen-m|num-p|pers-3|case-0|vib-|tam-|chunkId-NP|chunkType-head|stype-|voicetype-	2	k1	_	_
2	said	say	v	VBD	cat-v|gen-m|num-s|pers-3|case-0|vib-|tam-|chunkId-VG|chunkType-head|stype-|voicetype-	0	root	_	_
3	if	if	Conj	CC	cat-Conj|gen-m|num-s|pers-3|case-0|vib-|tam-|chunkId-CCP|chunkType-head|stype-|voicetype-	14	vmod	_	_
4	the	the	det	DT	cat-det|gen-m|num-s|pers-3|case-0|vib-|tam-|chunkId-NP2|chunkType-head|stype-|voicetype-	6	k1	_	_
5	summit	summit	n	NN	cat-n|gen-m|num-s|pers-3|case-0|vib-|tam-|chunkId-the|chunkType-child|stype-|voicetype-	4	child	_	_
6	is	be	v	VBZ	cat-v|gen-m|num-s|pers-3|case-0|vib-|tam-|chunkId-VG2|chunkType-head|stype-|voicetype-	3	ccof	_	_
7	not	not	D	RB	cat-D|gen-m|num-s|pers-3|case-0|vib-|tam-|chunkId-is|chunkType-child|stype-|voicetype-	6	child	_	_
8	organized	organize	v	VBN	cat-v|gen-m|num-s|pers-3|case-0|vib-|tam-|chunkId-is|chunkType-child|stype-|voicetype-	6	child	_	_
9	during	during	p	IN	cat-p|gen-m|num-s|pers-3|case-0|vib-|tam-|chunkId-PP|chunkType-head|stype-|voicetype-	6	k7t	_	_
10	this	this	det	DT	cat-det|gen-m|num-s|pers-3|case-0|vib-|tam-|chunkId-during|chunkType-child|stype-|voicetype-	9	child	_	_
11	period	period	n	NN	cat-n|gen-m|num-s|pers-3|case-0|vib-|tam-|chunkId-during|chunkType-child|stype-|voicetype-	9	child	_	_
12	then	then	D	RB	cat-D|gen-m|num-s|pers-3|case-0|vib-|tam-|chunkId-CCP2|chunkType-head|stype-|voicetype-	2	k2	_	_
13	it	it	P	PRP	cat-P|gen-m|num-s|pers-3|case-0|vib-|tam-|chunkId-NP4|chunkType-head|stype-|voicetype-	14	k1	_	_
14	will	will	v	MD	cat-v|gen-m|num-s|pers-3|case-0|vib-|tam-|chunkId-VG3|chunkType-head|stype-|voicetype-	12	ccof	_	_
15	be	be	v	VB	cat-v|gen-m|num-s|pers-3|case-0|vib-|tam-|chunkId-will|chunkType-child|stype-|voicetype-	14	child	_	_
16	very	very	D	RB	cat-D|gen-m|num-s|pers-3|case-0|vib-|tam-|chunkId-ADJP|chunkType-head|stype-|voicetype-	14	k1s	_	_
17	late	late	adj	JJ	cat-adj|gen-m|num-s|pers-3|case-0|vib-|tam-|chunkId-very|chunkType-child|stype-|voicetype-	16	child	_	_
18	.	.	punc	SYM	cat-punc|gen-n|num-s|pers-3|case-0|vib-|tam-|chunkId-very|chunkType-child|stype-|voicetype-	16	child	_	_

1	Sources	source	n	NNS	cat-n|gen-m|num-p|pers-3|case-0|vib-|tam-|chunkId-NP|chunkType-head|stype-|voicetype-	2	k1	_	_
2	said	say	v	VBD	cat-v|gen-m|num-s|pers-3|case-0|vib-|tam-|chunkId-VG|chunkType-head|stype-|voicetype-	0	root	_	_
3	that	that	Comp	IN	cat-Comp|gen-m|num-s|pers-3|case-0|vib-|tam-|chunkId-CCP|chunkType-head|stype-|voicetype-	2	k2	_	_
4	the	the	det	DT	cat-det|gen-m|num-s|pers-3|case-0|vib-|tam-|chunkId-NP2|chunkType-head|stype-|voicetype-	9	k1	_	_
5	law	law	n	NN	cat-n|gen-m|num-s|pers-3|case-0|vib-|tam-|chunkId-the|chunkType-child|stype-|voicetype-	4	child	_	_
6	and	and	Conj	CC	cat-Conj|gen-m|num-s|pers-3|case-0|vib-|tam-|chunkId-the|chunkType-child|stype-|voicetype-	4	child	_	_
7	order	order	n	NN	cat-n|gen-m|num-s|pers-3|case-0|vib-|tam-|chunkId-the|chunkType-child|stype-|voicetype-	4	child	_	_
8	situation	situation	n	NN	cat-n|gen-m|num-s|pers-3|case-0|vib-|tam-|chunkId-the|chunkType-child|stype-|voicetype-	4	child	_	_
9	has	have	v	VBZ	cat-v|gen-m|num-s|pers-3|case-0|vib-|tam-|chunkId-VG2|chunkType-head|stype-|voicetype-	13	ccof	_	_
10	improved	improve	v	VBN	cat-v|gen-m|num-s|pers-3|case-0|vib-|tam-|chunkId-has|chunkType-child|stype-|voicetype-	9	child	_	_
11	in	in	p	IN	cat-p|gen-m|num-s|pers-3|case-0|vib-|tam-|chunkId-PP|chunkType-head|stype-|voicetype-	9	k7p	_	_
12	Bangladesh	'	nnp	NNP	cat-|gen-|num-|pers-|case-|vib-|tam-|chunkId-in|chunkType-child|stype-|voicetype-	11	child	_	_
13	and	and	Conj	CC	cat-Conj|gen-m|num-s|pers-3|case-0|vib-|tam-|chunkId-CCP2|chunkType-head|stype-|voicetype-	3	ccof	_	_
14	because	because	Conj	RB	cat-Conj|gen-m|num-s|pers-3|case-0|vib-|tam-|chunkId-PP2|chunkType-head|stype-|voicetype-	18	rh	_	_
15	of	of	p	IN	cat-p|gen-m|num-s|pers-3|case-0|vib-|tam-|chunkId-because|chunkType-child|stype-|voicetype-	14	child	_	_
16	this	this	det	DT	cat-det|gen-m|num-s|pers-3|case-0|vib-|tam-|chunkId-because|chunkType-child|stype-|voicetype-	14	child	_	_
17	India	'	nnp	NNP	cat-|gen-|num-|pers-|case-|vib-|tam-|chunkId-NP5|chunkType-head|stype-|voicetype-	18	k1	_	_
18	agreed	agree	v	VBN	cat-v|gen-m|num-s|pers-3|case-0|vib-|tam-|chunkId-VG3|chunkType-head|stype-|voicetype-	13	ccof	_	_
19	to	to	p	TO	cat-p|gen-m|num-s|pers-3|case-0|vib-|tam-|chunkId-VG4|chunkType-head|stype-|voicetype-	18	k2	_	_
20	participate	participate	v	VB	cat-v|gen-m|num-s|pers-3|case-0|vib-|tam-|chunkId-to|chunkType-child|stype-|voicetype-	19	child	_	_
21	in	in	p	IN	cat-p|gen-m|num-s|pers-3|case-0|vib-|tam-|chunkId-PP3|chunkType-head|stype-|voicetype-	18	k7	_	_
22	the	the	det	DT	cat-det|gen-m|num-s|pers-3|case-0|vib-|tam-|chunkId-in2|chunkType-child|stype-|voicetype-	21	child	_	_
23	summit	summit	n	NN	cat-n|gen-m|num-s|pers-3|case-0|vib-|tam-|chunkId-in2|chunkType-child|stype-|voicetype-	21	child	_	_
24	.	.	punc	SYM	cat-punc|gen-n|num-s|pers-3|case-0|vib-|tam-|chunkId-in2|chunkType-child|stype-|voicetype-	21	child	_	_

1	Pakistan	'	nnp	NNP	cat-|gen-|num-|pers-|case-|vib-|tam-|chunkId-NP|chunkType-head|stype-|voicetype-	7	nmod	_	_
2	's	'	vbz	VBZ	cat-|gen-|num-|pers-|case-|vib-|tam-|chunkId-Pakistan|chunkType-child|stype-|voicetype-	1	child	_	_
3	Foreign	foreign	n	NNP	cat-n|gen-m|num-s|pers-3|case-0|vib-|tam-|chunkId-Pakistan|chunkType-child|stype-|voicetype-	1	child	_	_
4	Department	department	n	NNP	cat-n|gen-m|num-s|pers-3|case-0|vib-|tam-|chunkId-Pakistan|chunkType-child|stype-|voicetype-	1	child	_	_
5	's	'	pos	POS	cat-|gen-|num-|pers-|case-|vib-|tam-|chunkId-Pakistan|chunkType-child|stype-|voicetype-	1	child	_	_
6	spokesman	spokesman	n	NN	cat-n|gen-m|num-s|pers-3|case-0|vib-|tam-|chunkId-Pakistan|chunkType-child|stype-|voicetype-	1	child	_	_
7	Jaleel	'	nnp	NNP	cat-|gen-|num-|pers-|case-|vib-|tam-|chunkId-NP2|chunkType-head|stype-|voicetype-	10	k1	_	_
8	Abbas	'	nnps	NNPS	cat-|gen-|num-|pers-|case-|vib-|tam-|chunkId-Jaleel|chunkType-child|stype-|voicetype-	7	child	_	_
9	Jilani	'	nnp	NNP	cat-|gen-|num-|pers-|case-|vib-|tam-|chunkId-Jaleel|chunkType-child|stype-|voicetype-	7	child	_	_
10	said	say	v	VBD	cat-v|gen-m|num-s|pers-3|case-0|vib-|tam-|chunkId-VG|chunkType-head|stype-|voicetype-	0	root	_	_
11	today	today	n	NN	cat-n|gen-m|num-s|pers-3|case-0|vib-|tam-|chunkId-NP3|chunkType-head|stype-|voicetype-	10	k7t	_	_
12	,	comma	punc	SYM	cat-punc|gen-n|num-s|pers-3|case-0|vib-|tam-|chunkId-today|chunkType-child|stype-|voicetype-	11	child	_	_
13	we	I	P	PRP	cat-P|gen-m|num-p|pers-1|case-0|vib-|tam-|chunkId-NP4|chunkType-head|stype-|voicetype-	14	k1	_	_
14	are	be	v	VBP	cat-v|gen-m|num-p|pers-3|case-0|vib-|tam-|chunkId-VG2|chunkType-head|stype-|voicetype-	10	k2	_	_
15	aware	aware	adj	JJ	cat-adj|gen-m|num-s|pers-3|case-0|vib-|tam-|chunkId-ADJP|chunkType-head|stype-|voicetype-	14	k1s	_	_
16	of	of	p	IN	cat-p|gen-m|num-s|pers-3|case-0|vib-|tam-|chunkId-PP|chunkType-head|stype-|voicetype-	14	k2	_	_
17	India	'	nnp	NNP	cat-|gen-|num-|pers-|case-|vib-|tam-|chunkId-of|chunkType-child|stype-|voicetype-	16	child	_	_
18	's	'	pos	POS	cat-|gen-|num-|pers-|case-|vib-|tam-|chunkId-of|chunkType-child|stype-|voicetype-	16	child	_	_
19	intention	intention	n	NN	cat-n|gen-m|num-s|pers-3|case-0|vib-|tam-|chunkId-of|chunkType-child|stype-|voicetype-	16	child	_	_
20	to	to	p	TO	cat-p|gen-m|num-s|pers-3|case-0|vib-|tam-|chunkId-VG3|chunkType-head|stype-|voicetype-	16	nmod	_	_
21	participate	participate	v	VB	cat-v|gen-m|num-s|pers-3|case-0|vib-|tam-|chunkId-to|chunkType-child|stype-|voicetype-	20	child	_	_
22	in	in	p	IN	cat-p|gen-m|num-s|pers-3|case-0|vib-|tam-|chunkId-PP2|chunkType-head|stype-|voicetype-	20	k7	_	_
23	the	the	det	DT	cat-det|gen-m|num-s|pers-3|case-0|vib-|tam-|chunkId-in|chunkType-child|stype-|voicetype-	22	child	_	_
24	summit	summit	n	NN	cat-n|gen-m|num-s|pers-3|case-0|vib-|tam-|chunkId-in|chunkType-child|stype-|voicetype-	22	child	_	_
25	.	.	punc	SYM	cat-punc|gen-n|num-s|pers-3|case-0|vib-|tam-|chunkId-in|chunkType-child|stype-|voicetype-	22	child	_	_

1	It	it	P	PRP	cat-P|gen-m|num-s|pers-3|case-0|vib-|tam-|chunkId-NP|chunkType-head|stype-|voicetype-	2	k2	_	_
2	should	should	v	MD	cat-v|gen-m|num-s|pers-3|case-0|vib-|tam-|chunkId-VG|chunkType-head|stype-|voicetype-	0	root	_	_
3	be	be	v	VB	cat-v|gen-m|num-s|pers-3|case-0|vib-|tam-|chunkId-should|chunkType-child|stype-|voicetype-	2	child	_	_
4	noted	note	v	VBN	cat-v|gen-m|num-s|pers-3|case-0|vib-|tam-|chunkId-should|chunkType-child|stype-|voicetype-	2	child	_	_
5	that	that	Comp	IN	cat-Comp|gen-m|num-s|pers-3|case-0|vib-|tam-|chunkId-CCP|chunkType-head|stype-|voicetype-	2	k2s	_	_
6	Pakistan	'	nnp	NNP	cat-|gen-|num-|pers-|case-|vib-|tam-|chunkId-NP2|chunkType-head|stype-|voicetype-	7	k1	_	_
7	is	be	v	VBZ	cat-v|gen-m|num-s|pers-3|case-0|vib-|tam-|chunkId-VG2|chunkType-head|stype-|voicetype-	5	ccof	_	_
8	the	the	det	DT	cat-det|gen-m|num-s|pers-3|case-0|vib-|tam-|chunkId-NP3|chunkType-head|stype-|voicetype-	7	k1s	_	_
9	current	current	adj	JJ	cat-adj|gen-m|num-s|pers-3|case-0|vib-|tam-|chunkId-the|chunkType-child|stype-|voicetype-	8	child	_	_
10	president	president	n	NN	cat-n|gen-m|num-s|pers-3|case-0|vib-|tam-|chunkId-the|chunkType-child|stype-|voicetype-	8	child	_	_
11	of	of	p	IN	cat-p|gen-m|num-s|pers-3|case-0|vib-|tam-|chunkId-PP|chunkType-head|stype-|voicetype-	8	r6-k2	_	_
12	this	this	det	DT	cat-det|gen-m|num-s|pers-3|case-0|vib-|tam-|chunkId-of|chunkType-child|stype-|voicetype-	11	child	_	_
13	regional	regional	adj	JJ	cat-adj|gen-m|num-s|pers-3|case-0|vib-|tam-|chunkId-of|chunkType-child|stype-|voicetype-	11	child	_	_
14	grouping	grouping	n	NN	cat-n|gen-m|num-s|pers-3|case-0|vib-|tam-|chunkId-of|chunkType-child|stype-|voicetype-	11	child	_	_
15	of	of	p	IN	cat-p|gen-m|num-s|pers-3|case-0|vib-|tam-|chunkId-PP2|chunkType-head|stype-|voicetype-	11	r6	_	_
16	seven	seven	num	CD	cat-num|gen-m|num-s|pers-3|case-0|vib-|tam-|chunkId-of2|chunkType-child|stype-|voicetype-	15	child	_	_
17	countries	country	n	NNS	cat-n|gen-m|num-p|pers-3|case-0|vib-|tam-|chunkId-of2|chunkType-child|stype-|voicetype-	15	child	_	_
18	that	that	Comp	WDT	cat-Comp|gen-m|num-s|pers-3|case-0|vib-|tam-|chunkId-NP6|chunkType-head|stype-|voicetype-	19	k1	_	_
19	also	also	D	RB	cat-D|gen-m|num-s|pers-3|case-0|vib-|tam-|chunkId-VG3|chunkType-head|stype-|voicetype-	15	nmod__relc	_	_
20	include	include	v	VBP	cat-v|gen-m|num-s|pers-3|case-0|vib-|tam-|chunkId-also|chunkType-child|stype-|voicetype-	19	child	_	_
21	Sri	sri	n	NNP	cat-n|gen-m|num-s|pers-3|case-0|vib-|tam-|chunkId-NP7|chunkType-head|stype-|voicetype-	19	k1s	_	_
22	Lanka	'	nnp	NNP	cat-|gen-|num-|pers-|case-|vib-|tam-|chunkId-Sri|chunkType-child|stype-|voicetype-	21	child	_	_
23	,	'	sym	SYM	cat-|gen-|num-|pers-|case-|vib-|tam-|chunkId-Sri|chunkType-child|stype-|voicetype-	21	child	_	_
24	Nepal	'	nnp	NNP	cat-|gen-|num-|pers-|case-|vib-|tam-|chunkId-Sri|chunkType-child|stype-|voicetype-	21	child	_	_
25	,	'	sym	SYM	cat-|gen-|num-|pers-|case-|vib-|tam-|chunkId-Sri|chunkType-child|stype-|voicetype-	21	child	_	_
26	Bhutan	'	nnp	NNP	cat-|gen-|num-|pers-|case-|vib-|tam-|chunkId-Sri|chunkType-child|stype-|voicetype-	21	child	_	_
27	and	and	Conj	CC	cat-Conj|gen-m|num-s|pers-3|case-0|vib-|tam-|chunkId-Sri|chunkType-child|stype-|voicetype-	21	child	_	_
28	Maldives	'	nnp	NNP	cat-|gen-|num-|pers-|case-|vib-|tam-|chunkId-Sri|chunkType-child|stype-|voicetype-	21	child	_	_
29	.	.	punc	SYM	cat-punc|gen-n|num-s|pers-3|case-0|vib-|tam-|chunkId-Sri|chunkType-child|stype-|voicetype-	21	child	_	_

1	After	after	p	IN	cat-p|gen-m|num-s|pers-3|case-0|vib-|tam-|chunkId-PP|chunkType-head|stype-|voicetype-	12	k7t	_	_
2	the	the	det	DT	cat-det|gen-m|num-s|pers-3|case-0|vib-|tam-|chunkId-After|chunkType-child|stype-|voicetype-	1	child	_	_
3	26th	'	jj	JJ	cat-|gen-|num-|pers-|case-|vib-|tam-|chunkId-After|chunkType-child|stype-|voicetype-	1	child	_	_
4	December	'	nnp	NNP	cat-|gen-|num-|pers-|case-|vib-|tam-|chunkId-After|chunkType-child|stype-|voicetype-	1	child	_	_
5	Tsunami	tsunami	n	NNP	cat-n|gen-m|num-s|pers-3|case-0|vib-|tam-|chunkId-After|chunkType-child|stype-|voicetype-	1	child	_	_
6	disaster	disaster	n	NN	cat-n|gen-m|num-s|pers-3|case-0|vib-|tam-|chunkId-After|chunkType-child|stype-|voicetype-	1	child	_	_
7	the	the	det	DT	cat-det|gen-m|num-s|pers-3|case-0|vib-|tam-|chunkId-NP2|chunkType-head|stype-|voicetype-	12	k2	_	_
8	summit	summit	n	NN	cat-n|gen-m|num-s|pers-3|case-0|vib-|tam-|chunkId-the2|chunkType-child|stype-|voicetype-	7	child	_	_
9	scheduled	schedule	v	VBN	cat-v|gen-m|num-s|pers-3|case-0|vib-|tam-|chunkId-VG|chunkType-head|stype-|voicetype-	7	nmod	_	_
10	for	for	p	IN	cat-p|gen-m|num-s|pers-3|case-0|vib-|tam-|chunkId-PP2|chunkType-head|stype-|voicetype-	9	k7t	_	_
11	January	'	nnp	NNP	cat-|gen-|num-|pers-|case-|vib-|tam-|chunkId-for|chunkType-child|stype-|voicetype-	10	child	_	_
12	had	have	v	VBD	cat-v|gen-m|num-s|pers-3|case-0|vib-|tam-|chunkId-VG2|chunkType-head|stype-|voicetype-	0	root	_	_
13	been	be	v	VBN	cat-v|gen-m|num-s|pers-3|case-0|vib-|tam-|chunkId-had|chunkType-child|stype-|voicetype-	12	child	_	_
14	postponed	postpone	v	VBN	cat-v|gen-m|num-s|pers-3|case-0|vib-|tam-|chunkId-had|chunkType-child|stype-|voicetype-	12	child	_	_
15	.	.	punc	SYM	cat-punc|gen-n|num-s|pers-3|case-0|vib-|tam-|chunkId-had|chunkType-child|stype-|voicetype-	12	child	_	_

