1	Theft	theft	n	NNPS	cat-n|gen-m|num-s|pers-3|case-0|vib-|tam-|chunkId-NP|chunkType-head|stype-|voicetype-	5	rs	_	_
2	and	and	Conj	CC	cat-Conj|gen-m|num-s|pers-3|case-0|vib-|tam-|chunkId-Theft|chunkType-child|stype-|voicetype-	1	child	_	_
3	Accusations	accusation	n	NNPS	cat-n|gen-m|num-p|pers-3|case-0|vib-|tam-|chunkId-Theft|chunkType-child|stype-|voicetype-	1	child	_	_
4	...	.	punc	SYM	cat-punc|gen-n|num-s|pers-3|case-0|vib-|tam-|chunkId-Theft|chunkType-child|stype-|voicetype-	1	child	_	_
5	This	this	det	DT	cat-det|gen-m|num-s|pers-3|case-0|vib-|tam-|chunkId-NP2|chunkType-head|stype-|voicetype-	6	k1	_	_
6	is	be	v	VBZ	cat-v|gen-m|num-s|pers-3|case-0|vib-|tam-|chunkId-VG|chunkType-head|stype-|voicetype-	0	root	_	_
7	what	what	P	WP	cat-P|gen-m|num-s|pers-3|case-0|vib-|tam-|chunkId-NP3|chunkType-head|stype-|voicetype-	8	k1	_	_
8	's	be	v	VBZ	cat-v|gen-m|num-s|pers-3|case-0|vib-|tam-|chunkId-VG2|chunkType-head|stype-|voicetype-	6	nmod__relc	_	_
9	going	go	v	VBG	cat-v|gen-m|num-s|pers-3|case-0|vib-|tam-|chunkId-s|chunkType-child|stype-|voicetype-	8	child	_	_
10	on	on	p	IN	cat-p|gen-m|num-s|pers-3|case-0|vib-|tam-|chunkId-PP|chunkType-head|stype-|voicetype-	8	pof	_	_
11	at	at	p	IN	cat-p|gen-m|num-s|pers-3|case-0|vib-|tam-|chunkId-PP2|chunkType-head|stype-|voicetype-	8	k7	_	_
12	the	the	det	DT	cat-det|gen-m|num-s|pers-3|case-0|vib-|tam-|chunkId-at|chunkType-child|stype-|voicetype-	11	child	_	_
13	Lakme	'	nnp	NNP	cat-|gen-|num-|pers-|case-|vib-|tam-|chunkId-at|chunkType-child|stype-|voicetype-	11	child	_	_
14	India	'	nnp	NNP	cat-|gen-|num-|pers-|case-|vib-|tam-|chunkId-at|chunkType-child|stype-|voicetype-	11	child	_	_
15	Fashion	fashion	n	NNP	cat-n|gen-m|num-s|pers-3|case-0|vib-|tam-|chunkId-at|chunkType-child|stype-|voicetype-	11	child	_	_
16	Week	week	n	NNP	cat-n|gen-m|num-s|pers-3|case-0|vib-|tam-|chunkId-at|chunkType-child|stype-|voicetype-	11	child	_	_
17	this	this	det	DT	cat-det|gen-m|num-s|pers-3|case-0|vib-|tam-|chunkId-NP5|chunkType-head|stype-|voicetype-	8	k7t	_	_
18	year	year	n	NN	cat-n|gen-m|num-s|pers-3|case-0|vib-|tam-|chunkId-this|chunkType-child|stype-|voicetype-	17	child	_	_
19	.	.	punc	SYM	cat-punc|gen-n|num-s|pers-3|case-0|vib-|tam-|chunkId-this|chunkType-child|stype-|voicetype-	17	child	_	_

1	If	if	Comp	IN	cat-Comp|gen-m|num-s|pers-3|case-0|vib-|tam-|chunkId-CCP|chunkType-head|stype-|voicetype-	10	vmod	_	_
2	there	there	ex	EX	cat-ex|gen-m|num-s|pers-3|case-0|vib-|tam-|chunkId-NP|chunkType-head|stype-|voicetype-	3	dummy	_	_
3	is	be	v	VBZ	cat-v|gen-m|num-s|pers-3|case-0|vib-|tam-|chunkId-VG|chunkType-head|stype-|voicetype-	1	ccof	_	_
4	something	something	n	NN	cat-n|gen-m|num-s|pers-3|case-0|vib-|tam-|chunkId-NP2|chunkType-head|stype-|voicetype-	3	k2	_	_
5	'	'	sym	SYM	cat-|gen-|num-|pers-|case-|vib-|tam-|chunkId-something|chunkType-child|stype-|voicetype-	4	child	_	_
6	original	original	n	NN	cat-n|gen-m|num-s|pers-3|case-0|vib-|tam-|chunkId-something|chunkType-child|stype-|voicetype-	4	child	_	_
7	'	comma	punc	SYM	cat-punc|gen-n|num-s|pers-3|case-0|vib-|tam-|chunkId-something|chunkType-child|stype-|voicetype-	4	child	_	_
8	then	then	D	RB	cat-D|gen-m|num-s|pers-3|case-0|vib-|tam-|chunkId-ADVP|chunkType-head|stype-|voicetype-	0	root	_	_
9	it	it	P	PRP	cat-P|gen-m|num-s|pers-3|case-0|vib-|tam-|chunkId-NP3|chunkType-head|stype-|voicetype-	10	k1	_	_
10	's	be	v	VBZ	cat-v|gen-m|num-s|pers-3|case-0|vib-|tam-|chunkId-VG2|chunkType-head|stype-|voicetype-	8	ccof	_	_
11	work	work	n	NN	cat-n|gen-m|num-s|pers-3|case-0|vib-|tam-|chunkId-NP4|chunkType-head|stype-|voicetype-	10	k1s	_	_
12	of	of	p	IN	cat-p|gen-m|num-s|pers-3|case-0|vib-|tam-|chunkId-PP|chunkType-head|stype-|voicetype-	11	r6	_	_
13	the	the	det	DT	cat-det|gen-m|num-s|pers-3|case-0|vib-|tam-|chunkId-of|chunkType-child|stype-|voicetype-	12	child	_	_
14	older	old	adj	JJR	cat-adj|gen-m|num-s|pers-3|case-0|vib-|tam-|chunkId-of|chunkType-child|stype-|voicetype-	12	child	_	_
15	and	and	Conj	CC	cat-Conj|gen-m|num-s|pers-3|case-0|vib-|tam-|chunkId-of|chunkType-child|stype-|voicetype-	12	child	_	_
16	established	establish	v	JJ	cat-v|gen-m|num-s|pers-3|case-0|vib-|tam-|chunkId-of|chunkType-child|stype-|voicetype-	12	child	_	_
17	fashion	fashion	n	NN	cat-n|gen-m|num-s|pers-3|case-0|vib-|tam-|chunkId-of|chunkType-child|stype-|voicetype-	12	child	_	_
18	designers	designer	n	NNS	cat-n|gen-m|num-p|pers-3|case-0|vib-|tam-|chunkId-of|chunkType-child|stype-|voicetype-	12	child	_	_
19	that	that	det	WDT	cat-det|gen-m|num-s|pers-3|case-0|vib-|tam-|chunkId-NP6|chunkType-head|stype-|voicetype-	20	k2	_	_
20	is	be	v	VBZ	cat-v|gen-m|num-s|pers-3|case-0|vib-|tam-|chunkId-VG3|chunkType-head|stype-|voicetype-	11	nmod__relc	_	_
21	being	be	v	VBG	cat-v|gen-m|num-s|pers-3|case-0|vib-|tam-|chunkId-is2|chunkType-child|stype-|voicetype-	20	child	_	_
22	noticed	notice	v	VBN	cat-v|gen-m|num-s|pers-3|case-0|vib-|tam-|chunkId-is2|chunkType-child|stype-|voicetype-	20	child	_	_
23	.	.	punc	SYM	cat-punc|gen-n|num-s|pers-3|case-0|vib-|tam-|chunkId-is2|chunkType-child|stype-|voicetype-	20	child	_	_

1	It	it	P	PRP	cat-P|gen-m|num-s|pers-3|case-0|vib-|tam-|chunkId-NP|chunkType-head|stype-|voicetype-	2	dummy	_	_
2	was	be	v	VBD	cat-v|gen-m|num-s|pers-1|case-0|vib-|tam-|chunkId-VG|chunkType-head|stype-|voicetype-	14	ccof	_	_
3	the	the	det	DT	cat-det|gen-m|num-s|pers-3|case-0|vib-|tam-|chunkId-NP2|chunkType-head|stype-|voicetype-	2	k2	_	_
4	sixth	sixth	adj	JJ	cat-adj|gen-m|num-s|pers-3|case-0|vib-|tam-|chunkId-the|chunkType-child|stype-|voicetype-	3	child	_	_
5	day	day	n	NN	cat-n|gen-m|num-s|pers-3|case-0|vib-|tam-|chunkId-the|chunkType-child|stype-|voicetype-	3	child	_	_
6	of	of	p	IN	cat-p|gen-m|num-s|pers-3|case-0|vib-|tam-|chunkId-PP|chunkType-head|stype-|voicetype-	3	r6	_	_
7	the	the	det	DT	cat-det|gen-m|num-s|pers-3|case-0|vib-|tam-|chunkId-of|chunkType-child|stype-|voicetype-	6	child	_	_
8	Lakme	'	nnp	NNP	cat-|gen-|num-|pers-|case-|vib-|tam-|chunkId-of|chunkType-child|stype-|voicetype-	6	child	_	_
9	India	'	nnp	NNP	cat-|gen-|num-|pers-|case-|vib-|tam-|chunkId-of|chunkType-child|stype-|voicetype-	6	child	_	_
10	Fashion	fashion	n	NNP	cat-n|gen-m|num-s|pers-3|case-0|vib-|tam-|chunkId-of|chunkType-child|stype-|voicetype-	6	child	_	_
11	week	week	n	NN	cat-n|gen-m|num-s|pers-3|case-0|vib-|tam-|chunkId-of|chunkType-child|stype-|voicetype-	6	child	_	_
12	on	on	p	IN	cat-p|gen-m|num-s|pers-3|case-0|vib-|tam-|chunkId-PP2|chunkType-head|stype-|voicetype-	2	k7t	_	_
13	Monday	monday	n	NNP	cat-n|gen-m|num-s|pers-3|case-0|vib-|tam-|chunkId-on|chunkType-child|stype-|voicetype-	12	child	_	_
14	and	and	Conj	CC	cat-Conj|gen-m|num-s|pers-3|case-0|vib-|tam-|chunkId-CCP|chunkType-head|stype-|voicetype-	0	root	_	_
15	the	the	det	DT	cat-det|gen-m|num-s|pers-3|case-0|vib-|tam-|chunkId-NP5|chunkType-head|stype-|voicetype-	17	k1	_	_
16	morning	morning	n	NN	cat-n|gen-m|num-s|pers-3|case-0|vib-|tam-|chunkId-the3|chunkType-child|stype-|voicetype-	15	child	_	_
17	began	begin	v	VBD	cat-v|gen-m|num-s|pers-3|case-0|vib-|tam-|chunkId-VG2|chunkType-head|stype-|voicetype-	14	ccof	_	_
18	with	with	p	IN	cat-p|gen-m|num-s|pers-3|case-0|vib-|tam-|chunkId-PP3|chunkType-head|stype-|voicetype-	17	ras-k1	_	_
19	a	a	det	DT	cat-det|gen-m|num-s|pers-3|case-0|vib-|tam-|chunkId-with|chunkType-child|stype-|voicetype-	18	child	_	_
20	controversy	'	nn	NN	cat-|gen-|num-|pers-|case-|vib-|tam-|chunkId-with|chunkType-child|stype-|voicetype-	18	child	_	_
21	.	.	punc	SYM	cat-punc|gen-n|num-s|pers-3|case-0|vib-|tam-|chunkId-with|chunkType-child|stype-|voicetype-	18	child	_	_

1	The	the	det	DT	cat-det|gen-m|num-s|pers-3|case-0|vib-|tam-|chunkId-NP|chunkType-head|stype-|voicetype-	7	k1	_	_
2	famous	famous	adj	JJ	cat-adj|gen-m|num-s|pers-3|case-0|vib-|tam-|chunkId-The|chunkType-child|stype-|voicetype-	1	child	_	_
3	fashion	fashion	n	NN	cat-n|gen-m|num-s|pers-3|case-0|vib-|tam-|chunkId-The|chunkType-child|stype-|voicetype-	1	child	_	_
4	designer	designer	n	NN	cat-n|gen-m|num-s|pers-3|case-0|vib-|tam-|chunkId-The|chunkType-child|stype-|voicetype-	1	child	_	_
5	Sunit	'	nnp	NNP	cat-|gen-|num-|pers-|case-|vib-|tam-|chunkId-The|chunkType-child|stype-|voicetype-	1	child	_	_
6	Verma	'	nnp	NNP	cat-|gen-|num-|pers-|case-|vib-|tam-|chunkId-The|chunkType-child|stype-|voicetype-	1	child	_	_
7	called	call	v	VBD	cat-v|gen-m|num-s|pers-3|case-0|vib-|tam-|chunkId-VG|chunkType-head|stype-|voicetype-	17	ccof	_	_
8	the	the	det	DT	cat-det|gen-m|num-s|pers-3|case-0|vib-|tam-|chunkId-NP2|chunkType-head|stype-|voicetype-	7	k2	_	_
9	press	press	n	NN	cat-n|gen-m|num-s|pers-3|case-0|vib-|tam-|chunkId-the|chunkType-child|stype-|voicetype-	8	child	_	_
10	against	against	p	IN	cat-p|gen-m|num-s|pers-3|case-0|vib-|tam-|chunkId-PP|chunkType-head|stype-|voicetype-	7	vmod	_	_
11	the	the	det	DT	cat-det|gen-m|num-s|pers-3|case-0|vib-|tam-|chunkId-against|chunkType-child|stype-|voicetype-	10	child	_	_
12	Bollywood	'	nnp	NNP	cat-|gen-|num-|pers-|case-|vib-|tam-|chunkId-against|chunkType-child|stype-|voicetype-	10	child	_	_
13	fashion	fashion	n	NN	cat-n|gen-m|num-s|pers-3|case-0|vib-|tam-|chunkId-against|chunkType-child|stype-|voicetype-	10	child	_	_
14	designer	designer	n	NN	cat-n|gen-m|num-s|pers-3|case-0|vib-|tam-|chunkId-against|chunkType-child|stype-|voicetype-	10	child	_	_
15	Aki	'	nnp	NNP	cat-|gen-|num-|pers-|case-|vib-|tam-|chunkId-against|chunkType-child|stype-|voicetype-	10	child	_	_
16	Narula	'	nnp	NNP	cat-|gen-|num-|pers-|case-|vib-|tam-|chunkId-against|chunkType-child|stype-|voicetype-	10	child	_	_
17	and	and	Conj	CC	cat-Conj|gen-m|num-s|pers-3|case-0|vib-|tam-|chunkId-CCP|chunkType-head|stype-|voicetype-	0	root	_	_
18	said	say	v	VBD	cat-v|gen-m|num-s|pers-3|case-0|vib-|tam-|chunkId-VG2|chunkType-head|stype-|voicetype-	17	ccof	_	_
19	that	that	Comp	IN	cat-Comp|gen-m|num-s|pers-3|case-0|vib-|tam-|chunkId-CCP2|chunkType-head|stype-|voicetype-	18	k2	_	_
20	Aki	'	nnp	NNP	cat-|gen-|num-|pers-|case-|vib-|tam-|chunkId-NP4|chunkType-head|stype-|voicetype-	22	k1	_	_
21	Narula	'	nnp	NNP	cat-|gen-|num-|pers-|case-|vib-|tam-|chunkId-Aki2|chunkType-child|stype-|voicetype-	20	child	_	_
22	stole	steal	v	VBD	cat-v|gen-m|num-s|pers-3|case-0|vib-|tam-|chunkId-VG3|chunkType-head|stype-|voicetype-	31	ccof	_	_
23	the	the	det	DT	cat-det|gen-m|num-s|pers-3|case-0|vib-|tam-|chunkId-NP5|chunkType-head|stype-|voicetype-	22	k2	_	_
24	outfit	outfit	n	NN	cat-n|gen-m|num-s|pers-3|case-0|vib-|tam-|chunkId-the3|chunkType-child|stype-|voicetype-	23	child	_	_
25	he	he	P	PRP	cat-P|gen-m|num-s|pers-3|case-0|vib-|tam-|chunkId-NP6|chunkType-head|stype-|voicetype-	26	k1	_	_
26	had	have	v	VBD	cat-v|gen-m|num-s|pers-3|case-0|vib-|tam-|chunkId-VG4|chunkType-head|stype-|voicetype-	23	nmod__relc	_	_
27	created	create	v	VBN	cat-v|gen-m|num-s|pers-3|case-0|vib-|tam-|chunkId-had|chunkType-child|stype-|voicetype-	26	child	_	_
28	in	in	p	IN	cat-p|gen-m|num-s|pers-3|case-0|vib-|tam-|chunkId-PP2|chunkType-head|stype-|voicetype-	26	k7t	_	_
29	2003	'	cd	CD	cat-|gen-|num-|pers-|case-|vib-|tam-|chunkId-in|chunkType-child|stype-|voicetype-	28	child	_	_
30	,	comma	punc	SYM	cat-punc|gen-n|num-s|pers-3|case-0|vib-|tam-|chunkId-in|chunkType-child|stype-|voicetype-	28	child	_	_
31	and	and	Conj	CC	cat-Conj|gen-m|num-s|pers-3|case-0|vib-|tam-|chunkId-CCP3|chunkType-head|stype-|voicetype-	19	ccof	_	_
32	dressed	dress	v	VBD	cat-v|gen-m|num-s|pers-3|case-0|vib-|tam-|chunkId-VG5|chunkType-head|stype-|voicetype-	31	ccof	_	_
33	Rani	rani	n	NNP	cat-n|gen-m|num-s|pers-3|case-0|vib-|tam-|chunkId-NP8|chunkType-head|stype-|voicetype-	32	k2	_	_
34	Mukherjee	'	nnp	NNP	cat-|gen-|num-|pers-|case-|vib-|tam-|chunkId-Rani|chunkType-child|stype-|voicetype-	33	child	_	_
35	in	in	p	IN	cat-p|gen-m|num-s|pers-3|case-0|vib-|tam-|chunkId-PP3|chunkType-head|stype-|voicetype-	32	k7	_	_
36	it	it	P	PRP	cat-P|gen-m|num-s|pers-3|case-0|vib-|tam-|chunkId-in2|chunkType-child|stype-|voicetype-	35	child	_	_
37	in	in	p	IN	cat-p|gen-m|num-s|pers-3|case-0|vib-|tam-|chunkId-PP4|chunkType-head|stype-|voicetype-	32	k7	_	_
38	Shaad	'	nnp	NNP	cat-|gen-|num-|pers-|case-|vib-|tam-|chunkId-in3|chunkType-child|stype-|voicetype-	37	child	_	_
39	Ali	'	nnp	NNP	cat-|gen-|num-|pers-|case-|vib-|tam-|chunkId-in3|chunkType-child|stype-|voicetype-	37	child	_	_
40	's	'	pos	POS	cat-|gen-|num-|pers-|case-|vib-|tam-|chunkId-in3|chunkType-child|stype-|voicetype-	37	child	_	_
41	forthcoming	forthcoming	adj	JJ	cat-adj|gen-m|num-s|pers-3|case-0|vib-|tam-|chunkId-in3|chunkType-child|stype-|voicetype-	37	child	_	_
42	film	film	n	NN	cat-n|gen-m|num-s|pers-3|case-0|vib-|tam-|chunkId-in3|chunkType-child|stype-|voicetype-	37	child	_	_
43	'	'	sym	SYM	cat-|gen-|num-|pers-|case-|vib-|tam-|chunkId-in3|chunkType-child|stype-|voicetype-	37	child	_	_
44	Bunty	'	nnp	NNP	cat-|gen-|num-|pers-|case-|vib-|tam-|chunkId-in3|chunkType-child|stype-|voicetype-	37	child	_	_
45	aur	'	nnp	NNP	cat-|gen-|num-|pers-|case-|vib-|tam-|chunkId-in3|chunkType-child|stype-|voicetype-	37	child	_	_
46	Babli	'	nnp	NNP	cat-|gen-|num-|pers-|case-|vib-|tam-|chunkId-in3|chunkType-child|stype-|voicetype-	37	child	_	_
47	'	comma	punc	SYM	cat-punc|gen-n|num-s|pers-3|case-0|vib-|tam-|chunkId-in3|chunkType-child|stype-|voicetype-	37	child	_	_
48	.	.	punc	SYM	cat-punc|gen-n|num-s|pers-3|case-0|vib-|tam-|chunkId-in3|chunkType-child|stype-|voicetype-	37	child	_	_

1	We	I	P	PRP	cat-P|gen-m|num-p|pers-1|case-0|vib-|tam-|chunkId-NP|chunkType-head|stype-|voicetype-	2	k1	_	_
2	should	should	v	MD	cat-v|gen-m|num-s|pers-3|case-0|vib-|tam-|chunkId-VG|chunkType-head|stype-|voicetype-	0	root	_	_
3	mention	mention	v	VB	cat-v|gen-m|num-s|pers-3|case-0|vib-|tam-|chunkId-should|chunkType-child|stype-|voicetype-	2	child	_	_
4	here	here	D	RB	cat-D|gen-m|num-s|pers-3|case-0|vib-|tam-|chunkId-ADVP|chunkType-head|stype-|voicetype-	2	k7	_	_
5	that	that	Comp	IN	cat-Comp|gen-m|num-s|pers-3|case-0|vib-|tam-|chunkId-CCP|chunkType-head|stype-|voicetype-	2	k2	_	_
6	it	it	P	PRP	cat-P|gen-m|num-s|pers-3|case-0|vib-|tam-|chunkId-NP2|chunkType-head|stype-|voicetype-	7	k1	_	_
7	's	be	v	VBZ	cat-v|gen-m|num-s|pers-3|case-0|vib-|tam-|chunkId-VG2|chunkType-head|stype-|voicetype-	5	ccof	_	_
8	the	the	det	DT	cat-det|gen-m|num-s|pers-3|case-0|vib-|tam-|chunkId-NP3|chunkType-head|stype-|voicetype-	7	k1s	_	_
9	same	same	adj	JJ	cat-adj|gen-m|num-s|pers-3|case-0|vib-|tam-|chunkId-the|chunkType-child|stype-|voicetype-	8	child	_	_
10	Aki	'	nnp	NNP	cat-|gen-|num-|pers-|case-|vib-|tam-|chunkId-the|chunkType-child|stype-|voicetype-	8	child	_	_
11	Narula	'	nnp	NNP	cat-|gen-|num-|pers-|case-|vib-|tam-|chunkId-the|chunkType-child|stype-|voicetype-	8	child	_	_
12	who	who	Comp	WP	cat-Comp|gen-m|num-s|pers-3|case-0|vib-|tam-|chunkId-NP4|chunkType-head|stype-|voicetype-	13	k1	_	_
13	had	have	v	VBD	cat-v|gen-m|num-s|pers-3|case-0|vib-|tam-|chunkId-VG3|chunkType-head|stype-|voicetype-	8	nmod__relc	_	_
14	designed	design	v	VBN	cat-v|gen-m|num-s|pers-3|case-0|vib-|tam-|chunkId-had|chunkType-child|stype-|voicetype-	13	child	_	_
15	costumes	costume	n	NNS	cat-n|gen-m|num-p|pers-3|case-0|vib-|tam-|chunkId-NP5|chunkType-head|stype-|voicetype-	13	k2	_	_
16	for	for	p	IN	cat-p|gen-m|num-s|pers-3|case-0|vib-|tam-|chunkId-PP|chunkType-head|stype-|voicetype-	25	ccof	_	_
17	the	the	det	DT	cat-det|gen-m|num-s|pers-3|case-0|vib-|tam-|chunkId-for|chunkType-child|stype-|voicetype-	16	child	_	_
18	superhit	'	jj	JJ	cat-|gen-|num-|pers-|case-|vib-|tam-|chunkId-for|chunkType-child|stype-|voicetype-	16	child	_	_
19	film	film	n	NN	cat-n|gen-m|num-s|pers-3|case-0|vib-|tam-|chunkId-for|chunkType-child|stype-|voicetype-	16	child	_	_
20	'	'	sym	SYM	cat-|gen-|num-|pers-|case-|vib-|tam-|chunkId-for|chunkType-child|stype-|voicetype-	16	child	_	_
21	Dil	'	nnp	NNP	cat-|gen-|num-|pers-|case-|vib-|tam-|chunkId-for|chunkType-child|stype-|voicetype-	16	child	_	_
22	Chahta	'	nnp	NNP	cat-|gen-|num-|pers-|case-|vib-|tam-|chunkId-for|chunkType-child|stype-|voicetype-	16	child	_	_
23	Hai	'	nnp	NNP	cat-|gen-|num-|pers-|case-|vib-|tam-|chunkId-for|chunkType-child|stype-|voicetype-	16	child	_	_
24	'	comma	punc	SYM	cat-punc|gen-n|num-s|pers-3|case-0|vib-|tam-|chunkId-for|chunkType-child|stype-|voicetype-	16	child	_	_
25	and	and	Conj	CC	cat-Conj|gen-m|num-s|pers-3|case-0|vib-|tam-|chunkId-CCP2|chunkType-head|stype-|voicetype-	13	rt	_	_
26	the	the	det	DT	cat-det|gen-m|num-s|pers-3|case-0|vib-|tam-|chunkId-ADJP|chunkType-head|stype-|voicetype-	30	nmod	_	_
27	much	much	adj	JJ	cat-adj|gen-m|num-s|pers-3|case-0|vib-|tam-|chunkId-the3|chunkType-child|stype-|voicetype-	26	child	_	_
28	talked	talk	v	VBN	cat-v|gen-m|num-s|pers-3|case-0|vib-|tam-|chunkId-the3|chunkType-child|stype-|voicetype-	26	child	_	_
29	about	about	p	IN	cat-p|gen-m|num-s|pers-3|case-0|vib-|tam-|chunkId-the3|chunkType-child|stype-|voicetype-	26	child	_	_
30	'	'	sym	SYM	cat-|gen-|num-|pers-|case-|vib-|tam-|chunkId-NP7|chunkType-head|stype-|voicetype-	25	ccof	_	_
31	Monsoon	monsoon	n	NNP	cat-n|gen-m|num-s|pers-3|case-0|vib-|tam-|chunkId-3|chunkType-child|stype-|voicetype-	30	child	_	_
32	Wedding	wedding	n	NN	cat-n|gen-m|num-s|pers-3|case-0|vib-|tam-|chunkId-3|chunkType-child|stype-|voicetype-	30	child	_	_
33	'	comma	punc	SYM	cat-punc|gen-n|num-s|pers-3|case-0|vib-|tam-|chunkId-3|chunkType-child|stype-|voicetype-	30	child	_	_
34	.	.	punc	SYM	cat-punc|gen-n|num-s|pers-3|case-0|vib-|tam-|chunkId-3|chunkType-child|stype-|voicetype-	30	child	_	_

1	However	however	D	RB	cat-D|gen-m|num-s|pers-3|case-0|vib-|tam-|chunkId-ADVP|chunkType-head|stype-|voicetype-	19	sent-adv	_	_
2	,	comma	punc	SYM	cat-punc|gen-n|num-s|pers-3|case-0|vib-|tam-|chunkId-However|chunkType-child|stype-|voicetype-	1	child	_	_
3	after	after	p	IN	cat-p|gen-m|num-s|pers-3|case-0|vib-|tam-|chunkId-PP|chunkType-head|stype-|voicetype-	19	k7t	_	_
4	Sunit	'	nnp	NNP	cat-|gen-|num-|pers-|case-|vib-|tam-|chunkId-after|chunkType-child|stype-|voicetype-	3	child	_	_
5	Verma	'	nnp	NNP	cat-|gen-|num-|pers-|case-|vib-|tam-|chunkId-after|chunkType-child|stype-|voicetype-	3	child	_	_
6	's	'	vbz	VBZ	cat-|gen-|num-|pers-|case-|vib-|tam-|chunkId-after|chunkType-child|stype-|voicetype-	3	child	_	_
7	charged	charge	v	IN	cat-v|gen-m|num-s|pers-3|case-0|vib-|tam-|chunkId-after|chunkType-child|stype-|voicetype-	3	child	_	_
8	press	press	n	NN	cat-n|gen-m|num-s|pers-3|case-0|vib-|tam-|chunkId-after|chunkType-child|stype-|voicetype-	3	child	_	_
9	conference	conference	n	NN	cat-n|gen-m|num-s|pers-3|case-0|vib-|tam-|chunkId-after|chunkType-child|stype-|voicetype-	3	child	_	_
10	at	at	p	IN	cat-p|gen-m|num-s|pers-3|case-0|vib-|tam-|chunkId-PP2|chunkType-head|stype-|voicetype-	19	k7	_	_
11	the	the	det	DT	cat-det|gen-m|num-s|pers-3|case-0|vib-|tam-|chunkId-at|chunkType-child|stype-|voicetype-	10	child	_	_
12	Lakme	'	nnp	NNP	cat-|gen-|num-|pers-|case-|vib-|tam-|chunkId-at|chunkType-child|stype-|voicetype-	10	child	_	_
13	India	'	nnp	NNP	cat-|gen-|num-|pers-|case-|vib-|tam-|chunkId-at|chunkType-child|stype-|voicetype-	10	child	_	_
14	Fashion	fashion	n	NNP	cat-n|gen-m|num-s|pers-3|case-0|vib-|tam-|chunkId-at|chunkType-child|stype-|voicetype-	10	child	_	_
15	Week	week	n	NNP	cat-n|gen-m|num-s|pers-3|case-0|vib-|tam-|chunkId-at|chunkType-child|stype-|voicetype-	10	child	_	_
16	,	comma	punc	SYM	cat-punc|gen-n|num-s|pers-3|case-0|vib-|tam-|chunkId-at|chunkType-child|stype-|voicetype-	10	child	_	_
17	Aki	'	nnp	NNP	cat-|gen-|num-|pers-|case-|vib-|tam-|chunkId-NP2|chunkType-head|stype-|voicetype-	19	k1	_	_
18	Narula	'	nnp	NNP	cat-|gen-|num-|pers-|case-|vib-|tam-|chunkId-Aki|chunkType-child|stype-|voicetype-	17	child	_	_
19	was	be	v	VBD	cat-v|gen-m|num-s|pers-1|case-0|vib-|tam-|chunkId-VG|chunkType-head|stype-|voicetype-	21	vmod	_	_
20	bound	bound	adj	JJ	cat-adj|gen-m|num-s|pers-3|case-0|vib-|tam-|chunkId-ADJP|chunkType-head|stype-|voicetype-	19	k1s	_	_
21	to	to	p	TO	cat-p|gen-m|num-s|pers-3|case-0|vib-|tam-|chunkId-VG2|chunkType-head|stype-|voicetype-	0	root	_	_
22	reply	reply	v	VB	cat-v|gen-m|num-p|pers-3|case-0|vib-|tam-|chunkId-to|chunkType-child|stype-|voicetype-	21	child	_	_
23	.	.	punc	SYM	cat-punc|gen-n|num-s|pers-3|case-0|vib-|tam-|chunkId-to|chunkType-child|stype-|voicetype-	21	child	_	_

1	So	so	D	RB	cat-D|gen-m|num-s|pers-3|case-0|vib-|tam-|chunkId-ADVP|chunkType-head|stype-|voicetype-	4	sent-adv	_	_
2	he	he	P	PRP	cat-P|gen-m|num-s|pers-3|case-0|vib-|tam-|chunkId-NP|chunkType-head|stype-|voicetype-	4	k1	_	_
3	too	too	D	RB	cat-D|gen-m|num-s|pers-3|case-0|vib-|tam-|chunkId-he|chunkType-child|stype-|voicetype-	2	child	_	_
4	called	call	v	VBD	cat-v|gen-m|num-s|pers-3|case-0|vib-|tam-|chunkId-VG|chunkType-head|stype-|voicetype-	11	ccof	_	_
5	up	up	particle	RP	cat-particle|gen-m|num-s|pers-3|case-0|vib-|tam-|chunkId-PRT|chunkType-head|stype-|voicetype-	4	pof	_	_
6	the	the	det	DT	cat-det|gen-m|num-s|pers-3|case-0|vib-|tam-|chunkId-NP2|chunkType-head|stype-|voicetype-	4	k2	_	_
7	press	press	n	NN	cat-n|gen-m|num-s|pers-3|case-0|vib-|tam-|chunkId-the|chunkType-child|stype-|voicetype-	6	child	_	_
8	in	in	p	IN	cat-p|gen-m|num-s|pers-3|case-0|vib-|tam-|chunkId-PP|chunkType-head|stype-|voicetype-	4	k7t	_	_
9	the	the	det	DT	cat-det|gen-m|num-s|pers-3|case-0|vib-|tam-|chunkId-in|chunkType-child|stype-|voicetype-	8	child	_	_
10	afternoon	afternoon	n	NN	cat-n|gen-m|num-s|pers-3|case-0|vib-|tam-|chunkId-in|chunkType-child|stype-|voicetype-	8	child	_	_
11	and	and	Conj	CC	cat-Conj|gen-m|num-s|pers-3|case-0|vib-|tam-|chunkId-CCP|chunkType-head|stype-|voicetype-	0	root	_	_
12	said	say	v	VBD	cat-v|gen-m|num-s|pers-3|case-0|vib-|tam-|chunkId-VG2|chunkType-head|stype-|voicetype-	11	ccof	_	_
13	it	it	P	PRP	cat-P|gen-m|num-s|pers-3|case-0|vib-|tam-|chunkId-NP4|chunkType-head|stype-|voicetype-	12	k2	_	_
14	clearly	clearly	D	RB	cat-D|gen-m|num-s|pers-3|case-0|vib-|tam-|chunkId-ADVP2|chunkType-head|stype-|voicetype-	12	adv	_	_
15	:	'	sym	SYM	cat-|gen-|num-|pers-|case-|vib-|tam-|chunkId-clearly|chunkType-child|stype-|voicetype-	14	child	_	_
16	Yes	yes	I	UH	cat-I|gen-m|num-s|pers-3|case-0|vib-|tam-|chunkId-INTJ|chunkType-head|stype-|voicetype-	19	adv	_	_
17	,	comma	punc	SYM	cat-punc|gen-n|num-s|pers-3|case-0|vib-|tam-|chunkId-Yes|chunkType-child|stype-|voicetype-	16	child	_	_
18	I	I	P	PRP	cat-P|gen-m|num-s|pers-1|case-0|vib-|tam-|chunkId-NP5|chunkType-head|stype-|voicetype-	19	k1	_	_
19	have	have	v	VBP	cat-v|gen-m|num-s|pers-3|case-0|vib-|tam-|chunkId-VG3|chunkType-head|stype-|voicetype-	12	k2	_	_
20	not	not	D	RB	cat-D|gen-m|num-s|pers-3|case-0|vib-|tam-|chunkId-have|chunkType-child|stype-|voicetype-	19	child	_	_
21	designed	design	v	VBN	cat-v|gen-m|num-s|pers-3|case-0|vib-|tam-|chunkId-have|chunkType-child|stype-|voicetype-	19	child	_	_
22	this	this	det	DT	cat-det|gen-m|num-s|pers-3|case-0|vib-|tam-|chunkId-NP6|chunkType-head|stype-|voicetype-	19	k2	_	_
23	outfit	outfit	n	NN	cat-n|gen-m|num-s|pers-3|case-0|vib-|tam-|chunkId-this|chunkType-child|stype-|voicetype-	22	child	_	_
24	myself	myself	P	PRP	cat-P|gen-m|num-s|pers-1|case-0|vib-|tam-|chunkId-NP7|chunkType-head|stype-|voicetype-	18	nmod__emph	_	_
25	.	.	punc	SYM	cat-punc|gen-n|num-s|pers-3|case-0|vib-|tam-|chunkId-myself|chunkType-child|stype-|voicetype-	24	child	_	_

1	Infact	'	rb	RB	cat-|gen-|num-|pers-|case-|vib-|tam-|chunkId-ADVP|chunkType-head|stype-|voicetype-	3	sent-adv	_	_
2	he	he	P	PRP	cat-P|gen-m|num-s|pers-3|case-0|vib-|tam-|chunkId-NP|chunkType-head|stype-|voicetype-	3	k1	_	_
3	had	have	v	VBD	cat-v|gen-m|num-s|pers-3|case-0|vib-|tam-|chunkId-VG|chunkType-head|stype-|voicetype-	0	root	_	_
4	bought	buy	v	VBN	cat-v|gen-m|num-s|pers-3|case-0|vib-|tam-|chunkId-had|chunkType-child|stype-|voicetype-	3	child	_	_
5	it	it	P	PRP	cat-P|gen-m|num-s|pers-3|case-0|vib-|tam-|chunkId-NP2|chunkType-head|stype-|voicetype-	3	k2	_	_
6	from	from	p	IN	cat-p|gen-m|num-s|pers-3|case-0|vib-|tam-|chunkId-PP|chunkType-head|stype-|voicetype-	3	k7p	_	_
7	a	a	det	DT	cat-det|gen-m|num-s|pers-3|case-0|vib-|tam-|chunkId-from|chunkType-child|stype-|voicetype-	6	child	_	_
8	mumbai	'	jj	JJ	cat-|gen-|num-|pers-|case-|vib-|tam-|chunkId-from|chunkType-child|stype-|voicetype-	6	child	_	_
9	shop	shop	n	JJ	cat-n|gen-m|num-s|pers-3|case-0|vib-|tam-|chunkId-from|chunkType-child|stype-|voicetype-	6	child	_	_
10	'	'	sym	SYM	cat-|gen-|num-|pers-|case-|vib-|tam-|chunkId-from|chunkType-child|stype-|voicetype-	6	child	_	_
11	Options	option	n	NNPS	cat-n|gen-m|num-p|pers-3|case-0|vib-|tam-|chunkId-from|chunkType-child|stype-|voicetype-	6	child	_	_
12	'	comma	punc	SYM	cat-punc|gen-n|num-s|pers-3|case-0|vib-|tam-|chunkId-from|chunkType-child|stype-|voicetype-	6	child	_	_
13	for	for	p	IN	cat-p|gen-m|num-s|pers-3|case-0|vib-|tam-|chunkId-PP2|chunkType-head|stype-|voicetype-	3	vmod	_	_
14	8,000	'	cd	CD	cat-|gen-|num-|pers-|case-|vib-|tam-|chunkId-for|chunkType-child|stype-|voicetype-	13	child	_	_
15	rupees	rupee	n	NNS	cat-n|gen-m|num-p|pers-3|case-0|vib-|tam-|chunkId-for|chunkType-child|stype-|voicetype-	13	child	_	_
16	.	.	punc	SYM	cat-punc|gen-n|num-s|pers-3|case-0|vib-|tam-|chunkId-for|chunkType-child|stype-|voicetype-	13	child	_	_

1	He	he	P	PRP	cat-P|gen-m|num-s|pers-3|case-0|vib-|tam-|chunkId-NP|chunkType-head|stype-|voicetype-	2	k1	_	_
2	said	say	v	VBD	cat-v|gen-m|num-s|pers-3|case-0|vib-|tam-|chunkId-VG|chunkType-head|stype-|voicetype-	0	root	_	_
3	:	'	sym	SYM	cat-|gen-|num-|pers-|case-|vib-|tam-|chunkId-said|chunkType-child|stype-|voicetype-	2	child	_	_
4	Actually	actually	D	RB	cat-D|gen-m|num-s|pers-3|case-0|vib-|tam-|chunkId-ADVP|chunkType-head|stype-|voicetype-	6	sent-adv	_	_
5	I	I	P	PRP	cat-P|gen-m|num-s|pers-1|case-0|vib-|tam-|chunkId-NP2|chunkType-head|stype-|voicetype-	6	k1	_	_
6	had	have	v	VBD	cat-v|gen-m|num-s|pers-3|case-0|vib-|tam-|chunkId-VG2|chunkType-head|stype-|voicetype-	2	k2	_	_
7	seen	see	v	VBN	cat-v|gen-m|num-s|pers-3|case-0|vib-|tam-|chunkId-had|chunkType-child|stype-|voicetype-	6	child	_	_
8	it	it	P	PRP	cat-P|gen-m|num-s|pers-3|case-0|vib-|tam-|chunkId-NP3|chunkType-head|stype-|voicetype-	6	k2	_	_
9	worn	worn	v	VBN	cat-v|gen-m|num-s|pers-3|case-0|vib-|tam-|chunkId-VG3|chunkType-head|stype-|voicetype-	8	nmod	_	_
10	by	by	p	IN	cat-p|gen-m|num-s|pers-3|case-0|vib-|tam-|chunkId-PP|chunkType-head|stype-|voicetype-	9	k1	_	_
11	Rani	rani	n	NNP	cat-n|gen-m|num-s|pers-3|case-0|vib-|tam-|chunkId-by|chunkType-child|stype-|voicetype-	10	child	_	_
12	Mukherjee	'	nnp	NNP	cat-|gen-|num-|pers-|case-|vib-|tam-|chunkId-by|chunkType-child|stype-|voicetype-	10	child	_	_
13	in	in	p	IN	cat-p|gen-m|num-s|pers-3|case-0|vib-|tam-|chunkId-PP2|chunkType-head|stype-|voicetype-	6	k7p	_	_
14	a	a	det	DT	cat-det|gen-m|num-s|pers-3|case-0|vib-|tam-|chunkId-in|chunkType-child|stype-|voicetype-	13	child	_	_
15	magazine	magazine	n	NN	cat-n|gen-m|num-s|pers-3|case-0|vib-|tam-|chunkId-in|chunkType-child|stype-|voicetype-	13	child	_	_
16	for	for	p	IN	cat-p|gen-m|num-s|pers-3|case-0|vib-|tam-|chunkId-PP3|chunkType-head|stype-|voicetype-	9	rt	_	_
17	the	the	det	DT	cat-det|gen-m|num-s|pers-3|case-0|vib-|tam-|chunkId-for|chunkType-child|stype-|voicetype-	16	child	_	_
18	promotion	promotion	n	NN	cat-n|gen-m|num-s|pers-3|case-0|vib-|tam-|chunkId-for|chunkType-child|stype-|voicetype-	16	child	_	_
19	of	of	p	IN	cat-p|gen-m|num-s|pers-3|case-0|vib-|tam-|chunkId-PP4|chunkType-head|stype-|voicetype-	16	r6	_	_
20	a	a	det	DT	cat-det|gen-m|num-s|pers-3|case-0|vib-|tam-|chunkId-of|chunkType-child|stype-|voicetype-	19	child	_	_
21	film	film	n	NN	cat-n|gen-m|num-s|pers-3|case-0|vib-|tam-|chunkId-of|chunkType-child|stype-|voicetype-	19	child	_	_
22	.	.	punc	SYM	cat-punc|gen-n|num-s|pers-3|case-0|vib-|tam-|chunkId-of|chunkType-child|stype-|voicetype-	19	child	_	_

1	So	so	D	RB	cat-D|gen-m|num-s|pers-3|case-0|vib-|tam-|chunkId-ADVP|chunkType-head|stype-|voicetype-	3	sent-adv	_	_
2	he	he	P	PRP	cat-P|gen-m|num-s|pers-3|case-0|vib-|tam-|chunkId-NP|chunkType-head|stype-|voicetype-	3	k1	_	_
3	called	call	v	VBD	cat-v|gen-m|num-s|pers-3|case-0|vib-|tam-|chunkId-VG|chunkType-head|stype-|voicetype-	0	root	_	_
4	up	up	particle	RP	cat-particle|gen-m|num-s|pers-3|case-0|vib-|tam-|chunkId-PRT|chunkType-head|stype-|voicetype-	3	pof	_	_
5	the	the	det	DT	cat-det|gen-m|num-s|pers-3|case-0|vib-|tam-|chunkId-NP2|chunkType-head|stype-|voicetype-	3	k2	_	_
6	press	press	n	NN	cat-n|gen-m|num-s|pers-3|case-0|vib-|tam-|chunkId-the|chunkType-child|stype-|voicetype-	5	child	_	_
7	to	to	p	TO	cat-p|gen-m|num-s|pers-3|case-0|vib-|tam-|chunkId-VG2|chunkType-head|stype-|voicetype-	3	rt	_	_
8	make	make	v	VB	cat-v|gen-m|num-s|pers-3|case-0|vib-|tam-|chunkId-to|chunkType-child|stype-|voicetype-	7	child	_	_
9	the	the	det	DT	cat-det|gen-m|num-s|pers-3|case-0|vib-|tam-|chunkId-NP3|chunkType-head|stype-|voicetype-	7	k2	_	_
10	charge	charge	n	NN	cat-n|gen-m|num-s|pers-3|case-0|vib-|tam-|chunkId-the2|chunkType-child|stype-|voicetype-	9	child	_	_
11	.	.	punc	SYM	cat-punc|gen-n|num-s|pers-3|case-0|vib-|tam-|chunkId-the2|chunkType-child|stype-|voicetype-	9	child	_	_

1	Sunit	'	nnp	NNP	cat-|gen-|num-|pers-|case-|vib-|tam-|chunkId-NP|chunkType-head|stype-|voicetype-	2	k1	_	_
2	presented	present	v	VBD	cat-v|gen-m|num-s|pers-3|case-0|vib-|tam-|chunkId-VG|chunkType-head|stype-|voicetype-	0	root	_	_
3	two	two	num	CD	cat-num|gen-m|num-s|pers-3|case-0|vib-|tam-|chunkId-NP2|chunkType-head|stype-|voicetype-	2	k2	_	_
4	photographs	photograph	n	NNS	cat-n|gen-m|num-p|pers-3|case-0|vib-|tam-|chunkId-two|chunkType-child|stype-|voicetype-	3	child	_	_
5	as	as	p	IN	cat-p|gen-m|num-s|pers-3|case-0|vib-|tam-|chunkId-PP|chunkType-head|stype-|voicetype-	2	vmod	_	_
6	evidence	evidence	n	NN	cat-n|gen-m|num-s|pers-3|case-0|vib-|tam-|chunkId-as|chunkType-child|stype-|voicetype-	5	child	_	_
7	,	comma	punc	SYM	cat-punc|gen-n|num-s|pers-3|case-0|vib-|tam-|chunkId-as|chunkType-child|stype-|voicetype-	5	child	_	_
8	in	in	p	IN	cat-p|gen-m|num-s|pers-3|case-0|vib-|tam-|chunkId-PP2|chunkType-head|stype-|voicetype-	11	k7	_	_
9	which	which	det	WDT	cat-det|gen-m|num-s|pers-3|case-0|vib-|tam-|chunkId-in|chunkType-child|stype-|voicetype-	8	child	_	_
10	Rani	rani	n	NNP	cat-n|gen-m|num-s|pers-3|case-0|vib-|tam-|chunkId-NP5|chunkType-head|stype-|voicetype-	11	k1	_	_
11	is	be	v	VBZ	cat-v|gen-m|num-s|pers-3|case-0|vib-|tam-|chunkId-VG2|chunkType-head|stype-|voicetype-	3	nmod__relc	_	_
12	wearing	wear	v	VBG	cat-v|gen-m|num-s|pers-3|case-0|vib-|tam-|chunkId-is|chunkType-child|stype-|voicetype-	11	child	_	_
13	a	a	det	DT	cat-det|gen-m|num-s|pers-3|case-0|vib-|tam-|chunkId-NP6|chunkType-head|stype-|voicetype-	18	ccof	_	_
14	light	light	adj	JJ	cat-adj|gen-m|num-s|pers-3|case-0|vib-|tam-|chunkId-a|chunkType-child|stype-|voicetype-	13	child	_	_
15	blue	blue	n	NN	cat-n|gen-m|num-s|pers-3|case-0|vib-|tam-|chunkId-a|chunkType-child|stype-|voicetype-	13	child	_	_
16	colored	colour	v	VBN	cat-v|gen-m|num-s|pers-3|case-0|vib-|tam-|chunkId-a|chunkType-child|stype-|voicetype-	13	child	_	_
17	top	top	n	NN	cat-n|gen-m|num-s|pers-3|case-0|vib-|tam-|chunkId-a|chunkType-child|stype-|voicetype-	13	child	_	_
18	and	and	Conj	CC	cat-Conj|gen-m|num-s|pers-3|case-0|vib-|tam-|chunkId-CCP|chunkType-head|stype-|voicetype-	11	k2	_	_
19	embroidered	embroider	v	VBN	cat-v|gen-m|num-s|pers-3|case-0|vib-|tam-|chunkId-NP7|chunkType-head|stype-|voicetype-	18	ccof	_	_
20	trousers	trousers	n	NNS	cat-n|gen-m|num-p|pers-3|case-0|vib-|tam-|chunkId-embroidered|chunkType-child|stype-|voicetype-	19	child	_	_
21	.	.	punc	SYM	cat-punc|gen-n|num-s|pers-3|case-0|vib-|tam-|chunkId-embroidered|chunkType-child|stype-|voicetype-	19	child	_	_

1	In	in	p	IN	cat-p|gen-m|num-s|pers-3|case-0|vib-|tam-|chunkId-PP|chunkType-head|stype-|voicetype-	7	k7	_	_
2	the	the	det	DT	cat-det|gen-m|num-s|pers-3|case-0|vib-|tam-|chunkId-In|chunkType-child|stype-|voicetype-	1	child	_	_
3	second	second	adj	JJ	cat-adj|gen-m|num-s|pers-3|case-0|vib-|tam-|chunkId-In|chunkType-child|stype-|voicetype-	1	child	_	_
4	photo	photo	n	NN	cat-n|gen-m|num-s|pers-3|case-0|vib-|tam-|chunkId-In|chunkType-child|stype-|voicetype-	1	child	_	_
5	a	a	det	DT	cat-det|gen-m|num-s|pers-3|case-0|vib-|tam-|chunkId-NP2|chunkType-head|stype-|voicetype-	7	k1	_	_
6	model	model	n	NN	cat-n|gen-m|num-s|pers-3|case-0|vib-|tam-|chunkId-a|chunkType-child|stype-|voicetype-	5	child	_	_
7	was	be	v	VBD	cat-v|gen-m|num-s|pers-1|case-0|vib-|tam-|chunkId-VG|chunkType-head|stype-|voicetype-	12	ccof	_	_
8	wearing	wear	v	VBG	cat-v|gen-m|num-s|pers-3|case-0|vib-|tam-|chunkId-was|chunkType-child|stype-|voicetype-	7	child	_	_
9	the	the	det	DT	cat-det|gen-m|num-s|pers-3|case-0|vib-|tam-|chunkId-NP3|chunkType-head|stype-|voicetype-	7	k2	_	_
10	same	same	adj	JJ	cat-adj|gen-m|num-s|pers-3|case-0|vib-|tam-|chunkId-the2|chunkType-child|stype-|voicetype-	9	child	_	_
11	outfit	outfit	n	NN	cat-n|gen-m|num-s|pers-3|case-0|vib-|tam-|chunkId-the2|chunkType-child|stype-|voicetype-	9	child	_	_
12	and	and	Conj	CC	cat-Conj|gen-m|num-s|pers-3|case-0|vib-|tam-|chunkId-CCP|chunkType-head|stype-|voicetype-	0	root	_	_
13	according	according	p	IN	cat-p|gen-m|num-s|pers-3|case-0|vib-|tam-|chunkId-PP2|chunkType-head|stype-|voicetype-	17	k7	_	_
14	to	to	p	TO	cat-p|gen-m|num-s|pers-3|case-0|vib-|tam-|chunkId-according|chunkType-child|stype-|voicetype-	13	child	_	_
15	Sunit	'	nnp	NNP	cat-|gen-|num-|pers-|case-|vib-|tam-|chunkId-according|chunkType-child|stype-|voicetype-	13	child	_	_
16	he	he	P	PRP	cat-P|gen-m|num-s|pers-3|case-0|vib-|tam-|chunkId-NP5|chunkType-head|stype-|voicetype-	17	k1	_	_
17	had	have	v	VBD	cat-v|gen-m|num-s|pers-3|case-0|vib-|tam-|chunkId-VG2|chunkType-head|stype-|voicetype-	12	ccof	_	_
18	'	'	sym	SYM	cat-|gen-|num-|pers-|case-|vib-|tam-|chunkId-had|chunkType-child|stype-|voicetype-	17	child	_	_
19	Oked	ok	v	JJ	cat-v|gen-m|num-s|pers-3|case-0|vib-|tam-|chunkId-had|chunkType-child|stype-|voicetype-	17	child	_	_
20	'	comma	punc	SYM	cat-punc|gen-n|num-s|pers-3|case-0|vib-|tam-|chunkId-had|chunkType-child|stype-|voicetype-	17	child	_	_
21	this	this	det	DT	cat-det|gen-m|num-s|pers-3|case-0|vib-|tam-|chunkId-NP6|chunkType-head|stype-|voicetype-	17	k2	_	_
22	.	.	punc	SYM	cat-punc|gen-n|num-s|pers-3|case-0|vib-|tam-|chunkId-this|chunkType-child|stype-|voicetype-	21	child	_	_

1	Shantanu	'	nnp	NNP	cat-|gen-|num-|pers-|case-|vib-|tam-|chunkId-NP|chunkType-head|stype-|voicetype-	3	ccof	_	_
2	Goenka	'	nnp	NNP	cat-|gen-|num-|pers-|case-|vib-|tam-|chunkId-Shantanu|chunkType-child|stype-|voicetype-	1	child	_	_
3	and	and	Conj	CC	cat-Conj|gen-m|num-s|pers-3|case-0|vib-|tam-|chunkId-CCP|chunkType-head|stype-|voicetype-	8	k1	_	_
4	Tarun	'	nnp	NNP	cat-|gen-|num-|pers-|case-|vib-|tam-|chunkId-NP2|chunkType-head|stype-|voicetype-	3	ccof	_	_
5	Tahliani	'	nnp	NNP	cat-|gen-|num-|pers-|case-|vib-|tam-|chunkId-Tarun|chunkType-child|stype-|voicetype-	4	child	_	_
6	's	'	pos	POS	cat-|gen-|num-|pers-|case-|vib-|tam-|chunkId-Tarun|chunkType-child|stype-|voicetype-	4	child	_	_
7	controversy	controversy	n	NN	cat-n|gen-m|num-s|pers-3|case-0|vib-|tam-|chunkId-Tarun|chunkType-child|stype-|voicetype-	4	child	_	_
8	is	be	v	VBZ	cat-v|gen-m|num-s|pers-3|case-0|vib-|tam-|chunkId-VG|chunkType-head|stype-|voicetype-	0	root	_	_
9	also	also	D	RB	cat-D|gen-m|num-s|pers-3|case-0|vib-|tam-|chunkId-is|chunkType-child|stype-|voicetype-	8	child	_	_
10	similar	similar	adj	JJ	cat-adj|gen-m|num-s|pers-3|case-0|vib-|tam-|chunkId-ADJP|chunkType-head|stype-|voicetype-	8	k1s	_	_
11	.	.	punc	SYM	cat-punc|gen-n|num-s|pers-3|case-0|vib-|tam-|chunkId-similar|chunkType-child|stype-|voicetype-	10	child	_	_

1	Tarun	'	nn	NN	cat-|gen-|num-|pers-|case-|vib-|tam-|chunkId-NP|chunkType-head|stype-|voicetype-	3	k1	_	_
2	tahliani	'	nns	NNS	cat-|gen-|num-|pers-|case-|vib-|tam-|chunkId-Tarun|chunkType-child|stype-|voicetype-	1	child	_	_
3	is	be	v	VBZ	cat-v|gen-m|num-s|pers-3|case-0|vib-|tam-|chunkId-VG|chunkType-head|stype-|voicetype-	0	root	_	_
4	a	a	det	DT	cat-det|gen-m|num-s|pers-3|case-0|vib-|tam-|chunkId-NP2|chunkType-head|stype-|voicetype-	3	k1s	_	_
5	famous	famous	D	JJ	cat-D|gen-m|num-s|pers-3|case-0|vib-|tam-|chunkId-a|chunkType-child|stype-|voicetype-	4	child	_	_
6	name	name	n	NN	cat-n|gen-m|num-s|pers-3|case-0|vib-|tam-|chunkId-a|chunkType-child|stype-|voicetype-	4	child	_	_
7	in	in	p	IN	cat-p|gen-m|num-s|pers-3|case-0|vib-|tam-|chunkId-PP|chunkType-head|stype-|voicetype-	3	k7	_	_
8	the	the	det	DT	cat-det|gen-m|num-s|pers-3|case-0|vib-|tam-|chunkId-in|chunkType-child|stype-|voicetype-	7	child	_	_
9	fashion	fashion	n	NN	cat-n|gen-m|num-s|pers-3|case-0|vib-|tam-|chunkId-in|chunkType-child|stype-|voicetype-	7	child	_	_
10	world	world	n	NN	cat-n|gen-m|num-s|pers-3|case-0|vib-|tam-|chunkId-in|chunkType-child|stype-|voicetype-	7	child	_	_
11	.	.	punc	SYM	cat-punc|gen-n|num-s|pers-3|case-0|vib-|tam-|chunkId-in|chunkType-child|stype-|voicetype-	7	child	_	_

1	All	all	det	DT	cat-det|gen-m|num-s|pers-3|case-0|vib-|tam-|chunkId-ADVP|chunkType-head|stype-|voicetype-	9	adv	_	_
2	of	of	p	IN	cat-p|gen-m|num-s|pers-3|case-0|vib-|tam-|chunkId-All|chunkType-child|stype-|voicetype-	1	child	_	_
3	a	a	det	DT	cat-det|gen-m|num-s|pers-3|case-0|vib-|tam-|chunkId-All|chunkType-child|stype-|voicetype-	1	child	_	_
4	sudden	sudden	adj	JJ	cat-adj|gen-m|num-s|pers-3|case-0|vib-|tam-|chunkId-All|chunkType-child|stype-|voicetype-	1	child	_	_
5	on	on	p	IN	cat-p|gen-m|num-s|pers-3|case-0|vib-|tam-|chunkId-PP|chunkType-head|stype-|voicetype-	9	k7t	_	_
6	Sunday	sunday	n	NNP	cat-n|gen-m|num-s|pers-3|case-0|vib-|tam-|chunkId-on|chunkType-child|stype-|voicetype-	5	child	_	_
7	his	he	P	PRP$	cat-P|gen-m|num-s|pers-3|case-0|vib-|tam-|chunkId-NP2|chunkType-head|stype-|voicetype-	9	k1	_	_
8	mobile	mobile	adj	JJ	cat-adj|gen-m|num-s|pers-3|case-0|vib-|tam-|chunkId-his|chunkType-child|stype-|voicetype-	7	child	_	_
9	started	start	v	VBD	cat-v|gen-m|num-s|pers-3|case-0|vib-|tam-|chunkId-VG|chunkType-head|stype-|voicetype-	0	root	_	_
10	ringing	ring	v	VBG	cat-v|gen-m|num-s|pers-3|case-0|vib-|tam-|chunkId-started|chunkType-child|stype-|voicetype-	9	child	_	_
11	non-stop	non-stop	D	RB	cat-D|gen-m|num-s|pers-3|case-0|vib-|tam-|chunkId-ADVP2|chunkType-head|stype-|voicetype-	9	adv	_	_
12	.	.	punc	SYM	cat-punc|gen-n|num-s|pers-3|case-0|vib-|tam-|chunkId-non-stop|chunkType-child|stype-|voicetype-	11	child	_	_

1	The	the	det	DT	cat-det|gen-m|num-s|pers-3|case-0|vib-|tam-|chunkId-NP|chunkType-head|stype-|voicetype-	0	root	_	_
2	reason	reason	n	NN	cat-n|gen-m|num-s|pers-3|case-0|vib-|tam-|chunkId-The|chunkType-child|stype-|voicetype-	1	child	_	_
3	:	'	sym	SYM	cat-|gen-|num-|pers-|case-|vib-|tam-|chunkId-The|chunkType-child|stype-|voicetype-	1	child	_	_
4	people	people	n	NNS	cat-n|gen-m|num-p|pers-3|case-0|vib-|tam-|chunkId-NP2|chunkType-head|stype-|voicetype-	5	k1	_	_
5	told	tell	v	VBD	cat-v|gen-m|num-s|pers-3|case-0|vib-|tam-|chunkId-VG|chunkType-head|stype-|voicetype-	1	rs	_	_
6	him	he	P	PRP	cat-P|gen-m|num-s|pers-3|case-0|vib-|tam-|chunkId-NP3|chunkType-head|stype-|voicetype-	5	k4	_	_
7	that	that	Comp	IN	cat-Comp|gen-m|num-s|pers-3|case-0|vib-|tam-|chunkId-CCP|chunkType-head|stype-|voicetype-	5	k2	_	_
8	Shantanu	'	nnp	NNP	cat-|gen-|num-|pers-|case-|vib-|tam-|chunkId-NP4|chunkType-head|stype-|voicetype-	10	k1	_	_
9	Goenka	'	nnp	NNP	cat-|gen-|num-|pers-|case-|vib-|tam-|chunkId-Shantanu|chunkType-child|stype-|voicetype-	8	child	_	_
10	had	have	v	VBD	cat-v|gen-m|num-s|pers-3|case-0|vib-|tam-|chunkId-VG2|chunkType-head|stype-|voicetype-	7	ccof	_	_
11	copied	copy	v	VBN	cat-v|gen-m|num-s|pers-3|case-0|vib-|tam-|chunkId-had|chunkType-child|stype-|voicetype-	10	child	_	_
12	his	he	P	PRP$	cat-P|gen-m|num-s|pers-3|case-0|vib-|tam-|chunkId-NP5|chunkType-head|stype-|voicetype-	10	k2	_	_
13	digital	digital	adj	JJ	cat-adj|gen-m|num-s|pers-3|case-0|vib-|tam-|chunkId-his|chunkType-child|stype-|voicetype-	12	child	_	_
14	print	print	n	NN	cat-n|gen-m|num-s|pers-3|case-0|vib-|tam-|chunkId-his|chunkType-child|stype-|voicetype-	12	child	_	_
15	T	t	n	NNS	cat-n|gen-m|num-s|pers-3|case-0|vib-|tam-|chunkId-his|chunkType-child|stype-|voicetype-	12	child	_	_
16	.	.	punc	SYM	cat-punc|gen-n|num-s|pers-3|case-0|vib-|tam-|chunkId-his|chunkType-child|stype-|voicetype-	12	child	_	_

1	We	I	P	PRP	cat-P|gen-m|num-p|pers-1|case-0|vib-|tam-|chunkId-NP|chunkType-head|stype-|voicetype-	2	k1	_	_
2	should	should	v	MD	cat-v|gen-m|num-s|pers-3|case-0|vib-|tam-|chunkId-VG|chunkType-head|stype-|voicetype-	0	root	_	_
3	mention	mention	v	VB	cat-v|gen-m|num-s|pers-3|case-0|vib-|tam-|chunkId-should|chunkType-child|stype-|voicetype-	2	child	_	_
4	here	here	D	RB	cat-D|gen-m|num-s|pers-3|case-0|vib-|tam-|chunkId-ADVP|chunkType-head|stype-|voicetype-	2	k7	_	_
5	that	that	Comp	IN	cat-Comp|gen-m|num-s|pers-3|case-0|vib-|tam-|chunkId-CCP|chunkType-head|stype-|voicetype-	2	k2	_	_
6	Shantanu	'	nnp	NNP	cat-|gen-|num-|pers-|case-|vib-|tam-|chunkId-NP2|chunkType-head|stype-|voicetype-	8	k1	_	_
7	Goenka	'	nnp	NNP	cat-|gen-|num-|pers-|case-|vib-|tam-|chunkId-Shantanu|chunkType-child|stype-|voicetype-	6	child	_	_
8	is	be	v	VBZ	cat-v|gen-m|num-s|pers-3|case-0|vib-|tam-|chunkId-VG2|chunkType-head|stype-|voicetype-	13	ccof	_	_
9	an	an	det	DT	cat-det|gen-m|num-s|pers-3|case-0|vib-|tam-|chunkId-NP3|chunkType-head|stype-|voicetype-	8	k1s	_	_
10	upcoming	'	jj	JJ	cat-|gen-|num-|pers-|case-|vib-|tam-|chunkId-an|chunkType-child|stype-|voicetype-	9	child	_	_
11	fashion	fashion	n	NN	cat-n|gen-m|num-s|pers-3|case-0|vib-|tam-|chunkId-an|chunkType-child|stype-|voicetype-	9	child	_	_
12	designer	designer	n	NN	cat-n|gen-m|num-s|pers-3|case-0|vib-|tam-|chunkId-an|chunkType-child|stype-|voicetype-	9	child	_	_
13	and	and	Conj	CC	cat-Conj|gen-m|num-s|pers-3|case-0|vib-|tam-|chunkId-CCP2|chunkType-head|stype-|voicetype-	5	ccof	_	_
14	has	have	v	VBZ	cat-v|gen-m|num-s|pers-3|case-0|vib-|tam-|chunkId-VG3|chunkType-head|stype-|voicetype-	13	ccof	_	_
15	started	start	v	VBN	cat-v|gen-m|num-s|pers-3|case-0|vib-|tam-|chunkId-has|chunkType-child|stype-|voicetype-	14	child	_	_
16	out	out	particle	RP	cat-particle|gen-m|num-s|pers-3|case-0|vib-|tam-|chunkId-PRT|chunkType-head|stype-|voicetype-	14	pof	_	_
17	with	with	p	IN	cat-p|gen-m|num-s|pers-3|case-0|vib-|tam-|chunkId-NP4|chunkType-head|stype-|voicetype-	14	ras-k1	_	_
18	this	this	det	DT	cat-det|gen-m|num-s|pers-3|case-0|vib-|tam-|chunkId-with|chunkType-child|stype-|voicetype-	17	child	_	_
19	year	year	n	NN	cat-n|gen-m|num-s|pers-3|case-0|vib-|tam-|chunkId-with|chunkType-child|stype-|voicetype-	17	child	_	_
20	's	'	pos	POS	cat-|gen-|num-|pers-|case-|vib-|tam-|chunkId-with|chunkType-child|stype-|voicetype-	17	child	_	_
21	Lakme	'	nnp	NNP	cat-|gen-|num-|pers-|case-|vib-|tam-|chunkId-with|chunkType-child|stype-|voicetype-	17	child	_	_
22	India	'	nnp	NNP	cat-|gen-|num-|pers-|case-|vib-|tam-|chunkId-with|chunkType-child|stype-|voicetype-	17	child	_	_
23	Fashion	fashion	n	NNP	cat-n|gen-m|num-s|pers-3|case-0|vib-|tam-|chunkId-with|chunkType-child|stype-|voicetype-	17	child	_	_
24	Week	week	n	NNP	cat-n|gen-m|num-s|pers-3|case-0|vib-|tam-|chunkId-with|chunkType-child|stype-|voicetype-	17	child	_	_
25	.	.	punc	SYM	cat-punc|gen-n|num-s|pers-3|case-0|vib-|tam-|chunkId-with|chunkType-child|stype-|voicetype-	17	child	_	_

1	He	he	P	PRP	cat-P|gen-m|num-s|pers-3|case-0|vib-|tam-|chunkId-NP|chunkType-head|stype-|voicetype-	2	k1	_	_
2	said	say	v	VBD	cat-v|gen-m|num-s|pers-3|case-0|vib-|tam-|chunkId-VG|chunkType-head|stype-|voicetype-	0	root	_	_
3	that	that	Comp	CC	cat-Comp|gen-m|num-s|pers-3|case-0|vib-|tam-|chunkId-CCP|chunkType-head|stype-|voicetype-	2	k2	_	_
4	there	there	ex	EX	cat-ex|gen-m|num-s|pers-3|case-0|vib-|tam-|chunkId-ADVP|chunkType-head|stype-|voicetype-	5	dummy	_	_
5	's	'	vbz	VBZ	cat-|gen-|num-|pers-|case-|vib-|tam-|chunkId-VG2|chunkType-head|stype-|voicetype-	3	ccof	_	_
6	a	a	det	DT	cat-det|gen-m|num-s|pers-3|case-0|vib-|tam-|chunkId-NP2|chunkType-head|stype-|voicetype-	5	k1	_	_
7	lot	lot	n	NN	cat-n|gen-m|num-s|pers-3|case-0|vib-|tam-|chunkId-a|chunkType-child|stype-|voicetype-	6	child	_	_
8	of	of	p	IN	cat-p|gen-m|num-s|pers-3|case-0|vib-|tam-|chunkId-a|chunkType-child|stype-|voicetype-	6	child	_	_
9	difference	difference	n	NN	cat-n|gen-m|num-s|pers-3|case-0|vib-|tam-|chunkId-a|chunkType-child|stype-|voicetype-	6	child	_	_
10	between	between	p	IN	cat-p|gen-m|num-s|pers-3|case-0|vib-|tam-|chunkId-PP|chunkType-head|stype-|voicetype-	12	ccof	_	_
11	his	he	P	PRP$	cat-P|gen-m|num-s|pers-3|case-0|vib-|tam-|chunkId-between|chunkType-child|stype-|voicetype-	10	child	_	_
12	and	and	Conj	CC	cat-Conj|gen-m|num-s|pers-3|case-0|vib-|tam-|chunkId-CCP2|chunkType-head|stype-|voicetype-	5	k7	_	_
13	Tarun	'	nnp	NNP	cat-|gen-|num-|pers-|case-|vib-|tam-|chunkId-NP5|chunkType-head|stype-|voicetype-	12	ccof	_	_
14	Tahliani	'	nnp	NNP	cat-|gen-|num-|pers-|case-|vib-|tam-|chunkId-Tarun|chunkType-child|stype-|voicetype-	13	child	_	_
15	's	'	pos	POS	cat-|gen-|num-|pers-|case-|vib-|tam-|chunkId-Tarun|chunkType-child|stype-|voicetype-	13	child	_	_
16	work	work	n	NN	cat-n|gen-m|num-s|pers-3|case-0|vib-|tam-|chunkId-Tarun|chunkType-child|stype-|voicetype-	13	child	_	_
17	.	.	punc	SYM	cat-punc|gen-n|num-s|pers-3|case-0|vib-|tam-|chunkId-Tarun|chunkType-child|stype-|voicetype-	13	child	_	_

1	Sahnatanu	'	nnp	NNP	cat-|gen-|num-|pers-|case-|vib-|tam-|chunkId-NP|chunkType-head|stype-|voicetype-	2	k1	_	_
2	said	say	v	VBD	cat-v|gen-m|num-s|pers-3|case-0|vib-|tam-|chunkId-VG|chunkType-head|stype-|voicetype-	0	root	_	_
3	that	that	Comp	CC	cat-Comp|gen-m|num-s|pers-3|case-0|vib-|tam-|chunkId-CCP|chunkType-head|stype-|voicetype-	2	k2	_	_
4	his	he	P	PRP$	cat-P|gen-m|num-s|pers-3|case-0|vib-|tam-|chunkId-NP2|chunkType-head|stype-|voicetype-	6	k1	_	_
5	line	line	n	NN	cat-n|gen-m|num-s|pers-3|case-0|vib-|tam-|chunkId-his|chunkType-child|stype-|voicetype-	4	child	_	_
6	has	have	v	VBZ	cat-v|gen-m|num-s|pers-3|case-0|vib-|tam-|chunkId-VG2|chunkType-head|stype-|voicetype-	15	ccof	_	_
7	been	be	v	VBN	cat-v|gen-m|num-s|pers-3|case-0|vib-|tam-|chunkId-has|chunkType-child|stype-|voicetype-	6	child	_	_
8	embroidered	embroider	v	VBN	cat-v|gen-m|num-s|pers-3|case-0|vib-|tam-|chunkId-has|chunkType-child|stype-|voicetype-	6	child	_	_
9	with	with	p	IN	cat-p|gen-m|num-s|pers-3|case-0|vib-|tam-|chunkId-PP|chunkType-head|stype-|voicetype-	6	k3	_	_
10	'	'	sym	SYM	cat-|gen-|num-|pers-|case-|vib-|tam-|chunkId-with|chunkType-child|stype-|voicetype-	9	child	_	_
11	crystal	crystal	n	NN	cat-n|gen-m|num-s|pers-3|case-0|vib-|tam-|chunkId-with|chunkType-child|stype-|voicetype-	9	child	_	_
12	work	work	n	NN	cat-n|gen-m|num-s|pers-3|case-0|vib-|tam-|chunkId-with|chunkType-child|stype-|voicetype-	9	child	_	_
13	'	comma	punc	SYM	cat-punc|gen-n|num-s|pers-3|case-0|vib-|tam-|chunkId-with|chunkType-child|stype-|voicetype-	9	child	_	_
14	,	comma	punc	SYM	cat-punc|gen-n|num-s|pers-3|case-0|vib-|tam-|chunkId-with|chunkType-child|stype-|voicetype-	9	child	_	_
15	whereas	whereas	Conj	IN	cat-Conj|gen-m|num-s|pers-3|case-0|vib-|tam-|chunkId-CCP2|chunkType-head|stype-|voicetype-	3	ccof	_	_
16	in	in	p	IN	cat-p|gen-m|num-s|pers-3|case-0|vib-|tam-|chunkId-PP2|chunkType-head|stype-|voicetype-	23	k7	_	_
17	Tarun	'	nnp	NNP	cat-|gen-|num-|pers-|case-|vib-|tam-|chunkId-in|chunkType-child|stype-|voicetype-	16	child	_	_
18	Tahliani	'	nnp	NNP	cat-|gen-|num-|pers-|case-|vib-|tam-|chunkId-in|chunkType-child|stype-|voicetype-	16	child	_	_
19	's	'	pos	POS	cat-|gen-|num-|pers-|case-|vib-|tam-|chunkId-in|chunkType-child|stype-|voicetype-	16	child	_	_
20	work	work	n	NN	cat-n|gen-m|num-s|pers-3|case-0|vib-|tam-|chunkId-in|chunkType-child|stype-|voicetype-	16	child	_	_
21	the	the	det	DT	cat-det|gen-m|num-s|pers-3|case-0|vib-|tam-|chunkId-NP5|chunkType-head|stype-|voicetype-	23	k1	_	_
22	emphasis	emphasis	n	NN	cat-n|gen-m|num-s|pers-3|case-0|vib-|tam-|chunkId-the|chunkType-child|stype-|voicetype-	21	child	_	_
23	has	have	v	VBZ	cat-v|gen-m|num-s|pers-3|case-0|vib-|tam-|chunkId-VG3|chunkType-head|stype-|voicetype-	15	ccof	_	_
24	been	be	v	VBN	cat-v|gen-m|num-s|pers-3|case-0|vib-|tam-|chunkId-has2|chunkType-child|stype-|voicetype-	23	child	_	_
25	on	on	p	IN	cat-p|gen-m|num-s|pers-3|case-0|vib-|tam-|chunkId-PP3|chunkType-head|stype-|voicetype-	23	k7	_	_
26	decoration	decoration	n	NN	cat-n|gen-m|num-s|pers-3|case-0|vib-|tam-|chunkId-on|chunkType-child|stype-|voicetype-	25	child	_	_
27	along	along	p	RB	cat-p|gen-m|num-s|pers-3|case-0|vib-|tam-|chunkId-PP4|chunkType-head|stype-|voicetype-	23	ras-k7	_	_
28	with	with	p	IN	cat-p|gen-m|num-s|pers-3|case-0|vib-|tam-|chunkId-along|chunkType-child|stype-|voicetype-	27	child	_	_
29	the	the	det	DT	cat-det|gen-m|num-s|pers-3|case-0|vib-|tam-|chunkId-along|chunkType-child|stype-|voicetype-	27	child	_	_
30	embroidery	embroidery	n	NN	cat-n|gen-m|num-s|pers-3|case-0|vib-|tam-|chunkId-along|chunkType-child|stype-|voicetype-	27	child	_	_
31	.	.	punc	SYM	cat-punc|gen-n|num-s|pers-3|case-0|vib-|tam-|chunkId-along|chunkType-child|stype-|voicetype-	27	child	_	_

1	Tarun	'	nnp	NNP	cat-|gen-|num-|pers-|case-|vib-|tam-|chunkId-NP|chunkType-head|stype-|voicetype-	2	k1	_	_
2	presented	present	v	VBD	cat-v|gen-m|num-s|pers-3|case-0|vib-|tam-|chunkId-VG|chunkType-head|stype-|voicetype-	0	root	_	_
3	the	the	det	DT	cat-det|gen-m|num-s|pers-3|case-0|vib-|tam-|chunkId-NP2|chunkType-head|stype-|voicetype-	2	k2	_	_
4	matter	matter	n	NN	cat-n|gen-m|num-s|pers-3|case-0|vib-|tam-|chunkId-the|chunkType-child|stype-|voicetype-	3	child	_	_
5	in	in	p	IN	cat-p|gen-m|num-s|pers-3|case-0|vib-|tam-|chunkId-PP|chunkType-head|stype-|voicetype-	2	adv	_	_
6	this	this	det	DT	cat-det|gen-m|num-s|pers-3|case-0|vib-|tam-|chunkId-in|chunkType-child|stype-|voicetype-	5	child	_	_
7	manner	manner	n	NN	cat-n|gen-m|num-s|pers-3|case-0|vib-|tam-|chunkId-in|chunkType-child|stype-|voicetype-	5	child	_	_
8	:	'	sym	SYM	cat-|gen-|num-|pers-|case-|vib-|tam-|chunkId-in|chunkType-child|stype-|voicetype-	5	child	_	_
9	Some	some	det	DT	cat-det|gen-m|num-s|pers-3|case-0|vib-|tam-|chunkId-NP4|chunkType-head|stype-|voicetype-	11	k1	_	_
10	people	people	n	NNS	cat-n|gen-m|num-p|pers-3|case-0|vib-|tam-|chunkId-Some|chunkType-child|stype-|voicetype-	9	child	_	_
11	told	tell	v	VBD	cat-v|gen-m|num-s|pers-3|case-0|vib-|tam-|chunkId-VG2|chunkType-head|stype-|voicetype-	5	nmod	_	_
12	me	I	P	PRP	cat-P|gen-m|num-s|pers-1|case-0|vib-|tam-|chunkId-NP5|chunkType-head|stype-|voicetype-	11	k4	_	_
13	that	that	Comp	CC	cat-Comp|gen-m|num-s|pers-3|case-0|vib-|tam-|chunkId-CCP|chunkType-head|stype-|voicetype-	11	k2	_	_
14	our	I	P	PRP$	cat-P|gen-m|num-p|pers-3|case-0|vib-|tam-|chunkId-NP6|chunkType-head|stype-|voicetype-	16	k1	_	_
15	work	work	n	NN	cat-n|gen-m|num-s|pers-3|case-0|vib-|tam-|chunkId-our|chunkType-child|stype-|voicetype-	14	child	_	_
16	is	be	v	VBZ	cat-v|gen-m|num-s|pers-3|case-0|vib-|tam-|chunkId-VG3|chunkType-head|stype-|voicetype-	13	ccof	_	_
17	very	very	D	RB	cat-D|gen-m|num-s|pers-3|case-0|vib-|tam-|chunkId-ADJP|chunkType-head|stype-|voicetype-	16	k1s	_	_
18	similar	similar	adj	JJ	cat-adj|gen-m|num-s|pers-3|case-0|vib-|tam-|chunkId-very|chunkType-child|stype-|voicetype-	17	child	_	_
19	.	.	punc	SYM	cat-punc|gen-n|num-s|pers-3|case-0|vib-|tam-|chunkId-very|chunkType-child|stype-|voicetype-	17	child	_	_

1	But	but	Conj	CC	cat-Conj|gen-m|num-s|pers-3|case-0|vib-|tam-|chunkId-CCP|chunkType-head|stype-|voicetype-	0	root	_	_
2	Shantanu	'	nnp	NNP	cat-|gen-|num-|pers-|case-|vib-|tam-|chunkId-NP|chunkType-head|stype-|voicetype-	3	k1	_	_
3	has	have	v	VBZ	cat-v|gen-m|num-s|pers-3|case-0|vib-|tam-|chunkId-VG|chunkType-head|stype-|voicetype-	1	ccof	_	_
4	used	use	v	VBN	cat-v|gen-m|num-s|pers-3|case-0|vib-|tam-|chunkId-has|chunkType-child|stype-|voicetype-	3	child	_	_
5	Visual	visual	n	NNP	cat-n|gen-m|num-s|pers-3|case-0|vib-|tam-|chunkId-NP2|chunkType-head|stype-|voicetype-	3	k2	_	_
6	Printing	printing	n	NNP	cat-n|gen-m|num-s|pers-3|case-0|vib-|tam-|chunkId-Visual|chunkType-child|stype-|voicetype-	5	child	_	_
7	.	.	punc	SYM	cat-punc|gen-n|num-s|pers-3|case-0|vib-|tam-|chunkId-Visual|chunkType-child|stype-|voicetype-	5	child	_	_

1	This	this	det	DT	cat-det|gen-m|num-s|pers-3|case-0|vib-|tam-|chunkId-NP|chunkType-head|stype-|voicetype-	2	k1	_	_
2	is	be	v	VBZ	cat-v|gen-m|num-s|pers-3|case-0|vib-|tam-|chunkId-VG|chunkType-head|stype-|voicetype-	6	ccof	_	_
3	a	a	det	DT	cat-det|gen-m|num-s|pers-3|case-0|vib-|tam-|chunkId-NP2|chunkType-head|stype-|voicetype-	2	k1s	_	_
4	world	world	n	JJ	cat-n|gen-m|num-s|pers-3|case-0|vib-|tam-|chunkId-a|chunkType-child|stype-|voicetype-	3	child	_	_
5	trend	trend	n	NN	cat-n|gen-m|num-s|pers-3|case-0|vib-|tam-|chunkId-a|chunkType-child|stype-|voicetype-	3	child	_	_
6	and	and	Conj	CC	cat-Conj|gen-m|num-s|pers-3|case-0|vib-|tam-|chunkId-CCP|chunkType-head|stype-|voicetype-	0	root	_	_
7	there	there	ex	EX	cat-ex|gen-m|num-s|pers-3|case-0|vib-|tam-|chunkId-NP3|chunkType-head|stype-|voicetype-	8	dummy	_	_
8	is	be	v	VBZ	cat-v|gen-m|num-s|pers-3|case-0|vib-|tam-|chunkId-VG2|chunkType-head|stype-|voicetype-	6	ccof	_	_
9	no	no	det	DT	cat-det|gen-m|num-s|pers-3|case-0|vib-|tam-|chunkId-NP4|chunkType-head|stype-|voicetype-	8	k1	_	_
10	patent	patent	n	NN	cat-n|gen-m|num-s|pers-3|case-0|vib-|tam-|chunkId-no|chunkType-child|stype-|voicetype-	9	child	_	_
11	for	for	p	IN	cat-p|gen-m|num-s|pers-3|case-0|vib-|tam-|chunkId-PP|chunkType-head|stype-|voicetype-	8	r6	_	_
12	this	this	det	DT	cat-det|gen-m|num-s|pers-3|case-0|vib-|tam-|chunkId-for|chunkType-child|stype-|voicetype-	11	child	_	_
13	.	.	punc	SYM	cat-punc|gen-n|num-s|pers-3|case-0|vib-|tam-|chunkId-for|chunkType-child|stype-|voicetype-	11	child	_	_

1	Fashion	fashion	n	NNP	cat-n|gen-m|num-s|pers-3|case-0|vib-|tam-|chunkId-NP|chunkType-head|stype-|voicetype-	3	k1	_	_
2	Designers	designer	n	NNP	cat-n|gen-m|num-p|pers-3|case-0|vib-|tam-|chunkId-Fashion|chunkType-child|stype-|voicetype-	1	child	_	_
3	say	say	v	VBP	cat-v|gen-m|num-s|pers-3|case-0|vib-|tam-|chunkId-VG|chunkType-head|stype-|voicetype-	0	root	_	_
4	that	that	Comp	CC	cat-Comp|gen-m|num-s|pers-3|case-0|vib-|tam-|chunkId-CCP|chunkType-head|stype-|voicetype-	3	k2	_	_
5	most	most	adj	JJS	cat-adj|gen-m|num-s|pers-3|case-0|vib-|tam-|chunkId-PP|chunkType-head|stype-|voicetype-	11	k2	_	_
6	of	of	p	IN	cat-p|gen-m|num-s|pers-3|case-0|vib-|tam-|chunkId-most|chunkType-child|stype-|voicetype-	5	child	_	_
7	the	the	det	DT	cat-det|gen-m|num-s|pers-3|case-0|vib-|tam-|chunkId-most|chunkType-child|stype-|voicetype-	5	child	_	_
8	thefts	theft	n	NNS	cat-n|gen-m|num-p|pers-3|case-0|vib-|tam-|chunkId-most|chunkType-child|stype-|voicetype-	5	child	_	_
9	and	and	Conj	CC	cat-Conj|gen-m|num-s|pers-3|case-0|vib-|tam-|chunkId-most|chunkType-child|stype-|voicetype-	5	child	_	_
10	copies	copy	n	NNS	cat-n|gen-m|num-p|pers-3|case-0|vib-|tam-|chunkId-most|chunkType-child|stype-|voicetype-	5	child	_	_
11	are	be	v	VBP	cat-v|gen-m|num-p|pers-3|case-0|vib-|tam-|chunkId-VG2|chunkType-head|stype-|voicetype-	4	ccof	_	_
12	made	make	v	VBN	cat-v|gen-m|num-s|pers-3|case-0|vib-|tam-|chunkId-are|chunkType-child|stype-|voicetype-	11	child	_	_
13	of	of	p	IN	cat-p|gen-m|num-s|pers-3|case-0|vib-|tam-|chunkId-PP2|chunkType-head|stype-|voicetype-	5	r6	_	_
14	monopoly	monopoly	n	NN	cat-n|gen-m|num-s|pers-3|case-0|vib-|tam-|chunkId-of2|chunkType-child|stype-|voicetype-	13	child	_	_
15	designs	design	n	NNS	cat-n|gen-m|num-p|pers-3|case-0|vib-|tam-|chunkId-of2|chunkType-child|stype-|voicetype-	13	child	_	_
16	.	.	punc	SYM	cat-punc|gen-n|num-s|pers-3|case-0|vib-|tam-|chunkId-of2|chunkType-child|stype-|voicetype-	13	child	_	_

1	As	as	p	IN	cat-p|gen-m|num-s|pers-3|case-0|vib-|tam-|chunkId-ADJP|chunkType-head|stype-|voicetype-	5	k1u	_	_
2	designer	designer	n	NN	cat-n|gen-m|num-s|pers-3|case-0|vib-|tam-|chunkId-NP|chunkType-head|stype-|voicetype-	5	k1	_	_
3	Swapan	'	nnp	NNP	cat-|gen-|num-|pers-|case-|vib-|tam-|chunkId-designer|chunkType-child|stype-|voicetype-	2	child	_	_
4	Seema	'	nnp	NNP	cat-|gen-|num-|pers-|case-|vib-|tam-|chunkId-designer|chunkType-child|stype-|voicetype-	2	child	_	_
5	says	say	v	VBZ	cat-v|gen-m|num-s|pers-3|case-0|vib-|tam-|chunkId-VG|chunkType-head|stype-|voicetype-	0	root	_	_
6	,	comma	punc	SYM	cat-punc|gen-n|num-s|pers-3|case-0|vib-|tam-|chunkId-says|chunkType-child|stype-|voicetype-	5	child	_	_
7	if	if	Comp	IN	cat-Comp|gen-m|num-s|pers-3|case-0|vib-|tam-|chunkId-CCP|chunkType-head|stype-|voicetype-	14	vmod	_	_
8	our	I	P	PRP$	cat-P|gen-m|num-p|pers-3|case-0|vib-|tam-|chunkId-NP2|chunkType-head|stype-|voicetype-	10	k2	_	_
9	designs	design	n	NNS	cat-n|gen-m|num-p|pers-3|case-0|vib-|tam-|chunkId-our|chunkType-child|stype-|voicetype-	8	child	_	_
10	are	be	v	VBP	cat-v|gen-m|num-p|pers-3|case-0|vib-|tam-|chunkId-VG2|chunkType-head|stype-|voicetype-	14	vmod	_	_
11	not	not	D	RB	cat-D|gen-m|num-s|pers-3|case-0|vib-|tam-|chunkId-are|chunkType-child|stype-|voicetype-	10	child	_	_
12	copied	copy	v	VBN	cat-v|gen-m|num-s|pers-3|case-0|vib-|tam-|chunkId-are|chunkType-child|stype-|voicetype-	10	child	_	_
13	it	it	P	PRP	cat-P|gen-m|num-s|pers-3|case-0|vib-|tam-|chunkId-NP3|chunkType-head|stype-|voicetype-	14	k1	_	_
14	feels	feel	v	VBZ	cat-v|gen-m|num-s|pers-3|case-0|vib-|tam-|chunkId-VG3|chunkType-head|stype-|voicetype-	5	k2	_	_
15	like	that	p	IN	cat-p|gen-m|num-s|pers-3|case-0|vib-|tam-|chunkId-PP|chunkType-head|stype-|voicetype-	14	vmod	_	_
16	something	something	n	NN	cat-n|gen-m|num-s|pers-3|case-0|vib-|tam-|chunkId-NP4|chunkType-head|stype-|voicetype-	17	k1	_	_
17	is	be	v	VBZ	cat-v|gen-m|num-s|pers-3|case-0|vib-|tam-|chunkId-VG4|chunkType-head|stype-|voicetype-	14	k2	_	_
18	not	not	D	RB	cat-D|gen-m|num-s|pers-3|case-0|vib-|tam-|chunkId-is|chunkType-child|stype-|voicetype-	17	child	_	_
19	right	right	adj	JJ	cat-adj|gen-m|num-s|pers-3|case-0|vib-|tam-|chunkId-ADJP2|chunkType-head|stype-|voicetype-	17	k1s	_	_
20	.	.	punc	SYM	cat-punc|gen-n|num-s|pers-3|case-0|vib-|tam-|chunkId-right|chunkType-child|stype-|voicetype-	19	child	_	_

1	The	the	det	DT	cat-det|gen-m|num-s|pers-3|case-0|vib-|tam-|chunkId-NP|chunkType-head|stype-|voicetype-	5	k1	_	_
2	copycats	copycat	n	NNS	cat-n|gen-m|num-p|pers-3|case-0|vib-|tam-|chunkId-The|chunkType-child|stype-|voicetype-	1	child	_	_
3	and	and	Conj	CC	cat-Conj|gen-m|num-s|pers-3|case-0|vib-|tam-|chunkId-The|chunkType-child|stype-|voicetype-	1	child	_	_
4	thiefs	'	nns	NNS	cat-|gen-|num-|pers-|case-|vib-|tam-|chunkId-The|chunkType-child|stype-|voicetype-	1	child	_	_
5	are	be	v	VBP	cat-v|gen-m|num-p|pers-3|case-0|vib-|tam-|chunkId-VG|chunkType-head|stype-|voicetype-	0	root	_	_
6	using	use	v	VBG	cat-v|gen-m|num-s|pers-3|case-0|vib-|tam-|chunkId-are|chunkType-child|stype-|voicetype-	5	child	_	_
7	the	the	det	DT	cat-det|gen-m|num-s|pers-3|case-0|vib-|tam-|chunkId-NP2|chunkType-head|stype-|voicetype-	5	k2	_	_
8	fact	fact	n	NN	cat-n|gen-m|num-s|pers-3|case-0|vib-|tam-|chunkId-the|chunkType-child|stype-|voicetype-	7	child	_	_
9	that	that	Comp	CC	cat-Comp|gen-m|num-s|pers-3|case-0|vib-|tam-|chunkId-CCP|chunkType-head|stype-|voicetype-	7	rs	_	_
10	most	most	det	JJS	cat-det|gen-m|num-s|pers-3|case-0|vib-|tam-|chunkId-NP3|chunkType-head|stype-|voicetype-	12	k1	_	_
11	designers	designer	n	NNS	cat-n|gen-m|num-p|pers-3|case-0|vib-|tam-|chunkId-most|chunkType-child|stype-|voicetype-	10	child	_	_
12	do	do	v	VBP	cat-v|gen-m|num-s|pers-3|case-0|vib-|tam-|chunkId-VG2|chunkType-head|stype-|voicetype-	9	ccof	_	_
13	not	not	D	RB	cat-D|gen-m|num-s|pers-3|case-0|vib-|tam-|chunkId-do|chunkType-child|stype-|voicetype-	12	child	_	_
14	copyright	copyright	n	NN	cat-n|gen-m|num-s|pers-3|case-0|vib-|tam-|chunkId-do|chunkType-child|stype-|voicetype-	12	child	_	_
15	or	or	Conj	CC	cat-Conj|gen-m|num-s|pers-3|case-0|vib-|tam-|chunkId-do|chunkType-child|stype-|voicetype-	12	child	_	_
16	patent	patent	n	NN	cat-n|gen-m|num-s|pers-3|case-0|vib-|tam-|chunkId-do|chunkType-child|stype-|voicetype-	12	child	_	_
17	their	he	det	PRP$	cat-det|gen-m|num-p|pers-3|case-0|vib-|tam-|chunkId-NP4|chunkType-head|stype-|voicetype-	12	k2	_	_
18	designs	design	n	NNS	cat-n|gen-m|num-p|pers-3|case-0|vib-|tam-|chunkId-their|chunkType-child|stype-|voicetype-	17	child	_	_
19	.	.	punc	SYM	cat-punc|gen-n|num-s|pers-3|case-0|vib-|tam-|chunkId-their|chunkType-child|stype-|voicetype-	17	child	_	_

1	Therefore	therefore	D	RB	cat-D|gen-m|num-s|pers-3|case-0|vib-|tam-|chunkId-ADVP|chunkType-head|stype-|voicetype-	3	sent-adv	_	_
2	we	I	P	PRP	cat-P|gen-m|num-p|pers-1|case-0|vib-|tam-|chunkId-NP|chunkType-head|stype-|voicetype-	3	k1	_	_
3	do	do	v	VBP	cat-v|gen-m|num-s|pers-3|case-0|vib-|tam-|chunkId-VG|chunkType-head|stype-|voicetype-	0	root	_	_
4	not	not	D	RB	cat-D|gen-m|num-s|pers-3|case-0|vib-|tam-|chunkId-do|chunkType-child|stype-|voicetype-	3	child	_	_
5	want	want	v	VB	cat-v|gen-m|num-s|pers-3|case-0|vib-|tam-|chunkId-do|chunkType-child|stype-|voicetype-	3	child	_	_
6	to	to	p	TO	cat-p|gen-m|num-s|pers-3|case-0|vib-|tam-|chunkId-VG2|chunkType-head|stype-|voicetype-	3	k2	_	_
7	get	get	v	VB	cat-v|gen-m|num-s|pers-3|case-0|vib-|tam-|chunkId-to|chunkType-child|stype-|voicetype-	6	child	_	_
8	entangled	entangle	v	JJ	cat-v|gen-m|num-s|pers-3|case-0|vib-|tam-|chunkId-ADJP|chunkType-head|stype-|voicetype-	6	vmod	_	_
9	into	into	p	IN	cat-p|gen-m|num-s|pers-3|case-0|vib-|tam-|chunkId-PP|chunkType-head|stype-|voicetype-	6	k7	_	_
10	this	this	det	DT	cat-det|gen-m|num-s|pers-3|case-0|vib-|tam-|chunkId-into|chunkType-child|stype-|voicetype-	9	child	_	_
11	issue	issue	n	NN	cat-n|gen-m|num-s|pers-3|case-0|vib-|tam-|chunkId-into|chunkType-child|stype-|voicetype-	9	child	_	_
12	.	.	punc	SYM	cat-punc|gen-n|num-s|pers-3|case-0|vib-|tam-|chunkId-into|chunkType-child|stype-|voicetype-	9	child	_	_

