1	He	he	P	PRP	cat-P|gen-m|num-s|pers-3|case-0|vib-|tam-|chunkId-NP|chunkType-head|stype-|voicetype-	2	k1	_	_
2	termed	term	v	VBD	cat-v|gen-m|num-s|pers-3|case-0|vib-|tam-|chunkId-VG|chunkType-head|stype-|voicetype-	0	root	_	_
3	the	the	det	DT	cat-det|gen-m|num-s|pers-3|case-0|vib-|tam-|chunkId-NP2|chunkType-head|stype-|voicetype-	2	k2	_	_
4	act	act	v	NN	cat-v|gen-m|num-s|pers-3|case-0|vib-|tam-|chunkId-the|chunkType-child|stype-|voicetype-	3	child	_	_
5	of	of	p	IN	cat-p|gen-m|num-s|pers-3|case-0|vib-|tam-|chunkId-VGNN|chunkType-head|stype-|voicetype-	3	r6-k2	_	_
6	dissolving	dissolve	v	VBG	cat-v|gen-m|num-s|pers-3|case-0|vib-|tam-|chunkId-of|chunkType-child|stype-|voicetype-	5	child	_	_
7	the	the	det	DT	cat-det|gen-m|num-s|pers-3|case-0|vib-|tam-|chunkId-NP3|chunkType-head|stype-|voicetype-	5	k2	_	_
8	Assembly	assembly	n	NNP	cat-n|gen-m|num-s|pers-3|case-0|vib-|tam-|chunkId-the2|chunkType-child|stype-|voicetype-	7	child	_	_
9	as	as	n	IN	cat-n|gen-m|num-s|pers-3|case-0|vib-|tam-|chunkId-PP|chunkType-head|stype-|voicetype-	12	ccof	_	_
10	a	a	det	DT	cat-det|gen-m|num-s|pers-3|case-0|vib-|tam-|chunkId-as|chunkType-child|stype-|voicetype-	9	child	_	_
11	late	late	D	JJ	cat-D|gen-m|num-s|pers-3|case-0|vib-|tam-|chunkId-as|chunkType-child|stype-|voicetype-	9	child	_	_
12	but	but	D	CC	cat-D|gen-m|num-s|pers-3|case-0|vib-|tam-|chunkId-CCP|chunkType-head|stype-|voicetype-	14	nmod	_	_
13	just	just	D	RB	cat-D|gen-m|num-s|pers-3|case-0|vib-|tam-|chunkId-ADJP2|chunkType-head|stype-|voicetype-	12	ccof	_	_
14	decision	decision	n	NN	cat-n|gen-m|num-s|pers-3|case-0|vib-|tam-|chunkId-NP4|chunkType-head|stype-|voicetype-	3	nmod	_	_
15	.	.	punc	SYM	cat-punc|gen-n|num-s|pers-3|case-0|vib-|tam-|chunkId-decision|chunkType-child|stype-|voicetype-	14	child	_	_

1	He	he	P	PRP	cat-P|gen-m|num-s|pers-3|case-0|vib-|tam-|chunkId-NP|chunkType-head|stype-|voicetype-	2	k1	_	_
2	said	say	v	VBD	cat-v|gen-m|num-s|pers-3|case-0|vib-|tam-|chunkId-VG|chunkType-head|stype-|voicetype-	0	root	_	_
3	there	there	P	EX	cat-P|gen-m|num-s|pers-3|case-0|vib-|tam-|chunkId-NP2|chunkType-head|stype-|voicetype-	4	dummy	_	_
4	was	be	v	VBD	cat-v|gen-m|num-s|pers-3|case-0|vib-|tam-|chunkId-VG2|chunkType-head|stype-|voicetype-	2	k2	_	_
5	no	no	det	DT	cat-det|gen-m|num-s|pers-3|case-0|vib-|tam-|chunkId-NP3|chunkType-head|stype-|voicetype-	4	k1	_	_
6	option	option	n	NN	cat-n|gen-m|num-s|pers-3|case-0|vib-|tam-|chunkId-no|chunkType-child|stype-|voicetype-	5	child	_	_
7	but	but	D	IN	cat-D|gen-m|num-s|pers-3|case-0|vib-|tam-|chunkId-VG3|chunkType-head|stype-|voicetype-	4	vmod	_	_
8	to	to	v	TO	cat-v|gen-m|num-s|pers-3|case-0|vib-|tam-|chunkId-but|chunkType-child|stype-|voicetype-	7	child	_	_
9	dissolve	dissolve	v	VB	cat-v|gen-m|num-s|pers-3|case-0|vib-|tam-|chunkId-but|chunkType-child|stype-|voicetype-	7	child	_	_
10	the	the	det	DT	cat-det|gen-m|num-s|pers-3|case-0|vib-|tam-|chunkId-NP4|chunkType-head|stype-|voicetype-	7	k2	_	_
11	house	house	v	NN	cat-v|gen-m|num-s|pers-3|case-0|vib-|tam-|chunkId-the|chunkType-child|stype-|voicetype-	10	child	_	_
12	to	to	v	TO	cat-v|gen-m|num-s|pers-3|case-0|vib-|tam-|chunkId-VG4|chunkType-head|stype-|voicetype-	7	rt	_	_
13	stop	stop	v	VB	cat-v|gen-m|num-s|pers-3|case-0|vib-|tam-|chunkId-to2|chunkType-child|stype-|voicetype-	12	child	_	_
14	the	the	det	DT	cat-det|gen-m|num-s|pers-3|case-0|vib-|tam-|chunkId-NP5|chunkType-head|stype-|voicetype-	12	k2	_	_
15	horse	horse	v	NN	cat-v|gen-m|num-s|pers-3|case-0|vib-|tam-|chunkId-the2|chunkType-child|stype-|voicetype-	14	child	_	_
16	of	of	p	IN	cat-p|gen-m|num-s|pers-3|case-0|vib-|tam-|chunkId-PP|chunkType-head|stype-|voicetype-	14	r6	_	_
17	.	.	punc	SYM	cat-punc|gen-n|num-s|pers-3|case-0|vib-|tam-|chunkId-of|chunkType-child|stype-|voicetype-	16	child	_	_

1	Regarding	regard	v	IN	cat-v|gen-m|num-s|pers-3|case-0|vib-|tam-|chunkId-PP|chunkType-head|stype-|voicetype-	6	k7	_	_
2	the	the	det	DT	cat-det|gen-m|num-s|pers-3|case-0|vib-|tam-|chunkId-Regarding|chunkType-child|stype-|voicetype-	1	child	_	_
3	election	election	n	NNC	cat-n|gen-m|num-s|pers-3|case-0|vib-|tam-|chunkId-Regarding|chunkType-child|stype-|voicetype-	1	child	_	_
4	dates	date	v	NN	cat-v|gen-m|num-s|pers-3|case-0|vib-|tam-|chunkId-Regarding|chunkType-child|stype-|voicetype-	1	child	_	_
5	he	he	P	PRP	cat-P|gen-m|num-s|pers-3|case-0|vib-|tam-|chunkId-NP2|chunkType-head|stype-|voicetype-	6	k1	_	_
6	said	say	v	VBD	cat-v|gen-m|num-s|pers-3|case-0|vib-|tam-|chunkId-VG|chunkType-head|stype-|voicetype-	0	root	_	_
7	that	that	P	IN	cat-P|gen-m|num-s|pers-3|case-0|vib-|tam-|chunkId-CCP|chunkType-head|stype-|voicetype-	6	k2	_	_
8	the	the	det	DT	cat-det|gen-m|num-s|pers-3|case-0|vib-|tam-|chunkId-NP3|chunkType-head|stype-|voicetype-	10	k1	_	_
9	decision	decision	n	NN	cat-n|gen-m|num-s|pers-3|case-0|vib-|tam-|chunkId-the2|chunkType-child|stype-|voicetype-	8	child	_	_
10	rests	rest	v	VBZ	cat-v|gen-m|num-s|pers-3|case-0|vib-|tam-|chunkId-VG2|chunkType-head|stype-|voicetype-	7	ccof	_	_
11	entirely	entirely	D	RB	cat-D|gen-m|num-s|pers-3|case-0|vib-|tam-|chunkId-ADVP|chunkType-head|stype-|voicetype-	10	adv	_	_
12	with	with	p	IN	cat-p|gen-m|num-s|pers-3|case-0|vib-|tam-|chunkId-PP2|chunkType-head|stype-|voicetype-	10	k7	_	_
13	the	the	det	DT	cat-det|gen-m|num-s|pers-3|case-0|vib-|tam-|chunkId-with|chunkType-child|stype-|voicetype-	12	child	_	_
14	Election	election	n	NNP	cat-n|gen-m|num-s|pers-3|case-0|vib-|tam-|chunkId-with|chunkType-child|stype-|voicetype-	12	child	_	_
15	Commission	commission	v	NNP	cat-v|gen-m|num-s|pers-3|case-0|vib-|tam-|chunkId-with|chunkType-child|stype-|voicetype-	12	child	_	_
16	in	in	p	IN	cat-p|gen-m|num-s|pers-3|case-0|vib-|tam-|chunkId-PP3|chunkType-head|stype-|voicetype-	10	k7	_	_
17	this	this	det	DT	cat-det|gen-m|num-s|pers-3|case-0|vib-|tam-|chunkId-in|chunkType-child|stype-|voicetype-	16	child	_	_
18	matter	matter	v	NN	cat-v|gen-m|num-s|pers-3|case-0|vib-|tam-|chunkId-in|chunkType-child|stype-|voicetype-	16	child	_	_
19	.	.	punc	SYM	cat-punc|gen-n|num-s|pers-3|case-0|vib-|tam-|chunkId-in|chunkType-child|stype-|voicetype-	16	child	_	_

1	Dodging	dodge	v	VBG	cat-v|gen-m|num-s|pers-3|case-0|vib-|tam-|chunkId-VG|chunkType-head|stype-|voicetype-	19	adv	_	_
2	the	the	det	DT	cat-det|gen-m|num-s|pers-3|case-0|vib-|tam-|chunkId-NP|chunkType-head|stype-|voicetype-	1	k2	_	_
3	question	question	v	NN	cat-v|gen-m|num-s|pers-3|case-0|vib-|tam-|chunkId-the|chunkType-child|stype-|voicetype-	2	child	_	_
4	on	on	p	IN	cat-p|gen-m|num-s|pers-3|case-0|vib-|tam-|chunkId-PP|chunkType-head|stype-|voicetype-	2	nmod	_	_
5	the	the	det	DT	cat-det|gen-m|num-s|pers-3|case-0|vib-|tam-|chunkId-on|chunkType-child|stype-|voicetype-	4	child	_	_
6	matter	matter	v	NN	cat-v|gen-m|num-s|pers-3|case-0|vib-|tam-|chunkId-on|chunkType-child|stype-|voicetype-	4	child	_	_
7	of	of	p	IN	cat-p|gen-m|num-s|pers-3|case-0|vib-|tam-|chunkId-PP2|chunkType-head|stype-|voicetype-	4	r6	_	_
8	the	the	det	DT	cat-det|gen-m|num-s|pers-3|case-0|vib-|tam-|chunkId-of|chunkType-child|stype-|voicetype-	7	child	_	_
9	possible	possible	adj	JJ	cat-adj|gen-m|num-s|pers-3|case-0|vib-|tam-|chunkId-of|chunkType-child|stype-|voicetype-	7	child	_	_
10	polarisation	polarization	n	NN	cat-n|gen-m|num-s|pers-3|case-0|vib-|tam-|chunkId-of|chunkType-child|stype-|voicetype-	7	child	_	_
11	of	of	p	IN	cat-p|gen-m|num-s|pers-3|case-0|vib-|tam-|chunkId-PP3|chunkType-head|stype-|voicetype-	7	r6-k2	_	_
12	political	political	adj	JJ	cat-adj|gen-m|num-s|pers-3|case-0|vib-|tam-|chunkId-of2|chunkType-child|stype-|voicetype-	11	child	_	_
13	forces	force	v	NNS	cat-v|gen-m|num-s|pers-3|case-0|vib-|tam-|chunkId-of2|chunkType-child|stype-|voicetype-	11	child	_	_
14	before	before	D	IN	cat-D|gen-m|num-s|pers-3|case-0|vib-|tam-|chunkId-PP4|chunkType-head|stype-|voicetype-	1	k7t	_	_
15	the	the	det	DT	cat-det|gen-m|num-s|pers-3|case-0|vib-|tam-|chunkId-before|chunkType-child|stype-|voicetype-	14	child	_	_
16	elections	election	n	NNS	cat-n|gen-m|num-p|pers-3|case-0|vib-|tam-|chunkId-before|chunkType-child|stype-|voicetype-	14	child	_	_
17	,	comma	punc	SYM	cat-punc|gen-n|num-s|pers-3|case-0|vib-|tam-|chunkId-before|chunkType-child|stype-|voicetype-	14	child	_	_
18	he	he	P	PRP	cat-P|gen-m|num-s|pers-3|case-0|vib-|tam-|chunkId-NP6|chunkType-head|stype-|voicetype-	19	k1	_	_
19	said	say	v	VBD	cat-v|gen-m|num-s|pers-3|case-0|vib-|tam-|chunkId-VG2|chunkType-head|stype-|voicetype-	0	root	_	_
20	that	that	P	IN	cat-P|gen-m|num-s|pers-3|case-0|vib-|tam-|chunkId-CCP|chunkType-head|stype-|voicetype-	19	k2	_	_
21	a	a	det	DT	cat-det|gen-m|num-s|pers-3|case-0|vib-|tam-|chunkId-NP7|chunkType-head|stype-|voicetype-	24	k1	_	_
22	complete	complete	v	JJ	cat-v|gen-m|num-p|pers-3|case-0|vib-|tam-|chunkId-a|chunkType-child|stype-|voicetype-	21	child	_	_
23	coalition	coalition	n	NN	cat-n|gen-m|num-s|pers-3|case-0|vib-|tam-|chunkId-a|chunkType-child|stype-|voicetype-	21	child	_	_
24	would	would	v	MD	cat-v|gen-m|num-s|pers-3|case-0|vib-|tam-|chunkId-VG3|chunkType-head|stype-|voicetype-	20	ccof	_	_
25	be	be	v	VB	cat-v|gen-m|num-s|pers-3|case-0|vib-|tam-|chunkId-would|chunkType-child|stype-|voicetype-	24	child	_	_
26	formed	form	v	VBN	cat-v|gen-m|num-s|pers-3|case-0|vib-|tam-|chunkId-would|chunkType-child|stype-|voicetype-	24	child	_	_
27	before	before	D	IN	cat-D|gen-m|num-s|pers-3|case-0|vib-|tam-|chunkId-PP5|chunkType-head|stype-|voicetype-	24	k7t	_	_
28	the	the	det	DT	cat-det|gen-m|num-s|pers-3|case-0|vib-|tam-|chunkId-before2|chunkType-child|stype-|voicetype-	27	child	_	_
29	elections	election	n	NNS	cat-n|gen-m|num-p|pers-3|case-0|vib-|tam-|chunkId-before2|chunkType-child|stype-|voicetype-	27	child	_	_
30	.	.	punc	SYM	cat-punc|gen-n|num-s|pers-3|case-0|vib-|tam-|chunkId-before2|chunkType-child|stype-|voicetype-	27	child	_	_

1	Regarding	regard	v	IN	cat-v|gen-m|num-s|pers-3|case-0|vib-|tam-|chunkId-PP|chunkType-head|stype-|voicetype-	6	k7	_	_
2	the	the	det	DT	cat-det|gen-m|num-s|pers-3|case-0|vib-|tam-|chunkId-Regarding|chunkType-child|stype-|voicetype-	1	child	_	_
3	alliance	alliance	n	NN	cat-n|gen-m|num-s|pers-3|case-0|vib-|tam-|chunkId-Regarding|chunkType-child|stype-|voicetype-	1	child	_	_
4	with	with	p	IN	cat-p|gen-m|num-s|pers-3|case-0|vib-|tam-|chunkId-PP2|chunkType-head|stype-|voicetype-	1	nmod	_	_
5	he	he	P	PRP	cat-P|gen-m|num-s|pers-3|case-0|vib-|tam-|chunkId-NP3|chunkType-head|stype-|voicetype-	6	k1	_	_
6	said	say	v	VBD	cat-v|gen-m|num-s|pers-3|case-0|vib-|tam-|chunkId-VG|chunkType-head|stype-|voicetype-	0	root	_	_
7	,	comma	punc	SYM	cat-punc|gen-n|num-s|pers-3|case-0|vib-|tam-|chunkId-said|chunkType-child|stype-|voicetype-	6	child	_	_
8	we	I	P	PRP	cat-P|gen-m|num-p|pers-1|case-0|vib-|tam-|chunkId-NP4|chunkType-head|stype-|voicetype-	9	k1	_	_
9	will	will	v	MD	cat-v|gen-m|num-s|pers-3|case-0|vib-|tam-|chunkId-VG2|chunkType-head|stype-|voicetype-	6	k2	_	_
10	finish	finish	v	VB	cat-v|gen-m|num-s|pers-3|case-0|vib-|tam-|chunkId-will|chunkType-child|stype-|voicetype-	9	child	_	_
11	off	off	p	RB	cat-p|gen-m|num-s|pers-3|case-0|vib-|tam-|chunkId-will|chunkType-child|stype-|voicetype-	9	child	_	_
12	the	the	det	DT	cat-det|gen-m|num-s|pers-3|case-0|vib-|tam-|chunkId-NP5|chunkType-head|stype-|voicetype-	9	k2	_	_
13	,	comma	punc	SYM	cat-punc|gen-n|num-s|pers-3|case-0|vib-|tam-|chunkId-the2|chunkType-child|stype-|voicetype-	12	child	_	_
14	with	with	p	IN	cat-p|gen-m|num-s|pers-3|case-0|vib-|tam-|chunkId-PP3|chunkType-head|stype-|voicetype-	9	ras-k1	_	_
15	or	or	adj	CC	cat-adj|gen-m|num-s|pers-3|case-0|vib-|tam-|chunkId-with2|chunkType-child|stype-|voicetype-	14	child	_	_
16	without	without	p	IN	cat-p|gen-m|num-s|pers-3|case-0|vib-|tam-|chunkId-with2|chunkType-child|stype-|voicetype-	14	child	_	_
17	.	.	punc	SYM	cat-punc|gen-n|num-s|pers-3|case-0|vib-|tam-|chunkId-with2|chunkType-child|stype-|voicetype-	14	child	_	_

