1	The	the	det	DT	cat-det|gen-m|num-s|pers-3|case-0|vib-|tam-|chunkId-NP|chunkType-head|stype-|voicetype-	5	k1	_	_
2	former	former	adj	JJ	cat-adj|gen-m|num-s|pers-3|case-0|vib-|tam-|chunkId-The|chunkType-child|stype-|voicetype-	1	child	_	_
3	prime	prime	v	JJ	cat-v|gen-m|num-s|pers-3|case-0|vib-|tam-|chunkId-The|chunkType-child|stype-|voicetype-	1	child	_	_
4	minister	minister	v	NN	cat-v|gen-m|num-s|pers-3|case-0|vib-|tam-|chunkId-The|chunkType-child|stype-|voicetype-	1	child	_	_
5	accused	accuse	v	VBD	cat-v|gen-m|num-s|pers-3|case-0|vib-|tam-|chunkId-VG|chunkType-head|stype-|voicetype-	0	root	_	_
6	the	the	det	DT	cat-det|gen-m|num-s|pers-3|case-0|vib-|tam-|chunkId-NP2|chunkType-head|stype-|voicetype-	5	k4	_	_
7	IT	it	P	PRP	cat-P|gen-m|num-s|pers-3|case-0|vib-|tam-|chunkId-the|chunkType-child|stype-|voicetype-	6	child	_	_
8	bosses	boss	v	NNS	cat-v|gen-m|num-s|pers-3|case-0|vib-|tam-|chunkId-the|chunkType-child|stype-|voicetype-	6	child	_	_
9	of	of	p	IN	cat-p|gen-m|num-s|pers-3|case-0|vib-|tam-|chunkId-VG2|chunkType-head|stype-|voicetype-	5	r6	_	_
10	waging	wage	v	VBG	cat-v|gen-m|num-s|pers-3|case-0|vib-|tam-|chunkId-of|chunkType-child|stype-|voicetype-	9	child	_	_
11	a	a	det	DT	cat-det|gen-m|num-s|pers-3|case-0|vib-|tam-|chunkId-NP3|chunkType-head|stype-|voicetype-	9	k2	_	_
12	campaign	campaign	v	NN	cat-v|gen-m|num-s|pers-3|case-0|vib-|tam-|chunkId-a|chunkType-child|stype-|voicetype-	11	child	_	_
13	to	to	v	TO	cat-v|gen-m|num-s|pers-3|case-0|vib-|tam-|chunkId-VG3|chunkType-head|stype-|voicetype-	9	rt	_	_
14	his	he	det	PRP$	cat-det|gen-m|num-s|pers-3|case-0|vib-|tam-|chunkId-NP4|chunkType-head|stype-|voicetype-	13	k2	_	_
15	party	party	adj	NN	cat-adj|gen-m|num-s|pers-3|case-0|vib-|tam-|chunkId-his|chunkType-child|stype-|voicetype-	14	child	_	_
16	coalition	coalition	n	NN	cat-n|gen-m|num-s|pers-3|case-0|vib-|tam-|chunkId-his|chunkType-child|stype-|voicetype-	14	child	_	_
17	government	government	n	NN	cat-n|gen-m|num-s|pers-3|case-0|vib-|tam-|chunkId-his|chunkType-child|stype-|voicetype-	14	child	_	_
18	with	with	p	IN	cat-p|gen-m|num-s|pers-3|case-0|vib-|tam-|chunkId-PP|chunkType-head|stype-|voicetype-	9	ras-k2	_	_
19	the	the	det	DT	cat-det|gen-m|num-s|pers-3|case-0|vib-|tam-|chunkId-with|chunkType-child|stype-|voicetype-	18	child	_	_
20	congress	congress	n	NN	cat-n|gen-m|num-s|pers-3|case-0|vib-|tam-|chunkId-with|chunkType-child|stype-|voicetype-	18	child	_	_
21	in	in	p	IN	cat-p|gen-m|num-s|pers-3|case-0|vib-|tam-|chunkId-PP2|chunkType-head|stype-|voicetype-	9	k7p	_	_
22	.	.	punc	SYM	cat-punc|gen-n|num-s|pers-3|case-0|vib-|tam-|chunkId-in|chunkType-child|stype-|voicetype-	21	child	_	_

1	It	it	P	PRP	cat-P|gen-m|num-s|pers-3|case-0|vib-|tam-|chunkId-NP|chunkType-head|stype-|voicetype-	2	k2	_	_
2	is	be	v	VBZ	cat-v|gen-m|num-s|pers-3|case-0|vib-|tam-|chunkId-VG|chunkType-head|stype-|voicetype-	0	root	_	_
3	being	be	v	VBG	cat-v|gen-m|num-s|pers-3|case-0|vib-|tam-|chunkId-is|chunkType-child|stype-|voicetype-	2	child	_	_
4	said	say	v	VBD	cat-v|gen-m|num-s|pers-3|case-0|vib-|tam-|chunkId-is|chunkType-child|stype-|voicetype-	2	child	_	_
5	that	that	P	IN	cat-P|gen-m|num-s|pers-3|case-0|vib-|tam-|chunkId-CCP|chunkType-head|stype-|voicetype-	2	k1s	_	_
6	IT	it	P	JJ	cat-P|gen-m|num-s|pers-3|case-0|vib-|tam-|chunkId-NP2|chunkType-head|stype-|voicetype-	8	k1	_	_
7	companies	company	v	NNS	cat-v|gen-m|num-s|pers-3|case-0|vib-|tam-|chunkId-IT|chunkType-child|stype-|voicetype-	6	child	_	_
8	are	be	v	VBP	cat-v|gen-m|num-p|pers-3|case-0|vib-|tam-|chunkId-VG2|chunkType-head|stype-|voicetype-	5	ccof	_	_
9	moving	move	v	VBG	cat-v|gen-m|num-s|pers-3|case-0|vib-|tam-|chunkId-are|chunkType-child|stype-|voicetype-	8	child	_	_
10	out	out	p	RP	cat-p|gen-m|num-s|pers-3|case-0|vib-|tam-|chunkId-PP|chunkType-head|stype-|voicetype-	8	k5	_	_
11	of	of	p	IN	cat-p|gen-m|num-s|pers-3|case-0|vib-|tam-|chunkId-out|chunkType-child|stype-|voicetype-	10	child	_	_
12	in	in	p	IN	cat-p|gen-m|num-s|pers-3|case-0|vib-|tam-|chunkId-PP2|chunkType-head|stype-|voicetype-	8	k7	_	_
13	the	the	det	DT	cat-det|gen-m|num-s|pers-3|case-0|vib-|tam-|chunkId-in|chunkType-child|stype-|voicetype-	12	child	_	_
14	absence	absence	n	NN	cat-n|gen-m|num-s|pers-3|case-0|vib-|tam-|chunkId-in|chunkType-child|stype-|voicetype-	12	child	_	_
15	of	of	p	IN	cat-p|gen-m|num-s|pers-3|case-0|vib-|tam-|chunkId-PP3|chunkType-head|stype-|voicetype-	12	r6	_	_
16	basic	basic	adj	JJ	cat-adj|gen-m|num-s|pers-3|case-0|vib-|tam-|chunkId-of2|chunkType-child|stype-|voicetype-	15	child	_	_
17	.	.	punc	SYM	cat-punc|gen-n|num-s|pers-3|case-0|vib-|tam-|chunkId-of2|chunkType-child|stype-|voicetype-	15	child	_	_

1	In	in	p	IN	cat-p|gen-m|num-s|pers-3|case-0|vib-|tam-|chunkId-PP|chunkType-head|stype-|voicetype-	10	k7	_	_
2	the	the	det	DT	cat-det|gen-m|num-s|pers-3|case-0|vib-|tam-|chunkId-In|chunkType-child|stype-|voicetype-	1	child	_	_
3	four	four	det	CD	cat-det|gen-m|num-s|pers-3|case-0|vib-|tam-|chunkId-In|chunkType-child|stype-|voicetype-	1	child	_	_
4	days	days	D	NNS	cat-D|gen-m|num-s|pers-3|case-0|vib-|tam-|chunkId-In|chunkType-child|stype-|voicetype-	1	child	_	_
5	summit	summit	n	NN	cat-n|gen-m|num-s|pers-3|case-0|vib-|tam-|chunkId-In|chunkType-child|stype-|voicetype-	1	child	_	_
6	,	comma	punc	SYM	cat-punc|gen-n|num-s|pers-3|case-0|vib-|tam-|chunkId-In|chunkType-child|stype-|voicetype-	1	child	_	_
7	the	the	det	DT	cat-det|gen-m|num-s|pers-3|case-0|vib-|tam-|chunkId-NP2|chunkType-head|stype-|voicetype-	10	k1	_	_
8	Chief	chief	D	NNP	cat-D|gen-m|num-s|pers-3|case-0|vib-|tam-|chunkId-the2|chunkType-child|stype-|voicetype-	7	child	_	_
9	Guest	guest	v	NNP	cat-v|gen-m|num-s|pers-3|case-0|vib-|tam-|chunkId-the2|chunkType-child|stype-|voicetype-	7	child	_	_
10	blamed	blame	v	VBD	cat-v|gen-m|num-s|pers-3|case-0|vib-|tam-|chunkId-VG|chunkType-head|stype-|voicetype-	0	root	_	_
11	this	this	det	DT	cat-det|gen-m|num-s|pers-3|case-0|vib-|tam-|chunkId-NP3|chunkType-head|stype-|voicetype-	10	k2	_	_
12	section	section	v	NN	cat-v|gen-m|num-s|pers-3|case-0|vib-|tam-|chunkId-this|chunkType-child|stype-|voicetype-	11	child	_	_
13	for	for	Comp	IN	cat-Comp|gen-m|num-s|pers-3|case-0|vib-|tam-|chunkId-VGNF|chunkType-head|stype-|voicetype-	10	vmod	_	_
14	creating	create	v	VBG	cat-v|gen-m|num-s|pers-3|case-0|vib-|tam-|chunkId-for|chunkType-child|stype-|voicetype-	13	child	_	_
15	a	a	det	DT	cat-det|gen-m|num-s|pers-3|case-0|vib-|tam-|chunkId-NP4|chunkType-head|stype-|voicetype-	13	k2	_	_
16	negative	negative	adj	JJ	cat-adj|gen-m|num-s|pers-3|case-0|vib-|tam-|chunkId-a|chunkType-child|stype-|voicetype-	15	child	_	_
17	impression	impression	n	NN	cat-n|gen-m|num-s|pers-3|case-0|vib-|tam-|chunkId-a|chunkType-child|stype-|voicetype-	15	child	_	_
18	of	of	p	IN	cat-p|gen-m|num-s|pers-3|case-0|vib-|tam-|chunkId-PP2|chunkType-head|stype-|voicetype-	15	r6	_	_
19	the	the	det	DT	cat-det|gen-m|num-s|pers-3|case-0|vib-|tam-|chunkId-of|chunkType-child|stype-|voicetype-	18	child	_	_
20	coalition	coalition	n	NN	cat-n|gen-m|num-s|pers-3|case-0|vib-|tam-|chunkId-of|chunkType-child|stype-|voicetype-	18	child	_	_
21	government	government	n	NN	cat-n|gen-m|num-s|pers-3|case-0|vib-|tam-|chunkId-of|chunkType-child|stype-|voicetype-	18	child	_	_
22	.	.	punc	SYM	cat-punc|gen-n|num-s|pers-3|case-0|vib-|tam-|chunkId-of|chunkType-child|stype-|voicetype-	18	child	_	_

