1	In	in	p	IN	cat-p|gen-m|num-s|pers-3|case-0|vib-|tam-|chunkId-PP|chunkType-head|stype-|voicetype-	11	k7t	_	_
2	March	march	v	NNP	cat-v|gen-m|num-s|pers-3|case-0|vib-|tam-|chunkId-In|chunkType-child|stype-|voicetype-	1	child	_	_
3	,	comma	punc	SYM	cat-punc|gen-n|num-s|pers-3|case-0|vib-|tam-|chunkId-In|chunkType-child|stype-|voicetype-	1	child	_	_
4	when	when	Conj	WRB	cat-Conj|gen-m|num-s|pers-3|case-0|vib-|tam-|chunkId-ADVP|chunkType-head|stype-|voicetype-	11	k7t	_	_
5	India	'	nnp	NNP	cat-|gen-|num-|pers-|case-|vib-|tam-|chunkId-NP2|chunkType-head|stype-|voicetype-	11	k1	_	_
6	and	and	Conj	CC	cat-Conj|gen-m|num-s|pers-3|case-0|vib-|tam-|chunkId-India|chunkType-child|stype-|voicetype-	5	child	_	_
7	Pakistan	'	nnp	NNP	cat-|gen-|num-|pers-|case-|vib-|tam-|chunkId-India|chunkType-child|stype-|voicetype-	5	child	_	_
8	's	'	vbz	VBZ	cat-|gen-|num-|pers-|case-|vib-|tam-|chunkId-India|chunkType-child|stype-|voicetype-	5	child	_	_
9	Foreign	foreign	adj	NNP	cat-adj|gen-m|num-s|pers-3|case-0|vib-|tam-|chunkId-India|chunkType-child|stype-|voicetype-	5	child	_	_
10	Ministers	minister	n	NNP	cat-n|gen-m|num-s|pers-3|case-0|vib-|tam-|chunkId-India|chunkType-child|stype-|voicetype-	5	child	_	_
11	will	will	v	MD	cat-v|gen-m|num-s|pers-3|case-0|vib-|tam-|chunkId-VG|chunkType-head|stype-|voicetype-	16	vmod	_	_
12	meet	meet	v	VB	cat-v|gen-m|num-s|pers-3|case-0|vib-|tam-|chunkId-will|chunkType-child|stype-|voicetype-	11	child	_	_
13	in	in	p	IN	cat-p|gen-m|num-s|pers-3|case-0|vib-|tam-|chunkId-PP2|chunkType-head|stype-|voicetype-	11	k7p	_	_
14	Islamabad	'	nnp	NNP	cat-|gen-|num-|pers-|case-|vib-|tam-|chunkId-in|chunkType-child|stype-|voicetype-	13	child	_	_
15	,	comma	punc	SYM	cat-punc|gen-n|num-s|pers-3|case-0|vib-|tam-|chunkId-in|chunkType-child|stype-|voicetype-	13	child	_	_
16	will	will	v	MD	cat-v|gen-m|num-s|pers-3|case-0|vib-|tam-|chunkId-VG2|chunkType-head|stype-|voicetype-	0	root	_	_
17	an	an	det	DT	cat-det|gen-m|num-s|pers-3|case-0|vib-|tam-|chunkId-NP4|chunkType-head|stype-|voicetype-	16	k2	_	_
18	agreement	agreement	n	NN	cat-n|gen-m|num-s|pers-3|case-0|vib-|tam-|chunkId-an|chunkType-child|stype-|voicetype-	17	child	_	_
19	be	be	v	VB	cat-v|gen-m|num-s|pers-3|case-0|vib-|tam-|chunkId-VG3|chunkType-head|stype-|voicetype-	16	fragof	_	_
20	reached	reach	v	VBN	cat-v|gen-m|num-s|pers-3|case-0|vib-|tam-|chunkId-be|chunkType-child|stype-|voicetype-	19	child	_	_
21	over	over	p	IN	cat-p|gen-m|num-s|pers-3|case-0|vib-|tam-|chunkId-VGNF|chunkType-head|stype-|voicetype-	17	nmod	_	_
22	withdrawing	withdraw	v	VBG	cat-v|gen-m|num-s|pers-3|case-0|vib-|tam-|chunkId-over|chunkType-child|stype-|voicetype-	21	child	_	_
23	forces	force	v	NNS	cat-v|gen-m|num-s|pers-3|case-0|vib-|tam-|chunkId-NP5|chunkType-head|stype-|voicetype-	21	k2	_	_
24	from	from	p	IN	cat-p|gen-m|num-s|pers-3|case-0|vib-|tam-|chunkId-PP3|chunkType-head|stype-|voicetype-	21	k7p	_	_
25	Siachen	'	nnp	NNP	cat-|gen-|num-|pers-|case-|vib-|tam-|chunkId-from|chunkType-child|stype-|voicetype-	24	child	_	_
26	?	comma	punc	SYM	cat-punc|gen-n|num-s|pers-3|case-0|vib-|tam-|chunkId-from|chunkType-child|stype-|voicetype-	24	child	_	_

1	Pakistan	'	nnp	NNP	cat-|gen-|num-|pers-|case-|vib-|tam-|chunkId-NP|chunkType-head|stype-|voicetype-	2	k1	_	_
2	is	be	v	VBZ	cat-v|gen-m|num-s|pers-3|case-0|vib-|tam-|chunkId-VG|chunkType-head|stype-|voicetype-	14	ccof	_	_
3	leaving	leave	v	VBG	cat-v|gen-m|num-s|pers-3|case-0|vib-|tam-|chunkId-is|chunkType-child|stype-|voicetype-	2	child	_	_
4	no	no	det	DT	cat-det|gen-m|num-s|pers-3|case-0|vib-|tam-|chunkId-NP2|chunkType-head|stype-|voicetype-	2	k2	_	_
5	stone	stone	v	NN	cat-v|gen-m|num-s|pers-3|case-0|vib-|tam-|chunkId-no|chunkType-child|stype-|voicetype-	4	child	_	_
6	unturned	'	vbn	VBN	cat-|gen-|num-|pers-|case-|vib-|tam-|chunkId-VG2|chunkType-head|stype-|voicetype-	2	k2s	_	_
7	in	in	p	IN	cat-p|gen-m|num-s|pers-3|case-0|vib-|tam-|chunkId-VG3|chunkType-head|stype-|voicetype-	2	vmod	_	_
8	advertising	advertise	v	VBG	cat-v|gen-m|num-s|pers-3|case-0|vib-|tam-|chunkId-in|chunkType-child|stype-|voicetype-	7	child	_	_
9	that	that	P	IN	cat-P|gen-m|num-s|pers-3|case-0|vib-|tam-|chunkId-CCP|chunkType-head|stype-|voicetype-	7	rs	_	_
10	this	this	det	DT	cat-det|gen-m|num-s|pers-3|case-0|vib-|tam-|chunkId-NP3|chunkType-head|stype-|voicetype-	11	k1	_	_
11	will	will	v	MD	cat-v|gen-m|num-s|pers-3|case-0|vib-|tam-|chunkId-VG4|chunkType-head|stype-|voicetype-	9	ccof	_	_
12	happen	happen	v	VB	cat-v|gen-m|num-s|pers-3|case-0|vib-|tam-|chunkId-will|chunkType-child|stype-|voicetype-	11	child	_	_
13	,	comma	punc	SYM	cat-punc|gen-n|num-s|pers-3|case-0|vib-|tam-|chunkId-will|chunkType-child|stype-|voicetype-	11	child	_	_
14	whereas	whereas	Conj	IN	cat-Conj|gen-m|num-s|pers-3|case-0|vib-|tam-|chunkId-CCP2|chunkType-head|stype-|voicetype-	0	root	_	_
15	according	accord	v	VBG	cat-v|gen-m|num-s|pers-3|case-0|vib-|tam-|chunkId-NP4|chunkType-head|stype-|voicetype-	27	vmod	_	_
16	to	to	v	TO	cat-v|gen-m|num-s|pers-3|case-0|vib-|tam-|chunkId-according|chunkType-child|stype-|voicetype-	15	child	_	_
17	highly	highly	D	RB	cat-D|gen-m|num-s|pers-3|case-0|vib-|tam-|chunkId-according|chunkType-child|stype-|voicetype-	15	child	_	_
18	placed	place	v	VBN	cat-v|gen-m|num-p|pers-3|case-0|vib-|tam-|chunkId-according|chunkType-child|stype-|voicetype-	15	child	_	_
19	sources	source	n	NNS	cat-n|gen-m|num-p|pers-3|case-0|vib-|tam-|chunkId-according|chunkType-child|stype-|voicetype-	15	child	_	_
20	in	in	p	IN	cat-p|gen-m|num-s|pers-3|case-0|vib-|tam-|chunkId-NP6|chunkType-head|stype-|voicetype-	27	k7	_	_
21	India	'	nnp	NNP	cat-|gen-|num-|pers-|case-|vib-|tam-|chunkId-in2|chunkType-child|stype-|voicetype-	20	child	_	_
22	's	'	pos	POS	cat-|gen-|num-|pers-|case-|vib-|tam-|chunkId-in2|chunkType-child|stype-|voicetype-	20	child	_	_
23	Foreign	foreign	adj	NNP	cat-adj|gen-m|num-s|pers-3|case-0|vib-|tam-|chunkId-in2|chunkType-child|stype-|voicetype-	20	child	_	_
24	Ministry	ministry	n	NNP	cat-n|gen-m|num-s|pers-3|case-0|vib-|tam-|chunkId-in2|chunkType-child|stype-|voicetype-	20	child	_	_
25	,	comma	punc	SYM	cat-punc|gen-n|num-s|pers-3|case-0|vib-|tam-|chunkId-in2|chunkType-child|stype-|voicetype-	20	child	_	_
26	there	there	P	EX	cat-P|gen-m|num-s|pers-3|case-0|vib-|tam-|chunkId-NP8|chunkType-head|stype-|voicetype-	27	dummy	_	_
27	is	be	v	VBZ	cat-v|gen-m|num-s|pers-3|case-0|vib-|tam-|chunkId-VG5|chunkType-head|stype-|voicetype-	14	ccof	_	_
28	still	still	v	RB	cat-v|gen-m|num-s|pers-3|case-0|vib-|tam-|chunkId-ADVP|chunkType-head|stype-|voicetype-	27	k7t	_	_
29	time	time	v	NN	cat-v|gen-m|num-s|pers-3|case-0|vib-|tam-|chunkId-NP9|chunkType-head|stype-|voicetype-	27	k1	_	_
30	.	.	punc	SYM	cat-punc|gen-n|num-s|pers-3|case-0|vib-|tam-|chunkId-time|chunkType-child|stype-|voicetype-	29	child	_	_

1	Sources	source	n	NNS	cat-n|gen-m|num-p|pers-3|case-0|vib-|tam-|chunkId-NP|chunkType-head|stype-|voicetype-	6	k1	_	_
2	in	in	p	IN	cat-p|gen-m|num-s|pers-3|case-0|vib-|tam-|chunkId-PP|chunkType-head|stype-|voicetype-	1	nmod	_	_
3	the	the	det	DT	cat-det|gen-m|num-s|pers-3|case-0|vib-|tam-|chunkId-in|chunkType-child|stype-|voicetype-	2	child	_	_
4	Foreign	foreign	adj	NNP	cat-adj|gen-m|num-s|pers-3|case-0|vib-|tam-|chunkId-in|chunkType-child|stype-|voicetype-	2	child	_	_
5	Ministry	ministry	n	NNP	cat-n|gen-m|num-s|pers-3|case-0|vib-|tam-|chunkId-in|chunkType-child|stype-|voicetype-	2	child	_	_
6	have	have	v	VBP	cat-v|gen-m|num-s|pers-3|case-0|vib-|tam-|chunkId-VG|chunkType-head|stype-|voicetype-	0	root	_	_
7	said	say	v	VBD	cat-v|gen-m|num-s|pers-3|case-0|vib-|tam-|chunkId-have|chunkType-child|stype-|voicetype-	6	child	_	_
8	that	that	P	IN	cat-P|gen-m|num-s|pers-3|case-0|vib-|tam-|chunkId-CCP|chunkType-head|stype-|voicetype-	6	k2	_	_
9	there	there	P	EX	cat-P|gen-m|num-s|pers-3|case-0|vib-|tam-|chunkId-NP3|chunkType-head|stype-|voicetype-	10	dummy	_	_
10	's	'	vbz	VBZ	cat-|gen-|num-|pers-|case-|vib-|tam-|chunkId-VG2|chunkType-head|stype-|voicetype-	8	ccof	_	_
11	no	no	det	DT	cat-det|gen-m|num-s|pers-3|case-0|vib-|tam-|chunkId-NP4|chunkType-head|stype-|voicetype-	10	k1	_	_
12	substance	substance	n	NN	cat-n|gen-m|num-s|pers-3|case-0|vib-|tam-|chunkId-no|chunkType-child|stype-|voicetype-	11	child	_	_
13	in	in	p	TO	cat-p|gen-m|num-s|pers-3|case-0|vib-|tam-|chunkId-NP5|chunkType-head|stype-|voicetype-	10	k7	_	_
14	Pakistan	'	nnp	NNP	cat-|gen-|num-|pers-|case-|vib-|tam-|chunkId-in2|chunkType-child|stype-|voicetype-	13	child	_	_
15	's	'	pos	POS	cat-|gen-|num-|pers-|case-|vib-|tam-|chunkId-in2|chunkType-child|stype-|voicetype-	13	child	_	_
16	claims	claim	n	NNS	cat-n|gen-m|num-p|pers-3|case-0|vib-|tam-|chunkId-in2|chunkType-child|stype-|voicetype-	13	child	_	_
17	.	.	punc	SYM	cat-punc|gen-n|num-s|pers-3|case-0|vib-|tam-|chunkId-in2|chunkType-child|stype-|voicetype-	13	child	_	_

1	It	it	P	PRP	cat-P|gen-m|num-s|pers-3|case-0|vib-|tam-|chunkId-NP|chunkType-head|stype-|voicetype-	2	k1	_	_
2	's	'	md	MD	cat-|gen-|num-|pers-|case-|vib-|tam-|chunkId-VG|chunkType-head|stype-|voicetype-	0	root	_	_
3	said	say	v	VBD	cat-v|gen-m|num-s|pers-3|case-0|vib-|tam-|chunkId-s|chunkType-child|stype-|voicetype-	2	child	_	_
4	that	that	P	IN	cat-P|gen-m|num-s|pers-3|case-0|vib-|tam-|chunkId-CCP|chunkType-head|stype-|voicetype-	2	k2	_	_
5	nothing	nothing	P	NN	cat-P|gen-m|num-s|pers-3|case-0|vib-|tam-|chunkId-NP2|chunkType-head|stype-|voicetype-	6	k2	_	_
6	can	can	v	MD	cat-v|gen-m|num-s|pers-3|case-0|vib-|tam-|chunkId-VG2|chunkType-head|stype-|voicetype-	4	ccof	_	_
7	be	be	v	VB	cat-v|gen-m|num-s|pers-3|case-0|vib-|tam-|chunkId-can|chunkType-child|stype-|voicetype-	6	child	_	_
8	said	say	v	VBN	cat-v|gen-m|num-s|pers-3|case-0|vib-|tam-|chunkId-can|chunkType-child|stype-|voicetype-	6	child	_	_
9	at	at	p	IN	cat-p|gen-m|num-s|pers-3|case-0|vib-|tam-|chunkId-PP|chunkType-head|stype-|voicetype-	6	k7t	_	_
10	this	this	det	DT	cat-det|gen-m|num-s|pers-3|case-0|vib-|tam-|chunkId-at|chunkType-child|stype-|voicetype-	9	child	_	_
11	time	time	v	NN	cat-v|gen-m|num-s|pers-3|case-0|vib-|tam-|chunkId-at|chunkType-child|stype-|voicetype-	9	child	_	_
12	on	on	p	IN	cat-p|gen-m|num-s|pers-3|case-0|vib-|tam-|chunkId-PP2|chunkType-head|stype-|voicetype-	6	k7	_	_
13	Pakistan	'	nnp	NNP	cat-|gen-|num-|pers-|case-|vib-|tam-|chunkId-on|chunkType-child|stype-|voicetype-	12	child	_	_
14	Foreign	foreign	adj	NNP	cat-adj|gen-m|num-s|pers-3|case-0|vib-|tam-|chunkId-on|chunkType-child|stype-|voicetype-	12	child	_	_
15	Minister	minister	v	NNP	cat-v|gen-m|num-s|pers-3|case-0|vib-|tam-|chunkId-on|chunkType-child|stype-|voicetype-	12	child	_	_
16	Khursheed	'	nnp	NNP	cat-|gen-|num-|pers-|case-|vib-|tam-|chunkId-on|chunkType-child|stype-|voicetype-	12	child	_	_
17	Mahmud	'	nnp	NNP	cat-|gen-|num-|pers-|case-|vib-|tam-|chunkId-on|chunkType-child|stype-|voicetype-	12	child	_	_
18	Kasuri	'	nnp	NNP	cat-|gen-|num-|pers-|case-|vib-|tam-|chunkId-on|chunkType-child|stype-|voicetype-	12	child	_	_
19	's	'	pos	POS	cat-|gen-|num-|pers-|case-|vib-|tam-|chunkId-on|chunkType-child|stype-|voicetype-	12	child	_	_
20	claim	claim	n	NN	cat-n|gen-m|num-s|pers-3|case-0|vib-|tam-|chunkId-on|chunkType-child|stype-|voicetype-	12	child	_	_
21	about	about	p	IN	cat-p|gen-m|num-s|pers-3|case-0|vib-|tam-|chunkId-PP3|chunkType-head|stype-|voicetype-	24	k2	_	_
22	an	an	det	DT	cat-det|gen-m|num-s|pers-3|case-0|vib-|tam-|chunkId-about|chunkType-child|stype-|voicetype-	21	child	_	_
23	agreement	agreement	n	NN	cat-n|gen-m|num-s|pers-3|case-0|vib-|tam-|chunkId-about|chunkType-child|stype-|voicetype-	21	child	_	_
24	having	have	v	VBG	cat-v|gen-m|num-s|pers-3|case-0|vib-|tam-|chunkId-VG3|chunkType-head|stype-|voicetype-	12	nmod-k2inv	_	_
25	been	be	v	VBN	cat-v|gen-m|num-s|pers-3|case-0|vib-|tam-|chunkId-having|chunkType-child|stype-|voicetype-	24	child	_	_
26	reached	reach	v	VBN	cat-v|gen-m|num-s|pers-3|case-0|vib-|tam-|chunkId-having|chunkType-child|stype-|voicetype-	24	child	_	_
27	between	between	D	IN	cat-D|gen-m|num-s|pers-3|case-0|vib-|tam-|chunkId-PP4|chunkType-head|stype-|voicetype-	24	k7	_	_
28	the	the	det	DT	cat-det|gen-m|num-s|pers-3|case-0|vib-|tam-|chunkId-between|chunkType-child|stype-|voicetype-	27	child	_	_
29	two	two	det	CD	cat-det|gen-m|num-s|pers-3|case-0|vib-|tam-|chunkId-between|chunkType-child|stype-|voicetype-	27	child	_	_
30	countries	country	n	NNS	cat-n|gen-m|num-p|pers-3|case-0|vib-|tam-|chunkId-between|chunkType-child|stype-|voicetype-	27	child	_	_
31	over	over	p	IN	cat-p|gen-m|num-s|pers-3|case-0|vib-|tam-|chunkId-PP5|chunkType-head|stype-|voicetype-	24	k7	_	_
32	the	the	det	DT	cat-det|gen-m|num-s|pers-3|case-0|vib-|tam-|chunkId-over|chunkType-child|stype-|voicetype-	31	child	_	_
33	Kashmir	kashmir	n	NNP	cat-n|gen-m|num-s|pers-3|case-0|vib-|tam-|chunkId-over|chunkType-child|stype-|voicetype-	31	child	_	_
34	problem	problem	n	NN	cat-n|gen-m|num-s|pers-3|case-0|vib-|tam-|chunkId-over|chunkType-child|stype-|voicetype-	31	child	_	_
35	.	.	punc	SYM	cat-punc|gen-n|num-s|pers-3|case-0|vib-|tam-|chunkId-over|chunkType-child|stype-|voicetype-	31	child	_	_

1	On	on	p	IN	cat-p|gen-m|num-s|pers-3|case-0|vib-|tam-|chunkId-PP|chunkType-head|stype-|voicetype-	12	k7	_	_
2	the	the	det	DT	cat-det|gen-m|num-s|pers-3|case-0|vib-|tam-|chunkId-On|chunkType-child|stype-|voicetype-	1	child	_	_
3	question	question	v	NN	cat-v|gen-m|num-s|pers-3|case-0|vib-|tam-|chunkId-On|chunkType-child|stype-|voicetype-	1	child	_	_
4	of	of	p	IN	cat-p|gen-m|num-s|pers-3|case-0|vib-|tam-|chunkId-VG|chunkType-head|stype-|voicetype-	1	r6	_	_
5	withdrawing	withdraw	v	VBG	cat-v|gen-m|num-s|pers-3|case-0|vib-|tam-|chunkId-of|chunkType-child|stype-|voicetype-	4	child	_	_
6	forces	force	v	NNS	cat-v|gen-m|num-s|pers-3|case-0|vib-|tam-|chunkId-NP2|chunkType-head|stype-|voicetype-	4	k2	_	_
7	from	from	p	IN	cat-p|gen-m|num-s|pers-3|case-0|vib-|tam-|chunkId-PP2|chunkType-head|stype-|voicetype-	4	k7p	_	_
8	Siachen	'	nnp	NNP	cat-|gen-|num-|pers-|case-|vib-|tam-|chunkId-from|chunkType-child|stype-|voicetype-	7	child	_	_
9	,	comma	punc	SYM	cat-punc|gen-n|num-s|pers-3|case-0|vib-|tam-|chunkId-from|chunkType-child|stype-|voicetype-	7	child	_	_
10	nine	nine	det	CD	cat-det|gen-m|num-s|pers-3|case-0|vib-|tam-|chunkId-NP4|chunkType-head|stype-|voicetype-	12	k2	_	_
11	meetings	meeting	n	NNS	cat-n|gen-m|num-p|pers-3|case-0|vib-|tam-|chunkId-nine|chunkType-child|stype-|voicetype-	10	child	_	_
12	have	have	v	VBP	cat-v|gen-m|num-s|pers-3|case-0|vib-|tam-|chunkId-VG2|chunkType-head|stype-|voicetype-	0	root	_	_
13	been	be	v	VBN	cat-v|gen-m|num-s|pers-3|case-0|vib-|tam-|chunkId-have|chunkType-child|stype-|voicetype-	12	child	_	_
14	held	hold	v	VBN	cat-v|gen-m|num-s|pers-3|case-0|vib-|tam-|chunkId-have|chunkType-child|stype-|voicetype-	12	child	_	_
15	over	over	p	IN	cat-p|gen-m|num-s|pers-3|case-0|vib-|tam-|chunkId-PP3|chunkType-head|stype-|voicetype-	12	k7	_	_
16	this	this	det	DT	cat-det|gen-m|num-s|pers-3|case-0|vib-|tam-|chunkId-over|chunkType-child|stype-|voicetype-	15	child	_	_
17	issue	issue	v	NN	cat-v|gen-m|num-s|pers-3|case-0|vib-|tam-|chunkId-over|chunkType-child|stype-|voicetype-	15	child	_	_
18	since	since	D	IN	cat-D|gen-m|num-s|pers-3|case-0|vib-|tam-|chunkId-PP4|chunkType-head|stype-|voicetype-	12	k7t	_	_
19	2004	'	cd	CD	cat-|gen-|num-|pers-|case-|vib-|tam-|chunkId-since|chunkType-child|stype-|voicetype-	18	child	_	_
20	.	.	punc	SYM	cat-punc|gen-n|num-s|pers-3|case-0|vib-|tam-|chunkId-since|chunkType-child|stype-|voicetype-	18	child	_	_

1	A	a	det	DT	cat-det|gen-m|num-s|pers-3|case-0|vib-|tam-|chunkId-NP|chunkType-head|stype-|voicetype-	9	k2	_	_
2	meeting	meet	v	NN	cat-v|gen-m|num-s|pers-3|case-0|vib-|tam-|chunkId-A|chunkType-child|stype-|voicetype-	1	child	_	_
3	at	at	p	IN	cat-p|gen-m|num-s|pers-3|case-0|vib-|tam-|chunkId-PP|chunkType-head|stype-|voicetype-	1	nmod	_	_
4	the	the	det	DT	cat-det|gen-m|num-s|pers-3|case-0|vib-|tam-|chunkId-at|chunkType-child|stype-|voicetype-	3	child	_	_
5	level	level	v	NN	cat-v|gen-m|num-s|pers-3|case-0|vib-|tam-|chunkId-at|chunkType-child|stype-|voicetype-	3	child	_	_
6	of	of	p	IN	cat-p|gen-m|num-s|pers-3|case-0|vib-|tam-|chunkId-PP2|chunkType-head|stype-|voicetype-	3	r6	_	_
7	Army	army	n	NNP	cat-n|gen-m|num-s|pers-3|case-0|vib-|tam-|chunkId-of|chunkType-child|stype-|voicetype-	6	child	_	_
8	officials	official	n	NNS	cat-n|gen-m|num-p|pers-3|case-0|vib-|tam-|chunkId-of|chunkType-child|stype-|voicetype-	6	child	_	_
9	was	be	v	VBD	cat-v|gen-m|num-s|pers-3|case-0|vib-|tam-|chunkId-VG|chunkType-head|stype-|voicetype-	13	ccof	_	_
10	also	also	D	RB	cat-D|gen-m|num-s|pers-3|case-0|vib-|tam-|chunkId-was|chunkType-child|stype-|voicetype-	9	child	_	_
11	held	hold	v	VBN	cat-v|gen-m|num-s|pers-3|case-0|vib-|tam-|chunkId-was|chunkType-child|stype-|voicetype-	9	child	_	_
12	,	comma	punc	SYM	cat-punc|gen-n|num-s|pers-3|case-0|vib-|tam-|chunkId-was|chunkType-child|stype-|voicetype-	9	child	_	_
13	but	but	D	CC	cat-D|gen-m|num-s|pers-3|case-0|vib-|tam-|chunkId-CCP|chunkType-head|stype-|voicetype-	0	root	_	_
14	as	as	n	RB	cat-n|gen-m|num-s|pers-3|case-0|vib-|tam-|chunkId-ADVP|chunkType-head|stype-|voicetype-	18	k7t	_	_
15	yet	yet	Conj	RB	cat-Conj|gen-m|num-s|pers-3|case-0|vib-|tam-|chunkId-as|chunkType-child|stype-|voicetype-	14	child	_	_
16	no	no	det	DT	cat-det|gen-m|num-s|pers-3|case-0|vib-|tam-|chunkId-NP4|chunkType-head|stype-|voicetype-	18	k2	_	_
17	agreement	agreement	n	NN	cat-n|gen-m|num-s|pers-3|case-0|vib-|tam-|chunkId-no|chunkType-child|stype-|voicetype-	16	child	_	_
18	has	have	v	VBZ	cat-v|gen-m|num-s|pers-3|case-0|vib-|tam-|chunkId-VG2|chunkType-head|stype-|voicetype-	13	ccof	_	_
19	been	be	v	VBN	cat-v|gen-m|num-s|pers-3|case-0|vib-|tam-|chunkId-has|chunkType-child|stype-|voicetype-	18	child	_	_
20	reached	reach	v	VBN	cat-v|gen-m|num-s|pers-3|case-0|vib-|tam-|chunkId-has|chunkType-child|stype-|voicetype-	18	child	_	_
21	over	over	p	IN	cat-p|gen-m|num-s|pers-3|case-0|vib-|tam-|chunkId-PP3|chunkType-head|stype-|voicetype-	18	k7	_	_
22	the	the	det	DT	cat-det|gen-m|num-s|pers-3|case-0|vib-|tam-|chunkId-over|chunkType-child|stype-|voicetype-	21	child	_	_
23	conditions	condition	v	NNS	cat-v|gen-m|num-s|pers-3|case-0|vib-|tam-|chunkId-over|chunkType-child|stype-|voicetype-	21	child	_	_
24	for	for	Comp	IN	cat-Comp|gen-m|num-s|pers-3|case-0|vib-|tam-|chunkId-PP4|chunkType-head|stype-|voicetype-	21	nmod	_	_
25	withdrawal	withdrawal	n	NN	cat-n|gen-m|num-s|pers-3|case-0|vib-|tam-|chunkId-for|chunkType-child|stype-|voicetype-	24	child	_	_
26	of	of	p	IN	cat-p|gen-m|num-s|pers-3|case-0|vib-|tam-|chunkId-PP5|chunkType-head|stype-|voicetype-	24	r6	_	_
27	the	the	det	DT	cat-det|gen-m|num-s|pers-3|case-0|vib-|tam-|chunkId-of2|chunkType-child|stype-|voicetype-	26	child	_	_
28	forces	force	v	NNS	cat-v|gen-m|num-s|pers-3|case-0|vib-|tam-|chunkId-of2|chunkType-child|stype-|voicetype-	26	child	_	_
29	.	.	punc	SYM	cat-punc|gen-n|num-s|pers-3|case-0|vib-|tam-|chunkId-of2|chunkType-child|stype-|voicetype-	26	child	_	_

1	According	accord	v	IN	cat-v|gen-m|num-s|pers-3|case-0|vib-|tam-|chunkId-PP|chunkType-head|stype-|voicetype-	9	vmod	_	_
2	to	to	v	TO	cat-v|gen-m|num-s|pers-3|case-0|vib-|tam-|chunkId-According|chunkType-child|stype-|voicetype-	1	child	_	_
3	a	a	det	DT	cat-det|gen-m|num-s|pers-3|case-0|vib-|tam-|chunkId-According|chunkType-child|stype-|voicetype-	1	child	_	_
4	highly	highly	D	RB	cat-D|gen-m|num-s|pers-3|case-0|vib-|tam-|chunkId-According|chunkType-child|stype-|voicetype-	1	child	_	_
5	placed	place	v	VBN	cat-v|gen-m|num-p|pers-3|case-0|vib-|tam-|chunkId-According|chunkType-child|stype-|voicetype-	1	child	_	_
6	official	official	adj	NN	cat-adj|gen-m|num-s|pers-3|case-0|vib-|tam-|chunkId-According|chunkType-child|stype-|voicetype-	1	child	_	_
7	,	comma	punc	SYM	cat-punc|gen-n|num-s|pers-3|case-0|vib-|tam-|chunkId-According|chunkType-child|stype-|voicetype-	1	child	_	_
8	India	'	nnp	NNP	cat-|gen-|num-|pers-|case-|vib-|tam-|chunkId-NP2|chunkType-head|stype-|voicetype-	9	k1	_	_
9	is	be	v	VBZ	cat-v|gen-m|num-s|pers-3|case-0|vib-|tam-|chunkId-VG|chunkType-head|stype-|voicetype-	0	root	_	_
10	not	not	D	RB	cat-D|gen-m|num-s|pers-3|case-0|vib-|tam-|chunkId-is|chunkType-child|stype-|voicetype-	9	child	_	_
11	willing	will	v	JJ	cat-v|gen-m|num-s|pers-3|case-0|vib-|tam-|chunkId-is|chunkType-child|stype-|voicetype-	9	child	_	_
12	to	to	v	TO	cat-v|gen-m|num-s|pers-3|case-0|vib-|tam-|chunkId-VG2|chunkType-head|stype-|voicetype-	9	k2	_	_
13	compromise	compromise	v	VB	cat-v|gen-m|num-s|pers-3|case-0|vib-|tam-|chunkId-to2|chunkType-child|stype-|voicetype-	12	child	_	_
14	one	one	P	CD	cat-P|gen-m|num-s|pers-3|case-0|vib-|tam-|chunkId-NP3|chunkType-head|stype-|voicetype-	12	adv	_	_
15	bit	bite	v	NN	cat-v|gen-m|num-s|pers-3|case-0|vib-|tam-|chunkId-one|chunkType-child|stype-|voicetype-	14	child	_	_
16	against	against	p	IN	cat-p|gen-m|num-s|pers-3|case-0|vib-|tam-|chunkId-PP2|chunkType-head|stype-|voicetype-	9	vmod	_	_
17	its	it	P	PRP$	cat-P|gen-m|num-s|pers-3|case-0|vib-|tam-|chunkId-against|chunkType-child|stype-|voicetype-	16	child	_	_
18	national	national	adj	JJ	cat-adj|gen-m|num-s|pers-3|case-0|vib-|tam-|chunkId-against|chunkType-child|stype-|voicetype-	16	child	_	_
19	interests	interest	v	NNS	cat-v|gen-m|num-s|pers-3|case-0|vib-|tam-|chunkId-against|chunkType-child|stype-|voicetype-	16	child	_	_
20	over	over	p	IN	cat-p|gen-m|num-s|pers-3|case-0|vib-|tam-|chunkId-PP3|chunkType-head|stype-|voicetype-	9	k7p	_	_
21	Siachen	'	nnp	NNP	cat-|gen-|num-|pers-|case-|vib-|tam-|chunkId-over|chunkType-child|stype-|voicetype-	20	child	_	_
22	.	.	punc	SYM	cat-punc|gen-n|num-s|pers-3|case-0|vib-|tam-|chunkId-over|chunkType-child|stype-|voicetype-	20	child	_	_

1	It	it	P	PRP	cat-P|gen-m|num-s|pers-3|case-0|vib-|tam-|chunkId-NP|chunkType-head|stype-|voicetype-	2	k2	_	_
2	's	'	vbd	VBD	cat-|gen-|num-|pers-|case-|vib-|tam-|chunkId-VG|chunkType-head|stype-|voicetype-	0	root	_	_
3	said	say	v	VBD	cat-v|gen-m|num-s|pers-3|case-0|vib-|tam-|chunkId-s|chunkType-child|stype-|voicetype-	2	child	_	_
4	that	that	P	IN	cat-P|gen-m|num-s|pers-3|case-0|vib-|tam-|chunkId-CCP|chunkType-head|stype-|voicetype-	1	rs	_	_
5	Pakistan	'	nnp	NNP	cat-|gen-|num-|pers-|case-|vib-|tam-|chunkId-NP2|chunkType-head|stype-|voicetype-	6	k1	_	_
6	wants	want	v	VBZ	cat-v|gen-m|num-s|pers-3|case-0|vib-|tam-|chunkId-VG2|chunkType-head|stype-|voicetype-	4	ccof	_	_
7	India	'	nnp	NNP	cat-|gen-|num-|pers-|case-|vib-|tam-|chunkId-NP3|chunkType-head|stype-|voicetype-	9	ccof	_	_
8	's	'	vbz	VBZ	cat-|gen-|num-|pers-|case-|vib-|tam-|chunkId-India|chunkType-child|stype-|voicetype-	7	child	_	_
9	and	and	Conj	CC	cat-Conj|gen-m|num-s|pers-3|case-0|vib-|tam-|chunkId-CCP2|chunkType-head|stype-|voicetype-	13	k1	_	_
10	Pakistan	'	nnp	NNP	cat-|gen-|num-|pers-|case-|vib-|tam-|chunkId-NP4|chunkType-head|stype-|voicetype-	9	ccof	_	_
11	's	'	pos	POS	cat-|gen-|num-|pers-|case-|vib-|tam-|chunkId-Pakistan2|chunkType-child|stype-|voicetype-	10	child	_	_
12	forces	force	v	NNS	cat-v|gen-m|num-s|pers-3|case-0|vib-|tam-|chunkId-Pakistan2|chunkType-child|stype-|voicetype-	10	child	_	_
13	to	to	v	TO	cat-v|gen-m|num-s|pers-3|case-0|vib-|tam-|chunkId-VG3|chunkType-head|stype-|voicetype-	6	k2	_	_
14	withdraw	withdraw	v	VB	cat-v|gen-m|num-s|pers-3|case-0|vib-|tam-|chunkId-to|chunkType-child|stype-|voicetype-	13	child	_	_
15	together	together	p	RB	cat-p|gen-m|num-s|pers-3|case-0|vib-|tam-|chunkId-ADVP|chunkType-head|stype-|voicetype-	13	adv	_	_
16	into	into	p	IN	cat-p|gen-m|num-s|pers-3|case-0|vib-|tam-|chunkId-PP|chunkType-head|stype-|voicetype-	13	k7p	_	_
17	their	he	det	PRP$	cat-det|gen-m|num-p|pers-3|case-0|vib-|tam-|chunkId-into|chunkType-child|stype-|voicetype-	16	child	_	_
18	respective	respective	adj	JJ	cat-adj|gen-m|num-s|pers-3|case-0|vib-|tam-|chunkId-into|chunkType-child|stype-|voicetype-	16	child	_	_
19	territories	territory	n	NNS	cat-n|gen-m|num-p|pers-3|case-0|vib-|tam-|chunkId-into|chunkType-child|stype-|voicetype-	16	child	_	_
20	.	.	punc	SYM	cat-punc|gen-n|num-s|pers-3|case-0|vib-|tam-|chunkId-into|chunkType-child|stype-|voicetype-	16	child	_	_

1	India	'	nnp	NNP	cat-|gen-|num-|pers-|case-|vib-|tam-|chunkId-NP|chunkType-head|stype-|voicetype-	2	k1	_	_
2	does	do	v	VBZ	cat-v|gen-m|num-s|pers-3|case-0|vib-|tam-|chunkId-VG|chunkType-head|stype-|voicetype-	0	root	_	_
3	not	not	D	RB	cat-D|gen-m|num-s|pers-3|case-0|vib-|tam-|chunkId-does|chunkType-child|stype-|voicetype-	2	child	_	_
4	at	at	p	IN	cat-p|gen-m|num-s|pers-3|case-0|vib-|tam-|chunkId-does|chunkType-child|stype-|voicetype-	2	child	_	_
5	all	all	det	DT	cat-det|gen-m|num-s|pers-3|case-0|vib-|tam-|chunkId-does|chunkType-child|stype-|voicetype-	2	child	_	_
6	agree	agree	v	VB	cat-v|gen-m|num-s|pers-3|case-0|vib-|tam-|chunkId-does|chunkType-child|stype-|voicetype-	2	child	_	_
7	with	with	p	IN	cat-p|gen-m|num-s|pers-3|case-0|vib-|tam-|chunkId-PP|chunkType-head|stype-|voicetype-	2	k2	_	_
8	this	this	det	DT	cat-det|gen-m|num-s|pers-3|case-0|vib-|tam-|chunkId-with|chunkType-child|stype-|voicetype-	7	child	_	_
9	.	.	punc	SYM	cat-punc|gen-n|num-s|pers-3|case-0|vib-|tam-|chunkId-with|chunkType-child|stype-|voicetype-	7	child	_	_

1	Also	also	D	RB	cat-D|gen-m|num-s|pers-3|case-0|vib-|tam-|chunkId-ADVP|chunkType-head|stype-|voicetype-	10	sent-adv	_	_
2	,	comma	punc	SYM	cat-punc|gen-n|num-s|pers-3|case-0|vib-|tam-|chunkId-Also|chunkType-child|stype-|voicetype-	1	child	_	_
3	any	any	det	DT	cat-det|gen-m|num-s|pers-3|case-0|vib-|tam-|chunkId-NP|chunkType-head|stype-|voicetype-	10	k1	_	_
4	resolution	resolution	n	NN	cat-n|gen-m|num-s|pers-3|case-0|vib-|tam-|chunkId-any|chunkType-child|stype-|voicetype-	3	child	_	_
5	of	of	p	IN	cat-p|gen-m|num-s|pers-3|case-0|vib-|tam-|chunkId-PP|chunkType-head|stype-|voicetype-	7	ccof	_	_
6	Siachen	'	nnp	NNP	cat-|gen-|num-|pers-|case-|vib-|tam-|chunkId-of|chunkType-child|stype-|voicetype-	5	child	_	_
7	or	or	adj	CC	cat-adj|gen-m|num-s|pers-3|case-0|vib-|tam-|chunkId-CCP|chunkType-head|stype-|voicetype-	3	r6	_	_
8	Kashmir	kashmir	n	NNP	cat-n|gen-m|num-s|pers-3|case-0|vib-|tam-|chunkId-NP3|chunkType-head|stype-|voicetype-	7	ccof	_	_
9	issue	issue	v	NN	cat-v|gen-m|num-s|pers-3|case-0|vib-|tam-|chunkId-Kashmir|chunkType-child|stype-|voicetype-	8	child	_	_
10	is	be	v	VBZ	cat-v|gen-m|num-s|pers-3|case-0|vib-|tam-|chunkId-VG|chunkType-head|stype-|voicetype-	0	root	_	_
11	only	only	D	RB	cat-D|gen-m|num-s|pers-3|case-0|vib-|tam-|chunkId-ADJP|chunkType-head|stype-|voicetype-	10	k1s	_	_
12	possible	possible	adj	JJ	cat-adj|gen-m|num-s|pers-3|case-0|vib-|tam-|chunkId-only|chunkType-child|stype-|voicetype-	11	child	_	_
13	when	when	Conj	WRB	cat-Conj|gen-m|num-s|pers-3|case-0|vib-|tam-|chunkId-ADVP2|chunkType-head|stype-|voicetype-	16	k7t	_	_
14	cross	cross	v	JJ	cat-v|gen-m|num-s|pers-3|case-0|vib-|tam-|chunkId-NP4|chunkType-head|stype-|voicetype-	16	k1	_	_
15	terrorism	terrorism	n	NN	cat-n|gen-m|num-s|pers-3|case-0|vib-|tam-|chunkId-cross|chunkType-child|stype-|voicetype-	14	child	_	_
16	comes	come	v	VBZ	cat-v|gen-m|num-s|pers-3|case-0|vib-|tam-|chunkId-VG2|chunkType-head|stype-|voicetype-	10	k7t	_	_
17	to	to	v	TO	cat-v|gen-m|num-s|pers-3|case-0|vib-|tam-|chunkId-PP2|chunkType-head|stype-|voicetype-	16	pof_idiom	_	_
18	a	a	det	DT	cat-det|gen-m|num-s|pers-3|case-0|vib-|tam-|chunkId-to|chunkType-child|stype-|voicetype-	17	child	_	_
19	complete	complete	v	JJ	cat-v|gen-m|num-p|pers-3|case-0|vib-|tam-|chunkId-to|chunkType-child|stype-|voicetype-	17	child	_	_
20	stop	stop	v	NN	cat-v|gen-m|num-s|pers-3|case-0|vib-|tam-|chunkId-to|chunkType-child|stype-|voicetype-	17	child	_	_
21	.	.	punc	SYM	cat-punc|gen-n|num-s|pers-3|case-0|vib-|tam-|chunkId-to|chunkType-child|stype-|voicetype-	17	child	_	_

1	And	and	Conj	CC	cat-Conj|gen-m|num-s|pers-3|case-0|vib-|tam-|chunkId-CCP|chunkType-head|stype-|voicetype-	0	root	_	_
2	Pakistan	'	nnp	NNP	cat-|gen-|num-|pers-|case-|vib-|tam-|chunkId-NP|chunkType-head|stype-|voicetype-	3	k1	_	_
3	stops	stop	v	VBZ	cat-v|gen-m|num-s|pers-3|case-0|vib-|tam-|chunkId-NP2|chunkType-head|stype-|voicetype-	1	ccof	_	_
4	supporting	support	v	VBG	cat-v|gen-m|num-s|pers-3|case-0|vib-|tam-|chunkId-stops|chunkType-child|stype-|voicetype-	3	child	_	_
5	terrorists	terrorist	n	NNS	cat-n|gen-m|num-p|pers-3|case-0|vib-|tam-|chunkId-NP3|chunkType-head|stype-|voicetype-	3	k2	_	_
6	.	.	punc	SYM	cat-punc|gen-n|num-s|pers-3|case-0|vib-|tam-|chunkId-terrorists|chunkType-child|stype-|voicetype-	5	child	_	_

1	But	but	D	CC	cat-D|gen-m|num-s|pers-3|case-0|vib-|tam-|chunkId-CCP|chunkType-head|stype-|voicetype-	0	root	_	_
2	at	at	p	IN	cat-p|gen-m|num-s|pers-3|case-0|vib-|tam-|chunkId-PP|chunkType-head|stype-|voicetype-	6	k7t	_	_
3	the	the	det	DT	cat-det|gen-m|num-s|pers-3|case-0|vib-|tam-|chunkId-at|chunkType-child|stype-|voicetype-	2	child	_	_
4	moment	moment	n	NN	cat-n|gen-m|num-s|pers-3|case-0|vib-|tam-|chunkId-at|chunkType-child|stype-|voicetype-	2	child	_	_
5	there	there	P	EX	cat-P|gen-m|num-s|pers-3|case-0|vib-|tam-|chunkId-NP2|chunkType-head|stype-|voicetype-	6	dummy	_	_
6	's	'	vbz	VBZ	cat-|gen-|num-|pers-|case-|vib-|tam-|chunkId-VG|chunkType-head|stype-|voicetype-	1	ccof	_	_
7	little	little	D	JJ	cat-D|gen-m|num-s|pers-3|case-0|vib-|tam-|chunkId-NP3|chunkType-head|stype-|voicetype-	6	k2	_	_
8	evidence	evidence	v	NN	cat-v|gen-m|num-s|pers-3|case-0|vib-|tam-|chunkId-little|chunkType-child|stype-|voicetype-	7	child	_	_
9	of	of	p	IN	cat-p|gen-m|num-s|pers-3|case-0|vib-|tam-|chunkId-PP2|chunkType-head|stype-|voicetype-	7	r6	_	_
10	this	this	det	DT	cat-det|gen-m|num-s|pers-3|case-0|vib-|tam-|chunkId-of|chunkType-child|stype-|voicetype-	9	child	_	_
11	happening	happen	v	NN	cat-v|gen-m|num-s|pers-3|case-0|vib-|tam-|chunkId-of|chunkType-child|stype-|voicetype-	9	child	_	_
12	.	.	punc	SYM	cat-punc|gen-n|num-s|pers-3|case-0|vib-|tam-|chunkId-of|chunkType-child|stype-|voicetype-	9	child	_	_

1	However	however	D	RB	cat-D|gen-m|num-s|pers-3|case-0|vib-|tam-|chunkId-ADVP|chunkType-head|stype-|voicetype-	6	sent-adv	_	_
2	,	comma	punc	SYM	cat-punc|gen-n|num-s|pers-3|case-0|vib-|tam-|chunkId-However|chunkType-child|stype-|voicetype-	1	child	_	_
3	an	an	det	DT	cat-det|gen-m|num-s|pers-3|case-0|vib-|tam-|chunkId-NP|chunkType-head|stype-|voicetype-	6	k2	_	_
4	important	important	adj	JJ	cat-adj|gen-m|num-s|pers-3|case-0|vib-|tam-|chunkId-an|chunkType-child|stype-|voicetype-	3	child	_	_
5	meeting	meet	v	NN	cat-v|gen-m|num-s|pers-3|case-0|vib-|tam-|chunkId-an|chunkType-child|stype-|voicetype-	3	child	_	_
6	is	be	v	VBZ	cat-v|gen-m|num-s|pers-3|case-0|vib-|tam-|chunkId-VG|chunkType-head|stype-|voicetype-	0	root	_	_
7	going	go	v	VBG	cat-v|gen-m|num-s|pers-3|case-0|vib-|tam-|chunkId-is|chunkType-child|stype-|voicetype-	6	child	_	_
8	to	to	v	TO	cat-v|gen-m|num-s|pers-3|case-0|vib-|tam-|chunkId-is|chunkType-child|stype-|voicetype-	6	child	_	_
9	be	be	v	VB	cat-v|gen-m|num-s|pers-3|case-0|vib-|tam-|chunkId-is|chunkType-child|stype-|voicetype-	6	child	_	_
10	held	hold	v	VBN	cat-v|gen-m|num-s|pers-3|case-0|vib-|tam-|chunkId-is|chunkType-child|stype-|voicetype-	6	child	_	_
11	in	in	p	IN	cat-p|gen-m|num-s|pers-3|case-0|vib-|tam-|chunkId-PP|chunkType-head|stype-|voicetype-	6	k7p	_	_
12	Islamabad	'	nnp	NNP	cat-|gen-|num-|pers-|case-|vib-|tam-|chunkId-in|chunkType-child|stype-|voicetype-	11	child	_	_
13	over	over	p	IN	cat-p|gen-m|num-s|pers-3|case-0|vib-|tam-|chunkId-PP2|chunkType-head|stype-|voicetype-	6	k7	_	_
14	this	this	det	DT	cat-det|gen-m|num-s|pers-3|case-0|vib-|tam-|chunkId-over|chunkType-child|stype-|voicetype-	13	child	_	_
15	on	on	p	IN	cat-p|gen-m|num-s|pers-3|case-0|vib-|tam-|chunkId-PP3|chunkType-head|stype-|voicetype-	6	k7t	_	_
16	6th	'	jj	JJ	cat-|gen-|num-|pers-|case-|vib-|tam-|chunkId-on|chunkType-child|stype-|voicetype-	15	child	_	_
17	March	march	v	NNP	cat-v|gen-m|num-s|pers-3|case-0|vib-|tam-|chunkId-on|chunkType-child|stype-|voicetype-	15	child	_	_
18	.	.	punc	SYM	cat-punc|gen-n|num-s|pers-3|case-0|vib-|tam-|chunkId-on|chunkType-child|stype-|voicetype-	15	child	_	_

1	Increase	increase	v	NNP	cat-v|gen-m|num-s|pers-3|case-0|vib-|tam-|chunkId-NP|chunkType-head|stype-|voicetype-	4	k1	_	_
2	in	in	p	IN	cat-p|gen-m|num-s|pers-3|case-0|vib-|tam-|chunkId-PP|chunkType-head|stype-|voicetype-	4	k2	_	_
3	Trade	trade	v	NNP	cat-v|gen-m|num-s|pers-3|case-0|vib-|tam-|chunkId-in|chunkType-child|stype-|voicetype-	2	child	_	_
4	would	would	v	MD	cat-v|gen-m|num-s|pers-3|case-0|vib-|tam-|chunkId-VG|chunkType-head|stype-|voicetype-	0	root	_	_
5	help	help	v	VB	cat-v|gen-m|num-s|pers-3|case-0|vib-|tam-|chunkId-would|chunkType-child|stype-|voicetype-	4	child	_	_
6	normalize	normalize	v	VB	cat-v|gen-m|num-s|pers-3|case-0|vib-|tam-|chunkId-VG2|chunkType-head|stype-|voicetype-	4	k2	_	_
7	relations	relations	n	NNS	cat-n|gen-m|num-s|pers-3|case-0|vib-|tam-|chunkId-NP3|chunkType-head|stype-|voicetype-	6	k2	_	_
8	.	punc	n	SYM	cat-n|gen-|num-s|pers-3|case-0|vib-|tam-|chunkId-relations|chunkType-child|stype-|voicetype-	7	child	_	_

1	It	it	P	PRP	cat-P|gen-m|num-s|pers-3|case-0|vib-|tam-|chunkId-NP|chunkType-head|stype-|voicetype-	2	dummy	_	_
2	's	'	vbz	VBZ	cat-|gen-|num-|pers-|case-|vib-|tam-|chunkId-NP2|chunkType-head|stype-|voicetype-	0	root	_	_
3	said	say	v	VBD	cat-v|gen-m|num-s|pers-3|case-0|vib-|tam-|chunkId-s|chunkType-child|stype-|voicetype-	2	child	_	_
4	that	that	P	IN	cat-P|gen-m|num-s|pers-3|case-0|vib-|tam-|chunkId-CCP|chunkType-head|stype-|voicetype-	2	k1	_	_
5	the	the	det	DT	cat-det|gen-m|num-s|pers-3|case-0|vib-|tam-|chunkId-NP3|chunkType-head|stype-|voicetype-	8	k1	_	_
6	present	present	v	JJ	cat-v|gen-m|num-s|pers-3|case-0|vib-|tam-|chunkId-the|chunkType-child|stype-|voicetype-	5	child	_	_
7	excercise	'	nn	NN	cat-|gen-|num-|pers-|case-|vib-|tam-|chunkId-the|chunkType-child|stype-|voicetype-	5	child	_	_
8	is	be	v	VBZ	cat-v|gen-m|num-s|pers-3|case-0|vib-|tam-|chunkId-VG|chunkType-head|stype-|voicetype-	4	ccof	_	_
9	to	to	v	TO	cat-v|gen-m|num-s|pers-3|case-0|vib-|tam-|chunkId-VG2|chunkType-head|stype-|voicetype-	8	k2	_	_
10	restore	restore	v	VB	cat-v|gen-m|num-s|pers-3|case-0|vib-|tam-|chunkId-to|chunkType-child|stype-|voicetype-	9	child	_	_
11	confidence	confidence	n	NN	cat-n|gen-m|num-s|pers-3|case-0|vib-|tam-|chunkId-NP4|chunkType-head|stype-|voicetype-	9	k2	_	_
12	among	amongst	p	IN	cat-p|gen-m|num-s|pers-3|case-0|vib-|tam-|chunkId-PP|chunkType-head|stype-|voicetype-	9	k7	_	_
13	the	the	det	DT	cat-det|gen-m|num-s|pers-3|case-0|vib-|tam-|chunkId-among|chunkType-child|stype-|voicetype-	12	child	_	_
14	common	common	adj	JJ	cat-adj|gen-m|num-s|pers-3|case-0|vib-|tam-|chunkId-among|chunkType-child|stype-|voicetype-	12	child	_	_
15	people	people	v	NNS	cat-v|gen-m|num-p|pers-3|case-0|vib-|tam-|chunkId-among|chunkType-child|stype-|voicetype-	12	child	_	_
16	on	on	p	IN	cat-p|gen-m|num-s|pers-3|case-0|vib-|tam-|chunkId-PP2|chunkType-head|stype-|voicetype-	12	nmod	_	_
17	both	both	det	DT	cat-det|gen-m|num-s|pers-3|case-0|vib-|tam-|chunkId-on|chunkType-child|stype-|voicetype-	16	child	_	_
18	sides	side	v	NNS	cat-v|gen-m|num-s|pers-3|case-0|vib-|tam-|chunkId-on|chunkType-child|stype-|voicetype-	16	child	_	_
19	.	.	punc	SYM	cat-punc|gen-n|num-s|pers-3|case-0|vib-|tam-|chunkId-on|chunkType-child|stype-|voicetype-	16	child	_	_

1	It	it	P	PRP	cat-P|gen-m|num-s|pers-3|case-0|vib-|tam-|chunkId-NP|chunkType-head|stype-|voicetype-	2	k2	_	_
2	will	will	v	MD	cat-v|gen-m|num-s|pers-3|case-0|vib-|tam-|chunkId-VG|chunkType-head|stype-|voicetype-	0	root	_	_
3	be	be	v	VB	cat-v|gen-m|num-s|pers-3|case-0|vib-|tam-|chunkId-will|chunkType-child|stype-|voicetype-	2	child	_	_
4	aided	aid	v	VBN	cat-v|gen-m|num-s|pers-3|case-0|vib-|tam-|chunkId-will|chunkType-child|stype-|voicetype-	2	child	_	_
5	by	by	p	IN	cat-p|gen-m|num-s|pers-3|case-0|vib-|tam-|chunkId-PP|chunkType-head|stype-|voicetype-	2	k1	_	_
6	the	the	det	DT	cat-det|gen-m|num-s|pers-3|case-0|vib-|tam-|chunkId-by|chunkType-child|stype-|voicetype-	5	child	_	_
7	means	mean	v	NN	cat-v|gen-m|num-s|pers-3|case-0|vib-|tam-|chunkId-by|chunkType-child|stype-|voicetype-	5	child	_	_
8	of	of	p	IN	cat-p|gen-m|num-s|pers-3|case-0|vib-|tam-|chunkId-PP2|chunkType-head|stype-|voicetype-	5	r6	_	_
9	education	education	n	NN	cat-n|gen-m|num-s|pers-3|case-0|vib-|tam-|chunkId-of|chunkType-child|stype-|voicetype-	8	child	_	_
10	COMMA	'	comma	COMMA	cat-|gen-|num-|pers-|case-|vib-|tam-|chunkId-of|chunkType-child|stype-|voicetype-	8	child	_	_
11	tourism	tourism	n	NN	cat-n|gen-m|num-s|pers-3|case-0|vib-|tam-|chunkId-of|chunkType-child|stype-|voicetype-	8	child	_	_
12	COMMA	'	comma	COMMA	cat-|gen-|num-|pers-|case-|vib-|tam-|chunkId-of|chunkType-child|stype-|voicetype-	8	child	_	_
13	trade	trade	v	NN	cat-v|gen-m|num-s|pers-3|case-0|vib-|tam-|chunkId-of|chunkType-child|stype-|voicetype-	8	child	_	_
14	COMMA	'	comma	COMMA	cat-|gen-|num-|pers-|case-|vib-|tam-|chunkId-of|chunkType-child|stype-|voicetype-	8	child	_	_
15	health	health	n	NN	cat-n|gen-m|num-s|pers-3|case-0|vib-|tam-|chunkId-of|chunkType-child|stype-|voicetype-	8	child	_	_
16	and	and	Conj	CC	cat-Conj|gen-m|num-s|pers-3|case-0|vib-|tam-|chunkId-of|chunkType-child|stype-|voicetype-	8	child	_	_
17	relaxation	relaxation	n	NN	cat-n|gen-m|num-s|pers-3|case-0|vib-|tam-|chunkId-of|chunkType-child|stype-|voicetype-	8	child	_	_
18	in	in	p	IN	cat-p|gen-m|num-s|pers-3|case-0|vib-|tam-|chunkId-PP3|chunkType-head|stype-|voicetype-	2	k7	_	_
19	visa	visa	v	NN	cat-v|gen-m|num-s|pers-3|case-0|vib-|tam-|chunkId-in|chunkType-child|stype-|voicetype-	18	child	_	_
20	procedures	procedure	n	NNS	cat-n|gen-m|num-p|pers-3|case-0|vib-|tam-|chunkId-in|chunkType-child|stype-|voicetype-	18	child	_	_
21	etc.	.	punc	SYM	cat-punc|gen-n|num-s|pers-3|case-0|vib-|tam-|chunkId-in|chunkType-child|stype-|voicetype-	18	child	_	_
22	.	.	punc	SYM	cat-punc|gen-n|num-s|pers-3|case-0|vib-|tam-|chunkId-in|chunkType-child|stype-|voicetype-	18	child	_	_

1	India	'	nnp	NNP	cat-|gen-|num-|pers-|case-|vib-|tam-|chunkId-NP|chunkType-head|stype-|voicetype-	2	k1	_	_
2	believes	believe	v	VBZ	cat-v|gen-m|num-s|pers-3|case-0|vib-|tam-|chunkId-VG|chunkType-head|stype-|voicetype-	0	root	_	_
3	that	that	P	IN	cat-P|gen-m|num-s|pers-3|case-0|vib-|tam-|chunkId-CCP|chunkType-head|stype-|voicetype-	2	k2	_	_
4	increase	increase	v	NN	cat-v|gen-m|num-s|pers-3|case-0|vib-|tam-|chunkId-NP2|chunkType-head|stype-|voicetype-	12	k1	_	_
5	in	in	p	IN	cat-p|gen-m|num-s|pers-3|case-0|vib-|tam-|chunkId-PP|chunkType-head|stype-|voicetype-	12	k7	_	_
6	bi	'	jj	JJ	cat-|gen-|num-|pers-|case-|vib-|tam-|chunkId-in|chunkType-child|stype-|voicetype-	5	child	_	_
7	trade	trade	v	NN	cat-v|gen-m|num-s|pers-3|case-0|vib-|tam-|chunkId-in|chunkType-child|stype-|voicetype-	5	child	_	_
8	between	between	D	IN	cat-D|gen-m|num-s|pers-3|case-0|vib-|tam-|chunkId-PP2|chunkType-head|stype-|voicetype-	5	nmod	_	_
9	India	'	nnp	NNP	cat-|gen-|num-|pers-|case-|vib-|tam-|chunkId-between|chunkType-child|stype-|voicetype-	8	child	_	_
10	and	and	Conj	CC	cat-Conj|gen-m|num-s|pers-3|case-0|vib-|tam-|chunkId-between|chunkType-child|stype-|voicetype-	8	child	_	_
11	Pakistan	'	nnp	NNP	cat-|gen-|num-|pers-|case-|vib-|tam-|chunkId-between|chunkType-child|stype-|voicetype-	8	child	_	_
12	would	would	v	MD	cat-v|gen-m|num-s|pers-3|case-0|vib-|tam-|chunkId-VG2|chunkType-head|stype-|voicetype-	3	ccof	_	_
13	help	help	v	VB	cat-v|gen-m|num-s|pers-3|case-0|vib-|tam-|chunkId-would|chunkType-child|stype-|voicetype-	12	child	_	_
14	better	better	v	JJR	cat-v|gen-m|num-s|pers-3|case-0|vib-|tam-|chunkId-would|chunkType-child|stype-|voicetype-	12	child	_	_
15	the	the	det	NNS	cat-det|gen-m|num-s|pers-3|case-0|vib-|tam-|chunkId-NP5|chunkType-head|stype-|voicetype-	12	k2	_	_
16	relations	relation	n	NNS	cat-n|gen-m|num-p|pers-3|case-0|vib-|tam-|chunkId-the|chunkType-child|stype-|voicetype-	15	child	_	_
17	between	between	D	IN	cat-D|gen-m|num-s|pers-3|case-0|vib-|tam-|chunkId-NP6|chunkType-head|stype-|voicetype-	15	nmod	_	_
18	the	the	det	DT	cat-det|gen-m|num-s|pers-3|case-0|vib-|tam-|chunkId-between2|chunkType-child|stype-|voicetype-	17	child	_	_
19	two	two	det	CD	cat-det|gen-m|num-s|pers-3|case-0|vib-|tam-|chunkId-between2|chunkType-child|stype-|voicetype-	17	child	_	_
20	countries	country	n	NN	cat-n|gen-m|num-p|pers-3|case-0|vib-|tam-|chunkId-between2|chunkType-child|stype-|voicetype-	17	child	_	_
21	.	.	punc	SYM	cat-punc|gen-n|num-s|pers-3|case-0|vib-|tam-|chunkId-between2|chunkType-child|stype-|voicetype-	17	child	_	_

1	It	it	P	PRP	cat-P|gen-m|num-s|pers-3|case-0|vib-|tam-|chunkId-NP|chunkType-head|stype-|voicetype-	2	k1	_	_
2	's	'	vbz	VBZ	cat-|gen-|num-|pers-|case-|vib-|tam-|chunkId-VG|chunkType-head|stype-|voicetype-	0	root	_	_
3	possible	possible	adj	JJ	cat-adj|gen-m|num-s|pers-3|case-0|vib-|tam-|chunkId-ADJP|chunkType-head|stype-|voicetype-	2	k1s	_	_
4	that	that	P	IN	cat-P|gen-m|num-s|pers-3|case-0|vib-|tam-|chunkId-CCP|chunkType-head|stype-|voicetype-	2	k2	_	_
5	an	an	det	DT	cat-det|gen-m|num-s|pers-3|case-0|vib-|tam-|chunkId-NP2|chunkType-head|stype-|voicetype-	7	k2	_	_
6	agreement	agreement	n	NN	cat-n|gen-m|num-s|pers-3|case-0|vib-|tam-|chunkId-an|chunkType-child|stype-|voicetype-	5	child	_	_
7	can	can	v	MD	cat-v|gen-m|num-s|pers-3|case-0|vib-|tam-|chunkId-VG2|chunkType-head|stype-|voicetype-	4	ccof	_	_
8	also	also	D	RB	cat-D|gen-m|num-s|pers-3|case-0|vib-|tam-|chunkId-can|chunkType-child|stype-|voicetype-	7	child	_	_
9	be	be	v	VB	cat-v|gen-m|num-s|pers-3|case-0|vib-|tam-|chunkId-can|chunkType-child|stype-|voicetype-	7	child	_	_
10	reached	reach	v	VBN	cat-v|gen-m|num-s|pers-3|case-0|vib-|tam-|chunkId-can|chunkType-child|stype-|voicetype-	7	child	_	_
11	over	over	p	IN	cat-p|gen-m|num-s|pers-3|case-0|vib-|tam-|chunkId-PP|chunkType-head|stype-|voicetype-	7	k7	_	_
12	statements	statement	n	NNS	cat-n|gen-m|num-p|pers-3|case-0|vib-|tam-|chunkId-over|chunkType-child|stype-|voicetype-	11	child	_	_
13	and	and	Conj	CC	cat-Conj|gen-m|num-s|pers-3|case-0|vib-|tam-|chunkId-over|chunkType-child|stype-|voicetype-	11	child	_	_
14	efforts	effort	n	NNS	cat-n|gen-m|num-p|pers-3|case-0|vib-|tam-|chunkId-over|chunkType-child|stype-|voicetype-	11	child	_	_
15	that	that	P	WDT	cat-P|gen-m|num-s|pers-3|case-0|vib-|tam-|chunkId-NP4|chunkType-head|stype-|voicetype-	16	k1	_	_
16	try	try	v	VBP	cat-v|gen-m|num-s|pers-3|case-0|vib-|tam-|chunkId-VG3|chunkType-head|stype-|voicetype-	11	nmod__relc	_	_
17	to	to	v	TO	cat-v|gen-m|num-s|pers-3|case-0|vib-|tam-|chunkId-VG4|chunkType-head|stype-|voicetype-	16	k2	_	_
18	spread	spread	v	VB	cat-v|gen-m|num-s|pers-3|case-0|vib-|tam-|chunkId-to|chunkType-child|stype-|voicetype-	17	child	_	_
19	hate	hate	v	NN	cat-v|gen-m|num-s|pers-3|case-0|vib-|tam-|chunkId-NP5|chunkType-head|stype-|voicetype-	17	k2	_	_
20	between	between	D	IN	cat-D|gen-m|num-s|pers-3|case-0|vib-|tam-|chunkId-PP2|chunkType-head|stype-|voicetype-	17	k7	_	_
21	the	the	det	DT	cat-det|gen-m|num-s|pers-3|case-0|vib-|tam-|chunkId-between|chunkType-child|stype-|voicetype-	20	child	_	_
22	two	two	det	CD	cat-det|gen-m|num-s|pers-3|case-0|vib-|tam-|chunkId-between|chunkType-child|stype-|voicetype-	20	child	_	_
23	countries	country	n	NNS	cat-n|gen-m|num-p|pers-3|case-0|vib-|tam-|chunkId-between|chunkType-child|stype-|voicetype-	20	child	_	_
24	.	.	punc	SYM	cat-punc|gen-n|num-s|pers-3|case-0|vib-|tam-|chunkId-between|chunkType-child|stype-|voicetype-	20	child	_	_

1	Sources	source	n	NNS	cat-n|gen-m|num-p|pers-3|case-0|vib-|tam-|chunkId-NP|chunkType-head|stype-|voicetype-	6	k1	_	_
2	from	from	p	IN	cat-p|gen-m|num-s|pers-3|case-0|vib-|tam-|chunkId-PP|chunkType-head|stype-|voicetype-	1	nmod	_	_
3	the	the	det	DT	cat-det|gen-m|num-s|pers-3|case-0|vib-|tam-|chunkId-from|chunkType-child|stype-|voicetype-	2	child	_	_
4	Foreign	foreign	adj	NNP	cat-adj|gen-m|num-s|pers-3|case-0|vib-|tam-|chunkId-from|chunkType-child|stype-|voicetype-	2	child	_	_
5	Ministry	ministry	n	NNP	cat-n|gen-m|num-s|pers-3|case-0|vib-|tam-|chunkId-from|chunkType-child|stype-|voicetype-	2	child	_	_
6	say	say	v	VBP	cat-v|gen-m|num-s|pers-3|case-0|vib-|tam-|chunkId-VG|chunkType-head|stype-|voicetype-	0	root	_	_
7	that	that	P	IN	cat-P|gen-m|num-s|pers-3|case-0|vib-|tam-|chunkId-CCP|chunkType-head|stype-|voicetype-	6	k2	_	_
8	the	the	det	DT	cat-det|gen-m|num-s|pers-3|case-0|vib-|tam-|chunkId-NP3|chunkType-head|stype-|voicetype-	11	k1	_	_
9	army	army	n	NN	cat-n|gen-m|num-s|pers-3|case-0|vib-|tam-|chunkId-the2|chunkType-child|stype-|voicetype-	8	child	_	_
10	also	also	D	RB	cat-D|gen-m|num-s|pers-3|case-0|vib-|tam-|chunkId-the2|chunkType-child|stype-|voicetype-	8	child	_	_
11	has	have	v	VBZ	cat-v|gen-m|num-s|pers-3|case-0|vib-|tam-|chunkId-VG2|chunkType-head|stype-|voicetype-	7	ccof	_	_
12	an	an	det	DT	cat-det|gen-m|num-s|pers-3|case-0|vib-|tam-|chunkId-NP4|chunkType-head|stype-|voicetype-	11	k2	_	_
13	opinion	opinion	n	NN	cat-n|gen-m|num-s|pers-3|case-0|vib-|tam-|chunkId-an|chunkType-child|stype-|voicetype-	12	child	_	_
14	over	over	p	IN	cat-p|gen-m|num-s|pers-3|case-0|vib-|tam-|chunkId-PP2|chunkType-head|stype-|voicetype-	11	k7	_	_
15	withdrawal	withdrawal	n	NN	cat-n|gen-m|num-s|pers-3|case-0|vib-|tam-|chunkId-over|chunkType-child|stype-|voicetype-	14	child	_	_
16	of	of	p	IN	cat-p|gen-m|num-s|pers-3|case-0|vib-|tam-|chunkId-PP3|chunkType-head|stype-|voicetype-	14	r6	_	_
17	forces	force	v	NNS	cat-v|gen-m|num-s|pers-3|case-0|vib-|tam-|chunkId-of|chunkType-child|stype-|voicetype-	16	child	_	_
18	from	from	p	IN	cat-p|gen-m|num-s|pers-3|case-0|vib-|tam-|chunkId-PP4|chunkType-head|stype-|voicetype-	14	nmod	_	_
19	Siachen	'	nnp	NNP	cat-|gen-|num-|pers-|case-|vib-|tam-|chunkId-from2|chunkType-child|stype-|voicetype-	18	child	_	_
20	.	.	punc	SYM	cat-punc|gen-n|num-s|pers-3|case-0|vib-|tam-|chunkId-from2|chunkType-child|stype-|voicetype-	18	child	_	_

1	Moreover	moreover	D	RB	cat-D|gen-m|num-s|pers-3|case-0|vib-|tam-|chunkId-ADVP|chunkType-head|stype-|voicetype-	6	sent-adv	_	_
2	,	comma	punc	SYM	cat-punc|gen-n|num-s|pers-3|case-0|vib-|tam-|chunkId-Moreover|chunkType-child|stype-|voicetype-	1	child	_	_
3	India	'	nnp	NNP	cat-|gen-|num-|pers-|case-|vib-|tam-|chunkId-NP|chunkType-head|stype-|voicetype-	6	k2	_	_
4	's	'	pos	POS	cat-|gen-|num-|pers-|case-|vib-|tam-|chunkId-India|chunkType-child|stype-|voicetype-	3	child	_	_
5	interests	interest	v	NNS	cat-v|gen-m|num-s|pers-3|case-0|vib-|tam-|chunkId-India|chunkType-child|stype-|voicetype-	3	child	_	_
6	are	be	v	VBP	cat-v|gen-m|num-p|pers-3|case-0|vib-|tam-|chunkId-VG|chunkType-head|stype-|voicetype-	0	root	_	_
7	also	also	D	RB	cat-D|gen-m|num-s|pers-3|case-0|vib-|tam-|chunkId-are|chunkType-child|stype-|voicetype-	6	child	_	_
8	to	to	v	TO	cat-v|gen-m|num-s|pers-3|case-0|vib-|tam-|chunkId-VG2|chunkType-head|stype-|voicetype-	6	k2s	_	_
9	be	be	v	VB	cat-v|gen-m|num-s|pers-3|case-0|vib-|tam-|chunkId-to|chunkType-child|stype-|voicetype-	8	child	_	_
10	considered	consider	v	VBN	cat-v|gen-m|num-s|pers-3|case-0|vib-|tam-|chunkId-to|chunkType-child|stype-|voicetype-	8	child	_	_
11	.	.	punc	SYM	cat-punc|gen-n|num-s|pers-3|case-0|vib-|tam-|chunkId-to|chunkType-child|stype-|voicetype-	8	child	_	_

1	This	this	det	DT	cat-det|gen-m|num-s|pers-3|case-0|vib-|tam-|chunkId-NP|chunkType-head|stype-|voicetype-	2	k1	_	_
2	is	be	v	VBZ	cat-v|gen-m|num-s|pers-3|case-0|vib-|tam-|chunkId-VG|chunkType-head|stype-|voicetype-	6	ccof	_	_
3	a	a	det	DT	cat-det|gen-m|num-s|pers-3|case-0|vib-|tam-|chunkId-NP2|chunkType-head|stype-|voicetype-	2	k1s	_	_
4	sensitive	sensitive	adj	JJ	cat-adj|gen-m|num-s|pers-3|case-0|vib-|tam-|chunkId-a|chunkType-child|stype-|voicetype-	3	child	_	_
5	issue	issue	v	NN	cat-v|gen-m|num-s|pers-3|case-0|vib-|tam-|chunkId-a|chunkType-child|stype-|voicetype-	3	child	_	_
6	and	and	Conj	CC	cat-Conj|gen-m|num-s|pers-3|case-0|vib-|tam-|chunkId-CCP|chunkType-head|stype-|voicetype-	0	root	_	_
7	the	the	det	DT	cat-det|gen-m|num-s|pers-3|case-0|vib-|tam-|chunkId-NP3|chunkType-head|stype-|voicetype-	14	k1	_	_
8	level	level	v	NN	cat-v|gen-m|num-s|pers-3|case-0|vib-|tam-|chunkId-the|chunkType-child|stype-|voicetype-	7	child	_	_
9	of	of	p	IN	cat-p|gen-m|num-s|pers-3|case-0|vib-|tam-|chunkId-PP|chunkType-head|stype-|voicetype-	7	r6	_	_
10	confidence	confidence	n	NN	cat-n|gen-m|num-s|pers-3|case-0|vib-|tam-|chunkId-of|chunkType-child|stype-|voicetype-	9	child	_	_
11	building	build	v	NN	cat-v|gen-m|num-s|pers-3|case-0|vib-|tam-|chunkId-of|chunkType-child|stype-|voicetype-	9	child	_	_
12	with	with	p	IN	cat-p|gen-m|num-s|pers-3|case-0|vib-|tam-|chunkId-PP2|chunkType-head|stype-|voicetype-	14	ras-k1	_	_
13	Pakistan	'	nnp	NNP	cat-|gen-|num-|pers-|case-|vib-|tam-|chunkId-with|chunkType-child|stype-|voicetype-	12	child	_	_
14	is	be	v	VBZ	cat-v|gen-m|num-s|pers-3|case-0|vib-|tam-|chunkId-VG2|chunkType-head|stype-|voicetype-	6	ccof	_	_
15	not	not	D	RB	cat-D|gen-m|num-s|pers-3|case-0|vib-|tam-|chunkId-is2|chunkType-child|stype-|voicetype-	14	child	_	_
16	so	so	n	RB	cat-n|gen-m|num-s|pers-3|case-0|vib-|tam-|chunkId-ADJP|chunkType-head|stype-|voicetype-	14	k1s	_	_
17	positive	positive	adj	JJ	cat-adj|gen-m|num-s|pers-3|case-0|vib-|tam-|chunkId-so|chunkType-child|stype-|voicetype-	16	child	_	_
18	that	that	P	IN	cat-P|gen-m|num-s|pers-3|case-0|vib-|tam-|chunkId-CCP2|chunkType-head|stype-|voicetype-	14	k2	_	_
19	it	it	P	PRP	cat-P|gen-m|num-s|pers-3|case-0|vib-|tam-|chunkId-NP6|chunkType-head|stype-|voicetype-	20	k1	_	_
20	can	can	v	MD	cat-v|gen-m|num-s|pers-3|case-0|vib-|tam-|chunkId-VG3|chunkType-head|stype-|voicetype-	18	ccof	_	_
21	be	be	v	VB	cat-v|gen-m|num-s|pers-3|case-0|vib-|tam-|chunkId-can|chunkType-child|stype-|voicetype-	20	child	_	_
22	resolved	resolve	v	VBN	cat-v|gen-m|num-s|pers-3|case-0|vib-|tam-|chunkId-can|chunkType-child|stype-|voicetype-	20	child	_	_
23	that	that	P	PRP	cat-P|gen-m|num-s|pers-3|case-0|vib-|tam-|chunkId-ADVP|chunkType-head|stype-|voicetype-	20	adv	_	_
24	easily	easily	D	RB	cat-D|gen-m|num-s|pers-3|case-0|vib-|tam-|chunkId-that2|chunkType-child|stype-|voicetype-	23	child	_	_
25	.	.	punc	SYM	cat-punc|gen-n|num-s|pers-3|case-0|vib-|tam-|chunkId-that2|chunkType-child|stype-|voicetype-	23	child	_	_

