<Sentence id='1'> #Error :: #Forest, mulitple roots
<Sentence id='2'> #Error :: #Forest, mulitple roots
<Sentence id='3'> #Error :: #Forest, mulitple roots
<Sentence id='4'> #Error :: #Forest, mulitple roots
<Sentence id='6'> #Error :: #cycle in is	is
<Sentence id='7'> converted
<Sentence id='8'> converted
<Sentence id='9'> converted
<Sentence id='10'> converted
<Sentence id='11'> converted
<Sentence id='12'> converted
<Sentence id='13'> converted
<Sentence id='14'> converted
<Sentence id='15'> #Error :: #Forest, mulitple roots
<Sentence id='16'> converted
<Sentence id='17'> #Error :: #cycle in .	to2
<Sentence id='18'> converted
<Sentence id='21'> converted
<Sentence id='22'> converted
<Sentence id='23'> #Error :: #cycle in and	infiltration
<Sentence id='24'> converted
<Sentence id='25'> converted
<Sentence id='26'> converted
