<Sentence id='1'> converted
<Sentence id='2'> #Error :: #Unknown head(s) as NP5	NP7
<Sentence id='3'> converted
<Sentence id='4'> converted
<Sentence id='5'> converted
<Sentence id='6'> converted
<Sentence id='7'> converted
<Sentence id='8'> #Error :: #cycle in Turkey	dispossessed
<Sentence id='9'> #Error :: #cycle in protests	initiated
<Sentence id='10'> converted
<Sentence id='11'> converted
<Sentence id='12'> converted
<Sentence id='13'> converted
<Sentence id='14'> converted
<Sentence id='15'> #Error :: #Unknown head(s) as NP10	NP3
<Sentence id='16'> #Error :: #Unknown head(s) as NP7	NP6
<Sentence id='17'> #Error :: #Unknown head(s) as NP5
<Sentence id='18'> #Error :: #Unknown head(s) as NP3
<Sentence id='19'> converted
<Sentence id='20'> converted
<Sentence id='21'> #Error :: #Unknown head(s) as NP2
<Sentence id='22'> #Error :: #cycle in individually	participated
<Sentence id='23'> converted
<Sentence id='24'> converted
<Sentence id='25'> converted
<Sentence id='26'> converted
<Sentence id='27'> #Error :: #Unknown head(s) as NP3
<Sentence id='28'> converted
<Sentence id='29'> converted
<Sentence id='30'> converted
