<Sentence id='2'> converted
<Sentence id='3'> converted
<Sentence id='6'> #Error :: #Forest, mulitple roots
<Sentence id='7'> #Error :: #Forest, mulitple roots
<Sentence id='8'> converted
<Sentence id='10'> converted
<Sentence id='11'> #Error :: #Forest, mulitple roots
<Sentence id='12'> #Error unsupported operand type(s) for +: 'NoneType' and 'str' :: Wrong ssf formatt!
<Sentence id='13'> converted
<Sentence id='14'> #Error :: #Forest, mulitple roots
<Sentence id='15'> #Error unsupported operand type(s) for +: 'NoneType' and 'str' :: Wrong ssf formatt!
<Sentence id='16'> #Error unsupported operand type(s) for +: 'NoneType' and 'str' :: Wrong ssf formatt!
<Sentence id='17'> #Error :: #Forest, mulitple roots
<Sentence id='18'> #Error unsupported operand type(s) for +: 'NoneType' and 'str' :: Wrong ssf formatt!
<Sentence id='19'> #Error unsupported operand type(s) for +: 'NoneType' and 'str' :: Wrong ssf formatt!
<Sentence id='20'> converted
<Sentence id='21'> #Error unsupported operand type(s) for +: 'NoneType' and 'str' :: Wrong ssf formatt!
<Sentence id='22'> #Error unsupported operand type(s) for +: 'NoneType' and 'str' :: Wrong ssf formatt!
<Sentence id='23'> #Error unsupported operand type(s) for +: 'NoneType' and 'str' :: Wrong ssf formatt!
<Sentence id='24'> converted
<Sentence id='25'> #Error :: #Forest, mulitple roots
<Sentence id='26'> #Error :: #Forest, mulitple roots
<Sentence id='27'> #Error :: #Forest, mulitple roots
<Sentence id='28'> converted
<Sentence id='29'> #Error :: #Forest, mulitple roots
<Sentence id='30'> #Error :: #cycle in All	All
<Sentence id='31'> #Error :: #Forest, mulitple roots
<Sentence id='32'> #Error :: #Forest, mulitple roots
<Sentence id='34'> #Error unsupported operand type(s) for +: 'NoneType' and 'str' :: Wrong ssf formatt!
<Sentence id='36'> #Error :: #Forest, mulitple roots
<Sentence id='37'> #Error :: #Forest, mulitple roots
<Sentence id='38'> converted
<Sentence id='40'> #Error :: #cycle in still	can
<Sentence id='42'> #Error :: #cycle in A	A
