<Sentence id='1'> #Error :: #Forest, mulitple roots
<Sentence id='2'> converted
<Sentence id='3'> #Error :: #Forest, mulitple roots
<Sentence id='4'> converted
<Sentence id='5'> converted
<Sentence id='6'> #Error :: #Unknown head(s) as NP5	NP3
<Sentence id='7'> #Error :: #cycle in Talib	Talib
<Sentence id='8'> converted
<Sentence id='9'> converted
<Sentence id='10'> converted
<Sentence id='11'> converted
<Sentence id='12'> converted
<Sentence id='13'> converted
<Sentence id='14'> converted
<Sentence id='15'> converted
<Sentence id='16'> converted
<Sentence id='17'> #Error :: #Unknown head(s) as NP3
<Sentence id='18'> converted
<Sentence id='19'> converted
<Sentence id='20'> converted
<Sentence id='21'> #Error :: #Forest, mulitple roots
<Sentence id='22'> converted
<Sentence id='23'> #Error :: #Forest, mulitple roots
<Sentence id='24'> converted
<Sentence id='25'> converted
<Sentence id='26'> #Error :: #cycle in too	too
<Sentence id='27'> converted
<Sentence id='28'> converted
<Sentence id='29'> converted
<Sentence id='30'> converted
<Sentence id='31'> converted
<Sentence id='32'> #Error :: #Unknown head(s) as NP4
<Sentence id='33'> converted
<Sentence id='34'> converted
<Sentence id='35'> converted
<Sentence id='36'> #Error :: #Forest, mulitple roots
<Sentence id='37'> #Error :: #Forest, mulitple roots
<Sentence id='38'> converted
<Sentence id='39'> #Error :: #Forest, mulitple roots
<Sentence id='40'> converted
<Sentence id='41'> #Error :: #Forest, mulitple roots
<Sentence id='42'> #Error :: #Unknown head(s) as aggreing
<Sentence id='43'> #Error :: #cycle in Sabira	took
<Sentence id='44'> #Error :: #Forest, mulitple roots
<Sentence id='45'> converted
<Sentence id='46'> converted
<Sentence id='47'> converted
<Sentence id='48'> converted
