1	These	these	n	DT	cat-n|gen-m|num-p|pers-3|case-0|vib-|tam-|chunkId-NP|chunkType-head|stype-|voicetype-	3	k4a	_	_
2	people	people	null	NNS	cat-null|gen-m|num-p|pers-3|case-0|vib-|tam-|chunkId-These|chunkType-child|stype-|voicetype-	1	child	_	_
3	have	have	v	VBP	cat-v|gen-m|num-s|pers-3|case-0|vib-|tam-|chunkId-VG|chunkType-head|stype-|voicetype-	0	root	_	_
4	been	be	null	VBN	cat-null|gen-m|num-s|pers-3|case-0|vib-|tam-|chunkId-have|chunkType-child|stype-|voicetype-	3	child	_	_
5	sentenced	sentence	null	VBN	cat-null|gen-m|num-s|pers-3|case-0|vib-|tam-|chunkId-have|chunkType-child|stype-|voicetype-	3	child	_	_
6	to	to	v	TO	cat-v|gen-m|num-s|pers-3|case-0|vib-|tam-|chunkId-NP2|chunkType-head|stype-|voicetype-	7	rsp	_	_
7	to	to	null	TO	cat-null|gen-m|num-s|pers-3|case-0|vib-|tam-|chunkId-NP3|chunkType-head|stype-|voicetype-	3	k7t	_	_
8	years	year	null	NNS	cat-null|gen-m|num-p|pers-3|case-0|vib-|tam-|chunkId-to2|chunkType-child|stype-|voicetype-	7	child	_	_
9	of	of	p	IN	cat-p|gen-m|num-s|pers-3|case-0|vib-|tam-|chunkId-PP|chunkType-head|stype-|voicetype-	7	r6	_	_
10	imprisonment	imprisonment	n	NN	cat-n|gen-m|num-s|pers-3|case-0|vib-|tam-|chunkId-of|chunkType-child|stype-|voicetype-	9	child	_	_
11	.	.	s	SYM	cat-s|gen-n|num-s|pers-3|case-0|vib-|tam-|chunkId-of|chunkType-child|stype-|voicetype-	9	child	_	_

1	However	however	adv	RB	cat-adv|gen-m|num-s|pers-3|case-0|vib-|tam-|chunkId-ADVP|chunkType-head|stype-|voicetype-	15	sent-adv	_	_
2	,	comma	s	SYM	cat-s|gen-n|num-s|pers-3|case-0|vib-|tam-|chunkId-However|chunkType-child|stype-|voicetype-	1	child	_	_
3	the	the	det	DT	cat-det|gen-m|num-s|pers-3|case-0|vib-|tam-|chunkId-NP|chunkType-head|stype-|voicetype-	15	k2	_	_
4	sentencing	sentence	n	NN	cat-n|gen-m|num-s|pers-3|case-0|vib-|tam-|chunkId-the|chunkType-child|stype-|voicetype-	3	child	_	_
5	of	of	p	IN	cat-p|gen-m|num-s|pers-3|case-0|vib-|tam-|chunkId-PP|chunkType-head|stype-|voicetype-	3	r6	_	_
6	actor	actor	n	NN	cat-n|gen-m|num-s|pers-3|case-0|vib-|tam-|chunkId-of|chunkType-child|stype-|voicetype-	5	child	_	_
7	for	for	Comp	IN	cat-Comp|gen-m|num-s|pers-3|case-0|vib-|tam-|chunkId-PP2|chunkType-head|stype-|voicetype-	3	nmod	_	_
8	the	the	det	DT	cat-det|gen-m|num-s|pers-3|case-0|vib-|tam-|chunkId-for|chunkType-child|stype-|voicetype-	7	child	_	_
9	of	of	p	IN	cat-p|gen-m|num-s|pers-3|case-0|vib-|tam-|chunkId-PP3|chunkType-head|stype-|voicetype-	7	r6	_	_
10	illegal	illegal	adj	JJ	cat-adj|gen-m|num-s|pers-3|case-0|vib-|tam-|chunkId-of2|chunkType-child|stype-|voicetype-	9	child	_	_
11	weapons	weapon	adj	NNS	cat-adj|gen-m|num-p|pers-3|case-0|vib-|tam-|chunkId-of2|chunkType-child|stype-|voicetype-	9	child	_	_
12	in	in	p	IN	cat-p|gen-m|num-s|pers-3|case-0|vib-|tam-|chunkId-PP4|chunkType-head|stype-|voicetype-	15	k7	_	_
13	the	the	det	DT	cat-det|gen-m|num-s|pers-3|case-0|vib-|tam-|chunkId-in|chunkType-child|stype-|voicetype-	12	child	_	_
14	case	case	n	NN	cat-n|gen-m|num-s|pers-3|case-0|vib-|tam-|chunkId-in|chunkType-child|stype-|voicetype-	12	child	_	_
15	can	can	v	MD	cat-v|gen-m|num-s|pers-3|case-0|vib-|tam-|chunkId-VG|chunkType-head|stype-|voicetype-	0	root	_	_
16	be	be	null	VB	cat-null|gen-m|num-s|pers-3|case-0|vib-|tam-|chunkId-can|chunkType-child|stype-|voicetype-	15	child	_	_
17	further	further	null	RBR	cat-null|gen-m|num-s|pers-3|case-0|vib-|tam-|chunkId-can|chunkType-child|stype-|voicetype-	15	child	_	_
18	delayed	delay	null	VBN	cat-null|gen-m|num-s|pers-3|case-0|vib-|tam-|chunkId-can|chunkType-child|stype-|voicetype-	15	child	_	_
19	.	.	s	SYM	cat-s|gen-n|num-s|pers-3|case-0|vib-|tam-|chunkId-can|chunkType-child|stype-|voicetype-	15	child	_	_

1	The	the	det	DT	cat-det|gen-m|num-s|pers-3|case-0|vib-|tam-|chunkId-NP|chunkType-head|stype-|voicetype-	5	k1	_	_
2	court	court	n	NN	cat-n|gen-m|num-s|pers-3|case-0|vib-|tam-|chunkId-The|chunkType-child|stype-|voicetype-	1	child	_	_
3	on	on	p	IN	cat-p|gen-m|num-s|pers-3|case-0|vib-|tam-|chunkId-PP|chunkType-head|stype-|voicetype-	5	k7t	_	_
4	Thursday	thursday	n	NNP	cat-n|gen-m|num-s|pers-3|case-0|vib-|tam-|chunkId-on|chunkType-child|stype-|voicetype-	3	child	_	_
5	sentenced	sentence	v	VBD	cat-v|gen-m|num-s|pers-3|case-0|vib-|tam-|chunkId-VG|chunkType-head|stype-|voicetype-	0	root	_	_
6	six	six	det	CD	cat-det|gen-m|num-s|pers-3|case-0|vib-|tam-|chunkId-NP3|chunkType-head|stype-|voicetype-	5	k4	_	_
7	people	people	null	NNS	cat-null|gen-m|num-p|pers-3|case-0|vib-|tam-|chunkId-six|chunkType-child|stype-|voicetype-	6	child	_	_
8	involved	involve	v	VBN	cat-v|gen-m|num-s|pers-3|case-0|vib-|tam-|chunkId-VG2|chunkType-head|stype-|voicetype-	6	nmod	_	_
9	in	in	p	IN	cat-p|gen-m|num-s|pers-3|case-0|vib-|tam-|chunkId-PP2|chunkType-head|stype-|voicetype-	8	k7	_	_
10	the	the	det	DT	cat-det|gen-m|num-s|pers-3|case-0|vib-|tam-|chunkId-in|chunkType-child|stype-|voicetype-	9	child	_	_
11	smuggling	smuggle	n	NN	cat-n|gen-m|num-s|pers-3|case-0|vib-|tam-|chunkId-in|chunkType-child|stype-|voicetype-	9	child	_	_
12	of	of	p	IN	cat-p|gen-m|num-s|pers-3|case-0|vib-|tam-|chunkId-PP3|chunkType-head|stype-|voicetype-	9	r6	_	_
13	explosives	explosive	n	NNS	cat-n|gen-m|num-p|pers-3|case-0|vib-|tam-|chunkId-of|chunkType-child|stype-|voicetype-	12	child	_	_
14	and	and	avy	CC	cat-avy|gen-m|num-s|pers-3|case-0|vib-|tam-|chunkId-of|chunkType-child|stype-|voicetype-	12	child	_	_
15	weapons	weapon	avy	NNS	cat-avy|gen-m|num-p|pers-3|case-0|vib-|tam-|chunkId-of|chunkType-child|stype-|voicetype-	12	child	_	_
16	used	use	v	VBN	cat-v|gen-m|num-s|pers-3|case-0|vib-|tam-|chunkId-VG3|chunkType-head|stype-|voicetype-	12	nmod	_	_
17	in	in	p	IN	cat-p|gen-m|num-s|pers-3|case-0|vib-|tam-|chunkId-PP4|chunkType-head|stype-|voicetype-	16	k7	_	_
18	the	the	det	DT	cat-det|gen-m|num-s|pers-3|case-0|vib-|tam-|chunkId-in2|chunkType-child|stype-|voicetype-	17	child	_	_
19	blasts	blast	null	NNS	cat-null|gen-m|num-s|pers-3|case-0|vib-|tam-|chunkId-in2|chunkType-child|stype-|voicetype-	17	child	_	_
20	.	.	s	SYM	cat-s|gen-n|num-s|pers-3|case-0|vib-|tam-|chunkId-in2|chunkType-child|stype-|voicetype-	17	child	_	_

1	Rigorous	rigorous	adj	IN	cat-adj|gen-m|num-s|pers-3|case-0|vib-|tam-|chunkId-PP|chunkType-head|stype-|voicetype-	0	root	_	_
2	imprisonment	imprisonment	n	NN	cat-n|gen-m|num-s|pers-3|case-0|vib-|tam-|chunkId-Rigorous|chunkType-child|stype-|voicetype-	1	child	_	_
3	of	of	p	IN	cat-p|gen-m|num-s|pers-3|case-0|vib-|tam-|chunkId-PP2|chunkType-head|stype-|voicetype-	1	r6	_	_
4	to	to	null	TO	cat-null|gen-m|num-s|pers-3|case-0|vib-|tam-|chunkId-of|chunkType-child|stype-|voicetype-	3	child	_	_
5	years	'	nns	NNS	cat-|gen-|num-|pers-|case-|vib-|tam-|chunkId-of|chunkType-child|stype-|voicetype-	3	child	_	_
6	.	'	sym	SYM	cat-|gen-|num-|pers-|case-|vib-|tam-|chunkId-of|chunkType-child|stype-|voicetype-	3	child	_	_

1	Two	two	det	CD	cat-det|gen-m|num-s|pers-3|case-0|vib-|tam-|chunkId-NP|chunkType-head|stype-|voicetype-	12	k1	_	_
2	close	close	adj	JJ	cat-adj|gen-m|num-s|pers-3|case-0|vib-|tam-|chunkId-Two|chunkType-child|stype-|voicetype-	1	child	_	_
3	aides	aide	adj	NNS	cat-adj|gen-m|num-p|pers-3|case-0|vib-|tam-|chunkId-Two|chunkType-child|stype-|voicetype-	1	child	_	_
4	of	of	p	IN	cat-p|gen-m|num-s|pers-3|case-0|vib-|tam-|chunkId-PP|chunkType-head|stype-|voicetype-	1	r6	_	_
5	the	the	det	DT	cat-det|gen-m|num-s|pers-3|case-0|vib-|tam-|chunkId-of|chunkType-child|stype-|voicetype-	4	child	_	_
6	main	main	adj	JJ	cat-adj|gen-m|num-s|pers-3|case-0|vib-|tam-|chunkId-of|chunkType-child|stype-|voicetype-	4	child	_	_
7	accused	accuse	v	VBD	cat-v|gen-m|num-s|pers-3|case-0|vib-|tam-|chunkId-of|chunkType-child|stype-|voicetype-	4	child	_	_
8	in	in	p	IN	cat-p|gen-m|num-s|pers-3|case-0|vib-|tam-|chunkId-PP2|chunkType-head|stype-|voicetype-	4	nmod	_	_
9	the	the	det	DT	cat-det|gen-m|num-s|pers-3|case-0|vib-|tam-|chunkId-in|chunkType-child|stype-|voicetype-	8	child	_	_
10	case	case	n	NN	cat-n|gen-m|num-s|pers-3|case-0|vib-|tam-|chunkId-in|chunkType-child|stype-|voicetype-	8	child	_	_
11	Tiger	tiger	n	NNP	cat-n|gen-m|num-s|pers-3|case-0|vib-|tam-|chunkId-NP4|chunkType-head|stype-|voicetype-	8	nmod	_	_
12	are	be	v	VBP	cat-v|gen-m|num-p|pers-3|case-0|vib-|tam-|chunkId-VG|chunkType-head|stype-|voicetype-	0	root	_	_
13	also	also	adv	RB	cat-adv|gen-m|num-s|pers-3|case-0|vib-|tam-|chunkId-are|chunkType-child|stype-|voicetype-	12	child	_	_
14	among	amongst	p	IN	cat-p|gen-m|num-s|pers-3|case-0|vib-|tam-|chunkId-PP3|chunkType-head|stype-|voicetype-	12	k4a	_	_
15	those	those	n	DT	cat-n|gen-m|num-p|pers-3|case-0|vib-|tam-|chunkId-among|chunkType-child|stype-|voicetype-	14	child	_	_
16	sentenced	sentence	v	VBN	cat-v|gen-m|num-s|pers-3|case-0|vib-|tam-|chunkId-VG2|chunkType-head|stype-|voicetype-	14	nmod	_	_
17	.	.	s	SYM	cat-s|gen-n|num-s|pers-3|case-0|vib-|tam-|chunkId-sentenced|chunkType-child|stype-|voicetype-	16	child	_	_

1	About	about	p	IN	cat-p|gen-m|num-s|pers-3|case-0|vib-|tam-|chunkId-PP|chunkType-head|stype-|voicetype-	6	k7	_	_
2	aide	aide	n	NN	cat-n|gen-m|num-s|pers-3|case-0|vib-|tam-|chunkId-About|chunkType-child|stype-|voicetype-	1	child	_	_
3	,	comma	s	SYM	cat-s|gen-n|num-s|pers-3|case-0|vib-|tam-|chunkId-About|chunkType-child|stype-|voicetype-	1	child	_	_
4	the	the	det	DT	cat-det|gen-m|num-s|pers-3|case-0|vib-|tam-|chunkId-NP2|chunkType-head|stype-|voicetype-	6	k1	_	_
5	court	court	n	NN	cat-n|gen-m|num-s|pers-3|case-0|vib-|tam-|chunkId-the|chunkType-child|stype-|voicetype-	4	child	_	_
6	said	say	v	VBD	cat-v|gen-m|num-s|pers-3|case-0|vib-|tam-|chunkId-VG|chunkType-head|stype-|voicetype-	0	root	_	_
7	that	that	P	IN	cat-P|gen-m|num-s|pers-3|case-0|vib-|tam-|chunkId-CCP|chunkType-head|stype-|voicetype-	6	k2	_	_
8	even	even	v	RB	cat-v|gen-m|num-s|pers-3|case-0|vib-|tam-|chunkId-PP2|chunkType-head|stype-|voicetype-	22	vmod	_	_
9	after	after	D	IN	cat-D|gen-m|num-s|pers-3|case-0|vib-|tam-|chunkId-even|chunkType-child|stype-|voicetype-	8	child	_	_
10	finding	find	v	VBG	cat-v|gen-m|num-s|pers-3|case-0|vib-|tam-|chunkId-even|chunkType-child|stype-|voicetype-	8	child	_	_
11	out	out	avy	RP	cat-avy|gen-m|num-s|pers-3|case-0|vib-|tam-|chunkId-PRT|chunkType-head|stype-|voicetype-	8	pof	_	_
12	that	that	P	IN	cat-P|gen-m|num-s|pers-3|case-0|vib-|tam-|chunkId-CCP2|chunkType-head|stype-|voicetype-	8	k2	_	_
13	the	the	det	DT	cat-det|gen-m|num-s|pers-3|case-0|vib-|tam-|chunkId-NP3|chunkType-head|stype-|voicetype-	12	k1	_	_
14	cargo	cargo	n	NN	cat-n|gen-m|num-s|pers-3|case-0|vib-|tam-|chunkId-the2|chunkType-child|stype-|voicetype-	13	child	_	_
15	was	be	v	VBD	cat-v|gen-m|num-s|pers-3|case-0|vib-|tam-|chunkId-VG2|chunkType-head|stype-|voicetype-	12	ccof	_	_
16	not	not	adv	RB	cat-adv|gen-m|num-s|pers-3|case-0|vib-|tam-|chunkId-was|chunkType-child|stype-|voicetype-	15	child	_	_
17	silver	silver	n	NN	cat-n|gen-m|num-s|pers-3|case-0|vib-|tam-|chunkId-NP4|chunkType-head|stype-|voicetype-	18	ccof	_	_
18	but	but	D	CC	cat-D|gen-m|num-s|pers-3|case-0|vib-|tam-|chunkId-CCP3|chunkType-head|stype-|voicetype-	12	k1s	_	_
19	weapons	weapon	n	NNS	cat-n|gen-m|num-p|pers-3|case-0|vib-|tam-|chunkId-NP5|chunkType-head|stype-|voicetype-	18	ccof	_	_
20	,	comma	s	SYM	cat-s|gen-n|num-s|pers-3|case-0|vib-|tam-|chunkId-weapons|chunkType-child|stype-|voicetype-	19	child	_	_
21	he	he	pn	PRP	cat-pn|gen-m|num-s|pers-3|case-0|vib-|tam-|chunkId-NP6|chunkType-head|stype-|voicetype-	22	k1	_	_
22	still	still	adv	RB	cat-adv|gen-m|num-s|pers-3|case-0|vib-|tam-|chunkId-VG3|chunkType-head|stype-|voicetype-	7	ccof	_	_
23	went	go	v	VBD	cat-v|gen-m|num-s|pers-3|case-0|vib-|tam-|chunkId-still|chunkType-child|stype-|voicetype-	22	child	_	_
24	along	along	avy	RP	cat-avy|gen-m|num-s|pers-3|case-0|vib-|tam-|chunkId-still|chunkType-child|stype-|voicetype-	22	child	_	_
25	.	.	s	SYM	cat-s|gen-n|num-s|pers-3|case-0|vib-|tam-|chunkId-still|chunkType-child|stype-|voicetype-	22	child	_	_

1	Keeping	keep	v	VBG	cat-v|gen-m|num-s|pers-3|case-0|vib-|tam-|chunkId-VG|chunkType-head|stype-|voicetype-	9	vmod	_	_
2	his	he	det	PRP$	cat-det|gen-m|num-s|pers-3|case-0|vib-|tam-|chunkId-NP|chunkType-head|stype-|voicetype-	1	k2	_	_
3	advanced	advance	adj	JJ	cat-adj|gen-m|num-s|pers-3|case-0|vib-|tam-|chunkId-his|chunkType-child|stype-|voicetype-	2	child	_	_
4	age	age	n	NN	cat-n|gen-m|num-s|pers-3|case-0|vib-|tam-|chunkId-his|chunkType-child|stype-|voicetype-	2	child	_	_
5	in	in	p	IN	cat-p|gen-m|num-s|pers-3|case-0|vib-|tam-|chunkId-PP|chunkType-head|stype-|voicetype-	1	pof-idiom	_	_
6	mind	mind	n	NN	cat-n|gen-m|num-s|pers-3|case-0|vib-|tam-|chunkId-in|chunkType-child|stype-|voicetype-	5	child	_	_
7	the	the	det	DT	cat-det|gen-m|num-s|pers-3|case-0|vib-|tam-|chunkId-NP3|chunkType-head|stype-|voicetype-	9	k1	_	_
8	court	court	n	NN	cat-n|gen-m|num-s|pers-3|case-0|vib-|tam-|chunkId-the|chunkType-child|stype-|voicetype-	7	child	_	_
9	has	have	v	VBZ	cat-v|gen-m|num-s|pers-3|case-0|vib-|tam-|chunkId-VG2|chunkType-head|stype-|voicetype-	15	ccof	_	_
10	sentenced	sentence	null	VBN	cat-null|gen-m|num-s|pers-3|case-0|vib-|tam-|chunkId-has|chunkType-child|stype-|voicetype-	9	child	_	_
11	him	he	pn	PRP	cat-pn|gen-m|num-s|pers-3|case-0|vib-|tam-|chunkId-NP4|chunkType-head|stype-|voicetype-	9	k2	_	_
12	to	to	v	TO	cat-v|gen-m|num-s|pers-3|case-0|vib-|tam-|chunkId-PP2|chunkType-head|stype-|voicetype-	9	k7t	_	_
13	years	year	null	NNS	cat-null|gen-m|num-p|pers-3|case-0|vib-|tam-|chunkId-to|chunkType-child|stype-|voicetype-	12	child	_	_
14	,	comma	s	SYM	cat-s|gen-n|num-s|pers-3|case-0|vib-|tam-|chunkId-to|chunkType-child|stype-|voicetype-	12	child	_	_
15	else	else	adv	CC	cat-adv|gen-m|num-s|pers-3|case-0|vib-|tam-|chunkId-CCP|chunkType-head|stype-|voicetype-	0	root	_	_
16	he	he	pn	PRP	cat-pn|gen-m|num-s|pers-3|case-0|vib-|tam-|chunkId-NP6|chunkType-head|stype-|voicetype-	17	k2	_	_
17	would	would	v	MD	cat-v|gen-m|num-s|pers-3|case-0|vib-|tam-|chunkId-VG3|chunkType-head|stype-|voicetype-	15	ccof	_	_
18	have	have	null	VB	cat-null|gen-m|num-s|pers-3|case-0|vib-|tam-|chunkId-would|chunkType-child|stype-|voicetype-	17	child	_	_
19	been	be	null	VBN	cat-null|gen-m|num-s|pers-3|case-0|vib-|tam-|chunkId-would|chunkType-child|stype-|voicetype-	17	child	_	_
20	sentenced	sentence	null	VBN	cat-null|gen-m|num-s|pers-3|case-0|vib-|tam-|chunkId-would|chunkType-child|stype-|voicetype-	17	child	_	_
21	to	to	v	TO	cat-v|gen-m|num-s|pers-3|case-0|vib-|tam-|chunkId-PP3|chunkType-head|stype-|voicetype-	17	k7	_	_
22	life	life	n	NN	cat-n|gen-m|num-s|pers-3|case-0|vib-|tam-|chunkId-to2|chunkType-child|stype-|voicetype-	21	child	_	_
23	imprisonment	imprisonment	n	NN	cat-n|gen-m|num-s|pers-3|case-0|vib-|tam-|chunkId-to2|chunkType-child|stype-|voicetype-	21	child	_	_
24	.	.	s	SYM	cat-s|gen-n|num-s|pers-3|case-0|vib-|tam-|chunkId-to2|chunkType-child|stype-|voicetype-	21	child	_	_

1	He	he	pn	PRP	cat-pn|gen-m|num-s|pers-3|case-0|vib-|tam-|chunkId-NP|chunkType-head|stype-|voicetype-	2	k2	_	_
2	was	be	v	VBD	cat-v|gen-m|num-s|pers-3|case-0|vib-|tam-|chunkId-VG|chunkType-head|stype-|voicetype-	0	root	_	_
3	also	also	adv	RB	cat-adv|gen-m|num-s|pers-3|case-0|vib-|tam-|chunkId-was|chunkType-child|stype-|voicetype-	2	child	_	_
4	fined	fine	adv	VBN	cat-adv|gen-m|num-s|pers-3|case-0|vib-|tam-|chunkId-was|chunkType-child|stype-|voicetype-	2	child	_	_
5	one	one	P	CD	cat-P|gen-m|num-s|pers-3|case-0|vib-|tam-|chunkId-NP2|chunkType-head|stype-|voicetype-	2	k2g	_	_
6	lakh	lakh	adj	JJ	cat-adj|gen-m|num-s|pers-3|case-0|vib-|tam-|chunkId-one|chunkType-child|stype-|voicetype-	5	child	_	_
7	rupees	rupee	adj	NNS	cat-adj|gen-m|num-p|pers-3|case-0|vib-|tam-|chunkId-one|chunkType-child|stype-|voicetype-	5	child	_	_
8	.	.	s	SYM	cat-s|gen-n|num-s|pers-3|case-0|vib-|tam-|chunkId-one|chunkType-child|stype-|voicetype-	5	child	_	_

